<?xml version="1.0" encoding="UTF-8" ?>
<testsuite tests="1" failures="0" name="org.codemaster.shoppingbackend.test.CartLineTestCase" time="0.673" errors="1" skipped="0">
  <properties>
    <property name="java.runtime.name" value="Java(TM) SE Runtime Environment"/>
    <property name="java.vm.version" value="9.0.1+11"/>
    <property name="sun.boot.library.path" value="C:\Program Files\Java\jdk-9.0.1\bin"/>
    <property name="maven.multiModuleProjectDirectory" value="C:\Users\burha\eclipse-workspace\shoppingbackend"/>
    <property name="java.vm.vendor" value="Oracle Corporation"/>
    <property name="java.vendor.url" value="http://java.oracle.com/"/>
    <property name="guice.disable.misplaced.annotation.check" value="true"/>
    <property name="path.separator" value=";"/>
    <property name="java.vm.name" value="Java HotSpot(TM) 64-Bit Server VM"/>
    <property name="file.encoding.pkg" value="sun.io"/>
    <property name="sun.os.patch.level" value=""/>
    <property name="user.script" value=""/>
    <property name="user.country" value="IN"/>
    <property name="sun.java.launcher" value="SUN_STANDARD"/>
    <property name="java.vm.specification.name" value="Java Virtual Machine Specification"/>
    <property name="user.dir" value="C:\Users\burha\eclipse-workspace\shoppingbackend"/>
    <property name="java.vm.compressedOopsMode" value="32-bit"/>
    <property name="java.runtime.version" value="9.0.1+11"/>
    <property name="java.awt.graphicsenv" value="sun.awt.Win32GraphicsEnvironment"/>
    <property name="os.arch" value="amd64"/>
    <property name="java.io.tmpdir" value="C:\Users\burha\AppData\Local\Temp\"/>
    <property name="line.separator" value="
"/>
    <property name="java.vm.specification.vendor" value="Oracle Corporation"/>
    <property name="user.variant" value=""/>
    <property name="os.name" value="Windows 10"/>
    <property name="classworlds.conf" value="C:\Users\burha\eclipse-workspace\.metadata\.plugins\org.eclipse.m2e.launching\launches\m2conf11017263689530222457.tmp"/>
    <property name="sun.jnu.encoding" value="Cp1252"/>
    <property name="java.library.path" value="C:\Program Files\Java\jdk-9.0.1\bin;C:\WINDOWS\Sun\Java\bin;C:\WINDOWS\system32;C:\WINDOWS;C:\ProgramData\Oracle\Java\javapath;C:\WINDOWS\system32;C:\WINDOWS;C:\WINDOWS\System32\Wbem;C:\WINDOWS\System32\WindowsPowerShell\v1.0\;C:\Users\burha\AppData\Local\Microsoft\WindowsApps;;."/>
    <property name="jdk.debug" value="release"/>
    <property name="java.class.version" value="53.0"/>
    <property name="java.specification.name" value="Java Platform API Specification"/>
    <property name="sun.management.compiler" value="HotSpot 64-Bit Tiered Compilers"/>
    <property name="os.version" value="10.0"/>
    <property name="user.home" value="C:\Users\burha"/>
    <property name="user.timezone" value="Asia/Calcutta"/>
    <property name="java.awt.printerjob" value="sun.awt.windows.WPrinterJob"/>
    <property name="file.encoding" value="Cp1252"/>
    <property name="java.specification.version" value="9"/>
    <property name="user.name" value="burha"/>
    <property name="java.class.path" value="D:\eclipse\plugins\org.eclipse.m2e.maven.runtime_1.8.2.20171007-0216\jars\plexus-classworlds-2.5.2.jar"/>
    <property name="java.vm.specification.version" value="9"/>
    <property name="sun.arch.data.model" value="64"/>
    <property name="sun.java.command" value="org.codehaus.plexus.classworlds.launcher.Launcher -B install"/>
    <property name="java.home" value="C:\Program Files\Java\jdk-9.0.1"/>
    <property name="user.language" value="en"/>
    <property name="java.specification.vendor" value="Oracle Corporation"/>
    <property name="awt.toolkit" value="sun.awt.windows.WToolkit"/>
    <property name="java.vm.info" value="mixed mode"/>
    <property name="java.version" value="9.0.1"/>
    <property name="java.vendor" value="Oracle Corporation"/>
    <property name="maven.home" value="C:\Users\burha\eclipse-workspace\shoppingbackend\EMBEDDED"/>
    <property name="file.separator" value="\"/>
    <property name="java.vendor.url.bug" value="http://bugreport.java.com/bugreport/"/>
    <property name="sun.io.unicode.encoding" value="UnicodeLittle"/>
    <property name="sun.cpu.endian" value="little"/>
    <property name="sun.desktop" value="windows"/>
    <property name="sun.cpu.isalist" value="amd64"/>
  </properties>
  <testcase classname="org.codemaster.shoppingbackend.test.CartLineTestCase" name="testUpdateCartLine" time="0.673">
    <error type="java.lang.NullPointerException">java.lang.NullPointerException
	at org.codemaster.shoppingbackend.test.CartLineTestCase.testUpdateCartLine(CartLineTestCase.java:43)
	at java.base/jdk.internal.reflect.NativeMethodAccessorImpl.invoke0(Native Method)
	at java.base/jdk.internal.reflect.NativeMethodAccessorImpl.invoke(NativeMethodAccessorImpl.java:62)
	at java.base/jdk.internal.reflect.DelegatingMethodAccessorImpl.invoke(DelegatingMethodAccessorImpl.java:43)
	at java.base/java.lang.reflect.Method.invoke(Method.java:564)
	at org.junit.runners.model.FrameworkMethod$1.runReflectiveCall(FrameworkMethod.java:50)
	at org.junit.internal.runners.model.ReflectiveCallable.run(ReflectiveCallable.java:12)
	at org.junit.runners.model.FrameworkMethod.invokeExplosively(FrameworkMethod.java:47)
	at org.junit.internal.runners.statements.InvokeMethod.evaluate(InvokeMethod.java:17)
	at org.junit.runners.ParentRunner.runLeaf(ParentRunner.java:325)
	at org.junit.runners.BlockJUnit4ClassRunner.runChild(BlockJUnit4ClassRunner.java:78)
	at org.junit.runners.BlockJUnit4ClassRunner.runChild(BlockJUnit4ClassRunner.java:57)
	at org.junit.runners.ParentRunner$3.run(ParentRunner.java:290)
	at org.junit.runners.ParentRunner$1.schedule(ParentRunner.java:71)
	at org.junit.runners.ParentRunner.runChildren(ParentRunner.java:288)
	at org.junit.runners.ParentRunner.access$000(ParentRunner.java:58)
	at org.junit.runners.ParentRunner$2.evaluate(ParentRunner.java:268)
	at org.junit.internal.runners.statements.RunBefores.evaluate(RunBefores.java:26)
	at org.junit.runners.ParentRunner.run(ParentRunner.java:363)
	at org.apache.maven.surefire.junit4.JUnit4Provider.execute(JUnit4Provider.java:252)
	at org.apache.maven.surefire.junit4.JUnit4Provider.executeTestSet(JUnit4Provider.java:141)
	at org.apache.maven.surefire.junit4.JUnit4Provider.invoke(JUnit4Provider.java:112)
	at java.base/jdk.internal.reflect.NativeMethodAccessorImpl.invoke0(Native Method)
	at java.base/jdk.internal.reflect.NativeMethodAccessorImpl.invoke(NativeMethodAccessorImpl.java:62)
	at java.base/jdk.internal.reflect.DelegatingMethodAccessorImpl.invoke(DelegatingMethodAccessorImpl.java:43)
	at java.base/java.lang.reflect.Method.invoke(Method.java:564)
	at org.apache.maven.surefire.util.ReflectionUtils.invokeMethodWithArray(ReflectionUtils.java:189)
	at org.apache.maven.surefire.booter.ProviderFactory$ProviderProxy.invoke(ProviderFactory.java:165)
	at org.apache.maven.surefire.booter.ProviderFactory.invokeProvider(ProviderFactory.java:85)
	at org.apache.maven.surefire.booter.ForkedBooter.runSuitesInProcess(ForkedBooter.java:115)
	at org.apache.maven.surefire.booter.ForkedBooter.main(ForkedBooter.java:75)
</error>
    <system-out>17:26:05.971 [main] DEBUG org.springframework.core.env.StandardEnvironment - Adding PropertySource &apos;systemProperties&apos; with lowest search precedence
17:26:06.016 [main] DEBUG org.springframework.core.env.StandardEnvironment - Adding PropertySource &apos;systemEnvironment&apos; with lowest search precedence
17:26:06.027 [main] DEBUG org.springframework.core.env.StandardEnvironment - Initialized StandardEnvironment with PropertySources [MapPropertySource@943870983 {name=&apos;systemProperties&apos;, properties={sun.desktop=windows, awt.toolkit=sun.awt.windows.WToolkit, java.specification.version=9, file.encoding.pkg=sun.io, sun.cpu.isalist=amd64, sun.jnu.encoding=Cp1252, java.class.path=C:\Users\burha\eclipse-workspace\shoppingbackend\target\test-classes;C:\Users\burha\eclipse-workspace\shoppingbackend\target\classes;C:\Users\burha\.m2\repository\junit\junit\4.12\junit-4.12.jar;C:\Users\burha\.m2\repository\org\hamcrest\hamcrest-core\1.3\hamcrest-core-1.3.jar;C:\Users\burha\.m2\repository\org\springframework\spring-core\5.0.2.RELEASE\spring-core-5.0.2.RELEASE.jar;C:\Users\burha\.m2\repository\org\springframework\spring-jcl\5.0.2.RELEASE\spring-jcl-5.0.2.RELEASE.jar;C:\Users\burha\.m2\repository\commons-logging\commons-logging\1.2\commons-logging-1.2.jar;C:\Users\burha\.m2\repository\org\springframework\spring-context\5.0.2.RELEASE\spring-context-5.0.2.RELEASE.jar;C:\Users\burha\.m2\repository\org\springframework\spring-aop\5.0.2.RELEASE\spring-aop-5.0.2.RELEASE.jar;C:\Users\burha\.m2\repository\org\springframework\spring-beans\5.0.2.RELEASE\spring-beans-5.0.2.RELEASE.jar;C:\Users\burha\.m2\repository\org\springframework\spring-expression\5.0.2.RELEASE\spring-expression-5.0.2.RELEASE.jar;C:\Users\burha\.m2\repository\org\springframework\spring-web\5.0.2.RELEASE\spring-web-5.0.2.RELEASE.jar;C:\Users\burha\.m2\repository\org\springframework\spring-orm\5.0.2.RELEASE\spring-orm-5.0.2.RELEASE.jar;C:\Users\burha\.m2\repository\org\springframework\spring-jdbc\5.0.2.RELEASE\spring-jdbc-5.0.2.RELEASE.jar;C:\Users\burha\.m2\repository\org\springframework\spring-tx\5.0.2.RELEASE\spring-tx-5.0.2.RELEASE.jar;C:\Users\burha\.m2\repository\com\h2database\h2\1.4.196\h2-1.4.196.jar;C:\Users\burha\.m2\repository\org\hibernate\hibernate-core\5.2.12.Final\hibernate-core-5.2.12.Final.jar;C:\Users\burha\.m2\repository\org\jboss\logging\jboss-logging\3.3.0.Final\jboss-logging-3.3.0.Final.jar;C:\Users\burha\.m2\repository\org\hibernate\javax\persistence\hibernate-jpa-2.1-api\1.0.0.Final\hibernate-jpa-2.1-api-1.0.0.Final.jar;C:\Users\burha\.m2\repository\org\javassist\javassist\3.20.0-GA\javassist-3.20.0-GA.jar;C:\Users\burha\.m2\repository\antlr\antlr\2.7.7\antlr-2.7.7.jar;C:\Users\burha\.m2\repository\org\jboss\spec\javax\transaction\jboss-transaction-api_1.2_spec\1.0.1.Final\jboss-transaction-api_1.2_spec-1.0.1.Final.jar;C:\Users\burha\.m2\repository\org\jboss\jandex\2.0.3.Final\jandex-2.0.3.Final.jar;C:\Users\burha\.m2\repository\com\fasterxml\classmate\1.3.0\classmate-1.3.0.jar;C:\Users\burha\.m2\repository\dom4j\dom4j\1.6.1\dom4j-1.6.1.jar;C:\Users\burha\.m2\repository\org\hibernate\common\hibernate-commons-annotations\5.0.1.Final\hibernate-commons-annotations-5.0.1.Final.jar;C:\Users\burha\.m2\repository\org\apache\commons\commons-dbcp2\2.1.1\commons-dbcp2-2.1.1.jar;C:\Users\burha\.m2\repository\org\apache\commons\commons-pool2\2.4.2\commons-pool2-2.4.2.jar;C:\Users\burha\.m2\repository\com\fasterxml\jackson\core\jackson-databind\2.9.2\jackson-databind-2.9.2.jar;C:\Users\burha\.m2\repository\com\fasterxml\jackson\core\jackson-core\2.9.2\jackson-core-2.9.2.jar;C:\Users\burha\.m2\repository\com\fasterxml\jackson\core\jackson-annotations\2.9.2\jackson-annotations-2.9.2.jar;C:\Users\burha\.m2\repository\ch\qos\logback\logback-classic\1.2.1\logback-classic-1.2.1.jar;C:\Users\burha\.m2\repository\ch\qos\logback\logback-core\1.2.1\logback-core-1.2.1.jar;C:\Users\burha\.m2\repository\org\slf4j\slf4j-api\1.7.22\slf4j-api-1.7.22.jar;C:\Users\burha\.m2\repository\org\slf4j\jcl-over-slf4j\1.7.24\jcl-over-slf4j-1.7.24.jar;C:\Users\burha\.m2\repository\org\hibernate\hibernate-validator\5.4.1.Final\hibernate-validator-5.4.1.Final.jar;C:\Users\burha\.m2\repository\javax\validation\validation-api\1.1.0.Final\validation-api-1.1.0.Final.jar;C:\Users\burha\.m2\repository\javax\xml\bind\jaxb-api\2.3.0\jaxb-api-2.3.0.jar;C:\Users\burha\.m2\repository\org\eclipse\persistence\eclipselink\2.7.0\eclipselink-2.7.0.jar;C:\Users\burha\.m2\repository\org\eclipse\persistence\javax.persistence\2.2.0\javax.persistence-2.2.0.jar;C:\Users\burha\.m2\repository\org\eclipse\persistence\commonj.sdo\2.1.1\commonj.sdo-2.1.1.jar;C:\Users\burha\.m2\repository\org\glassfish\javax.json\1.0.4\javax.json-1.0.4.jar;, java.vm.vendor=Oracle Corporation, sun.arch.data.model=64, user.variant=, java.vendor.url=http://java.oracle.com/, user.timezone=Asia/Calcutta, os.name=Windows 10, java.vm.specification.version=9, sun.java.launcher=SUN_STANDARD, user.country=IN, sun.boot.library.path=C:\Program Files\Java\jdk-9.0.1\bin, sun.java.command=C:\Users\burha\eclipse-workspace\shoppingbackend\target\surefire\surefirebooter9984604139632362257.jar C:\Users\burha\eclipse-workspace\shoppingbackend\target\surefire\surefire12498105600398127685tmp C:\Users\burha\eclipse-workspace\shoppingbackend\target\surefire\surefire_015710395096518565385tmp, jdk.debug=release, surefire.test.class.path=C:\Users\burha\eclipse-workspace\shoppingbackend\target\test-classes;C:\Users\burha\eclipse-workspace\shoppingbackend\target\classes;C:\Users\burha\.m2\repository\junit\junit\4.12\junit-4.12.jar;C:\Users\burha\.m2\repository\org\hamcrest\hamcrest-core\1.3\hamcrest-core-1.3.jar;C:\Users\burha\.m2\repository\org\springframework\spring-core\5.0.2.RELEASE\spring-core-5.0.2.RELEASE.jar;C:\Users\burha\.m2\repository\org\springframework\spring-jcl\5.0.2.RELEASE\spring-jcl-5.0.2.RELEASE.jar;C:\Users\burha\.m2\repository\commons-logging\commons-logging\1.2\commons-logging-1.2.jar;C:\Users\burha\.m2\repository\org\springframework\spring-context\5.0.2.RELEASE\spring-context-5.0.2.RELEASE.jar;C:\Users\burha\.m2\repository\org\springframework\spring-aop\5.0.2.RELEASE\spring-aop-5.0.2.RELEASE.jar;C:\Users\burha\.m2\repository\org\springframework\spring-beans\5.0.2.RELEASE\spring-beans-5.0.2.RELEASE.jar;C:\Users\burha\.m2\repository\org\springframework\spring-expression\5.0.2.RELEASE\spring-expression-5.0.2.RELEASE.jar;C:\Users\burha\.m2\repository\org\springframework\spring-web\5.0.2.RELEASE\spring-web-5.0.2.RELEASE.jar;C:\Users\burha\.m2\repository\org\springframework\spring-orm\5.0.2.RELEASE\spring-orm-5.0.2.RELEASE.jar;C:\Users\burha\.m2\repository\org\springframework\spring-jdbc\5.0.2.RELEASE\spring-jdbc-5.0.2.RELEASE.jar;C:\Users\burha\.m2\repository\org\springframework\spring-tx\5.0.2.RELEASE\spring-tx-5.0.2.RELEASE.jar;C:\Users\burha\.m2\repository\com\h2database\h2\1.4.196\h2-1.4.196.jar;C:\Users\burha\.m2\repository\org\hibernate\hibernate-core\5.2.12.Final\hibernate-core-5.2.12.Final.jar;C:\Users\burha\.m2\repository\org\jboss\logging\jboss-logging\3.3.0.Final\jboss-logging-3.3.0.Final.jar;C:\Users\burha\.m2\repository\org\hibernate\javax\persistence\hibernate-jpa-2.1-api\1.0.0.Final\hibernate-jpa-2.1-api-1.0.0.Final.jar;C:\Users\burha\.m2\repository\org\javassist\javassist\3.20.0-GA\javassist-3.20.0-GA.jar;C:\Users\burha\.m2\repository\antlr\antlr\2.7.7\antlr-2.7.7.jar;C:\Users\burha\.m2\repository\org\jboss\spec\javax\transaction\jboss-transaction-api_1.2_spec\1.0.1.Final\jboss-transaction-api_1.2_spec-1.0.1.Final.jar;C:\Users\burha\.m2\repository\org\jboss\jandex\2.0.3.Final\jandex-2.0.3.Final.jar;C:\Users\burha\.m2\repository\com\fasterxml\classmate\1.3.0\classmate-1.3.0.jar;C:\Users\burha\.m2\repository\dom4j\dom4j\1.6.1\dom4j-1.6.1.jar;C:\Users\burha\.m2\repository\org\hibernate\common\hibernate-commons-annotations\5.0.1.Final\hibernate-commons-annotations-5.0.1.Final.jar;C:\Users\burha\.m2\repository\org\apache\commons\commons-dbcp2\2.1.1\commons-dbcp2-2.1.1.jar;C:\Users\burha\.m2\repository\org\apache\commons\commons-pool2\2.4.2\commons-pool2-2.4.2.jar;C:\Users\burha\.m2\repository\com\fasterxml\jackson\core\jackson-databind\2.9.2\jackson-databind-2.9.2.jar;C:\Users\burha\.m2\repository\com\fasterxml\jackson\core\jackson-core\2.9.2\jackson-core-2.9.2.jar;C:\Users\burha\.m2\repository\com\fasterxml\jackson\core\jackson-annotations\2.9.2\jackson-annotations-2.9.2.jar;C:\Users\burha\.m2\repository\ch\qos\logback\logback-classic\1.2.1\logback-classic-1.2.1.jar;C:\Users\burha\.m2\repository\ch\qos\logback\logback-core\1.2.1\logback-core-1.2.1.jar;C:\Users\burha\.m2\repository\org\slf4j\slf4j-api\1.7.22\slf4j-api-1.7.22.jar;C:\Users\burha\.m2\repository\org\slf4j\jcl-over-slf4j\1.7.24\jcl-over-slf4j-1.7.24.jar;C:\Users\burha\.m2\repository\org\hibernate\hibernate-validator\5.4.1.Final\hibernate-validator-5.4.1.Final.jar;C:\Users\burha\.m2\repository\javax\validation\validation-api\1.1.0.Final\validation-api-1.1.0.Final.jar;C:\Users\burha\.m2\repository\javax\xml\bind\jaxb-api\2.3.0\jaxb-api-2.3.0.jar;C:\Users\burha\.m2\repository\org\eclipse\persistence\eclipselink\2.7.0\eclipselink-2.7.0.jar;C:\Users\burha\.m2\repository\org\eclipse\persistence\javax.persistence\2.2.0\javax.persistence-2.2.0.jar;C:\Users\burha\.m2\repository\org\eclipse\persistence\commonj.sdo\2.1.1\commonj.sdo-2.1.1.jar;C:\Users\burha\.m2\repository\org\glassfish\javax.json\1.0.4\javax.json-1.0.4.jar;, sun.cpu.endian=little, user.home=C:\Users\burha, user.language=en, java.specification.vendor=Oracle Corporation, java.home=C:\Program Files\Java\jdk-9.0.1, file.separator=\, basedir=C:\Users\burha\eclipse-workspace\shoppingbackend, java.vm.compressedOopsMode=32-bit, line.separator=
, java.vm.specification.vendor=Oracle Corporation, java.specification.name=Java Platform API Specification, java.awt.graphicsenv=sun.awt.Win32GraphicsEnvironment, surefire.real.class.path=C:\Users\burha\eclipse-workspace\shoppingbackend\target\surefire\surefirebooter9984604139632362257.jar, user.script=, sun.management.compiler=HotSpot 64-Bit Tiered Compilers, java.runtime.version=9.0.1+11, user.name=burha, path.separator=;, os.version=10.0, java.runtime.name=Java(TM) SE Runtime Environment, file.encoding=Cp1252, java.vm.name=Java HotSpot(TM) 64-Bit Server VM, localRepository=C:\Users\burha\.m2\repository, java.vendor.url.bug=http://bugreport.java.com/bugreport/, java.io.tmpdir=C:\Users\burha\AppData\Local\Temp\, java.version=9.0.1, user.dir=C:\Users\burha\eclipse-workspace\shoppingbackend, os.arch=amd64, java.vm.specification.name=Java Virtual Machine Specification, java.awt.printerjob=sun.awt.windows.WPrinterJob, sun.os.patch.level=, java.library.path=C:\Program Files\Java\jdk-9.0.1\bin;C:\WINDOWS\Sun\Java\bin;C:\WINDOWS\system32;C:\WINDOWS;C:\ProgramData\Oracle\Java\javapath;C:\WINDOWS\system32;C:\WINDOWS;C:\WINDOWS\System32\Wbem;C:\WINDOWS\System32\WindowsPowerShell\v1.0\;C:\Users\burha\AppData\Local\Microsoft\WindowsApps;;., java.vm.info=mixed mode, java.vendor=Oracle Corporation, java.vm.version=9.0.1+11, sun.io.unicode.encoding=UnicodeLittle, java.class.version=53.0}}, SystemEnvironmentPropertySource@1136419747 {name=&apos;systemEnvironment&apos;, properties={JAVA=C:\Program Files\Java\jdk-9.0.1, PATH=C:\ProgramData\Oracle\Java\javapath;C:\WINDOWS\system32;C:\WINDOWS;C:\WINDOWS\System32\Wbem;C:\WINDOWS\System32\WindowsPowerShell\v1.0\;C:\Users\burha\AppData\Local\Microsoft\WindowsApps;, USERDOMAIN_ROAMINGPROFILE=DESKTOP-OEA2D0R, LOCALAPPDATA=C:\Users\burha\AppData\Local, PROCESSOR_LEVEL=6, SYSTEMDRIVE=C:, COMMONPROGRAMFILES(X86)=C:\Program Files (x86)\Common Files, USERDOMAIN=DESKTOP-OEA2D0R, LOGONSERVER=\\DESKTOP-OEA2D0R, PROMPT=$P$G, SESSIONNAME=Console, ALLUSERSPROFILE=C:\ProgramData, PROGRAMFILES(X86)=C:\Program Files (x86), PROCESSOR_ARCHITECTURE=AMD64, PROGRAMFILES=C:\Program Files, =C:=C:\Users\burha\eclipse-workspace\shoppingbackend, APPDATA=C:\Users\burha\AppData\Roaming, PSMODULEPATH=C:\Program Files\WindowsPowerShell\Modules;C:\WINDOWS\system32\WindowsPowerShell\v1.0\Modules, PROGRAMW6432=C:\Program Files, PROGRAMDATA=C:\ProgramData, SYSTEMROOT=C:\WINDOWS, USERNAME=burha, ONEDRIVE=C:\Users\burha\OneDrive, PATHEXT=.COM;.EXE;.BAT;.CMD;.VBS;.VBE;.JS;.JSE;.WSF;.WSH;.MSC, OS=Windows_NT, COMMONPROGRAMW6432=C:\Program Files\Common Files, COMPUTERNAME=DESKTOP-OEA2D0R, COMMONPROGRAMFILES=C:\Program Files\Common Files, COMSPEC=C:\WINDOWS\system32\cmd.exe, PROCESSOR_REVISION=2a07, WINDIR=C:\WINDOWS, HOMEPATH=\Users\burha, TEMP=C:\Users\burha\AppData\Local\Temp, HOMEDRIVE=C:, PROCESSOR_IDENTIFIER=Intel64 Family 6 Model 42 Stepping 7, GenuineIntel, USERPROFILE=C:\Users\burha, TMP=C:\Users\burha\AppData\Local\Temp, PUBLIC=C:\Users\Public, NUMBER_OF_PROCESSORS=4, =::=::\}}]
17:26:06.521 [main] DEBUG org.springframework.core.io.support.PathMatchingResourcePatternResolver - Resolved classpath location [org/codemaster/] to resources [URL [file:/C:/Users/burha/eclipse-workspace/shoppingbackend/target/test-classes/org/codemaster/], URL [file:/C:/Users/burha/eclipse-workspace/shoppingbackend/target/classes/org/codemaster/]]
17:26:06.527 [main] DEBUG org.springframework.core.io.support.PathMatchingResourcePatternResolver - Looking for matching resources in directory tree [C:\Users\burha\eclipse-workspace\shoppingbackend\target\test-classes\org\codemaster]
17:26:06.529 [main] DEBUG org.springframework.core.io.support.PathMatchingResourcePatternResolver - Searching directory [C:\Users\burha\eclipse-workspace\shoppingbackend\target\test-classes\org\codemaster] for files matching pattern [C:/Users/burha/eclipse-workspace/shoppingbackend/target/test-classes/org/codemaster/**/*.class]
17:26:06.545 [main] DEBUG org.springframework.core.io.support.PathMatchingResourcePatternResolver - Searching directory [C:\Users\burha\eclipse-workspace\shoppingbackend\target\test-classes\org\codemaster\shoppingbackend] for files matching pattern [C:/Users/burha/eclipse-workspace/shoppingbackend/target/test-classes/org/codemaster/**/*.class]
17:26:06.551 [main] DEBUG org.springframework.core.io.support.PathMatchingResourcePatternResolver - Searching directory [C:\Users\burha\eclipse-workspace\shoppingbackend\target\test-classes\org\codemaster\shoppingbackend\test] for files matching pattern [C:/Users/burha/eclipse-workspace/shoppingbackend/target/test-classes/org/codemaster/**/*.class]
17:26:06.602 [main] DEBUG org.springframework.core.io.support.PathMatchingResourcePatternResolver - Looking for matching resources in directory tree [C:\Users\burha\eclipse-workspace\shoppingbackend\target\classes\org\codemaster]
17:26:06.607 [main] DEBUG org.springframework.core.io.support.PathMatchingResourcePatternResolver - Searching directory [C:\Users\burha\eclipse-workspace\shoppingbackend\target\classes\org\codemaster] for files matching pattern [C:/Users/burha/eclipse-workspace/shoppingbackend/target/classes/org/codemaster/**/*.class]
17:26:06.611 [main] DEBUG org.springframework.core.io.support.PathMatchingResourcePatternResolver - Searching directory [C:\Users\burha\eclipse-workspace\shoppingbackend\target\classes\org\codemaster\shoppingbackend] for files matching pattern [C:/Users/burha/eclipse-workspace/shoppingbackend/target/classes/org/codemaster/**/*.class]
17:26:06.620 [main] DEBUG org.springframework.core.io.support.PathMatchingResourcePatternResolver - Searching directory [C:\Users\burha\eclipse-workspace\shoppingbackend\target\classes\org\codemaster\shoppingbackend\config] for files matching pattern [C:/Users/burha/eclipse-workspace/shoppingbackend/target/classes/org/codemaster/**/*.class]
17:26:06.651 [main] DEBUG org.springframework.core.io.support.PathMatchingResourcePatternResolver - Searching directory [C:\Users\burha\eclipse-workspace\shoppingbackend\target\classes\org\codemaster\shoppingbackend\dao] for files matching pattern [C:/Users/burha/eclipse-workspace/shoppingbackend/target/classes/org/codemaster/**/*.class]
17:26:06.671 [main] DEBUG org.springframework.core.io.support.PathMatchingResourcePatternResolver - Searching directory [C:\Users\burha\eclipse-workspace\shoppingbackend\target\classes\org\codemaster\shoppingbackend\daoimpl] for files matching pattern [C:/Users/burha/eclipse-workspace/shoppingbackend/target/classes/org/codemaster/**/*.class]
17:26:06.774 [main] DEBUG org.springframework.core.io.support.PathMatchingResourcePatternResolver - Searching directory [C:\Users\burha\eclipse-workspace\shoppingbackend\target\classes\org\codemaster\shoppingbackend\dto] for files matching pattern [C:/Users/burha/eclipse-workspace/shoppingbackend/target/classes/org/codemaster/**/*.class]
17:26:06.834 [main] DEBUG org.springframework.core.io.support.PathMatchingResourcePatternResolver - Resolved location pattern [classpath*:org/codemaster/**/*.class] to resources [file [C:\Users\burha\eclipse-workspace\shoppingbackend\target\test-classes\org\codemaster\shoppingbackend\AppTest.class], file [C:\Users\burha\eclipse-workspace\shoppingbackend\target\test-classes\org\codemaster\shoppingbackend\test\CartLineTestCase.class], file [C:\Users\burha\eclipse-workspace\shoppingbackend\target\test-classes\org\codemaster\shoppingbackend\test\UserTestCase.class], file [C:\Users\burha\eclipse-workspace\shoppingbackend\target\classes\org\codemaster\shoppingbackend\App.class], file [C:\Users\burha\eclipse-workspace\shoppingbackend\target\classes\org\codemaster\shoppingbackend\config\HibernateConfig.class], file [C:\Users\burha\eclipse-workspace\shoppingbackend\target\classes\org\codemaster\shoppingbackend\dao\CartLineDAO.class], file [C:\Users\burha\eclipse-workspace\shoppingbackend\target\classes\org\codemaster\shoppingbackend\dao\CategoryDAO.class], file [C:\Users\burha\eclipse-workspace\shoppingbackend\target\classes\org\codemaster\shoppingbackend\dao\ProductDAO.class], file [C:\Users\burha\eclipse-workspace\shoppingbackend\target\classes\org\codemaster\shoppingbackend\dao\UserDAO.class], file [C:\Users\burha\eclipse-workspace\shoppingbackend\target\classes\org\codemaster\shoppingbackend\daoimpl\CartLineDAOImpl.class], file [C:\Users\burha\eclipse-workspace\shoppingbackend\target\classes\org\codemaster\shoppingbackend\daoimpl\CategoryDAOImpl.class], file [C:\Users\burha\eclipse-workspace\shoppingbackend\target\classes\org\codemaster\shoppingbackend\daoimpl\ProductDAOImpl.class], file [C:\Users\burha\eclipse-workspace\shoppingbackend\target\classes\org\codemaster\shoppingbackend\daoimpl\UserDAOImpl.class], file [C:\Users\burha\eclipse-workspace\shoppingbackend\target\classes\org\codemaster\shoppingbackend\dto\Address.class], file [C:\Users\burha\eclipse-workspace\shoppingbackend\target\classes\org\codemaster\shoppingbackend\dto\Cart.class], file [C:\Users\burha\eclipse-workspace\shoppingbackend\target\classes\org\codemaster\shoppingbackend\dto\CartLine.class], file [C:\Users\burha\eclipse-workspace\shoppingbackend\target\classes\org\codemaster\shoppingbackend\dto\Category.class], file [C:\Users\burha\eclipse-workspace\shoppingbackend\target\classes\org\codemaster\shoppingbackend\dto\OrderDetail.class], file [C:\Users\burha\eclipse-workspace\shoppingbackend\target\classes\org\codemaster\shoppingbackend\dto\OrderItem.class], file [C:\Users\burha\eclipse-workspace\shoppingbackend\target\classes\org\codemaster\shoppingbackend\dto\Product.class], file [C:\Users\burha\eclipse-workspace\shoppingbackend\target\classes\org\codemaster\shoppingbackend\dto\User.class]]
17:26:07.312 [main] DEBUG org.springframework.context.annotation.ClassPathBeanDefinitionScanner - Identified candidate component class: file [C:\Users\burha\eclipse-workspace\shoppingbackend\target\classes\org\codemaster\shoppingbackend\config\HibernateConfig.class]
17:26:07.350 [main] DEBUG org.springframework.context.annotation.ClassPathBeanDefinitionScanner - Identified candidate component class: file [C:\Users\burha\eclipse-workspace\shoppingbackend\target\classes\org\codemaster\shoppingbackend\daoimpl\CartLineDAOImpl.class]
17:26:07.356 [main] DEBUG org.springframework.context.annotation.ClassPathBeanDefinitionScanner - Identified candidate component class: file [C:\Users\burha\eclipse-workspace\shoppingbackend\target\classes\org\codemaster\shoppingbackend\daoimpl\CategoryDAOImpl.class]
17:26:07.363 [main] DEBUG org.springframework.context.annotation.ClassPathBeanDefinitionScanner - Identified candidate component class: file [C:\Users\burha\eclipse-workspace\shoppingbackend\target\classes\org\codemaster\shoppingbackend\daoimpl\ProductDAOImpl.class]
17:26:07.374 [main] DEBUG org.springframework.context.annotation.ClassPathBeanDefinitionScanner - Identified candidate component class: file [C:\Users\burha\eclipse-workspace\shoppingbackend\target\classes\org\codemaster\shoppingbackend\daoimpl\UserDAOImpl.class]
17:26:07.405 [main] DEBUG org.springframework.context.annotation.ClassPathBeanDefinitionScanner - Identified candidate component class: file [C:\Users\burha\eclipse-workspace\shoppingbackend\target\classes\org\codemaster\shoppingbackend\dto\Product.class]
17:26:07.442 [main] INFO org.springframework.context.annotation.AnnotationConfigApplicationContext - Refreshing org.springframework.context.annotation.AnnotationConfigApplicationContext@72057ecf: startup date [Thu Dec 07 17:26:07 IST 2017]; root of context hierarchy
17:26:07.443 [main] DEBUG org.springframework.context.annotation.AnnotationConfigApplicationContext - Bean factory for org.springframework.context.annotation.AnnotationConfigApplicationContext@72057ecf: org.springframework.beans.factory.support.DefaultListableBeanFactory@f736069: defining beans [org.springframework.context.annotation.internalConfigurationAnnotationProcessor,org.springframework.context.annotation.internalAutowiredAnnotationProcessor,org.springframework.context.annotation.internalRequiredAnnotationProcessor,org.springframework.context.annotation.internalPersistenceAnnotationProcessor,org.springframework.context.event.internalEventListenerProcessor,org.springframework.context.event.internalEventListenerFactory,hibernateConfig,cartLineDAO,categoryDAO,productDAO,userDAO,product]; root of factory hierarchy
17:26:07.485 [main] DEBUG org.springframework.beans.factory.support.DefaultListableBeanFactory - Creating shared instance of singleton bean &apos;org.springframework.context.annotation.internalConfigurationAnnotationProcessor&apos;
17:26:07.485 [main] DEBUG org.springframework.beans.factory.support.DefaultListableBeanFactory - Creating instance of bean &apos;org.springframework.context.annotation.internalConfigurationAnnotationProcessor&apos;
17:26:07.538 [main] DEBUG org.springframework.beans.factory.support.DefaultListableBeanFactory - Eagerly caching bean &apos;org.springframework.context.annotation.internalConfigurationAnnotationProcessor&apos; to allow for resolving potential circular references
17:26:07.542 [main] DEBUG org.springframework.beans.factory.support.DefaultListableBeanFactory - Finished creating instance of bean &apos;org.springframework.context.annotation.internalConfigurationAnnotationProcessor&apos;
17:26:07.598 [main] DEBUG org.springframework.core.io.support.PathMatchingResourcePatternResolver - Resolved classpath location [org/codemaster/] to resources [URL [file:/C:/Users/burha/eclipse-workspace/shoppingbackend/target/test-classes/org/codemaster/], URL [file:/C:/Users/burha/eclipse-workspace/shoppingbackend/target/classes/org/codemaster/]]
17:26:07.599 [main] DEBUG org.springframework.core.io.support.PathMatchingResourcePatternResolver - Looking for matching resources in directory tree [C:\Users\burha\eclipse-workspace\shoppingbackend\target\test-classes\org\codemaster]
17:26:07.600 [main] DEBUG org.springframework.core.io.support.PathMatchingResourcePatternResolver - Searching directory [C:\Users\burha\eclipse-workspace\shoppingbackend\target\test-classes\org\codemaster] for files matching pattern [C:/Users/burha/eclipse-workspace/shoppingbackend/target/test-classes/org/codemaster/**/*.class]
17:26:07.607 [main] DEBUG org.springframework.core.io.support.PathMatchingResourcePatternResolver - Searching directory [C:\Users\burha\eclipse-workspace\shoppingbackend\target\test-classes\org\codemaster\shoppingbackend] for files matching pattern [C:/Users/burha/eclipse-workspace/shoppingbackend/target/test-classes/org/codemaster/**/*.class]
17:26:07.611 [main] DEBUG org.springframework.core.io.support.PathMatchingResourcePatternResolver - Searching directory [C:\Users\burha\eclipse-workspace\shoppingbackend\target\test-classes\org\codemaster\shoppingbackend\test] for files matching pattern [C:/Users/burha/eclipse-workspace/shoppingbackend/target/test-classes/org/codemaster/**/*.class]
17:26:07.615 [main] DEBUG org.springframework.core.io.support.PathMatchingResourcePatternResolver - Looking for matching resources in directory tree [C:\Users\burha\eclipse-workspace\shoppingbackend\target\classes\org\codemaster]
17:26:07.618 [main] DEBUG org.springframework.core.io.support.PathMatchingResourcePatternResolver - Searching directory [C:\Users\burha\eclipse-workspace\shoppingbackend\target\classes\org\codemaster] for files matching pattern [C:/Users/burha/eclipse-workspace/shoppingbackend/target/classes/org/codemaster/**/*.class]
17:26:07.619 [main] DEBUG org.springframework.core.io.support.PathMatchingResourcePatternResolver - Searching directory [C:\Users\burha\eclipse-workspace\shoppingbackend\target\classes\org\codemaster\shoppingbackend] for files matching pattern [C:/Users/burha/eclipse-workspace/shoppingbackend/target/classes/org/codemaster/**/*.class]
17:26:07.623 [main] DEBUG org.springframework.core.io.support.PathMatchingResourcePatternResolver - Searching directory [C:\Users\burha\eclipse-workspace\shoppingbackend\target\classes\org\codemaster\shoppingbackend\config] for files matching pattern [C:/Users/burha/eclipse-workspace/shoppingbackend/target/classes/org/codemaster/**/*.class]
17:26:07.624 [main] DEBUG org.springframework.core.io.support.PathMatchingResourcePatternResolver - Searching directory [C:\Users\burha\eclipse-workspace\shoppingbackend\target\classes\org\codemaster\shoppingbackend\dao] for files matching pattern [C:/Users/burha/eclipse-workspace/shoppingbackend/target/classes/org/codemaster/**/*.class]
17:26:07.629 [main] DEBUG org.springframework.core.io.support.PathMatchingResourcePatternResolver - Searching directory [C:\Users\burha\eclipse-workspace\shoppingbackend\target\classes\org\codemaster\shoppingbackend\daoimpl] for files matching pattern [C:/Users/burha/eclipse-workspace/shoppingbackend/target/classes/org/codemaster/**/*.class]
17:26:07.647 [main] DEBUG org.springframework.core.io.support.PathMatchingResourcePatternResolver - Searching directory [C:\Users\burha\eclipse-workspace\shoppingbackend\target\classes\org\codemaster\shoppingbackend\dto] for files matching pattern [C:/Users/burha/eclipse-workspace/shoppingbackend/target/classes/org/codemaster/**/*.class]
17:26:07.653 [main] DEBUG org.springframework.core.io.support.PathMatchingResourcePatternResolver - Resolved location pattern [classpath*:org/codemaster/**/*.class] to resources [file [C:\Users\burha\eclipse-workspace\shoppingbackend\target\test-classes\org\codemaster\shoppingbackend\AppTest.class], file [C:\Users\burha\eclipse-workspace\shoppingbackend\target\test-classes\org\codemaster\shoppingbackend\test\CartLineTestCase.class], file [C:\Users\burha\eclipse-workspace\shoppingbackend\target\test-classes\org\codemaster\shoppingbackend\test\UserTestCase.class], file [C:\Users\burha\eclipse-workspace\shoppingbackend\target\classes\org\codemaster\shoppingbackend\App.class], file [C:\Users\burha\eclipse-workspace\shoppingbackend\target\classes\org\codemaster\shoppingbackend\config\HibernateConfig.class], file [C:\Users\burha\eclipse-workspace\shoppingbackend\target\classes\org\codemaster\shoppingbackend\dao\CartLineDAO.class], file [C:\Users\burha\eclipse-workspace\shoppingbackend\target\classes\org\codemaster\shoppingbackend\dao\CategoryDAO.class], file [C:\Users\burha\eclipse-workspace\shoppingbackend\target\classes\org\codemaster\shoppingbackend\dao\ProductDAO.class], file [C:\Users\burha\eclipse-workspace\shoppingbackend\target\classes\org\codemaster\shoppingbackend\dao\UserDAO.class], file [C:\Users\burha\eclipse-workspace\shoppingbackend\target\classes\org\codemaster\shoppingbackend\daoimpl\CartLineDAOImpl.class], file [C:\Users\burha\eclipse-workspace\shoppingbackend\target\classes\org\codemaster\shoppingbackend\daoimpl\CategoryDAOImpl.class], file [C:\Users\burha\eclipse-workspace\shoppingbackend\target\classes\org\codemaster\shoppingbackend\daoimpl\ProductDAOImpl.class], file [C:\Users\burha\eclipse-workspace\shoppingbackend\target\classes\org\codemaster\shoppingbackend\daoimpl\UserDAOImpl.class], file [C:\Users\burha\eclipse-workspace\shoppingbackend\target\classes\org\codemaster\shoppingbackend\dto\Address.class], file [C:\Users\burha\eclipse-workspace\shoppingbackend\target\classes\org\codemaster\shoppingbackend\dto\Cart.class], file [C:\Users\burha\eclipse-workspace\shoppingbackend\target\classes\org\codemaster\shoppingbackend\dto\CartLine.class], file [C:\Users\burha\eclipse-workspace\shoppingbackend\target\classes\org\codemaster\shoppingbackend\dto\Category.class], file [C:\Users\burha\eclipse-workspace\shoppingbackend\target\classes\org\codemaster\shoppingbackend\dto\OrderDetail.class], file [C:\Users\burha\eclipse-workspace\shoppingbackend\target\classes\org\codemaster\shoppingbackend\dto\OrderItem.class], file [C:\Users\burha\eclipse-workspace\shoppingbackend\target\classes\org\codemaster\shoppingbackend\dto\Product.class], file [C:\Users\burha\eclipse-workspace\shoppingbackend\target\classes\org\codemaster\shoppingbackend\dto\User.class]]
17:26:07.660 [main] DEBUG org.springframework.context.annotation.ClassPathBeanDefinitionScanner - Identified candidate component class: file [C:\Users\burha\eclipse-workspace\shoppingbackend\target\classes\org\codemaster\shoppingbackend\daoimpl\CartLineDAOImpl.class]
17:26:07.661 [main] DEBUG org.springframework.context.annotation.ClassPathBeanDefinitionScanner - Identified candidate component class: file [C:\Users\burha\eclipse-workspace\shoppingbackend\target\classes\org\codemaster\shoppingbackend\daoimpl\CategoryDAOImpl.class]
17:26:07.664 [main] DEBUG org.springframework.context.annotation.ClassPathBeanDefinitionScanner - Identified candidate component class: file [C:\Users\burha\eclipse-workspace\shoppingbackend\target\classes\org\codemaster\shoppingbackend\daoimpl\ProductDAOImpl.class]
17:26:07.665 [main] DEBUG org.springframework.context.annotation.ClassPathBeanDefinitionScanner - Identified candidate component class: file [C:\Users\burha\eclipse-workspace\shoppingbackend\target\classes\org\codemaster\shoppingbackend\daoimpl\UserDAOImpl.class]
17:26:07.669 [main] DEBUG org.springframework.context.annotation.ClassPathBeanDefinitionScanner - Identified candidate component class: file [C:\Users\burha\eclipse-workspace\shoppingbackend\target\classes\org\codemaster\shoppingbackend\dto\Product.class]
17:26:07.965 [main] DEBUG org.springframework.context.annotation.ConfigurationClassBeanDefinitionReader - Registered bean definition for imported class &apos;org.springframework.transaction.annotation.ProxyTransactionManagementConfiguration&apos;
17:26:07.969 [main] DEBUG org.springframework.context.annotation.ConfigurationClassBeanDefinitionReader - Registering bean definition for @Bean method org.springframework.transaction.annotation.ProxyTransactionManagementConfiguration.org.springframework.transaction.config.internalTransactionAdvisor()
17:26:07.970 [main] DEBUG org.springframework.context.annotation.ConfigurationClassBeanDefinitionReader - Registering bean definition for @Bean method org.springframework.transaction.annotation.ProxyTransactionManagementConfiguration.transactionAttributeSource()
17:26:07.970 [main] DEBUG org.springframework.context.annotation.ConfigurationClassBeanDefinitionReader - Registering bean definition for @Bean method org.springframework.transaction.annotation.ProxyTransactionManagementConfiguration.transactionInterceptor()
17:26:07.972 [main] DEBUG org.springframework.context.annotation.ConfigurationClassBeanDefinitionReader - Registering bean definition for @Bean method org.springframework.transaction.annotation.ProxyTransactionManagementConfiguration.org.springframework.transaction.config.internalTransactionalEventListenerFactory()
17:26:07.974 [main] DEBUG org.springframework.context.annotation.ConfigurationClassBeanDefinitionReader - Registering bean definition for @Bean method org.codemaster.shoppingbackend.config.HibernateConfig.dataSource()
17:26:07.974 [main] DEBUG org.springframework.context.annotation.ConfigurationClassBeanDefinitionReader - Registering bean definition for @Bean method org.codemaster.shoppingbackend.config.HibernateConfig.getSessionFactory()
17:26:07.974 [main] DEBUG org.springframework.context.annotation.ConfigurationClassBeanDefinitionReader - Registering bean definition for @Bean method org.codemaster.shoppingbackend.config.HibernateConfig.getTransactionManager()
17:26:08.194 [main] DEBUG org.springframework.context.annotation.ConfigurationClassEnhancer - Successfully enhanced org.codemaster.shoppingbackend.config.HibernateConfig; enhanced class name is: org.codemaster.shoppingbackend.config.HibernateConfig$$EnhancerBySpringCGLIB$$c51d169c
17:26:08.196 [main] DEBUG org.springframework.context.annotation.ConfigurationClassPostProcessor - Replacing bean definition &apos;hibernateConfig&apos; existing class &apos;org.codemaster.shoppingbackend.config.HibernateConfig&apos; with enhanced class &apos;org.codemaster.shoppingbackend.config.HibernateConfig$$EnhancerBySpringCGLIB$$c51d169c&apos;
17:26:08.213 [main] DEBUG org.springframework.context.annotation.ConfigurationClassEnhancer - Successfully enhanced org.springframework.transaction.annotation.ProxyTransactionManagementConfiguration; enhanced class name is: org.springframework.transaction.annotation.ProxyTransactionManagementConfiguration$$EnhancerBySpringCGLIB$$c14d738
17:26:08.214 [main] DEBUG org.springframework.context.annotation.ConfigurationClassPostProcessor - Replacing bean definition &apos;org.springframework.transaction.annotation.ProxyTransactionManagementConfiguration&apos; existing class &apos;org.springframework.transaction.annotation.ProxyTransactionManagementConfiguration&apos; with enhanced class &apos;org.springframework.transaction.annotation.ProxyTransactionManagementConfiguration$$EnhancerBySpringCGLIB$$c14d738&apos;
17:26:08.219 [main] DEBUG org.springframework.beans.factory.support.DefaultListableBeanFactory - Creating shared instance of singleton bean &apos;org.springframework.context.annotation.internalAutowiredAnnotationProcessor&apos;
17:26:08.219 [main] DEBUG org.springframework.beans.factory.support.DefaultListableBeanFactory - Creating instance of bean &apos;org.springframework.context.annotation.internalAutowiredAnnotationProcessor&apos;
17:26:08.221 [main] DEBUG org.springframework.beans.factory.support.DefaultListableBeanFactory - Eagerly caching bean &apos;org.springframework.context.annotation.internalAutowiredAnnotationProcessor&apos; to allow for resolving potential circular references
17:26:08.360 [main] DEBUG org.springframework.beans.factory.support.DefaultListableBeanFactory - Finished creating instance of bean &apos;org.springframework.context.annotation.internalAutowiredAnnotationProcessor&apos;
17:26:08.360 [main] DEBUG org.springframework.beans.factory.support.DefaultListableBeanFactory - Creating shared instance of singleton bean &apos;org.springframework.context.annotation.internalRequiredAnnotationProcessor&apos;
17:26:08.361 [main] DEBUG org.springframework.beans.factory.support.DefaultListableBeanFactory - Creating instance of bean &apos;org.springframework.context.annotation.internalRequiredAnnotationProcessor&apos;
17:26:08.363 [main] DEBUG org.springframework.beans.factory.support.DefaultListableBeanFactory - Eagerly caching bean &apos;org.springframework.context.annotation.internalRequiredAnnotationProcessor&apos; to allow for resolving potential circular references
17:26:08.376 [main] DEBUG org.springframework.beans.factory.support.DefaultListableBeanFactory - Finished creating instance of bean &apos;org.springframework.context.annotation.internalRequiredAnnotationProcessor&apos;
17:26:08.376 [main] DEBUG org.springframework.beans.factory.support.DefaultListableBeanFactory - Creating shared instance of singleton bean &apos;org.springframework.context.annotation.internalPersistenceAnnotationProcessor&apos;
17:26:08.376 [main] DEBUG org.springframework.beans.factory.support.DefaultListableBeanFactory - Creating instance of bean &apos;org.springframework.context.annotation.internalPersistenceAnnotationProcessor&apos;
17:26:08.376 [main] DEBUG org.springframework.beans.factory.support.DefaultListableBeanFactory - Eagerly caching bean &apos;org.springframework.context.annotation.internalPersistenceAnnotationProcessor&apos; to allow for resolving potential circular references
17:26:08.407 [main] DEBUG org.springframework.beans.factory.support.DefaultListableBeanFactory - Finished creating instance of bean &apos;org.springframework.context.annotation.internalPersistenceAnnotationProcessor&apos;
17:26:08.407 [main] DEBUG org.springframework.beans.factory.support.DefaultListableBeanFactory - Creating shared instance of singleton bean &apos;org.springframework.aop.config.internalAutoProxyCreator&apos;
17:26:08.408 [main] DEBUG org.springframework.beans.factory.support.DefaultListableBeanFactory - Creating instance of bean &apos;org.springframework.aop.config.internalAutoProxyCreator&apos;
17:26:08.440 [main] DEBUG org.springframework.beans.factory.support.DefaultListableBeanFactory - Eagerly caching bean &apos;org.springframework.aop.config.internalAutoProxyCreator&apos; to allow for resolving potential circular references
17:26:08.520 [main] DEBUG org.springframework.beans.factory.support.DefaultListableBeanFactory - Finished creating instance of bean &apos;org.springframework.aop.config.internalAutoProxyCreator&apos;
17:26:08.526 [main] DEBUG org.springframework.context.annotation.AnnotationConfigApplicationContext - Unable to locate MessageSource with name &apos;messageSource&apos;: using default [org.springframework.context.support.DelegatingMessageSource@27eedb64]
17:26:08.537 [main] DEBUG org.springframework.context.annotation.AnnotationConfigApplicationContext - Unable to locate ApplicationEventMulticaster with name &apos;applicationEventMulticaster&apos;: using default [org.springframework.context.event.SimpleApplicationEventMulticaster@539d019]
17:26:08.541 [main] DEBUG org.springframework.beans.factory.support.DefaultListableBeanFactory - Pre-instantiating singletons in org.springframework.beans.factory.support.DefaultListableBeanFactory@f736069: defining beans [org.springframework.context.annotation.internalConfigurationAnnotationProcessor,org.springframework.context.annotation.internalAutowiredAnnotationProcessor,org.springframework.context.annotation.internalRequiredAnnotationProcessor,org.springframework.context.annotation.internalPersistenceAnnotationProcessor,org.springframework.context.event.internalEventListenerProcessor,org.springframework.context.event.internalEventListenerFactory,hibernateConfig,cartLineDAO,categoryDAO,productDAO,userDAO,product,org.springframework.transaction.annotation.ProxyTransactionManagementConfiguration,org.springframework.transaction.config.internalTransactionAdvisor,transactionAttributeSource,transactionInterceptor,org.springframework.transaction.config.internalTransactionalEventListenerFactory,dataSource,getSessionFactory,getTransactionManager,org.springframework.aop.config.internalAutoProxyCreator]; root of factory hierarchy
17:26:08.546 [main] DEBUG org.springframework.beans.factory.support.DefaultListableBeanFactory - Returning cached instance of singleton bean &apos;org.springframework.context.annotation.internalConfigurationAnnotationProcessor&apos;
17:26:08.547 [main] DEBUG org.springframework.beans.factory.support.DefaultListableBeanFactory - Returning cached instance of singleton bean &apos;org.springframework.context.annotation.internalAutowiredAnnotationProcessor&apos;
17:26:08.548 [main] DEBUG org.springframework.beans.factory.support.DefaultListableBeanFactory - Returning cached instance of singleton bean &apos;org.springframework.context.annotation.internalRequiredAnnotationProcessor&apos;
17:26:08.548 [main] DEBUG org.springframework.beans.factory.support.DefaultListableBeanFactory - Returning cached instance of singleton bean &apos;org.springframework.context.annotation.internalPersistenceAnnotationProcessor&apos;
17:26:08.549 [main] DEBUG org.springframework.beans.factory.support.DefaultListableBeanFactory - Creating shared instance of singleton bean &apos;org.springframework.context.event.internalEventListenerProcessor&apos;
17:26:08.549 [main] DEBUG org.springframework.beans.factory.support.DefaultListableBeanFactory - Creating instance of bean &apos;org.springframework.context.event.internalEventListenerProcessor&apos;
17:26:08.556 [main] DEBUG org.springframework.beans.factory.support.DefaultListableBeanFactory - Eagerly caching bean &apos;org.springframework.context.event.internalEventListenerProcessor&apos; to allow for resolving potential circular references
17:26:08.567 [main] DEBUG org.springframework.beans.factory.support.DefaultListableBeanFactory - Creating shared instance of singleton bean &apos;org.springframework.transaction.config.internalTransactionAdvisor&apos;
17:26:08.567 [main] DEBUG org.springframework.beans.factory.support.DefaultListableBeanFactory - Creating instance of bean &apos;org.springframework.transaction.config.internalTransactionAdvisor&apos;
17:26:08.578 [main] DEBUG org.springframework.beans.factory.support.DefaultListableBeanFactory - Creating shared instance of singleton bean &apos;org.springframework.transaction.annotation.ProxyTransactionManagementConfiguration&apos;
17:26:08.581 [main] DEBUG org.springframework.beans.factory.support.DefaultListableBeanFactory - Creating instance of bean &apos;org.springframework.transaction.annotation.ProxyTransactionManagementConfiguration&apos;
17:26:08.612 [main] DEBUG org.springframework.beans.factory.annotation.InjectionMetadata - Registered injected element on class [org.springframework.transaction.annotation.ProxyTransactionManagementConfiguration$$EnhancerBySpringCGLIB$$c14d738]: AutowiredMethodElement for void org.springframework.transaction.annotation.AbstractTransactionManagementConfiguration.setConfigurers(java.util.Collection)
17:26:08.614 [main] DEBUG org.springframework.beans.factory.support.DefaultListableBeanFactory - Eagerly caching bean &apos;org.springframework.transaction.annotation.ProxyTransactionManagementConfiguration&apos; to allow for resolving potential circular references
17:26:08.616 [main] DEBUG org.springframework.beans.factory.annotation.InjectionMetadata - Processing injected element of bean &apos;org.springframework.transaction.annotation.ProxyTransactionManagementConfiguration&apos;: AutowiredMethodElement for void org.springframework.transaction.annotation.AbstractTransactionManagementConfiguration.setConfigurers(java.util.Collection)
17:26:08.712 [main] DEBUG org.springframework.beans.factory.support.DefaultListableBeanFactory - Returning cached instance of singleton bean &apos;org.springframework.context.annotation.ConfigurationClassPostProcessor.importRegistry&apos;
17:26:08.713 [main] DEBUG org.springframework.aop.framework.autoproxy.BeanFactoryAdvisorRetrievalHelper - Skipping currently created advisor &apos;org.springframework.transaction.config.internalTransactionAdvisor&apos;
17:26:08.720 [main] DEBUG org.springframework.beans.factory.support.DefaultListableBeanFactory - Finished creating instance of bean &apos;org.springframework.transaction.annotation.ProxyTransactionManagementConfiguration&apos;
17:26:08.779 [main] DEBUG org.springframework.beans.factory.support.DefaultListableBeanFactory - Creating shared instance of singleton bean &apos;transactionAttributeSource&apos;
17:26:08.780 [main] DEBUG org.springframework.beans.factory.support.DefaultListableBeanFactory - Creating instance of bean &apos;transactionAttributeSource&apos;
17:26:08.780 [main] DEBUG org.springframework.beans.factory.support.DefaultListableBeanFactory - Returning cached instance of singleton bean &apos;org.springframework.transaction.annotation.ProxyTransactionManagementConfiguration&apos;
17:26:08.796 [main] DEBUG org.springframework.beans.factory.support.DefaultListableBeanFactory - Eagerly caching bean &apos;transactionAttributeSource&apos; to allow for resolving potential circular references
17:26:08.805 [main] DEBUG org.springframework.aop.framework.autoproxy.BeanFactoryAdvisorRetrievalHelper - Skipping currently created advisor &apos;org.springframework.transaction.config.internalTransactionAdvisor&apos;
17:26:08.810 [main] DEBUG org.springframework.beans.factory.support.DefaultListableBeanFactory - Finished creating instance of bean &apos;transactionAttributeSource&apos;
17:26:08.813 [main] DEBUG org.springframework.beans.factory.support.DefaultListableBeanFactory - Creating shared instance of singleton bean &apos;transactionInterceptor&apos;
17:26:08.815 [main] DEBUG org.springframework.beans.factory.support.DefaultListableBeanFactory - Creating instance of bean &apos;transactionInterceptor&apos;
17:26:08.825 [main] DEBUG org.springframework.beans.factory.support.DefaultListableBeanFactory - Returning cached instance of singleton bean &apos;org.springframework.transaction.annotation.ProxyTransactionManagementConfiguration&apos;
17:26:08.846 [main] DEBUG org.springframework.beans.factory.support.DefaultListableBeanFactory - Returning cached instance of singleton bean &apos;transactionAttributeSource&apos;
17:26:08.861 [main] DEBUG org.springframework.beans.factory.support.DefaultListableBeanFactory - Eagerly caching bean &apos;transactionInterceptor&apos; to allow for resolving potential circular references
17:26:08.875 [main] DEBUG org.springframework.beans.factory.support.DefaultListableBeanFactory - Invoking afterPropertiesSet() on bean with name &apos;transactionInterceptor&apos;
17:26:08.876 [main] DEBUG org.springframework.beans.factory.support.DefaultListableBeanFactory - Finished creating instance of bean &apos;transactionInterceptor&apos;
17:26:08.880 [main] DEBUG org.springframework.beans.factory.support.DefaultListableBeanFactory - Eagerly caching bean &apos;org.springframework.transaction.config.internalTransactionAdvisor&apos; to allow for resolving potential circular references
17:26:08.903 [main] DEBUG org.springframework.beans.factory.support.DefaultListableBeanFactory - Finished creating instance of bean &apos;org.springframework.transaction.config.internalTransactionAdvisor&apos;
17:26:08.913 [main] DEBUG org.springframework.beans.factory.support.DefaultListableBeanFactory - Finished creating instance of bean &apos;org.springframework.context.event.internalEventListenerProcessor&apos;
17:26:08.927 [main] DEBUG org.springframework.beans.factory.support.DefaultListableBeanFactory - Creating shared instance of singleton bean &apos;org.springframework.context.event.internalEventListenerFactory&apos;
17:26:08.928 [main] DEBUG org.springframework.beans.factory.support.DefaultListableBeanFactory - Creating instance of bean &apos;org.springframework.context.event.internalEventListenerFactory&apos;
17:26:08.929 [main] DEBUG org.springframework.beans.factory.support.DefaultListableBeanFactory - Eagerly caching bean &apos;org.springframework.context.event.internalEventListenerFactory&apos; to allow for resolving potential circular references
17:26:08.942 [main] DEBUG org.springframework.beans.factory.support.DefaultListableBeanFactory - Returning cached instance of singleton bean &apos;org.springframework.transaction.config.internalTransactionAdvisor&apos;
17:26:08.944 [main] DEBUG org.springframework.beans.factory.support.DefaultListableBeanFactory - Finished creating instance of bean &apos;org.springframework.context.event.internalEventListenerFactory&apos;
17:26:08.951 [main] DEBUG org.springframework.beans.factory.support.DefaultListableBeanFactory - Creating shared instance of singleton bean &apos;hibernateConfig&apos;
17:26:08.953 [main] DEBUG org.springframework.beans.factory.support.DefaultListableBeanFactory - Creating instance of bean &apos;hibernateConfig&apos;
17:26:08.957 [main] DEBUG org.springframework.beans.factory.support.DefaultListableBeanFactory - Eagerly caching bean &apos;hibernateConfig&apos; to allow for resolving potential circular references
17:26:08.981 [main] DEBUG org.springframework.beans.factory.support.DefaultListableBeanFactory - Returning cached instance of singleton bean &apos;org.springframework.transaction.config.internalTransactionAdvisor&apos;
17:26:09.020 [main] DEBUG org.springframework.beans.factory.support.DefaultListableBeanFactory - Finished creating instance of bean &apos;hibernateConfig&apos;
17:26:09.047 [main] DEBUG org.springframework.beans.factory.support.DefaultListableBeanFactory - Creating shared instance of singleton bean &apos;cartLineDAO&apos;
17:26:09.049 [main] DEBUG org.springframework.beans.factory.support.DefaultListableBeanFactory - Creating instance of bean &apos;cartLineDAO&apos;
17:26:09.056 [main] DEBUG org.springframework.beans.factory.annotation.InjectionMetadata - Registered injected element on class [org.codemaster.shoppingbackend.daoimpl.CartLineDAOImpl]: AutowiredFieldElement for private org.hibernate.SessionFactory org.codemaster.shoppingbackend.daoimpl.CartLineDAOImpl.sessionFactory
17:26:09.056 [main] DEBUG org.springframework.beans.factory.support.DefaultListableBeanFactory - Eagerly caching bean &apos;cartLineDAO&apos; to allow for resolving potential circular references
17:26:09.078 [main] DEBUG org.springframework.beans.factory.annotation.InjectionMetadata - Processing injected element of bean &apos;cartLineDAO&apos;: AutowiredFieldElement for private org.hibernate.SessionFactory org.codemaster.shoppingbackend.daoimpl.CartLineDAOImpl.sessionFactory
17:26:09.079 [main] DEBUG org.springframework.core.annotation.AnnotationUtils - Failed to meta-introspect annotation [interface org.springframework.beans.factory.annotation.Autowired]: java.lang.IllegalArgumentException: Annotation must not be null
17:26:09.082 [main] DEBUG org.springframework.beans.factory.support.DefaultListableBeanFactory - Creating shared instance of singleton bean &apos;getSessionFactory&apos;
17:26:09.082 [main] DEBUG org.springframework.beans.factory.support.DefaultListableBeanFactory - Creating instance of bean &apos;getSessionFactory&apos;
17:26:09.084 [main] DEBUG org.springframework.beans.factory.support.DefaultListableBeanFactory - Returning cached instance of singleton bean &apos;hibernateConfig&apos;
17:26:09.094 [main] DEBUG org.springframework.beans.factory.support.DefaultListableBeanFactory - Creating shared instance of singleton bean &apos;dataSource&apos;
17:26:09.095 [main] DEBUG org.springframework.beans.factory.support.DefaultListableBeanFactory - Creating instance of bean &apos;dataSource&apos;
17:26:09.095 [main] DEBUG org.springframework.beans.factory.support.DefaultListableBeanFactory - Returning cached instance of singleton bean &apos;hibernateConfig&apos;
17:26:09.405 [main] DEBUG org.springframework.beans.factory.support.DefaultListableBeanFactory - Eagerly caching bean &apos;dataSource&apos; to allow for resolving potential circular references
17:26:09.609 [main] DEBUG org.springframework.beans.factory.support.DefaultListableBeanFactory - Returning cached instance of singleton bean &apos;org.springframework.transaction.config.internalTransactionAdvisor&apos;
17:26:09.686 [main] DEBUG org.springframework.beans.factory.support.DefaultListableBeanFactory - Finished creating instance of bean &apos;dataSource&apos;
17:26:09.689 [main] DEBUG org.springframework.beans.factory.support.DefaultListableBeanFactory - Autowiring by type from bean name &apos;getSessionFactory&apos; via factory method to bean named &apos;dataSource&apos;
17:26:09.910 [main] DEBUG org.jboss.logging - Logging Provider: org.jboss.logging.Slf4jLoggerProvider
17:26:09.989 [main] DEBUG org.hibernate.integrator.internal.IntegratorServiceImpl - Adding Integrator [org.hibernate.cfg.beanvalidation.BeanValidationIntegrator].
17:26:10.008 [main] DEBUG org.hibernate.integrator.internal.IntegratorServiceImpl - Adding Integrator [org.hibernate.secure.spi.JaccIntegrator].
17:26:10.038 [main] DEBUG org.hibernate.integrator.internal.IntegratorServiceImpl - Adding Integrator [org.hibernate.cache.internal.CollectionCacheInvalidator].
17:26:10.802 [main] INFO org.hibernate.Version - HHH000412: Hibernate Core {5.2.12.Final}
17:26:10.804 [main] INFO org.hibernate.cfg.Environment - HHH000206: hibernate.properties not found
17:26:10.835 [main] DEBUG org.springframework.core.io.support.PathMatchingResourcePatternResolver - Resolved classpath location [org/codemaster/] to resources [URL [file:/C:/Users/burha/eclipse-workspace/shoppingbackend/target/test-classes/org/codemaster/], URL [file:/C:/Users/burha/eclipse-workspace/shoppingbackend/target/classes/org/codemaster/]]
17:26:10.835 [main] DEBUG org.springframework.core.io.support.PathMatchingResourcePatternResolver - Looking for matching resources in directory tree [C:\Users\burha\eclipse-workspace\shoppingbackend\target\test-classes\org\codemaster]
17:26:10.835 [main] DEBUG org.springframework.core.io.support.PathMatchingResourcePatternResolver - Searching directory [C:\Users\burha\eclipse-workspace\shoppingbackend\target\test-classes\org\codemaster] for files matching pattern [C:/Users/burha/eclipse-workspace/shoppingbackend/target/test-classes/org/codemaster/**/*.class]
17:26:10.835 [main] DEBUG org.springframework.core.io.support.PathMatchingResourcePatternResolver - Searching directory [C:\Users\burha\eclipse-workspace\shoppingbackend\target\test-classes\org\codemaster\shoppingbackend] for files matching pattern [C:/Users/burha/eclipse-workspace/shoppingbackend/target/test-classes/org/codemaster/**/*.class]
17:26:10.835 [main] DEBUG org.springframework.core.io.support.PathMatchingResourcePatternResolver - Searching directory [C:\Users\burha\eclipse-workspace\shoppingbackend\target\test-classes\org\codemaster\shoppingbackend\test] for files matching pattern [C:/Users/burha/eclipse-workspace/shoppingbackend/target/test-classes/org/codemaster/**/*.class]
17:26:10.835 [main] DEBUG org.springframework.core.io.support.PathMatchingResourcePatternResolver - Looking for matching resources in directory tree [C:\Users\burha\eclipse-workspace\shoppingbackend\target\classes\org\codemaster]
17:26:10.835 [main] DEBUG org.springframework.core.io.support.PathMatchingResourcePatternResolver - Searching directory [C:\Users\burha\eclipse-workspace\shoppingbackend\target\classes\org\codemaster] for files matching pattern [C:/Users/burha/eclipse-workspace/shoppingbackend/target/classes/org/codemaster/**/*.class]
17:26:10.851 [main] DEBUG org.springframework.core.io.support.PathMatchingResourcePatternResolver - Searching directory [C:\Users\burha\eclipse-workspace\shoppingbackend\target\classes\org\codemaster\shoppingbackend] for files matching pattern [C:/Users/burha/eclipse-workspace/shoppingbackend/target/classes/org/codemaster/**/*.class]
17:26:10.851 [main] DEBUG org.springframework.core.io.support.PathMatchingResourcePatternResolver - Searching directory [C:\Users\burha\eclipse-workspace\shoppingbackend\target\classes\org\codemaster\shoppingbackend\config] for files matching pattern [C:/Users/burha/eclipse-workspace/shoppingbackend/target/classes/org/codemaster/**/*.class]
17:26:10.851 [main] DEBUG org.springframework.core.io.support.PathMatchingResourcePatternResolver - Searching directory [C:\Users\burha\eclipse-workspace\shoppingbackend\target\classes\org\codemaster\shoppingbackend\dao] for files matching pattern [C:/Users/burha/eclipse-workspace/shoppingbackend/target/classes/org/codemaster/**/*.class]
17:26:10.851 [main] DEBUG org.springframework.core.io.support.PathMatchingResourcePatternResolver - Searching directory [C:\Users\burha\eclipse-workspace\shoppingbackend\target\classes\org\codemaster\shoppingbackend\daoimpl] for files matching pattern [C:/Users/burha/eclipse-workspace/shoppingbackend/target/classes/org/codemaster/**/*.class]
17:26:10.851 [main] DEBUG org.springframework.core.io.support.PathMatchingResourcePatternResolver - Searching directory [C:\Users\burha\eclipse-workspace\shoppingbackend\target\classes\org\codemaster\shoppingbackend\dto] for files matching pattern [C:/Users/burha/eclipse-workspace/shoppingbackend/target/classes/org/codemaster/**/*.class]
17:26:10.866 [main] DEBUG org.springframework.core.io.support.PathMatchingResourcePatternResolver - Resolved location pattern [classpath*:org/codemaster/**/*.class] to resources [file [C:\Users\burha\eclipse-workspace\shoppingbackend\target\test-classes\org\codemaster\shoppingbackend\AppTest.class], file [C:\Users\burha\eclipse-workspace\shoppingbackend\target\test-classes\org\codemaster\shoppingbackend\test\CartLineTestCase.class], file [C:\Users\burha\eclipse-workspace\shoppingbackend\target\test-classes\org\codemaster\shoppingbackend\test\UserTestCase.class], file [C:\Users\burha\eclipse-workspace\shoppingbackend\target\classes\org\codemaster\shoppingbackend\App.class], file [C:\Users\burha\eclipse-workspace\shoppingbackend\target\classes\org\codemaster\shoppingbackend\config\HibernateConfig.class], file [C:\Users\burha\eclipse-workspace\shoppingbackend\target\classes\org\codemaster\shoppingbackend\dao\CartLineDAO.class], file [C:\Users\burha\eclipse-workspace\shoppingbackend\target\classes\org\codemaster\shoppingbackend\dao\CategoryDAO.class], file [C:\Users\burha\eclipse-workspace\shoppingbackend\target\classes\org\codemaster\shoppingbackend\dao\ProductDAO.class], file [C:\Users\burha\eclipse-workspace\shoppingbackend\target\classes\org\codemaster\shoppingbackend\dao\UserDAO.class], file [C:\Users\burha\eclipse-workspace\shoppingbackend\target\classes\org\codemaster\shoppingbackend\daoimpl\CartLineDAOImpl.class], file [C:\Users\burha\eclipse-workspace\shoppingbackend\target\classes\org\codemaster\shoppingbackend\daoimpl\CategoryDAOImpl.class], file [C:\Users\burha\eclipse-workspace\shoppingbackend\target\classes\org\codemaster\shoppingbackend\daoimpl\ProductDAOImpl.class], file [C:\Users\burha\eclipse-workspace\shoppingbackend\target\classes\org\codemaster\shoppingbackend\daoimpl\UserDAOImpl.class], file [C:\Users\burha\eclipse-workspace\shoppingbackend\target\classes\org\codemaster\shoppingbackend\dto\Address.class], file [C:\Users\burha\eclipse-workspace\shoppingbackend\target\classes\org\codemaster\shoppingbackend\dto\Cart.class], file [C:\Users\burha\eclipse-workspace\shoppingbackend\target\classes\org\codemaster\shoppingbackend\dto\CartLine.class], file [C:\Users\burha\eclipse-workspace\shoppingbackend\target\classes\org\codemaster\shoppingbackend\dto\Category.class], file [C:\Users\burha\eclipse-workspace\shoppingbackend\target\classes\org\codemaster\shoppingbackend\dto\OrderDetail.class], file [C:\Users\burha\eclipse-workspace\shoppingbackend\target\classes\org\codemaster\shoppingbackend\dto\OrderItem.class], file [C:\Users\burha\eclipse-workspace\shoppingbackend\target\classes\org\codemaster\shoppingbackend\dto\Product.class], file [C:\Users\burha\eclipse-workspace\shoppingbackend\target\classes\org\codemaster\shoppingbackend\dto\User.class]]
17:26:10.914 [main] DEBUG org.hibernate.cfg.Configuration - Building session factory using internal StandardServiceRegistryBuilder
17:26:10.930 [main] DEBUG org.hibernate.service.spi.ServiceBinding - Overriding existing service binding [org.hibernate.secure.spi.JaccService]
17:26:10.930 [main] DEBUG org.hibernate.cfg.Configuration - Building session factory using provided StandardServiceRegistry
17:26:10.977 [main] DEBUG org.hibernate.cache.internal.RegionFactoryInitiator - Cache region factory : org.hibernate.cache.internal.NoCachingRegionFactory
17:26:11.008 [main] INFO org.hibernate.annotations.common.Version - HCANN000001: Hibernate Commons Annotations {5.0.1.Final}
17:26:11.070 [main] DEBUG org.hibernate.type.BasicTypeRegistry - Adding type registration boolean -&gt; org.hibernate.type.BooleanType@1eef9aef
17:26:11.070 [main] DEBUG org.hibernate.type.BasicTypeRegistry - Adding type registration boolean -&gt; org.hibernate.type.BooleanType@1eef9aef
17:26:11.070 [main] DEBUG org.hibernate.type.BasicTypeRegistry - Adding type registration java.lang.Boolean -&gt; org.hibernate.type.BooleanType@1eef9aef
17:26:11.070 [main] DEBUG org.hibernate.type.BasicTypeRegistry - Adding type registration numeric_boolean -&gt; org.hibernate.type.NumericBooleanType@2e77b8cf
17:26:11.070 [main] DEBUG org.hibernate.type.BasicTypeRegistry - Adding type registration true_false -&gt; org.hibernate.type.TrueFalseType@551a20d6
17:26:11.070 [main] DEBUG org.hibernate.type.BasicTypeRegistry - Adding type registration yes_no -&gt; org.hibernate.type.YesNoType@7555b920
17:26:11.086 [main] DEBUG org.hibernate.type.BasicTypeRegistry - Adding type registration byte -&gt; org.hibernate.type.ByteType@69f63d95
17:26:11.086 [main] DEBUG org.hibernate.type.BasicTypeRegistry - Adding type registration byte -&gt; org.hibernate.type.ByteType@69f63d95
17:26:11.086 [main] DEBUG org.hibernate.type.BasicTypeRegistry - Adding type registration java.lang.Byte -&gt; org.hibernate.type.ByteType@69f63d95
17:26:11.086 [main] DEBUG org.hibernate.type.BasicTypeRegistry - Adding type registration character -&gt; org.hibernate.type.CharacterType@3f093abe
17:26:11.086 [main] DEBUG org.hibernate.type.BasicTypeRegistry - Adding type registration char -&gt; org.hibernate.type.CharacterType@3f093abe
17:26:11.086 [main] DEBUG org.hibernate.type.BasicTypeRegistry - Adding type registration java.lang.Character -&gt; org.hibernate.type.CharacterType@3f093abe
17:26:11.086 [main] DEBUG org.hibernate.type.BasicTypeRegistry - Adding type registration short -&gt; org.hibernate.type.ShortType@3dd69f5a
17:26:11.086 [main] DEBUG org.hibernate.type.BasicTypeRegistry - Adding type registration short -&gt; org.hibernate.type.ShortType@3dd69f5a
17:26:11.086 [main] DEBUG org.hibernate.type.BasicTypeRegistry - Adding type registration java.lang.Short -&gt; org.hibernate.type.ShortType@3dd69f5a
17:26:11.102 [main] DEBUG org.hibernate.type.BasicTypeRegistry - Adding type registration integer -&gt; org.hibernate.type.IntegerType@6bc248ed
17:26:11.102 [main] DEBUG org.hibernate.type.BasicTypeRegistry - Adding type registration int -&gt; org.hibernate.type.IntegerType@6bc248ed
17:26:11.102 [main] DEBUG org.hibernate.type.BasicTypeRegistry - Adding type registration java.lang.Integer -&gt; org.hibernate.type.IntegerType@6bc248ed
17:26:11.102 [main] DEBUG org.hibernate.type.BasicTypeRegistry - Adding type registration long -&gt; org.hibernate.type.LongType@58c540cf
17:26:11.102 [main] DEBUG org.hibernate.type.BasicTypeRegistry - Adding type registration long -&gt; org.hibernate.type.LongType@58c540cf
17:26:11.102 [main] DEBUG org.hibernate.type.BasicTypeRegistry - Adding type registration java.lang.Long -&gt; org.hibernate.type.LongType@58c540cf
17:26:11.102 [main] DEBUG org.hibernate.type.BasicTypeRegistry - Adding type registration float -&gt; org.hibernate.type.FloatType@617fe9e1
17:26:11.102 [main] DEBUG org.hibernate.type.BasicTypeRegistry - Adding type registration float -&gt; org.hibernate.type.FloatType@617fe9e1
17:26:11.102 [main] DEBUG org.hibernate.type.BasicTypeRegistry - Adding type registration java.lang.Float -&gt; org.hibernate.type.FloatType@617fe9e1
17:26:11.102 [main] DEBUG org.hibernate.type.BasicTypeRegistry - Adding type registration double -&gt; org.hibernate.type.DoubleType@5f7f2382
17:26:11.102 [main] DEBUG org.hibernate.type.BasicTypeRegistry - Adding type registration double -&gt; org.hibernate.type.DoubleType@5f7f2382
17:26:11.102 [main] DEBUG org.hibernate.type.BasicTypeRegistry - Adding type registration java.lang.Double -&gt; org.hibernate.type.DoubleType@5f7f2382
17:26:11.102 [main] DEBUG org.hibernate.type.BasicTypeRegistry - Adding type registration big_decimal -&gt; org.hibernate.type.BigDecimalType@452e26d0
17:26:11.102 [main] DEBUG org.hibernate.type.BasicTypeRegistry - Adding type registration java.math.BigDecimal -&gt; org.hibernate.type.BigDecimalType@452e26d0
17:26:11.117 [main] DEBUG org.hibernate.type.BasicTypeRegistry - Adding type registration big_integer -&gt; org.hibernate.type.BigIntegerType@733c423e
17:26:11.117 [main] DEBUG org.hibernate.type.BasicTypeRegistry - Adding type registration java.math.BigInteger -&gt; org.hibernate.type.BigIntegerType@733c423e
17:26:11.117 [main] DEBUG org.hibernate.type.BasicTypeRegistry - Adding type registration string -&gt; org.hibernate.type.StringType@5922ae77
17:26:11.117 [main] DEBUG org.hibernate.type.BasicTypeRegistry - Adding type registration java.lang.String -&gt; org.hibernate.type.StringType@5922ae77
17:26:11.133 [main] DEBUG org.hibernate.type.BasicTypeRegistry - Adding type registration nstring -&gt; org.hibernate.type.StringNVarcharType@3aee3976
17:26:11.133 [main] DEBUG org.hibernate.type.BasicTypeRegistry - Adding type registration ncharacter -&gt; org.hibernate.type.CharacterNCharType@7e0aadd0
17:26:11.133 [main] DEBUG org.hibernate.type.BasicTypeRegistry - Adding type registration url -&gt; org.hibernate.type.UrlType@1494b84d
17:26:11.133 [main] DEBUG org.hibernate.type.BasicTypeRegistry - Adding type registration java.net.URL -&gt; org.hibernate.type.UrlType@1494b84d
17:26:11.133 [main] DEBUG org.hibernate.type.BasicTypeRegistry - Adding type registration Duration -&gt; org.hibernate.type.DurationType@226f885f
17:26:11.133 [main] DEBUG org.hibernate.type.BasicTypeRegistry - Adding type registration java.time.Duration -&gt; org.hibernate.type.DurationType@226f885f
17:26:11.164 [main] DEBUG org.hibernate.type.BasicTypeRegistry - Adding type registration Instant -&gt; org.hibernate.type.InstantType@21a5fd96
17:26:11.164 [main] DEBUG org.hibernate.type.BasicTypeRegistry - Adding type registration java.time.Instant -&gt; org.hibernate.type.InstantType@21a5fd96
17:26:11.164 [main] DEBUG org.hibernate.type.BasicTypeRegistry - Adding type registration LocalDateTime -&gt; org.hibernate.type.LocalDateTimeType@3676ac27
17:26:11.164 [main] DEBUG org.hibernate.type.BasicTypeRegistry - Adding type registration java.time.LocalDateTime -&gt; org.hibernate.type.LocalDateTimeType@3676ac27
17:26:11.164 [main] DEBUG org.hibernate.type.BasicTypeRegistry - Adding type registration LocalDate -&gt; org.hibernate.type.LocalDateType@2b5cb9b2
17:26:11.164 [main] DEBUG org.hibernate.type.BasicTypeRegistry - Adding type registration java.time.LocalDate -&gt; org.hibernate.type.LocalDateType@2b5cb9b2
17:26:11.180 [main] DEBUG org.hibernate.type.BasicTypeRegistry - Adding type registration LocalTime -&gt; org.hibernate.type.LocalTimeType@4fbdc0f0
17:26:11.180 [main] DEBUG org.hibernate.type.BasicTypeRegistry - Adding type registration java.time.LocalTime -&gt; org.hibernate.type.LocalTimeType@4fbdc0f0
17:26:11.180 [main] DEBUG org.hibernate.type.BasicTypeRegistry - Adding type registration OffsetDateTime -&gt; org.hibernate.type.OffsetDateTimeType@aec50a1
17:26:11.180 [main] DEBUG org.hibernate.type.BasicTypeRegistry - Adding type registration java.time.OffsetDateTime -&gt; org.hibernate.type.OffsetDateTimeType@aec50a1
17:26:11.195 [main] DEBUG org.hibernate.type.BasicTypeRegistry - Adding type registration OffsetTime -&gt; org.hibernate.type.OffsetTimeType@7c18432b
17:26:11.195 [main] DEBUG org.hibernate.type.BasicTypeRegistry - Adding type registration java.time.OffsetTime -&gt; org.hibernate.type.OffsetTimeType@7c18432b
17:26:11.195 [main] DEBUG org.hibernate.type.BasicTypeRegistry - Adding type registration ZonedDateTime -&gt; org.hibernate.type.ZonedDateTimeType@408b35bf
17:26:11.195 [main] DEBUG org.hibernate.type.BasicTypeRegistry - Adding type registration java.time.ZonedDateTime -&gt; org.hibernate.type.ZonedDateTimeType@408b35bf
17:26:11.195 [main] DEBUG org.hibernate.type.BasicTypeRegistry - Adding type registration date -&gt; org.hibernate.type.DateType@1a15b789
17:26:11.195 [main] DEBUG org.hibernate.type.BasicTypeRegistry - Adding type registration java.sql.Date -&gt; org.hibernate.type.DateType@1a15b789
17:26:11.195 [main] DEBUG org.hibernate.type.BasicTypeRegistry - Adding type registration time -&gt; org.hibernate.type.TimeType@c1fca1e
17:26:11.195 [main] DEBUG org.hibernate.type.BasicTypeRegistry - Adding type registration java.sql.Time -&gt; org.hibernate.type.TimeType@c1fca1e
17:26:11.195 [main] DEBUG org.hibernate.type.BasicTypeRegistry - Adding type registration timestamp -&gt; org.hibernate.type.TimestampType@31500940
17:26:11.211 [main] DEBUG org.hibernate.type.BasicTypeRegistry - Adding type registration java.sql.Timestamp -&gt; org.hibernate.type.TimestampType@31500940
17:26:11.211 [main] DEBUG org.hibernate.type.BasicTypeRegistry - Adding type registration java.util.Date -&gt; org.hibernate.type.TimestampType@31500940
17:26:11.211 [main] DEBUG org.hibernate.type.BasicTypeRegistry - Adding type registration dbtimestamp -&gt; org.hibernate.type.DbTimestampType@4362d7df
17:26:11.211 [main] DEBUG org.hibernate.type.BasicTypeRegistry - Adding type registration calendar -&gt; org.hibernate.type.CalendarType@24f43aa3
17:26:11.211 [main] DEBUG org.hibernate.type.BasicTypeRegistry - Adding type registration java.util.Calendar -&gt; org.hibernate.type.CalendarType@24f43aa3
17:26:11.211 [main] DEBUG org.hibernate.type.BasicTypeRegistry - Adding type registration java.util.GregorianCalendar -&gt; org.hibernate.type.CalendarType@24f43aa3
17:26:11.211 [main] DEBUG org.hibernate.type.BasicTypeRegistry - Adding type registration calendar_date -&gt; org.hibernate.type.CalendarDateType@7957dc72
17:26:11.211 [main] DEBUG org.hibernate.type.BasicTypeRegistry - Adding type registration locale -&gt; org.hibernate.type.LocaleType@345e5a17
17:26:11.211 [main] DEBUG org.hibernate.type.BasicTypeRegistry - Adding type registration java.util.Locale -&gt; org.hibernate.type.LocaleType@345e5a17
17:26:11.211 [main] DEBUG org.hibernate.type.BasicTypeRegistry - Adding type registration currency -&gt; org.hibernate.type.CurrencyType@402f80f5
17:26:11.211 [main] DEBUG org.hibernate.type.BasicTypeRegistry - Adding type registration java.util.Currency -&gt; org.hibernate.type.CurrencyType@402f80f5
17:26:11.227 [main] DEBUG org.hibernate.type.BasicTypeRegistry - Adding type registration timezone -&gt; org.hibernate.type.TimeZoneType@210386e0
17:26:11.227 [main] DEBUG org.hibernate.type.BasicTypeRegistry - Adding type registration java.util.TimeZone -&gt; org.hibernate.type.TimeZoneType@210386e0
17:26:11.227 [main] DEBUG org.hibernate.type.BasicTypeRegistry - Adding type registration class -&gt; org.hibernate.type.ClassType@d816dde
17:26:11.227 [main] DEBUG org.hibernate.type.BasicTypeRegistry - Adding type registration java.lang.Class -&gt; org.hibernate.type.ClassType@d816dde
17:26:11.227 [main] DEBUG org.hibernate.type.BasicTypeRegistry - Adding type registration uuid-binary -&gt; org.hibernate.type.UUIDBinaryType@7db0565c
17:26:11.227 [main] DEBUG org.hibernate.type.BasicTypeRegistry - Adding type registration java.util.UUID -&gt; org.hibernate.type.UUIDBinaryType@7db0565c
17:26:11.227 [main] DEBUG org.hibernate.type.BasicTypeRegistry - Adding type registration uuid-char -&gt; org.hibernate.type.UUIDCharType@2a551a63
17:26:11.227 [main] DEBUG org.hibernate.type.BasicTypeRegistry - Adding type registration binary -&gt; org.hibernate.type.BinaryType@f5c79a6
17:26:11.227 [main] DEBUG org.hibernate.type.BasicTypeRegistry - Adding type registration byte[] -&gt; org.hibernate.type.BinaryType@f5c79a6
17:26:11.227 [main] DEBUG org.hibernate.type.BasicTypeRegistry - Adding type registration [B -&gt; org.hibernate.type.BinaryType@f5c79a6
17:26:11.227 [main] DEBUG org.hibernate.type.BasicTypeRegistry - Adding type registration wrapper-binary -&gt; org.hibernate.type.WrapperBinaryType@66d23e4a
17:26:11.227 [main] DEBUG org.hibernate.type.BasicTypeRegistry - Adding type registration Byte[] -&gt; org.hibernate.type.WrapperBinaryType@66d23e4a
17:26:11.227 [main] DEBUG org.hibernate.type.BasicTypeRegistry - Adding type registration [Ljava.lang.Byte; -&gt; org.hibernate.type.WrapperBinaryType@66d23e4a
17:26:11.227 [main] DEBUG org.hibernate.type.BasicTypeRegistry - Adding type registration row_version -&gt; org.hibernate.type.RowVersionType@41c07648
17:26:11.242 [main] DEBUG org.hibernate.type.BasicTypeRegistry - Adding type registration image -&gt; org.hibernate.type.ImageType@503d56b5
17:26:11.242 [main] DEBUG org.hibernate.type.BasicTypeRegistry - Adding type registration characters -&gt; org.hibernate.type.CharArrayType@2d35442b
17:26:11.242 [main] DEBUG org.hibernate.type.BasicTypeRegistry - Adding type registration char[] -&gt; org.hibernate.type.CharArrayType@2d35442b
17:26:11.242 [main] DEBUG org.hibernate.type.BasicTypeRegistry - Adding type registration [C -&gt; org.hibernate.type.CharArrayType@2d35442b
17:26:11.242 [main] DEBUG org.hibernate.type.BasicTypeRegistry - Adding type registration wrapper-characters -&gt; org.hibernate.type.CharacterArrayType@2b46a8c1
17:26:11.242 [main] DEBUG org.hibernate.type.BasicTypeRegistry - Adding type registration [Ljava.lang.Character; -&gt; org.hibernate.type.CharacterArrayType@2b46a8c1
17:26:11.242 [main] DEBUG org.hibernate.type.BasicTypeRegistry - Adding type registration Character[] -&gt; org.hibernate.type.CharacterArrayType@2b46a8c1
17:26:11.242 [main] DEBUG org.hibernate.type.BasicTypeRegistry - Adding type registration text -&gt; org.hibernate.type.TextType@3caa4757
17:26:11.242 [main] DEBUG org.hibernate.type.BasicTypeRegistry - Adding type registration ntext -&gt; org.hibernate.type.NTextType@1b39fd82
17:26:11.258 [main] DEBUG org.hibernate.type.BasicTypeRegistry - Adding type registration blob -&gt; org.hibernate.type.BlobType@3c8bdd5b
17:26:11.258 [main] DEBUG org.hibernate.type.BasicTypeRegistry - Adding type registration java.sql.Blob -&gt; org.hibernate.type.BlobType@3c8bdd5b
17:26:11.273 [main] DEBUG org.hibernate.type.BasicTypeRegistry - Adding type registration materialized_blob -&gt; org.hibernate.type.MaterializedBlobType@3a7b503d
17:26:11.289 [main] DEBUG org.hibernate.type.BasicTypeRegistry - Adding type registration clob -&gt; org.hibernate.type.ClobType@12f3afb5
17:26:11.289 [main] DEBUG org.hibernate.type.BasicTypeRegistry - Adding type registration java.sql.Clob -&gt; org.hibernate.type.ClobType@12f3afb5
17:26:11.305 [main] DEBUG org.hibernate.type.BasicTypeRegistry - Adding type registration nclob -&gt; org.hibernate.type.NClobType@3a7704c
17:26:11.305 [main] DEBUG org.hibernate.type.BasicTypeRegistry - Adding type registration java.sql.NClob -&gt; org.hibernate.type.NClobType@3a7704c
17:26:11.305 [main] DEBUG org.hibernate.type.BasicTypeRegistry - Adding type registration materialized_clob -&gt; org.hibernate.type.MaterializedClobType@a23a01d
17:26:11.305 [main] DEBUG org.hibernate.type.BasicTypeRegistry - Adding type registration materialized_nclob -&gt; org.hibernate.type.MaterializedNClobType@24b52d3e
17:26:11.316 [main] DEBUG org.hibernate.type.BasicTypeRegistry - Adding type registration serializable -&gt; org.hibernate.type.SerializableType@7692cd34
17:26:11.324 [main] DEBUG org.hibernate.type.BasicTypeRegistry - Adding type registration object -&gt; org.hibernate.type.ObjectType@19868320
17:26:11.326 [main] DEBUG org.hibernate.type.BasicTypeRegistry - Adding type registration java.lang.Object -&gt; org.hibernate.type.ObjectType@19868320
17:26:11.327 [main] DEBUG org.hibernate.type.BasicTypeRegistry - Adding type registration imm_date -&gt; org.hibernate.type.AdaptedImmutableType@3ef41c66
17:26:11.327 [main] DEBUG org.hibernate.type.BasicTypeRegistry - Adding type registration imm_time -&gt; org.hibernate.type.AdaptedImmutableType@6b739528
17:26:11.327 [main] DEBUG org.hibernate.type.BasicTypeRegistry - Adding type registration imm_timestamp -&gt; org.hibernate.type.AdaptedImmutableType@622ef26a
17:26:11.328 [main] DEBUG org.hibernate.type.BasicTypeRegistry - Adding type registration imm_dbtimestamp -&gt; org.hibernate.type.AdaptedImmutableType@41de5768
17:26:11.328 [main] DEBUG org.hibernate.type.BasicTypeRegistry - Adding type registration imm_calendar -&gt; org.hibernate.type.AdaptedImmutableType@5f577419
17:26:11.329 [main] DEBUG org.hibernate.type.BasicTypeRegistry - Adding type registration imm_calendar_date -&gt; org.hibernate.type.AdaptedImmutableType@28fa700e
17:26:11.329 [main] DEBUG org.hibernate.type.BasicTypeRegistry - Adding type registration imm_binary -&gt; org.hibernate.type.AdaptedImmutableType@3d526ad9
17:26:11.329 [main] DEBUG org.hibernate.type.BasicTypeRegistry - Adding type registration imm_serializable -&gt; org.hibernate.type.AdaptedImmutableType@e041f0c
17:26:12.460 [main] DEBUG org.hibernate.engine.jdbc.env.internal.JdbcEnvironmentInitiator - Database -&gt;
       name : H2
    version : 1.4.196 (2017-06-10)
      major : 1
      minor : 4
17:26:12.460 [main] DEBUG org.hibernate.engine.jdbc.env.internal.JdbcEnvironmentInitiator - Driver -&gt;
       name : H2 JDBC Driver
    version : 1.4.196 (2017-06-10)
      major : 1
      minor : 4
17:26:12.460 [main] DEBUG org.hibernate.engine.jdbc.env.internal.JdbcEnvironmentInitiator - JDBC version : 4.0
17:26:12.482 [main] INFO org.hibernate.dialect.Dialect - HHH000400: Using dialect: org.hibernate.dialect.H2Dialect
17:26:12.826 [main] DEBUG org.hibernate.id.factory.internal.DefaultIdentifierGeneratorFactory - Registering IdentifierGenerator strategy [uuid2] -&gt; [org.hibernate.id.UUIDGenerator]
17:26:12.841 [main] DEBUG org.hibernate.id.factory.internal.DefaultIdentifierGeneratorFactory - Registering IdentifierGenerator strategy [guid] -&gt; [org.hibernate.id.GUIDGenerator]
17:26:12.841 [main] DEBUG org.hibernate.id.factory.internal.DefaultIdentifierGeneratorFactory - Registering IdentifierGenerator strategy [uuid] -&gt; [org.hibernate.id.UUIDHexGenerator]
17:26:12.841 [main] DEBUG org.hibernate.id.factory.internal.DefaultIdentifierGeneratorFactory - Registering IdentifierGenerator strategy [uuid.hex] -&gt; [org.hibernate.id.UUIDHexGenerator]
17:26:12.841 [main] DEBUG org.hibernate.id.factory.internal.DefaultIdentifierGeneratorFactory - Registering IdentifierGenerator strategy [assigned] -&gt; [org.hibernate.id.Assigned]
17:26:12.841 [main] DEBUG org.hibernate.id.factory.internal.DefaultIdentifierGeneratorFactory - Registering IdentifierGenerator strategy [identity] -&gt; [org.hibernate.id.IdentityGenerator]
17:26:12.841 [main] DEBUG org.hibernate.id.factory.internal.DefaultIdentifierGeneratorFactory - Registering IdentifierGenerator strategy [select] -&gt; [org.hibernate.id.SelectGenerator]
17:26:12.841 [main] DEBUG org.hibernate.id.factory.internal.DefaultIdentifierGeneratorFactory - Registering IdentifierGenerator strategy [sequence] -&gt; [org.hibernate.id.enhanced.SequenceStyleGenerator]
17:26:12.841 [main] DEBUG org.hibernate.id.factory.internal.DefaultIdentifierGeneratorFactory - Registering IdentifierGenerator strategy [seqhilo] -&gt; [org.hibernate.id.SequenceHiLoGenerator]
17:26:12.841 [main] DEBUG org.hibernate.id.factory.internal.DefaultIdentifierGeneratorFactory - Registering IdentifierGenerator strategy [increment] -&gt; [org.hibernate.id.IncrementGenerator]
17:26:12.841 [main] DEBUG org.hibernate.id.factory.internal.DefaultIdentifierGeneratorFactory - Registering IdentifierGenerator strategy [foreign] -&gt; [org.hibernate.id.ForeignGenerator]
17:26:12.857 [main] DEBUG org.hibernate.id.factory.internal.DefaultIdentifierGeneratorFactory - Registering IdentifierGenerator strategy [sequence-identity] -&gt; [org.hibernate.id.SequenceIdentityGenerator]
17:26:12.857 [main] DEBUG org.hibernate.id.factory.internal.DefaultIdentifierGeneratorFactory - Registering IdentifierGenerator strategy [enhanced-sequence] -&gt; [org.hibernate.id.enhanced.SequenceStyleGenerator]
17:26:12.857 [main] DEBUG org.hibernate.id.factory.internal.DefaultIdentifierGeneratorFactory - Registering IdentifierGenerator strategy [enhanced-table] -&gt; [org.hibernate.id.enhanced.TableGenerator]
17:26:12.920 [main] DEBUG org.hibernate.boot.model.relational.Namespace - Created database namespace [logicalName=Name{catalog=null, schema=null}, physicalName=Name{catalog=null, schema=null}]
17:26:12.956 [main] DEBUG org.hibernate.cfg.AnnotationBinder - Binding entity from annotated class: org.codemaster.shoppingbackend.dto.Address
17:26:12.987 [main] DEBUG org.hibernate.cfg.Ejb3Column - Binding column: Ejb3DiscriminatorColumn{logicalColumnName&apos;DTYPE&apos;, discriminatorTypeName=&apos;string&apos;}
17:26:13.003 [main] DEBUG org.hibernate.cfg.annotations.EntityBinder - Import with entity name Address
17:26:13.049 [main] DEBUG org.hibernate.cfg.annotations.EntityBinder - Bind entity org.codemaster.shoppingbackend.dto.Address on table Address
17:26:13.128 [main] DEBUG org.hibernate.cfg.Ejb3Column - Binding column: Ejb3Column{table=org.hibernate.mapping.Table(Address), mappingColumn=id, insertable=true, updatable=true, unique=false}
17:26:13.143 [main] DEBUG org.hibernate.cfg.annotations.PropertyBinder - MetadataSourceProcessor property id with lazy=false
17:26:13.143 [main] DEBUG org.hibernate.cfg.AbstractPropertyHolder - Attempting to locate auto-apply AttributeConverter for property [org.codemaster.shoppingbackend.dto.Address:id]
17:26:13.143 [main] DEBUG org.hibernate.cfg.annotations.SimpleValueBinder - building SimpleValue for id
17:26:13.159 [main] DEBUG org.hibernate.cfg.annotations.PropertyBinder - Building property id
17:26:13.159 [main] DEBUG org.hibernate.cfg.Ejb3Column - Binding column: Ejb3Column{table=org.hibernate.mapping.Table(Address), mappingColumn=address_line_one, insertable=true, updatable=true, unique=false}
17:26:13.159 [main] DEBUG org.hibernate.cfg.annotations.PropertyBinder - MetadataSourceProcessor property addressLineOne with lazy=false
17:26:13.159 [main] DEBUG org.hibernate.cfg.AbstractPropertyHolder - Attempting to locate auto-apply AttributeConverter for property [org.codemaster.shoppingbackend.dto.Address:addressLineOne]
17:26:13.159 [main] DEBUG org.hibernate.cfg.annotations.SimpleValueBinder - building SimpleValue for addressLineOne
17:26:13.159 [main] DEBUG org.hibernate.cfg.annotations.PropertyBinder - Building property addressLineOne
17:26:13.174 [main] DEBUG org.hibernate.cfg.Ejb3Column - Binding column: Ejb3Column{table=org.hibernate.mapping.Table(Address), mappingColumn=address_line_two, insertable=true, updatable=true, unique=false}
17:26:13.174 [main] DEBUG org.hibernate.cfg.annotations.PropertyBinder - MetadataSourceProcessor property addressLineTwo with lazy=false
17:26:13.174 [main] DEBUG org.hibernate.cfg.AbstractPropertyHolder - Attempting to locate auto-apply AttributeConverter for property [org.codemaster.shoppingbackend.dto.Address:addressLineTwo]
17:26:13.174 [main] DEBUG org.hibernate.cfg.annotations.SimpleValueBinder - building SimpleValue for addressLineTwo
17:26:13.174 [main] DEBUG org.hibernate.cfg.annotations.PropertyBinder - Building property addressLineTwo
17:26:13.174 [main] DEBUG org.hibernate.cfg.Ejb3Column - Binding column: Ejb3Column{table=org.hibernate.mapping.Table(Address), mappingColumn=is_billing, insertable=true, updatable=true, unique=false}
17:26:13.174 [main] DEBUG org.hibernate.cfg.annotations.PropertyBinder - MetadataSourceProcessor property billing with lazy=false
17:26:13.174 [main] DEBUG org.hibernate.cfg.AbstractPropertyHolder - Attempting to locate auto-apply AttributeConverter for property [org.codemaster.shoppingbackend.dto.Address:billing]
17:26:13.174 [main] DEBUG org.hibernate.cfg.annotations.SimpleValueBinder - building SimpleValue for billing
17:26:13.174 [main] DEBUG org.hibernate.cfg.annotations.PropertyBinder - Building property billing
17:26:13.174 [main] DEBUG org.hibernate.cfg.Ejb3Column - Binding column: Ejb3Column{table=org.hibernate.mapping.Table(Address), mappingColumn=city, insertable=true, updatable=true, unique=false}
17:26:13.174 [main] DEBUG org.hibernate.cfg.annotations.PropertyBinder - MetadataSourceProcessor property city with lazy=false
17:26:13.174 [main] DEBUG org.hibernate.cfg.AbstractPropertyHolder - Attempting to locate auto-apply AttributeConverter for property [org.codemaster.shoppingbackend.dto.Address:city]
17:26:13.174 [main] DEBUG org.hibernate.cfg.annotations.SimpleValueBinder - building SimpleValue for city
17:26:13.174 [main] DEBUG org.hibernate.cfg.annotations.PropertyBinder - Building property city
17:26:13.174 [main] DEBUG org.hibernate.cfg.Ejb3Column - Binding column: Ejb3Column{table=org.hibernate.mapping.Table(Address), mappingColumn=country, insertable=true, updatable=true, unique=false}
17:26:13.190 [main] DEBUG org.hibernate.cfg.annotations.PropertyBinder - MetadataSourceProcessor property country with lazy=false
17:26:13.190 [main] DEBUG org.hibernate.cfg.AbstractPropertyHolder - Attempting to locate auto-apply AttributeConverter for property [org.codemaster.shoppingbackend.dto.Address:country]
17:26:13.190 [main] DEBUG org.hibernate.cfg.annotations.SimpleValueBinder - building SimpleValue for country
17:26:13.190 [main] DEBUG org.hibernate.cfg.annotations.PropertyBinder - Building property country
17:26:13.190 [main] DEBUG org.hibernate.cfg.Ejb3Column - Binding column: Ejb3Column{table=org.hibernate.mapping.Table(Address), mappingColumn=postal_code, insertable=true, updatable=true, unique=false}
17:26:13.190 [main] DEBUG org.hibernate.cfg.annotations.PropertyBinder - MetadataSourceProcessor property postalCode with lazy=false
17:26:13.190 [main] DEBUG org.hibernate.cfg.AbstractPropertyHolder - Attempting to locate auto-apply AttributeConverter for property [org.codemaster.shoppingbackend.dto.Address:postalCode]
17:26:13.190 [main] DEBUG org.hibernate.cfg.annotations.SimpleValueBinder - building SimpleValue for postalCode
17:26:13.190 [main] DEBUG org.hibernate.cfg.annotations.PropertyBinder - Building property postalCode
17:26:13.221 [main] DEBUG org.hibernate.cfg.Ejb3Column - Binding column: Ejb3Column{table=org.hibernate.mapping.Table(Address), mappingColumn=is_shipping, insertable=true, updatable=true, unique=false}
17:26:13.253 [main] DEBUG org.hibernate.cfg.annotations.PropertyBinder - MetadataSourceProcessor property shipping with lazy=false
17:26:13.253 [main] DEBUG org.hibernate.cfg.AbstractPropertyHolder - Attempting to locate auto-apply AttributeConverter for property [org.codemaster.shoppingbackend.dto.Address:shipping]
17:26:13.253 [main] DEBUG org.hibernate.cfg.annotations.SimpleValueBinder - building SimpleValue for shipping
17:26:13.253 [main] DEBUG org.hibernate.cfg.annotations.PropertyBinder - Building property shipping
17:26:13.253 [main] DEBUG org.hibernate.cfg.Ejb3Column - Binding column: Ejb3Column{table=org.hibernate.mapping.Table(Address), mappingColumn=state, insertable=true, updatable=true, unique=false}
17:26:13.253 [main] DEBUG org.hibernate.cfg.annotations.PropertyBinder - MetadataSourceProcessor property state with lazy=false
17:26:13.253 [main] DEBUG org.hibernate.cfg.AbstractPropertyHolder - Attempting to locate auto-apply AttributeConverter for property [org.codemaster.shoppingbackend.dto.Address:state]
17:26:13.253 [main] DEBUG org.hibernate.cfg.annotations.SimpleValueBinder - building SimpleValue for state
17:26:13.253 [main] DEBUG org.hibernate.cfg.annotations.PropertyBinder - Building property state
17:26:13.253 [main] DEBUG org.hibernate.cfg.Ejb3Column - Binding column: Ejb3Column{table=org.hibernate.mapping.Table(Address), mappingColumn=user_id, insertable=true, updatable=true, unique=false}
17:26:13.253 [main] DEBUG org.hibernate.cfg.annotations.PropertyBinder - MetadataSourceProcessor property userId with lazy=false
17:26:13.253 [main] DEBUG org.hibernate.cfg.AbstractPropertyHolder - Attempting to locate auto-apply AttributeConverter for property [org.codemaster.shoppingbackend.dto.Address:userId]
17:26:13.253 [main] DEBUG org.hibernate.cfg.annotations.SimpleValueBinder - building SimpleValue for userId
17:26:13.253 [main] DEBUG org.hibernate.cfg.annotations.PropertyBinder - Building property userId
17:26:13.268 [main] DEBUG org.hibernate.cfg.AnnotationBinder - Binding entity from annotated class: org.codemaster.shoppingbackend.dto.Cart
17:26:13.268 [main] DEBUG org.hibernate.cfg.Ejb3Column - Binding column: Ejb3DiscriminatorColumn{logicalColumnName&apos;DTYPE&apos;, discriminatorTypeName=&apos;string&apos;}
17:26:13.268 [main] DEBUG org.hibernate.cfg.annotations.EntityBinder - Import with entity name Cart
17:26:13.268 [main] DEBUG org.hibernate.cfg.annotations.EntityBinder - Bind entity org.codemaster.shoppingbackend.dto.Cart on table Cart
17:26:13.268 [main] DEBUG org.hibernate.cfg.Ejb3Column - Binding column: Ejb3Column{table=org.hibernate.mapping.Table(Cart), mappingColumn=id, insertable=true, updatable=true, unique=false}
17:26:13.268 [main] DEBUG org.hibernate.cfg.annotations.PropertyBinder - MetadataSourceProcessor property id with lazy=false
17:26:13.268 [main] DEBUG org.hibernate.cfg.AbstractPropertyHolder - Attempting to locate auto-apply AttributeConverter for property [org.codemaster.shoppingbackend.dto.Cart:id]
17:26:13.268 [main] DEBUG org.hibernate.cfg.annotations.SimpleValueBinder - building SimpleValue for id
17:26:13.268 [main] DEBUG org.hibernate.cfg.annotations.PropertyBinder - Building property id
17:26:13.268 [main] DEBUG org.hibernate.cfg.Ejb3Column - Binding column: Ejb3Column{table=org.hibernate.mapping.Table(Cart), mappingColumn=cart_lines, insertable=true, updatable=true, unique=false}
17:26:13.268 [main] DEBUG org.hibernate.cfg.annotations.PropertyBinder - MetadataSourceProcessor property cartLines with lazy=false
17:26:13.268 [main] DEBUG org.hibernate.cfg.AbstractPropertyHolder - Attempting to locate auto-apply AttributeConverter for property [org.codemaster.shoppingbackend.dto.Cart:cartLines]
17:26:13.284 [main] DEBUG org.hibernate.cfg.annotations.SimpleValueBinder - building SimpleValue for cartLines
17:26:13.284 [main] DEBUG org.hibernate.cfg.annotations.PropertyBinder - Building property cartLines
17:26:13.284 [main] DEBUG org.hibernate.cfg.Ejb3Column - Binding column: Ejb3Column{table=org.hibernate.mapping.Table(Cart), mappingColumn=grand_total, insertable=true, updatable=true, unique=false}
17:26:13.284 [main] DEBUG org.hibernate.cfg.annotations.PropertyBinder - MetadataSourceProcessor property grandTotal with lazy=false
17:26:13.284 [main] DEBUG org.hibernate.cfg.AbstractPropertyHolder - Attempting to locate auto-apply AttributeConverter for property [org.codemaster.shoppingbackend.dto.Cart:grandTotal]
17:26:13.284 [main] DEBUG org.hibernate.cfg.annotations.SimpleValueBinder - building SimpleValue for grandTotal
17:26:13.284 [main] DEBUG org.hibernate.cfg.annotations.PropertyBinder - Building property grandTotal
17:26:13.284 [main] DEBUG org.hibernate.cfg.Ejb3Column - Binding column: Ejb3JoinColumn{logicalColumnName=&apos;null&apos;, referencedColumn=&apos;null&apos;, mappedBy=&apos;&apos;}
17:26:13.284 [main] DEBUG org.hibernate.cfg.Ejb3Column - Binding column: Ejb3Column{table=org.hibernate.mapping.Table(Cart), mappingColumn=user, insertable=true, updatable=true, unique=false}
17:26:13.299 [main] DEBUG org.hibernate.cfg.annotations.PropertyBinder - Building property user
17:26:13.299 [main] DEBUG org.hibernate.cfg.AnnotationBinder - Binding entity from annotated class: org.codemaster.shoppingbackend.dto.CartLine
17:26:13.299 [main] DEBUG org.hibernate.cfg.Ejb3Column - Binding column: Ejb3DiscriminatorColumn{logicalColumnName&apos;DTYPE&apos;, discriminatorTypeName=&apos;string&apos;}
17:26:13.299 [main] DEBUG org.hibernate.cfg.annotations.EntityBinder - Import with entity name CartLine
17:26:13.299 [main] DEBUG org.hibernate.cfg.annotations.EntityBinder - Bind entity org.codemaster.shoppingbackend.dto.CartLine on table cart_line
17:26:13.315 [main] DEBUG org.hibernate.cfg.Ejb3Column - Binding column: Ejb3Column{table=org.hibernate.mapping.Table(cart_line), mappingColumn=id, insertable=true, updatable=true, unique=false}
17:26:13.315 [main] DEBUG org.hibernate.cfg.annotations.PropertyBinder - MetadataSourceProcessor property id with lazy=false
17:26:13.315 [main] DEBUG org.hibernate.cfg.AbstractPropertyHolder - Attempting to locate auto-apply AttributeConverter for property [org.codemaster.shoppingbackend.dto.CartLine:id]
17:26:13.315 [main] DEBUG org.hibernate.cfg.annotations.SimpleValueBinder - building SimpleValue for id
17:26:13.331 [main] DEBUG org.hibernate.cfg.annotations.PropertyBinder - Building property id
17:26:13.331 [main] DEBUG org.hibernate.cfg.Ejb3Column - Binding column: Ejb3Column{table=org.hibernate.mapping.Table(cart_line), mappingColumn=is_available, insertable=true, updatable=true, unique=false}
17:26:13.331 [main] DEBUG org.hibernate.cfg.annotations.PropertyBinder - MetadataSourceProcessor property available with lazy=false
17:26:13.331 [main] DEBUG org.hibernate.cfg.AbstractPropertyHolder - Attempting to locate auto-apply AttributeConverter for property [org.codemaster.shoppingbackend.dto.CartLine:available]
17:26:13.331 [main] DEBUG org.hibernate.cfg.annotations.SimpleValueBinder - building SimpleValue for available
17:26:13.331 [main] DEBUG org.hibernate.cfg.annotations.PropertyBinder - Building property available
17:26:13.331 [main] DEBUG org.hibernate.cfg.Ejb3Column - Binding column: Ejb3Column{table=org.hibernate.mapping.Table(cart_line), mappingColumn=buying_price, insertable=true, updatable=true, unique=false}
17:26:13.331 [main] DEBUG org.hibernate.cfg.annotations.PropertyBinder - MetadataSourceProcessor property buyingPrice with lazy=false
17:26:13.331 [main] DEBUG org.hibernate.cfg.AbstractPropertyHolder - Attempting to locate auto-apply AttributeConverter for property [org.codemaster.shoppingbackend.dto.CartLine:buyingPrice]
17:26:13.331 [main] DEBUG org.hibernate.cfg.annotations.SimpleValueBinder - building SimpleValue for buyingPrice
17:26:13.331 [main] DEBUG org.hibernate.cfg.annotations.PropertyBinder - Building property buyingPrice
17:26:13.331 [main] DEBUG org.hibernate.cfg.Ejb3Column - Binding column: Ejb3Column{table=org.hibernate.mapping.Table(cart_line), mappingColumn=cart_id, insertable=true, updatable=true, unique=false}
17:26:13.346 [main] DEBUG org.hibernate.cfg.annotations.PropertyBinder - MetadataSourceProcessor property cartId with lazy=false
17:26:13.346 [main] DEBUG org.hibernate.cfg.AbstractPropertyHolder - Attempting to locate auto-apply AttributeConverter for property [org.codemaster.shoppingbackend.dto.CartLine:cartId]
17:26:13.346 [main] DEBUG org.hibernate.cfg.annotations.SimpleValueBinder - building SimpleValue for cartId
17:26:13.346 [main] DEBUG org.hibernate.cfg.annotations.PropertyBinder - Building property cartId
17:26:13.346 [main] DEBUG org.hibernate.cfg.Ejb3Column - Binding column: Ejb3JoinColumn{logicalColumnName=&apos;null&apos;, referencedColumn=&apos;null&apos;, mappedBy=&apos;&apos;}
17:26:13.346 [main] DEBUG org.hibernate.cfg.Ejb3Column - Binding column: Ejb3Column{table=org.hibernate.mapping.Table(cart_line), mappingColumn=product, insertable=true, updatable=true, unique=false}
17:26:13.346 [main] DEBUG org.hibernate.cfg.annotations.PropertyBinder - Building property product
17:26:13.346 [main] DEBUG org.hibernate.cfg.Ejb3Column - Binding column: Ejb3Column{table=org.hibernate.mapping.Table(cart_line), mappingColumn=product_count, insertable=true, updatable=true, unique=false}
17:26:13.346 [main] DEBUG org.hibernate.cfg.annotations.PropertyBinder - MetadataSourceProcessor property productCount with lazy=false
17:26:13.346 [main] DEBUG org.hibernate.cfg.AbstractPropertyHolder - Attempting to locate auto-apply AttributeConverter for property [org.codemaster.shoppingbackend.dto.CartLine:productCount]
17:26:13.346 [main] DEBUG org.hibernate.cfg.annotations.SimpleValueBinder - building SimpleValue for productCount
17:26:13.346 [main] DEBUG org.hibernate.cfg.annotations.PropertyBinder - Building property productCount
17:26:13.362 [main] DEBUG org.hibernate.cfg.Ejb3Column - Binding column: Ejb3Column{table=org.hibernate.mapping.Table(cart_line), mappingColumn=total, insertable=true, updatable=true, unique=false}
17:26:13.362 [main] DEBUG org.hibernate.cfg.annotations.PropertyBinder - MetadataSourceProcessor property total with lazy=false
17:26:13.362 [main] DEBUG org.hibernate.cfg.AbstractPropertyHolder - Attempting to locate auto-apply AttributeConverter for property [org.codemaster.shoppingbackend.dto.CartLine:total]
17:26:13.362 [main] DEBUG org.hibernate.cfg.annotations.SimpleValueBinder - building SimpleValue for total
17:26:13.362 [main] DEBUG org.hibernate.cfg.annotations.PropertyBinder - Building property total
17:26:13.362 [main] DEBUG org.hibernate.cfg.AnnotationBinder - Binding entity from annotated class: org.codemaster.shoppingbackend.dto.Category
17:26:13.378 [main] DEBUG org.hibernate.cfg.Ejb3Column - Binding column: Ejb3DiscriminatorColumn{logicalColumnName&apos;DTYPE&apos;, discriminatorTypeName=&apos;string&apos;}
17:26:13.378 [main] DEBUG org.hibernate.cfg.annotations.EntityBinder - Import with entity name Category
17:26:13.378 [main] DEBUG org.hibernate.cfg.annotations.EntityBinder - Bind entity org.codemaster.shoppingbackend.dto.Category on table Category
17:26:13.378 [main] DEBUG org.hibernate.cfg.Ejb3Column - Binding column: Ejb3Column{table=org.hibernate.mapping.Table(Category), mappingColumn=id, insertable=true, updatable=true, unique=false}
17:26:13.378 [main] DEBUG org.hibernate.cfg.annotations.PropertyBinder - MetadataSourceProcessor property id with lazy=false
17:26:13.378 [main] DEBUG org.hibernate.cfg.AbstractPropertyHolder - Attempting to locate auto-apply AttributeConverter for property [org.codemaster.shoppingbackend.dto.Category:id]
17:26:13.378 [main] DEBUG org.hibernate.cfg.annotations.SimpleValueBinder - building SimpleValue for id
17:26:13.378 [main] DEBUG org.hibernate.cfg.annotations.PropertyBinder - Building property id
17:26:13.378 [main] DEBUG org.hibernate.cfg.Ejb3Column - Binding column: Ejb3Column{table=org.hibernate.mapping.Table(Category), mappingColumn=is_active, insertable=true, updatable=true, unique=false}
17:26:13.378 [main] DEBUG org.hibernate.cfg.annotations.PropertyBinder - MetadataSourceProcessor property active with lazy=false
17:26:13.378 [main] DEBUG org.hibernate.cfg.AbstractPropertyHolder - Attempting to locate auto-apply AttributeConverter for property [org.codemaster.shoppingbackend.dto.Category:active]
17:26:13.378 [main] DEBUG org.hibernate.cfg.annotations.SimpleValueBinder - building SimpleValue for active
17:26:13.378 [main] DEBUG org.hibernate.cfg.annotations.PropertyBinder - Building property active
17:26:13.378 [main] DEBUG org.hibernate.cfg.Ejb3Column - Binding column: Ejb3Column{table=org.hibernate.mapping.Table(Category), mappingColumn=description, insertable=true, updatable=true, unique=false}
17:26:13.378 [main] DEBUG org.hibernate.cfg.annotations.PropertyBinder - MetadataSourceProcessor property description with lazy=false
17:26:13.378 [main] DEBUG org.hibernate.cfg.AbstractPropertyHolder - Attempting to locate auto-apply AttributeConverter for property [org.codemaster.shoppingbackend.dto.Category:description]
17:26:13.378 [main] DEBUG org.hibernate.cfg.annotations.SimpleValueBinder - building SimpleValue for description
17:26:13.378 [main] DEBUG org.hibernate.cfg.annotations.PropertyBinder - Building property description
17:26:13.378 [main] DEBUG org.hibernate.cfg.Ejb3Column - Binding column: Ejb3Column{table=org.hibernate.mapping.Table(Category), mappingColumn=image_url, insertable=true, updatable=true, unique=false}
17:26:13.393 [main] DEBUG org.hibernate.cfg.annotations.PropertyBinder - MetadataSourceProcessor property imageURL with lazy=false
17:26:13.393 [main] DEBUG org.hibernate.cfg.AbstractPropertyHolder - Attempting to locate auto-apply AttributeConverter for property [org.codemaster.shoppingbackend.dto.Category:imageURL]
17:26:13.393 [main] DEBUG org.hibernate.cfg.annotations.SimpleValueBinder - building SimpleValue for imageURL
17:26:13.393 [main] DEBUG org.hibernate.cfg.annotations.PropertyBinder - Building property imageURL
17:26:13.393 [main] DEBUG org.hibernate.cfg.Ejb3Column - Binding column: Ejb3Column{table=org.hibernate.mapping.Table(Category), mappingColumn=name, insertable=true, updatable=true, unique=false}
17:26:13.393 [main] DEBUG org.hibernate.cfg.annotations.PropertyBinder - MetadataSourceProcessor property name with lazy=false
17:26:13.393 [main] DEBUG org.hibernate.cfg.AbstractPropertyHolder - Attempting to locate auto-apply AttributeConverter for property [org.codemaster.shoppingbackend.dto.Category:name]
17:26:13.393 [main] DEBUG org.hibernate.cfg.annotations.SimpleValueBinder - building SimpleValue for name
17:26:13.393 [main] DEBUG org.hibernate.cfg.annotations.PropertyBinder - Building property name
17:26:13.393 [main] DEBUG org.hibernate.cfg.AnnotationBinder - Binding entity from annotated class: org.codemaster.shoppingbackend.dto.OrderDetail
17:26:13.393 [main] DEBUG org.hibernate.cfg.Ejb3Column - Binding column: Ejb3DiscriminatorColumn{logicalColumnName&apos;DTYPE&apos;, discriminatorTypeName=&apos;string&apos;}
17:26:13.393 [main] DEBUG org.hibernate.cfg.annotations.EntityBinder - Import with entity name OrderDetail
17:26:13.393 [main] DEBUG org.hibernate.cfg.annotations.EntityBinder - Bind entity org.codemaster.shoppingbackend.dto.OrderDetail on table order_detail
17:26:13.409 [main] DEBUG org.hibernate.cfg.Ejb3Column - Binding column: Ejb3Column{table=org.hibernate.mapping.Table(order_detail), mappingColumn=id, insertable=true, updatable=true, unique=false}
17:26:13.409 [main] DEBUG org.hibernate.cfg.annotations.PropertyBinder - MetadataSourceProcessor property id with lazy=false
17:26:13.409 [main] DEBUG org.hibernate.cfg.AbstractPropertyHolder - Attempting to locate auto-apply AttributeConverter for property [org.codemaster.shoppingbackend.dto.OrderDetail:id]
17:26:13.409 [main] DEBUG org.hibernate.cfg.annotations.SimpleValueBinder - building SimpleValue for id
17:26:13.409 [main] DEBUG org.hibernate.cfg.annotations.PropertyBinder - Building property id
17:26:13.409 [main] DEBUG org.hibernate.cfg.Ejb3Column - Binding column: Ejb3JoinColumn{logicalColumnName=&apos;null&apos;, referencedColumn=&apos;null&apos;, mappedBy=&apos;null&apos;}
17:26:13.409 [main] DEBUG org.hibernate.cfg.Ejb3Column - Binding column: Ejb3Column{table=org.hibernate.mapping.Table(order_detail), mappingColumn=billing, insertable=true, updatable=true, unique=false}
17:26:13.409 [main] DEBUG org.hibernate.cfg.annotations.PropertyBinder - Building property billing
17:26:13.409 [main] DEBUG org.hibernate.cfg.Ejb3Column - Binding column: Ejb3Column{table=org.hibernate.mapping.Table(order_detail), mappingColumn=order_count, insertable=true, updatable=true, unique=false}
17:26:13.409 [main] DEBUG org.hibernate.cfg.annotations.PropertyBinder - MetadataSourceProcessor property orderCount with lazy=false
17:26:13.409 [main] DEBUG org.hibernate.cfg.AbstractPropertyHolder - Attempting to locate auto-apply AttributeConverter for property [org.codemaster.shoppingbackend.dto.OrderDetail:orderCount]
17:26:13.409 [main] DEBUG org.hibernate.cfg.annotations.SimpleValueBinder - building SimpleValue for orderCount
17:26:13.409 [main] DEBUG org.hibernate.cfg.annotations.PropertyBinder - Building property orderCount
17:26:13.409 [main] DEBUG org.hibernate.cfg.Ejb3Column - Binding column: Ejb3Column{table=org.hibernate.mapping.Table(order_detail), mappingColumn=order_date, insertable=true, updatable=true, unique=false}
17:26:13.409 [main] DEBUG org.hibernate.cfg.annotations.PropertyBinder - MetadataSourceProcessor property orderDate with lazy=false
17:26:13.409 [main] DEBUG org.hibernate.cfg.AbstractPropertyHolder - Attempting to locate auto-apply AttributeConverter for property [org.codemaster.shoppingbackend.dto.OrderDetail:orderDate]
17:26:13.409 [main] DEBUG org.hibernate.cfg.annotations.SimpleValueBinder - building SimpleValue for orderDate
17:26:13.409 [main] DEBUG org.hibernate.cfg.annotations.PropertyBinder - Building property orderDate
17:26:13.409 [main] DEBUG org.hibernate.cfg.Ejb3Column - Binding column: Ejb3JoinColumn{logicalColumnName=&apos;null&apos;, referencedColumn=&apos;null&apos;, mappedBy=&apos;orderDetail&apos;}
17:26:13.409 [main] DEBUG org.hibernate.cfg.Ejb3Column - Binding column: Ejb3Column{table=org.hibernate.mapping.Table(order_detail), mappingColumn=orderItems, insertable=true, updatable=true, unique=false}
17:26:13.424 [main] DEBUG org.hibernate.cfg.Ejb3Column - Binding column: Ejb3Column{table=org.hibernate.mapping.Table(order_detail), mappingColumn=null, insertable=true, updatable=true, unique=false}
17:26:13.440 [main] DEBUG org.hibernate.cfg.Ejb3Column - Binding column: Ejb3Column{table=org.hibernate.mapping.Table(order_detail), mappingColumn=element, insertable=true, updatable=true, unique=false}
17:26:13.440 [main] DEBUG org.hibernate.cfg.Ejb3Column - Binding column: Ejb3Column{table=org.hibernate.mapping.Table(order_detail), mappingColumn=orderItems_KEY, insertable=true, updatable=true, unique=false}
17:26:13.440 [main] DEBUG org.hibernate.cfg.Ejb3Column - Binding column: Ejb3JoinColumn{logicalColumnName=&apos;orderItems_KEY&apos;, referencedColumn=&apos;null&apos;, mappedBy=&apos;null&apos;}
17:26:13.440 [main] DEBUG org.hibernate.cfg.Ejb3Column - Binding column: Ejb3JoinColumn{logicalColumnName=&apos;null&apos;, referencedColumn=&apos;null&apos;, mappedBy=&apos;orderDetail&apos;}
17:26:13.440 [main] DEBUG org.hibernate.cfg.Ejb3Column - Binding column: Ejb3JoinColumn{logicalColumnName=&apos;null&apos;, referencedColumn=&apos;null&apos;, mappedBy=&apos;orderDetail&apos;}
17:26:13.440 [main] DEBUG org.hibernate.cfg.annotations.CollectionBinder - Collection role: org.codemaster.shoppingbackend.dto.OrderDetail.orderItems
17:26:13.440 [main] DEBUG org.hibernate.cfg.annotations.PropertyBinder - Building property orderItems
17:26:13.440 [main] DEBUG org.hibernate.cfg.Ejb3Column - Binding column: Ejb3Column{table=org.hibernate.mapping.Table(order_detail), mappingColumn=order_total, insertable=true, updatable=true, unique=false}
17:26:13.440 [main] DEBUG org.hibernate.cfg.annotations.PropertyBinder - MetadataSourceProcessor property orderTotal with lazy=false
17:26:13.440 [main] DEBUG org.hibernate.cfg.AbstractPropertyHolder - Attempting to locate auto-apply AttributeConverter for property [org.codemaster.shoppingbackend.dto.OrderDetail:orderTotal]
17:26:13.440 [main] DEBUG org.hibernate.cfg.annotations.SimpleValueBinder - building SimpleValue for orderTotal
17:26:13.440 [main] DEBUG org.hibernate.cfg.annotations.PropertyBinder - Building property orderTotal
17:26:13.440 [main] DEBUG org.hibernate.cfg.Ejb3Column - Binding column: Ejb3JoinColumn{logicalColumnName=&apos;null&apos;, referencedColumn=&apos;null&apos;, mappedBy=&apos;null&apos;}
17:26:13.440 [main] DEBUG org.hibernate.cfg.Ejb3Column - Binding column: Ejb3Column{table=org.hibernate.mapping.Table(order_detail), mappingColumn=shipping, insertable=true, updatable=true, unique=false}
17:26:13.440 [main] DEBUG org.hibernate.cfg.annotations.PropertyBinder - Building property shipping
17:26:13.456 [main] DEBUG org.hibernate.cfg.Ejb3Column - Binding column: Ejb3JoinColumn{logicalColumnName=&apos;user_id&apos;, referencedColumn=&apos;&apos;, mappedBy=&apos;&apos;}
17:26:13.456 [main] DEBUG org.hibernate.cfg.Ejb3Column - Binding column: Ejb3Column{table=org.hibernate.mapping.Table(order_detail), mappingColumn=user, insertable=true, updatable=true, unique=false}
17:26:13.456 [main] DEBUG org.hibernate.cfg.annotations.PropertyBinder - Building property user
17:26:13.456 [main] DEBUG org.hibernate.cfg.AnnotationBinder - Binding entity from annotated class: org.codemaster.shoppingbackend.dto.OrderItem
17:26:13.456 [main] DEBUG org.hibernate.cfg.Ejb3Column - Binding column: Ejb3DiscriminatorColumn{logicalColumnName&apos;DTYPE&apos;, discriminatorTypeName=&apos;string&apos;}
17:26:13.456 [main] DEBUG org.hibernate.cfg.annotations.EntityBinder - Import with entity name OrderItem
17:26:13.456 [main] DEBUG org.hibernate.cfg.annotations.EntityBinder - Bind entity org.codemaster.shoppingbackend.dto.OrderItem on table order_item
17:26:13.456 [main] DEBUG org.hibernate.cfg.Ejb3Column - Binding column: Ejb3Column{table=org.hibernate.mapping.Table(order_item), mappingColumn=id, insertable=true, updatable=true, unique=false}
17:26:13.456 [main] DEBUG org.hibernate.cfg.annotations.PropertyBinder - MetadataSourceProcessor property id with lazy=false
17:26:13.456 [main] DEBUG org.hibernate.cfg.AbstractPropertyHolder - Attempting to locate auto-apply AttributeConverter for property [org.codemaster.shoppingbackend.dto.OrderItem:id]
17:26:13.456 [main] DEBUG org.hibernate.cfg.annotations.SimpleValueBinder - building SimpleValue for id
17:26:13.456 [main] DEBUG org.hibernate.cfg.annotations.PropertyBinder - Building property id
17:26:13.456 [main] DEBUG org.hibernate.cfg.Ejb3Column - Binding column: Ejb3Column{table=org.hibernate.mapping.Table(order_item), mappingColumn=buying_price, insertable=true, updatable=true, unique=false}
17:26:13.456 [main] DEBUG org.hibernate.cfg.annotations.PropertyBinder - MetadataSourceProcessor property buyingPrice with lazy=false
17:26:13.456 [main] DEBUG org.hibernate.cfg.AbstractPropertyHolder - Attempting to locate auto-apply AttributeConverter for property [org.codemaster.shoppingbackend.dto.OrderItem:buyingPrice]
17:26:13.456 [main] DEBUG org.hibernate.cfg.annotations.SimpleValueBinder - building SimpleValue for buyingPrice
17:26:13.456 [main] DEBUG org.hibernate.cfg.annotations.PropertyBinder - Building property buyingPrice
17:26:13.456 [main] DEBUG org.hibernate.cfg.Ejb3Column - Binding column: Ejb3JoinColumn{logicalColumnName=&apos;order_id&apos;, referencedColumn=&apos;&apos;, mappedBy=&apos;&apos;}
17:26:13.456 [main] DEBUG org.hibernate.cfg.Ejb3Column - Binding column: Ejb3Column{table=org.hibernate.mapping.Table(order_item), mappingColumn=orderDetail, insertable=true, updatable=true, unique=false}
17:26:13.456 [main] DEBUG org.hibernate.cfg.annotations.PropertyBinder - Building property orderDetail
17:26:13.456 [main] DEBUG org.hibernate.cfg.Ejb3Column - Binding column: Ejb3JoinColumn{logicalColumnName=&apos;null&apos;, referencedColumn=&apos;null&apos;, mappedBy=&apos;&apos;}
17:26:13.456 [main] DEBUG org.hibernate.cfg.Ejb3Column - Binding column: Ejb3Column{table=org.hibernate.mapping.Table(order_item), mappingColumn=product, insertable=true, updatable=true, unique=false}
17:26:13.456 [main] DEBUG org.hibernate.cfg.annotations.PropertyBinder - Building property product
17:26:13.456 [main] DEBUG org.hibernate.cfg.Ejb3Column - Binding column: Ejb3Column{table=org.hibernate.mapping.Table(order_item), mappingColumn=product_count, insertable=true, updatable=true, unique=false}
17:26:13.456 [main] DEBUG org.hibernate.cfg.annotations.PropertyBinder - MetadataSourceProcessor property productCount with lazy=false
17:26:13.456 [main] DEBUG org.hibernate.cfg.AbstractPropertyHolder - Attempting to locate auto-apply AttributeConverter for property [org.codemaster.shoppingbackend.dto.OrderItem:productCount]
17:26:13.456 [main] DEBUG org.hibernate.cfg.annotations.SimpleValueBinder - building SimpleValue for productCount
17:26:13.456 [main] DEBUG org.hibernate.cfg.annotations.PropertyBinder - Building property productCount
17:26:13.456 [main] DEBUG org.hibernate.cfg.Ejb3Column - Binding column: Ejb3Column{table=org.hibernate.mapping.Table(order_item), mappingColumn=total, insertable=true, updatable=true, unique=false}
17:26:13.456 [main] DEBUG org.hibernate.cfg.annotations.PropertyBinder - MetadataSourceProcessor property total with lazy=false
17:26:13.456 [main] DEBUG org.hibernate.cfg.AbstractPropertyHolder - Attempting to locate auto-apply AttributeConverter for property [org.codemaster.shoppingbackend.dto.OrderItem:total]
17:26:13.456 [main] DEBUG org.hibernate.cfg.annotations.SimpleValueBinder - building SimpleValue for total
17:26:13.456 [main] DEBUG org.hibernate.cfg.annotations.PropertyBinder - Building property total
17:26:13.456 [main] DEBUG org.hibernate.cfg.AnnotationBinder - Binding entity from annotated class: org.codemaster.shoppingbackend.dto.Product
17:26:13.456 [main] DEBUG org.hibernate.cfg.Ejb3Column - Binding column: Ejb3DiscriminatorColumn{logicalColumnName&apos;DTYPE&apos;, discriminatorTypeName=&apos;string&apos;}
17:26:13.456 [main] DEBUG org.hibernate.cfg.annotations.EntityBinder - Import with entity name Product
17:26:13.456 [main] DEBUG org.hibernate.cfg.annotations.EntityBinder - Bind entity org.codemaster.shoppingbackend.dto.Product on table Product
17:26:13.471 [main] DEBUG org.hibernate.cfg.Ejb3Column - Binding column: Ejb3Column{table=org.hibernate.mapping.Table(Product), mappingColumn=id, insertable=true, updatable=true, unique=false}
17:26:13.480 [main] DEBUG org.hibernate.cfg.annotations.PropertyBinder - MetadataSourceProcessor property id with lazy=false
17:26:13.481 [main] DEBUG org.hibernate.cfg.AbstractPropertyHolder - Attempting to locate auto-apply AttributeConverter for property [org.codemaster.shoppingbackend.dto.Product:id]
17:26:13.481 [main] DEBUG org.hibernate.cfg.annotations.SimpleValueBinder - building SimpleValue for id
17:26:13.481 [main] DEBUG org.hibernate.cfg.annotations.PropertyBinder - Building property id
17:26:13.482 [main] DEBUG org.hibernate.cfg.Ejb3Column - Binding column: Ejb3Column{table=org.hibernate.mapping.Table(Product), mappingColumn=is_active, insertable=true, updatable=true, unique=false}
17:26:13.482 [main] DEBUG org.hibernate.cfg.annotations.PropertyBinder - MetadataSourceProcessor property active with lazy=false
17:26:13.482 [main] DEBUG org.hibernate.cfg.AbstractPropertyHolder - Attempting to locate auto-apply AttributeConverter for property [org.codemaster.shoppingbackend.dto.Product:active]
17:26:13.482 [main] DEBUG org.hibernate.cfg.annotations.SimpleValueBinder - building SimpleValue for active
17:26:13.482 [main] DEBUG org.hibernate.cfg.annotations.PropertyBinder - Building property active
17:26:13.482 [main] DEBUG org.hibernate.cfg.Ejb3Column - Binding column: Ejb3Column{table=org.hibernate.mapping.Table(Product), mappingColumn=brand, insertable=true, updatable=true, unique=false}
17:26:13.482 [main] DEBUG org.hibernate.cfg.annotations.PropertyBinder - MetadataSourceProcessor property brand with lazy=false
17:26:13.482 [main] DEBUG org.hibernate.cfg.AbstractPropertyHolder - Attempting to locate auto-apply AttributeConverter for property [org.codemaster.shoppingbackend.dto.Product:brand]
17:26:13.482 [main] DEBUG org.hibernate.cfg.annotations.SimpleValueBinder - building SimpleValue for brand
17:26:13.482 [main] DEBUG org.hibernate.cfg.annotations.PropertyBinder - Building property brand
17:26:13.482 [main] DEBUG org.hibernate.cfg.Ejb3Column - Binding column: Ejb3Column{table=org.hibernate.mapping.Table(Product), mappingColumn=category_id, insertable=true, updatable=true, unique=false}
17:26:13.482 [main] DEBUG org.hibernate.cfg.annotations.PropertyBinder - MetadataSourceProcessor property categoryId with lazy=false
17:26:13.482 [main] DEBUG org.hibernate.cfg.AbstractPropertyHolder - Attempting to locate auto-apply AttributeConverter for property [org.codemaster.shoppingbackend.dto.Product:categoryId]
17:26:13.482 [main] DEBUG org.hibernate.cfg.annotations.SimpleValueBinder - building SimpleValue for categoryId
17:26:13.482 [main] DEBUG org.hibernate.cfg.annotations.PropertyBinder - Building property categoryId
17:26:13.497 [main] DEBUG org.hibernate.cfg.Ejb3Column - Binding column: Ejb3Column{table=org.hibernate.mapping.Table(Product), mappingColumn=code, insertable=true, updatable=true, unique=false}
17:26:13.497 [main] DEBUG org.hibernate.cfg.annotations.PropertyBinder - MetadataSourceProcessor property code with lazy=false
17:26:13.497 [main] DEBUG org.hibernate.cfg.AbstractPropertyHolder - Attempting to locate auto-apply AttributeConverter for property [org.codemaster.shoppingbackend.dto.Product:code]
17:26:13.497 [main] DEBUG org.hibernate.cfg.annotations.SimpleValueBinder - building SimpleValue for code
17:26:13.497 [main] DEBUG org.hibernate.cfg.annotations.PropertyBinder - Building property code
17:26:13.497 [main] DEBUG org.hibernate.cfg.Ejb3Column - Binding column: Ejb3Column{table=org.hibernate.mapping.Table(Product), mappingColumn=description, insertable=true, updatable=true, unique=false}
17:26:13.497 [main] DEBUG org.hibernate.cfg.annotations.PropertyBinder - MetadataSourceProcessor property description with lazy=false
17:26:13.497 [main] DEBUG org.hibernate.cfg.AbstractPropertyHolder - Attempting to locate auto-apply AttributeConverter for property [org.codemaster.shoppingbackend.dto.Product:description]
17:26:13.497 [main] DEBUG org.hibernate.cfg.annotations.SimpleValueBinder - building SimpleValue for description
17:26:13.497 [main] DEBUG org.hibernate.cfg.annotations.PropertyBinder - Building property description
17:26:13.497 [main] DEBUG org.hibernate.cfg.Ejb3Column - Binding column: Ejb3Column{table=org.hibernate.mapping.Table(Product), mappingColumn=name, insertable=true, updatable=true, unique=false}
17:26:13.497 [main] DEBUG org.hibernate.cfg.annotations.PropertyBinder - MetadataSourceProcessor property name with lazy=false
17:26:13.497 [main] DEBUG org.hibernate.cfg.AbstractPropertyHolder - Attempting to locate auto-apply AttributeConverter for property [org.codemaster.shoppingbackend.dto.Product:name]
17:26:13.497 [main] DEBUG org.hibernate.cfg.annotations.SimpleValueBinder - building SimpleValue for name
17:26:13.497 [main] DEBUG org.hibernate.cfg.annotations.PropertyBinder - Building property name
17:26:13.497 [main] DEBUG org.hibernate.cfg.Ejb3Column - Binding column: Ejb3Column{table=org.hibernate.mapping.Table(Product), mappingColumn=purchases, insertable=true, updatable=true, unique=false}
17:26:13.497 [main] DEBUG org.hibernate.cfg.annotations.PropertyBinder - MetadataSourceProcessor property purchases with lazy=false
17:26:13.497 [main] DEBUG org.hibernate.cfg.AbstractPropertyHolder - Attempting to locate auto-apply AttributeConverter for property [org.codemaster.shoppingbackend.dto.Product:purchases]
17:26:13.497 [main] DEBUG org.hibernate.cfg.annotations.SimpleValueBinder - building SimpleValue for purchases
17:26:13.497 [main] DEBUG org.hibernate.cfg.annotations.PropertyBinder - Building property purchases
17:26:13.497 [main] DEBUG org.hibernate.cfg.Ejb3Column - Binding column: Ejb3Column{table=org.hibernate.mapping.Table(Product), mappingColumn=quantity, insertable=true, updatable=true, unique=false}
17:26:13.497 [main] DEBUG org.hibernate.cfg.annotations.PropertyBinder - MetadataSourceProcessor property quantity with lazy=false
17:26:13.497 [main] DEBUG org.hibernate.cfg.AbstractPropertyHolder - Attempting to locate auto-apply AttributeConverter for property [org.codemaster.shoppingbackend.dto.Product:quantity]
17:26:13.513 [main] DEBUG org.hibernate.cfg.annotations.SimpleValueBinder - building SimpleValue for quantity
17:26:13.513 [main] DEBUG org.hibernate.cfg.annotations.PropertyBinder - Building property quantity
17:26:13.513 [main] DEBUG org.hibernate.cfg.Ejb3Column - Binding column: Ejb3Column{table=org.hibernate.mapping.Table(Product), mappingColumn=supplier_id, insertable=true, updatable=true, unique=false}
17:26:13.513 [main] DEBUG org.hibernate.cfg.annotations.PropertyBinder - MetadataSourceProcessor property supplierId with lazy=false
17:26:13.513 [main] DEBUG org.hibernate.cfg.AbstractPropertyHolder - Attempting to locate auto-apply AttributeConverter for property [org.codemaster.shoppingbackend.dto.Product:supplierId]
17:26:13.513 [main] DEBUG org.hibernate.cfg.annotations.SimpleValueBinder - building SimpleValue for supplierId
17:26:13.513 [main] DEBUG org.hibernate.cfg.annotations.PropertyBinder - Building property supplierId
17:26:13.513 [main] DEBUG org.hibernate.cfg.Ejb3Column - Binding column: Ejb3Column{table=org.hibernate.mapping.Table(Product), mappingColumn=unit_price, insertable=true, updatable=true, unique=false}
17:26:13.513 [main] DEBUG org.hibernate.cfg.annotations.PropertyBinder - MetadataSourceProcessor property unitPrice with lazy=false
17:26:13.513 [main] DEBUG org.hibernate.cfg.AbstractPropertyHolder - Attempting to locate auto-apply AttributeConverter for property [org.codemaster.shoppingbackend.dto.Product:unitPrice]
17:26:13.513 [main] DEBUG org.hibernate.cfg.annotations.SimpleValueBinder - building SimpleValue for unitPrice
17:26:13.513 [main] DEBUG org.hibernate.cfg.annotations.PropertyBinder - Building property unitPrice
17:26:13.513 [main] DEBUG org.hibernate.cfg.Ejb3Column - Binding column: Ejb3Column{table=org.hibernate.mapping.Table(Product), mappingColumn=views, insertable=true, updatable=true, unique=false}
17:26:13.513 [main] DEBUG org.hibernate.cfg.annotations.PropertyBinder - MetadataSourceProcessor property views with lazy=false
17:26:13.513 [main] DEBUG org.hibernate.cfg.AbstractPropertyHolder - Attempting to locate auto-apply AttributeConverter for property [org.codemaster.shoppingbackend.dto.Product:views]
17:26:13.513 [main] DEBUG org.hibernate.cfg.annotations.SimpleValueBinder - building SimpleValue for views
17:26:13.513 [main] DEBUG org.hibernate.cfg.annotations.PropertyBinder - Building property views
17:26:13.513 [main] DEBUG org.hibernate.cfg.AnnotationBinder - Binding entity from annotated class: org.codemaster.shoppingbackend.dto.User
17:26:13.513 [main] DEBUG org.hibernate.cfg.Ejb3Column - Binding column: Ejb3DiscriminatorColumn{logicalColumnName&apos;DTYPE&apos;, discriminatorTypeName=&apos;string&apos;}
17:26:13.513 [main] DEBUG org.hibernate.cfg.annotations.EntityBinder - Import with entity name User
17:26:13.513 [main] DEBUG org.hibernate.cfg.annotations.EntityBinder - Bind entity org.codemaster.shoppingbackend.dto.User on table user_detail
17:26:13.513 [main] DEBUG org.hibernate.cfg.Ejb3Column - Binding column: Ejb3Column{table=org.hibernate.mapping.Table(user_detail), mappingColumn=id, insertable=true, updatable=true, unique=false}
17:26:13.513 [main] DEBUG org.hibernate.cfg.annotations.PropertyBinder - MetadataSourceProcessor property id with lazy=false
17:26:13.513 [main] DEBUG org.hibernate.cfg.AbstractPropertyHolder - Attempting to locate auto-apply AttributeConverter for property [org.codemaster.shoppingbackend.dto.User:id]
17:26:13.513 [main] DEBUG org.hibernate.cfg.annotations.SimpleValueBinder - building SimpleValue for id
17:26:13.513 [main] DEBUG org.hibernate.cfg.annotations.PropertyBinder - Building property id
17:26:13.513 [main] DEBUG org.hibernate.cfg.Ejb3Column - Binding column: Ejb3JoinColumn{logicalColumnName=&apos;null&apos;, referencedColumn=&apos;null&apos;, mappedBy=&apos;user&apos;}
17:26:13.513 [main] DEBUG org.hibernate.cfg.Ejb3Column - Binding column: Ejb3Column{table=org.hibernate.mapping.Table(user_detail), mappingColumn=cart, insertable=true, updatable=true, unique=false}
17:26:13.529 [main] DEBUG org.hibernate.cfg.Ejb3Column - Binding column: Ejb3Column{table=org.hibernate.mapping.Table(user_detail), mappingColumn=contact_number, insertable=true, updatable=true, unique=false}
17:26:13.529 [main] DEBUG org.hibernate.cfg.annotations.PropertyBinder - MetadataSourceProcessor property contactNumber with lazy=false
17:26:13.529 [main] DEBUG org.hibernate.cfg.AbstractPropertyHolder - Attempting to locate auto-apply AttributeConverter for property [org.codemaster.shoppingbackend.dto.User:contactNumber]
17:26:13.529 [main] DEBUG org.hibernate.cfg.annotations.SimpleValueBinder - building SimpleValue for contactNumber
17:26:13.529 [main] DEBUG org.hibernate.cfg.annotations.PropertyBinder - Building property contactNumber
17:26:13.529 [main] DEBUG org.hibernate.cfg.Ejb3Column - Binding column: Ejb3Column{table=org.hibernate.mapping.Table(user_detail), mappingColumn=email, insertable=true, updatable=true, unique=false}
17:26:13.529 [main] DEBUG org.hibernate.cfg.annotations.PropertyBinder - MetadataSourceProcessor property email with lazy=false
17:26:13.529 [main] DEBUG org.hibernate.cfg.AbstractPropertyHolder - Attempting to locate auto-apply AttributeConverter for property [org.codemaster.shoppingbackend.dto.User:email]
17:26:13.529 [main] DEBUG org.hibernate.cfg.annotations.SimpleValueBinder - building SimpleValue for email
17:26:13.529 [main] DEBUG org.hibernate.cfg.annotations.PropertyBinder - Building property email
17:26:13.529 [main] DEBUG org.hibernate.cfg.Ejb3Column - Binding column: Ejb3Column{table=org.hibernate.mapping.Table(user_detail), mappingColumn=enabled, insertable=true, updatable=true, unique=false}
17:26:13.529 [main] DEBUG org.hibernate.cfg.annotations.PropertyBinder - MetadataSourceProcessor property enabled with lazy=false
17:26:13.529 [main] DEBUG org.hibernate.cfg.AbstractPropertyHolder - Attempting to locate auto-apply AttributeConverter for property [org.codemaster.shoppingbackend.dto.User:enabled]
17:26:13.529 [main] DEBUG org.hibernate.cfg.annotations.SimpleValueBinder - building SimpleValue for enabled
17:26:13.529 [main] DEBUG org.hibernate.cfg.annotations.PropertyBinder - Building property enabled
17:26:13.529 [main] DEBUG org.hibernate.cfg.Ejb3Column - Binding column: Ejb3Column{table=org.hibernate.mapping.Table(user_detail), mappingColumn=first_name, insertable=true, updatable=true, unique=false}
17:26:13.529 [main] DEBUG org.hibernate.cfg.annotations.PropertyBinder - MetadataSourceProcessor property firstName with lazy=false
17:26:13.529 [main] DEBUG org.hibernate.cfg.AbstractPropertyHolder - Attempting to locate auto-apply AttributeConverter for property [org.codemaster.shoppingbackend.dto.User:firstName]
17:26:13.529 [main] DEBUG org.hibernate.cfg.annotations.SimpleValueBinder - building SimpleValue for firstName
17:26:13.529 [main] DEBUG org.hibernate.cfg.annotations.PropertyBinder - Building property firstName
17:26:13.529 [main] DEBUG org.hibernate.cfg.Ejb3Column - Binding column: Ejb3Column{table=org.hibernate.mapping.Table(user_detail), mappingColumn=last_name, insertable=true, updatable=true, unique=false}
17:26:13.529 [main] DEBUG org.hibernate.cfg.annotations.PropertyBinder - MetadataSourceProcessor property lastName with lazy=false
17:26:13.529 [main] DEBUG org.hibernate.cfg.AbstractPropertyHolder - Attempting to locate auto-apply AttributeConverter for property [org.codemaster.shoppingbackend.dto.User:lastName]
17:26:13.529 [main] DEBUG org.hibernate.cfg.annotations.SimpleValueBinder - building SimpleValue for lastName
17:26:13.529 [main] DEBUG org.hibernate.cfg.annotations.PropertyBinder - Building property lastName
17:26:13.529 [main] DEBUG org.hibernate.cfg.Ejb3Column - Binding column: Ejb3Column{table=org.hibernate.mapping.Table(user_detail), mappingColumn=password, insertable=true, updatable=true, unique=false}
17:26:13.529 [main] DEBUG org.hibernate.cfg.annotations.PropertyBinder - MetadataSourceProcessor property password with lazy=false
17:26:13.529 [main] DEBUG org.hibernate.cfg.AbstractPropertyHolder - Attempting to locate auto-apply AttributeConverter for property [org.codemaster.shoppingbackend.dto.User:password]
17:26:13.529 [main] DEBUG org.hibernate.cfg.annotations.SimpleValueBinder - building SimpleValue for password
17:26:13.529 [main] DEBUG org.hibernate.cfg.annotations.PropertyBinder - Building property password
17:26:13.529 [main] DEBUG org.hibernate.cfg.Ejb3Column - Binding column: Ejb3Column{table=org.hibernate.mapping.Table(user_detail), mappingColumn=role, insertable=true, updatable=true, unique=false}
17:26:13.529 [main] DEBUG org.hibernate.cfg.annotations.PropertyBinder - MetadataSourceProcessor property role with lazy=false
17:26:13.529 [main] DEBUG org.hibernate.cfg.AbstractPropertyHolder - Attempting to locate auto-apply AttributeConverter for property [org.codemaster.shoppingbackend.dto.User:role]
17:26:13.529 [main] DEBUG org.hibernate.cfg.annotations.SimpleValueBinder - building SimpleValue for role
17:26:13.529 [main] DEBUG org.hibernate.cfg.annotations.PropertyBinder - Building property role
17:26:13.544 [main] DEBUG org.hibernate.cfg.annotations.SimpleValueBinder - Starting fillSimpleValue for id
17:26:13.544 [main] DEBUG org.hibernate.cfg.annotations.SimpleValueBinder - Starting fillSimpleValue for addressLineOne
17:26:13.544 [main] DEBUG org.hibernate.cfg.annotations.SimpleValueBinder - Starting fillSimpleValue for addressLineTwo
17:26:13.544 [main] DEBUG org.hibernate.cfg.annotations.SimpleValueBinder - Starting fillSimpleValue for billing
17:26:13.544 [main] DEBUG org.hibernate.cfg.annotations.SimpleValueBinder - Starting fillSimpleValue for city
17:26:13.544 [main] DEBUG org.hibernate.cfg.annotations.SimpleValueBinder - Starting fillSimpleValue for country
17:26:13.544 [main] DEBUG org.hibernate.cfg.annotations.SimpleValueBinder - Starting fillSimpleValue for postalCode
17:26:13.544 [main] DEBUG org.hibernate.cfg.annotations.SimpleValueBinder - Starting fillSimpleValue for shipping
17:26:13.544 [main] DEBUG org.hibernate.cfg.annotations.SimpleValueBinder - Starting fillSimpleValue for state
17:26:13.544 [main] DEBUG org.hibernate.cfg.annotations.SimpleValueBinder - Starting fillSimpleValue for userId
17:26:13.544 [main] DEBUG org.hibernate.cfg.annotations.SimpleValueBinder - Starting fillSimpleValue for id
17:26:13.544 [main] DEBUG org.hibernate.cfg.annotations.SimpleValueBinder - Starting fillSimpleValue for cartLines
17:26:13.544 [main] DEBUG org.hibernate.cfg.annotations.SimpleValueBinder - Starting fillSimpleValue for grandTotal
17:26:13.544 [main] DEBUG org.hibernate.cfg.annotations.SimpleValueBinder - Starting fillSimpleValue for id
17:26:13.544 [main] DEBUG org.hibernate.cfg.annotations.SimpleValueBinder - Starting fillSimpleValue for available
17:26:13.544 [main] DEBUG org.hibernate.cfg.annotations.SimpleValueBinder - Starting fillSimpleValue for buyingPrice
17:26:13.544 [main] DEBUG org.hibernate.cfg.annotations.SimpleValueBinder - Starting fillSimpleValue for cartId
17:26:13.544 [main] DEBUG org.hibernate.cfg.annotations.SimpleValueBinder - Starting fillSimpleValue for productCount
17:26:13.544 [main] DEBUG org.hibernate.cfg.annotations.SimpleValueBinder - Starting fillSimpleValue for total
17:26:13.544 [main] DEBUG org.hibernate.cfg.annotations.SimpleValueBinder - Starting fillSimpleValue for id
17:26:13.544 [main] DEBUG org.hibernate.cfg.annotations.SimpleValueBinder - Starting fillSimpleValue for active
17:26:13.544 [main] DEBUG org.hibernate.cfg.annotations.SimpleValueBinder - Starting fillSimpleValue for description
17:26:13.544 [main] DEBUG org.hibernate.cfg.annotations.SimpleValueBinder - Starting fillSimpleValue for imageURL
17:26:13.544 [main] DEBUG org.hibernate.cfg.annotations.SimpleValueBinder - Starting fillSimpleValue for name
17:26:13.544 [main] DEBUG org.hibernate.cfg.annotations.SimpleValueBinder - Starting fillSimpleValue for id
17:26:13.544 [main] DEBUG org.hibernate.cfg.annotations.SimpleValueBinder - Starting fillSimpleValue for orderCount
17:26:13.544 [main] DEBUG org.hibernate.cfg.annotations.SimpleValueBinder - Starting fillSimpleValue for orderDate
17:26:13.544 [main] DEBUG org.hibernate.cfg.annotations.SimpleValueBinder - Starting fillSimpleValue for orderTotal
17:26:13.544 [main] DEBUG org.hibernate.cfg.annotations.SimpleValueBinder - Starting fillSimpleValue for id
17:26:13.544 [main] DEBUG org.hibernate.cfg.annotations.SimpleValueBinder - Starting fillSimpleValue for buyingPrice
17:26:13.544 [main] DEBUG org.hibernate.cfg.annotations.SimpleValueBinder - Starting fillSimpleValue for productCount
17:26:13.544 [main] DEBUG org.hibernate.cfg.annotations.SimpleValueBinder - Starting fillSimpleValue for total
17:26:13.544 [main] DEBUG org.hibernate.cfg.annotations.SimpleValueBinder - Starting fillSimpleValue for id
17:26:13.544 [main] DEBUG org.hibernate.cfg.annotations.SimpleValueBinder - Starting fillSimpleValue for active
17:26:13.544 [main] DEBUG org.hibernate.cfg.annotations.SimpleValueBinder - Starting fillSimpleValue for brand
17:26:13.544 [main] DEBUG org.hibernate.cfg.annotations.SimpleValueBinder - Starting fillSimpleValue for categoryId
17:26:13.544 [main] DEBUG org.hibernate.cfg.annotations.SimpleValueBinder - Starting fillSimpleValue for code
17:26:13.544 [main] DEBUG org.hibernate.cfg.annotations.SimpleValueBinder - Starting fillSimpleValue for description
17:26:13.544 [main] DEBUG org.hibernate.cfg.annotations.SimpleValueBinder - Starting fillSimpleValue for name
17:26:13.544 [main] DEBUG org.hibernate.cfg.annotations.SimpleValueBinder - Starting fillSimpleValue for purchases
17:26:13.544 [main] DEBUG org.hibernate.cfg.annotations.SimpleValueBinder - Starting fillSimpleValue for quantity
17:26:13.544 [main] DEBUG org.hibernate.cfg.annotations.SimpleValueBinder - Starting fillSimpleValue for supplierId
17:26:13.544 [main] DEBUG org.hibernate.cfg.annotations.SimpleValueBinder - Starting fillSimpleValue for unitPrice
17:26:13.544 [main] DEBUG org.hibernate.cfg.annotations.SimpleValueBinder - Starting fillSimpleValue for views
17:26:13.544 [main] DEBUG org.hibernate.cfg.annotations.SimpleValueBinder - Starting fillSimpleValue for id
17:26:13.544 [main] DEBUG org.hibernate.cfg.annotations.SimpleValueBinder - Starting fillSimpleValue for contactNumber
17:26:13.544 [main] DEBUG org.hibernate.cfg.annotations.SimpleValueBinder - Starting fillSimpleValue for email
17:26:13.544 [main] DEBUG org.hibernate.cfg.annotations.SimpleValueBinder - Starting fillSimpleValue for enabled
17:26:13.544 [main] DEBUG org.hibernate.cfg.annotations.SimpleValueBinder - Starting fillSimpleValue for firstName
17:26:13.544 [main] DEBUG org.hibernate.cfg.annotations.SimpleValueBinder - Starting fillSimpleValue for lastName
17:26:13.544 [main] DEBUG org.hibernate.cfg.annotations.SimpleValueBinder - Starting fillSimpleValue for password
17:26:13.544 [main] DEBUG org.hibernate.cfg.annotations.SimpleValueBinder - Starting fillSimpleValue for role
17:26:13.560 [main] DEBUG org.hibernate.mapping.PrimaryKey - Forcing column [id] to be non-null as it is part of the primary key for table [address]
17:26:13.560 [main] DEBUG org.hibernate.mapping.PrimaryKey - Forcing column [id] to be non-null as it is part of the primary key for table [cart]
17:26:13.560 [main] DEBUG org.hibernate.mapping.PrimaryKey - Forcing column [id] to be non-null as it is part of the primary key for table [cart_line]
17:26:13.560 [main] DEBUG org.hibernate.mapping.PrimaryKey - Forcing column [id] to be non-null as it is part of the primary key for table [category]
17:26:13.560 [main] DEBUG org.hibernate.mapping.PrimaryKey - Forcing column [id] to be non-null as it is part of the primary key for table [order_detail]
17:26:13.560 [main] DEBUG org.hibernate.mapping.PrimaryKey - Forcing column [id] to be non-null as it is part of the primary key for table [order_item]
17:26:13.560 [main] DEBUG org.hibernate.mapping.PrimaryKey - Forcing column [id] to be non-null as it is part of the primary key for table [product]
17:26:13.560 [main] DEBUG org.hibernate.mapping.PrimaryKey - Forcing column [id] to be non-null as it is part of the primary key for table [user_detail]
17:26:13.560 [main] DEBUG org.hibernate.cfg.CollectionSecondPass - Second pass for collection: org.codemaster.shoppingbackend.dto.OrderDetail.orderItems
17:26:13.560 [main] DEBUG org.hibernate.cfg.annotations.CollectionBinder - Binding a OneToMany: org.codemaster.shoppingbackend.dto.OrderDetail.orderItems through a foreign key
17:26:13.560 [main] DEBUG org.hibernate.cfg.annotations.CollectionBinder - Mapping collection: org.codemaster.shoppingbackend.dto.OrderDetail.orderItems -&gt; order_item
17:26:13.575 [main] DEBUG org.hibernate.cfg.annotations.TableBinder - Retrieving property org.codemaster.shoppingbackend.dto.OrderItem.orderDetail
17:26:13.575 [main] DEBUG org.hibernate.cfg.CollectionSecondPass - Mapped collection key: order_id, one-to-many: org.codemaster.shoppingbackend.dto.OrderItem
17:26:13.575 [main] DEBUG org.hibernate.cfg.annotations.PropertyBinder - Building property cart
17:26:13.575 [main] DEBUG org.hibernate.boot.internal.InFlightMetadataCollectorImpl - Processing association property references
17:26:13.575 [main] DEBUG org.hibernate.boot.internal.InFlightMetadataCollectorImpl - Resolving reference to class: org.codemaster.shoppingbackend.dto.User
17:26:13.575 [main] DEBUG org.hibernate.boot.internal.InFlightMetadataCollectorImpl - Resolving reference to class: org.codemaster.shoppingbackend.dto.Product
17:26:13.575 [main] DEBUG org.hibernate.boot.internal.InFlightMetadataCollectorImpl - Resolving reference to class: org.codemaster.shoppingbackend.dto.Address
17:26:13.575 [main] DEBUG org.hibernate.boot.internal.InFlightMetadataCollectorImpl - Resolving reference to class: org.codemaster.shoppingbackend.dto.Address
17:26:13.575 [main] DEBUG org.hibernate.boot.internal.InFlightMetadataCollectorImpl - Resolving reference to class: org.codemaster.shoppingbackend.dto.User
17:26:13.575 [main] DEBUG org.hibernate.boot.internal.InFlightMetadataCollectorImpl - Resolving reference to class: org.codemaster.shoppingbackend.dto.OrderDetail
17:26:13.575 [main] DEBUG org.hibernate.boot.internal.InFlightMetadataCollectorImpl - Resolving reference to class: org.codemaster.shoppingbackend.dto.Product
17:26:13.591 [main] DEBUG org.hibernate.boot.internal.InFlightMetadataCollectorImpl - Processing association property references
17:26:13.591 [main] DEBUG org.hibernate.boot.internal.InFlightMetadataCollectorImpl - Resolving reference to class: org.codemaster.shoppingbackend.dto.User
17:26:13.591 [main] DEBUG org.hibernate.boot.internal.InFlightMetadataCollectorImpl - Resolving reference to class: org.codemaster.shoppingbackend.dto.Product
17:26:13.591 [main] DEBUG org.hibernate.boot.internal.InFlightMetadataCollectorImpl - Resolving reference to class: org.codemaster.shoppingbackend.dto.Address
17:26:13.591 [main] DEBUG org.hibernate.boot.internal.InFlightMetadataCollectorImpl - Resolving reference to class: org.codemaster.shoppingbackend.dto.Address
17:26:13.591 [main] DEBUG org.hibernate.boot.internal.InFlightMetadataCollectorImpl - Resolving reference to class: org.codemaster.shoppingbackend.dto.User
17:26:13.591 [main] DEBUG org.hibernate.boot.internal.InFlightMetadataCollectorImpl - Resolving reference to class: org.codemaster.shoppingbackend.dto.OrderDetail
17:26:13.591 [main] DEBUG org.hibernate.boot.internal.InFlightMetadataCollectorImpl - Resolving reference to class: org.codemaster.shoppingbackend.dto.Product
17:26:13.638 [main] DEBUG org.hibernate.internal.SessionFactoryImpl - Building session factory
17:26:13.654 [main] DEBUG org.hibernate.cfg.Settings - SessionFactory name : null
17:26:13.654 [main] DEBUG org.hibernate.cfg.Settings - Automatic flush during beforeCompletion(): enabled
17:26:13.654 [main] DEBUG org.hibernate.cfg.Settings - Automatic session close at end of transaction: disabled
17:26:13.654 [main] DEBUG org.hibernate.cfg.Settings - Statistics: disabled
17:26:13.654 [main] DEBUG org.hibernate.cfg.Settings - Deleted entity synthetic identifier rollback: disabled
17:26:13.654 [main] DEBUG org.hibernate.cfg.Settings - Default entity-mode: pojo
17:26:13.654 [main] DEBUG org.hibernate.cfg.Settings - Check Nullability in Core (should be disabled when Bean Validation is on): enabled
17:26:13.654 [main] DEBUG org.hibernate.cfg.Settings - Allow initialization of lazy state outside session : disabled
17:26:13.654 [main] DEBUG org.hibernate.cfg.Settings - Using BatchFetchStyle : LEGACY
17:26:13.654 [main] DEBUG org.hibernate.cfg.Settings - Default batch fetch size: -1
17:26:13.654 [main] DEBUG org.hibernate.cfg.Settings - Maximum outer join fetch depth: null
17:26:13.654 [main] DEBUG org.hibernate.cfg.Settings - Default null ordering: NONE
17:26:13.654 [main] DEBUG org.hibernate.cfg.Settings - Order SQL updates by primary key: disabled
17:26:13.654 [main] DEBUG org.hibernate.cfg.Settings - Order SQL inserts for batching: disabled
17:26:13.654 [main] DEBUG org.hibernate.cfg.Settings - multi-tenancy strategy : NONE
17:26:13.654 [main] DEBUG org.hibernate.cfg.Settings - JTA Track by Thread: enabled
17:26:13.654 [main] DEBUG org.hibernate.cfg.Settings - Query language substitutions: {}
17:26:13.654 [main] DEBUG org.hibernate.cfg.Settings - JPA query language strict compliance: disabled
17:26:13.654 [main] DEBUG org.hibernate.cfg.Settings - Named query checking : enabled
17:26:13.654 [main] DEBUG org.hibernate.cfg.Settings - Second-level cache: enabled
17:26:13.654 [main] DEBUG org.hibernate.cfg.Settings - Second-level query cache: disabled
17:26:13.654 [main] DEBUG org.hibernate.cfg.Settings - Second-level query cache factory: org.hibernate.cache.internal.StandardQueryCacheFactory@7661b5a
17:26:13.654 [main] DEBUG org.hibernate.cfg.Settings - Second-level cache region prefix: null
17:26:13.654 [main] DEBUG org.hibernate.cfg.Settings - Optimize second-level cache for minimal puts: disabled
17:26:13.654 [main] DEBUG org.hibernate.cfg.Settings - Structured second-level cache entries: disabled
17:26:13.654 [main] DEBUG org.hibernate.cfg.Settings - Second-level cache direct-reference entries: disabled
17:26:13.654 [main] DEBUG org.hibernate.cfg.Settings - Automatic eviction of collection cache: disabled
17:26:13.654 [main] DEBUG org.hibernate.cfg.Settings - JDBC batch size: 15
17:26:13.654 [main] DEBUG org.hibernate.cfg.Settings - JDBC batch updates for versioned data: enabled
17:26:13.654 [main] DEBUG org.hibernate.cfg.Settings - Scrollable result sets: enabled
17:26:13.654 [main] DEBUG org.hibernate.cfg.Settings - Wrap result sets: disabled
17:26:13.654 [main] DEBUG org.hibernate.cfg.Settings - JDBC3 getGeneratedKeys(): enabled
17:26:13.654 [main] DEBUG org.hibernate.cfg.Settings - JDBC result set fetch size: null
17:26:13.654 [main] DEBUG org.hibernate.cfg.Settings - Connection release mode: ON_CLOSE
17:26:13.654 [main] DEBUG org.hibernate.cfg.Settings - Generate SQL with comments: disabled
17:26:13.747 [main] DEBUG org.hibernate.internal.SessionFactoryImpl - Session factory constructed with filter configurations : {}
17:26:13.747 [main] DEBUG org.hibernate.internal.SessionFactoryImpl - Instantiating session factory with properties: {sun.desktop=windows, awt.toolkit=sun.awt.windows.WToolkit, hibernate.format_sql=true, java.specification.version=9, file.encoding.pkg=sun.io, sun.cpu.isalist=amd64, hibernate.connection.handling_mode=DELAYED_ACQUISITION_AND_HOLD, sun.jnu.encoding=Cp1252, hibernate.dialect=org.hibernate.dialect.H2Dialect, java.class.path=C:\Users\burha\eclipse-workspace\shoppingbackend\target\test-classes;C:\Users\burha\eclipse-workspace\shoppingbackend\target\classes;C:\Users\burha\.m2\repository\junit\junit\4.12\junit-4.12.jar;C:\Users\burha\.m2\repository\org\hamcrest\hamcrest-core\1.3\hamcrest-core-1.3.jar;C:\Users\burha\.m2\repository\org\springframework\spring-core\5.0.2.RELEASE\spring-core-5.0.2.RELEASE.jar;C:\Users\burha\.m2\repository\org\springframework\spring-jcl\5.0.2.RELEASE\spring-jcl-5.0.2.RELEASE.jar;C:\Users\burha\.m2\repository\commons-logging\commons-logging\1.2\commons-logging-1.2.jar;C:\Users\burha\.m2\repository\org\springframework\spring-context\5.0.2.RELEASE\spring-context-5.0.2.RELEASE.jar;C:\Users\burha\.m2\repository\org\springframework\spring-aop\5.0.2.RELEASE\spring-aop-5.0.2.RELEASE.jar;C:\Users\burha\.m2\repository\org\springframework\spring-beans\5.0.2.RELEASE\spring-beans-5.0.2.RELEASE.jar;C:\Users\burha\.m2\repository\org\springframework\spring-expression\5.0.2.RELEASE\spring-expression-5.0.2.RELEASE.jar;C:\Users\burha\.m2\repository\org\springframework\spring-web\5.0.2.RELEASE\spring-web-5.0.2.RELEASE.jar;C:\Users\burha\.m2\repository\org\springframework\spring-orm\5.0.2.RELEASE\spring-orm-5.0.2.RELEASE.jar;C:\Users\burha\.m2\repository\org\springframework\spring-jdbc\5.0.2.RELEASE\spring-jdbc-5.0.2.RELEASE.jar;C:\Users\burha\.m2\repository\org\springframework\spring-tx\5.0.2.RELEASE\spring-tx-5.0.2.RELEASE.jar;C:\Users\burha\.m2\repository\com\h2database\h2\1.4.196\h2-1.4.196.jar;C:\Users\burha\.m2\repository\org\hibernate\hibernate-core\5.2.12.Final\hibernate-core-5.2.12.Final.jar;C:\Users\burha\.m2\repository\org\jboss\logging\jboss-logging\3.3.0.Final\jboss-logging-3.3.0.Final.jar;C:\Users\burha\.m2\repository\org\hibernate\javax\persistence\hibernate-jpa-2.1-api\1.0.0.Final\hibernate-jpa-2.1-api-1.0.0.Final.jar;C:\Users\burha\.m2\repository\org\javassist\javassist\3.20.0-GA\javassist-3.20.0-GA.jar;C:\Users\burha\.m2\repository\antlr\antlr\2.7.7\antlr-2.7.7.jar;C:\Users\burha\.m2\repository\org\jboss\spec\javax\transaction\jboss-transaction-api_1.2_spec\1.0.1.Final\jboss-transaction-api_1.2_spec-1.0.1.Final.jar;C:\Users\burha\.m2\repository\org\jboss\jandex\2.0.3.Final\jandex-2.0.3.Final.jar;C:\Users\burha\.m2\repository\com\fasterxml\classmate\1.3.0\classmate-1.3.0.jar;C:\Users\burha\.m2\repository\dom4j\dom4j\1.6.1\dom4j-1.6.1.jar;C:\Users\burha\.m2\repository\org\hibernate\common\hibernate-commons-annotations\5.0.1.Final\hibernate-commons-annotations-5.0.1.Final.jar;C:\Users\burha\.m2\repository\org\apache\commons\commons-dbcp2\2.1.1\commons-dbcp2-2.1.1.jar;C:\Users\burha\.m2\repository\org\apache\commons\commons-pool2\2.4.2\commons-pool2-2.4.2.jar;C:\Users\burha\.m2\repository\com\fasterxml\jackson\core\jackson-databind\2.9.2\jackson-databind-2.9.2.jar;C:\Users\burha\.m2\repository\com\fasterxml\jackson\core\jackson-core\2.9.2\jackson-core-2.9.2.jar;C:\Users\burha\.m2\repository\com\fasterxml\jackson\core\jackson-annotations\2.9.2\jackson-annotations-2.9.2.jar;C:\Users\burha\.m2\repository\ch\qos\logback\logback-classic\1.2.1\logback-classic-1.2.1.jar;C:\Users\burha\.m2\repository\ch\qos\logback\logback-core\1.2.1\logback-core-1.2.1.jar;C:\Users\burha\.m2\repository\org\slf4j\slf4j-api\1.7.22\slf4j-api-1.7.22.jar;C:\Users\burha\.m2\repository\org\slf4j\jcl-over-slf4j\1.7.24\jcl-over-slf4j-1.7.24.jar;C:\Users\burha\.m2\repository\org\hibernate\hibernate-validator\5.4.1.Final\hibernate-validator-5.4.1.Final.jar;C:\Users\burha\.m2\repository\javax\validation\validation-api\1.1.0.Final\validation-api-1.1.0.Final.jar;C:\Users\burha\.m2\repository\javax\xml\bind\jaxb-api\2.3.0\jaxb-api-2.3.0.jar;C:\Users\burha\.m2\repository\org\eclipse\persistence\eclipselink\2.7.0\eclipselink-2.7.0.jar;C:\Users\burha\.m2\repository\org\eclipse\persistence\javax.persistence\2.2.0\javax.persistence-2.2.0.jar;C:\Users\burha\.m2\repository\org\eclipse\persistence\commonj.sdo\2.1.1\commonj.sdo-2.1.1.jar;C:\Users\burha\.m2\repository\org\glassfish\javax.json\1.0.4\javax.json-1.0.4.jar;, java.vm.vendor=Oracle Corporation, sun.arch.data.model=64, user.variant=, java.vendor.url=http://java.oracle.com/, user.timezone=Asia/Calcutta, os.name=Windows 10, java.vm.specification.version=9, sun.java.launcher=SUN_STANDARD, user.country=IN, sun.boot.library.path=C:\Program Files\Java\jdk-9.0.1\bin, sun.java.command=C:\Users\burha\eclipse-workspace\shoppingbackend\target\surefire\surefirebooter9984604139632362257.jar C:\Users\burha\eclipse-workspace\shoppingbackend\target\surefire\surefire12498105600398127685tmp C:\Users\burha\eclipse-workspace\shoppingbackend\target\surefire\surefire_015710395096518565385tmp, jdk.debug=release, surefire.test.class.path=C:\Users\burha\eclipse-workspace\shoppingbackend\target\test-classes;C:\Users\burha\eclipse-workspace\shoppingbackend\target\classes;C:\Users\burha\.m2\repository\junit\junit\4.12\junit-4.12.jar;C:\Users\burha\.m2\repository\org\hamcrest\hamcrest-core\1.3\hamcrest-core-1.3.jar;C:\Users\burha\.m2\repository\org\springframework\spring-core\5.0.2.RELEASE\spring-core-5.0.2.RELEASE.jar;C:\Users\burha\.m2\repository\org\springframework\spring-jcl\5.0.2.RELEASE\spring-jcl-5.0.2.RELEASE.jar;C:\Users\burha\.m2\repository\commons-logging\commons-logging\1.2\commons-logging-1.2.jar;C:\Users\burha\.m2\repository\org\springframework\spring-context\5.0.2.RELEASE\spring-context-5.0.2.RELEASE.jar;C:\Users\burha\.m2\repository\org\springframework\spring-aop\5.0.2.RELEASE\spring-aop-5.0.2.RELEASE.jar;C:\Users\burha\.m2\repository\org\springframework\spring-beans\5.0.2.RELEASE\spring-beans-5.0.2.RELEASE.jar;C:\Users\burha\.m2\repository\org\springframework\spring-expression\5.0.2.RELEASE\spring-expression-5.0.2.RELEASE.jar;C:\Users\burha\.m2\repository\org\springframework\spring-web\5.0.2.RELEASE\spring-web-5.0.2.RELEASE.jar;C:\Users\burha\.m2\repository\org\springframework\spring-orm\5.0.2.RELEASE\spring-orm-5.0.2.RELEASE.jar;C:\Users\burha\.m2\repository\org\springframework\spring-jdbc\5.0.2.RELEASE\spring-jdbc-5.0.2.RELEASE.jar;C:\Users\burha\.m2\repository\org\springframework\spring-tx\5.0.2.RELEASE\spring-tx-5.0.2.RELEASE.jar;C:\Users\burha\.m2\repository\com\h2database\h2\1.4.196\h2-1.4.196.jar;C:\Users\burha\.m2\repository\org\hibernate\hibernate-core\5.2.12.Final\hibernate-core-5.2.12.Final.jar;C:\Users\burha\.m2\repository\org\jboss\logging\jboss-logging\3.3.0.Final\jboss-logging-3.3.0.Final.jar;C:\Users\burha\.m2\repository\org\hibernate\javax\persistence\hibernate-jpa-2.1-api\1.0.0.Final\hibernate-jpa-2.1-api-1.0.0.Final.jar;C:\Users\burha\.m2\repository\org\javassist\javassist\3.20.0-GA\javassist-3.20.0-GA.jar;C:\Users\burha\.m2\repository\antlr\antlr\2.7.7\antlr-2.7.7.jar;C:\Users\burha\.m2\repository\org\jboss\spec\javax\transaction\jboss-transaction-api_1.2_spec\1.0.1.Final\jboss-transaction-api_1.2_spec-1.0.1.Final.jar;C:\Users\burha\.m2\repository\org\jboss\jandex\2.0.3.Final\jandex-2.0.3.Final.jar;C:\Users\burha\.m2\repository\com\fasterxml\classmate\1.3.0\classmate-1.3.0.jar;C:\Users\burha\.m2\repository\dom4j\dom4j\1.6.1\dom4j-1.6.1.jar;C:\Users\burha\.m2\repository\org\hibernate\common\hibernate-commons-annotations\5.0.1.Final\hibernate-commons-annotations-5.0.1.Final.jar;C:\Users\burha\.m2\repository\org\apache\commons\commons-dbcp2\2.1.1\commons-dbcp2-2.1.1.jar;C:\Users\burha\.m2\repository\org\apache\commons\commons-pool2\2.4.2\commons-pool2-2.4.2.jar;C:\Users\burha\.m2\repository\com\fasterxml\jackson\core\jackson-databind\2.9.2\jackson-databind-2.9.2.jar;C:\Users\burha\.m2\repository\com\fasterxml\jackson\core\jackson-core\2.9.2\jackson-core-2.9.2.jar;C:\Users\burha\.m2\repository\com\fasterxml\jackson\core\jackson-annotations\2.9.2\jackson-annotations-2.9.2.jar;C:\Users\burha\.m2\repository\ch\qos\logback\logback-classic\1.2.1\logback-classic-1.2.1.jar;C:\Users\burha\.m2\repository\ch\qos\logback\logback-core\1.2.1\logback-core-1.2.1.jar;C:\Users\burha\.m2\repository\org\slf4j\slf4j-api\1.7.22\slf4j-api-1.7.22.jar;C:\Users\burha\.m2\repository\org\slf4j\jcl-over-slf4j\1.7.24\jcl-over-slf4j-1.7.24.jar;C:\Users\burha\.m2\repository\org\hibernate\hibernate-validator\5.4.1.Final\hibernate-validator-5.4.1.Final.jar;C:\Users\burha\.m2\repository\javax\validation\validation-api\1.1.0.Final\validation-api-1.1.0.Final.jar;C:\Users\burha\.m2\repository\javax\xml\bind\jaxb-api\2.3.0\jaxb-api-2.3.0.jar;C:\Users\burha\.m2\repository\org\eclipse\persistence\eclipselink\2.7.0\eclipselink-2.7.0.jar;C:\Users\burha\.m2\repository\org\eclipse\persistence\javax.persistence\2.2.0\javax.persistence-2.2.0.jar;C:\Users\burha\.m2\repository\org\eclipse\persistence\commonj.sdo\2.1.1\commonj.sdo-2.1.1.jar;C:\Users\burha\.m2\repository\org\glassfish\javax.json\1.0.4\javax.json-1.0.4.jar;, sun.cpu.endian=little, user.home=C:\Users\burha, user.language=en, java.specification.vendor=Oracle Corporation, java.home=C:\Program Files\Java\jdk-9.0.1, file.separator=\, basedir=C:\Users\burha\eclipse-workspace\shoppingbackend, java.vm.compressedOopsMode=32-bit, line.separator=
, java.vm.specification.vendor=Oracle Corporation, java.specification.name=Java Platform API Specification, java.awt.graphicsenv=sun.awt.Win32GraphicsEnvironment, surefire.real.class.path=C:\Users\burha\eclipse-workspace\shoppingbackend\target\surefire\surefirebooter9984604139632362257.jar, hibernate.hbm2ddl.auto=update, user.script=, sun.management.compiler=HotSpot 64-Bit Tiered Compilers, java.runtime.version=9.0.1+11, user.name=burha, path.separator=;, os.version=10.0, java.runtime.name=Java(TM) SE Runtime Environment, file.encoding=Cp1252, java.vm.name=Java HotSpot(TM) 64-Bit Server VM, hibernate.show_sql=true, hibernate.classLoaders=[jdk.internal.loader.ClassLoaders$AppClassLoader@4f8e5cde], hibernate.current_session_context_class=org.springframework.orm.hibernate5.SpringSessionContext, localRepository=C:\Users\burha\.m2\repository, java.vendor.url.bug=http://bugreport.java.com/bugreport/, java.io.tmpdir=C:\Users\burha\AppData\Local\Temp\, java.version=9.0.1, user.dir=C:\Users\burha\eclipse-workspace\shoppingbackend, os.arch=amd64, java.vm.specification.name=Java Virtual Machine Specification, java.awt.printerjob=sun.awt.windows.WPrinterJob, sun.os.patch.level=, hibernate.boot.CfgXmlAccessService.key=org.hibernate.boot.cfgxml.spi.LoadedConfig@518bfd90, java.library.path=C:\Program Files\Java\jdk-9.0.1\bin;C:\WINDOWS\Sun\Java\bin;C:\WINDOWS\system32;C:\WINDOWS;C:\ProgramData\Oracle\Java\javapath;C:\WINDOWS\system32;C:\WINDOWS;C:\WINDOWS\System32\Wbem;C:\WINDOWS\System32\WindowsPowerShell\v1.0\;C:\Users\burha\AppData\Local\Microsoft\WindowsApps;;., java.vendor=Oracle Corporation, java.vm.info=mixed mode, java.vm.version=9.0.1+11, hibernate.bytecode.use_reflection_optimizer=false, sun.io.unicode.encoding=UnicodeLittle, hibernate.connection.datasource=org.apache.commons.dbcp2.BasicDataSource@40dff0b7, java.class.version=53.0}
17:26:13.810 [main] INFO org.hibernate.validator.internal.util.Version - HV000001: Hibernate Validator 5.4.1.Final
17:26:13.841 [main] DEBUG org.hibernate.validator.internal.engine.resolver.DefaultTraversableResolver - Found javax.persistence.Persistence on classpath containing &apos;getPersistenceUtil&apos;. Assuming JPA 2 environment. Trying to instantiate JPA aware TraversableResolver
17:26:13.841 [main] DEBUG org.hibernate.validator.internal.engine.resolver.DefaultTraversableResolver - Instantiated JPA aware TraversableResolver of type org.hibernate.validator.internal.engine.resolver.JPATraversableResolver.
17:26:13.841 [main] DEBUG org.hibernate.validator.internal.xml.ValidationXmlParser - Trying to load META-INF/validation.xml for XML based Validator configuration.
17:26:13.841 [main] DEBUG org.hibernate.validator.internal.xml.ResourceLoaderHelper - Trying to load META-INF/validation.xml via TCCL
17:26:13.841 [main] DEBUG org.hibernate.validator.internal.xml.ResourceLoaderHelper - Trying to load META-INF/validation.xml via Hibernate Validator&apos;s class loader
17:26:13.841 [main] DEBUG org.hibernate.validator.internal.xml.ValidationXmlParser - No META-INF/validation.xml found. Using annotation based configuration only.
17:26:13.857 [main] DEBUG org.hibernate.cfg.beanvalidation.TypeSafeActivator - Unable to acquire Bean Validation ValidatorFactory, skipping activation
17:26:13.857 [main] DEBUG org.hibernate.secure.spi.JaccIntegrator - Skipping JACC integration as it was not enabled
17:26:13.857 [main] DEBUG org.hibernate.internal.SessionFactoryImpl - Instantiated session factory
17:26:13.935 [main] DEBUG org.hibernate.boot.internal.ClassLoaderAccessImpl - Not known whether passed class name [org.codemaster.shoppingbackend.dto.Cart] is safe
17:26:13.935 [main] DEBUG org.hibernate.boot.internal.ClassLoaderAccessImpl - No temp ClassLoader provided; using live ClassLoader for loading potentially unsafe class : org.codemaster.shoppingbackend.dto.Cart
17:26:13.950 [main] DEBUG org.hibernate.boot.internal.ClassLoaderAccessImpl - Not known whether passed class name [org.codemaster.shoppingbackend.dto.Cart] is safe
17:26:13.950 [main] DEBUG org.hibernate.boot.internal.ClassLoaderAccessImpl - No temp ClassLoader provided; using live ClassLoader for loading potentially unsafe class : org.codemaster.shoppingbackend.dto.Cart
17:26:14.013 [main] DEBUG org.hibernate.boot.internal.ClassLoaderAccessImpl - Not known whether passed class name [org.codemaster.shoppingbackend.dto.Category] is safe
17:26:14.013 [main] DEBUG org.hibernate.boot.internal.ClassLoaderAccessImpl - No temp ClassLoader provided; using live ClassLoader for loading potentially unsafe class : org.codemaster.shoppingbackend.dto.Category
17:26:14.013 [main] DEBUG org.hibernate.boot.internal.ClassLoaderAccessImpl - Not known whether passed class name [org.codemaster.shoppingbackend.dto.Category] is safe
17:26:14.013 [main] DEBUG org.hibernate.boot.internal.ClassLoaderAccessImpl - No temp ClassLoader provided; using live ClassLoader for loading potentially unsafe class : org.codemaster.shoppingbackend.dto.Category
17:26:14.029 [main] DEBUG org.hibernate.boot.internal.ClassLoaderAccessImpl - Not known whether passed class name [org.codemaster.shoppingbackend.dto.User] is safe
17:26:14.029 [main] DEBUG org.hibernate.boot.internal.ClassLoaderAccessImpl - No temp ClassLoader provided; using live ClassLoader for loading potentially unsafe class : org.codemaster.shoppingbackend.dto.User
17:26:14.029 [main] DEBUG org.hibernate.boot.internal.ClassLoaderAccessImpl - Not known whether passed class name [org.codemaster.shoppingbackend.dto.User] is safe
17:26:14.029 [main] DEBUG org.hibernate.boot.internal.ClassLoaderAccessImpl - No temp ClassLoader provided; using live ClassLoader for loading potentially unsafe class : org.codemaster.shoppingbackend.dto.User
17:26:14.044 [main] DEBUG org.hibernate.boot.internal.ClassLoaderAccessImpl - Not known whether passed class name [org.codemaster.shoppingbackend.dto.CartLine] is safe
17:26:14.044 [main] DEBUG org.hibernate.boot.internal.ClassLoaderAccessImpl - No temp ClassLoader provided; using live ClassLoader for loading potentially unsafe class : org.codemaster.shoppingbackend.dto.CartLine
17:26:14.044 [main] DEBUG org.hibernate.boot.internal.ClassLoaderAccessImpl - Not known whether passed class name [org.codemaster.shoppingbackend.dto.CartLine] is safe
17:26:14.044 [main] DEBUG org.hibernate.boot.internal.ClassLoaderAccessImpl - No temp ClassLoader provided; using live ClassLoader for loading potentially unsafe class : org.codemaster.shoppingbackend.dto.CartLine
17:26:14.060 [main] DEBUG org.hibernate.boot.internal.ClassLoaderAccessImpl - Not known whether passed class name [org.codemaster.shoppingbackend.dto.OrderDetail] is safe
17:26:14.060 [main] DEBUG org.hibernate.boot.internal.ClassLoaderAccessImpl - No temp ClassLoader provided; using live ClassLoader for loading potentially unsafe class : org.codemaster.shoppingbackend.dto.OrderDetail
17:26:14.060 [main] DEBUG org.hibernate.boot.internal.ClassLoaderAccessImpl - Not known whether passed class name [org.codemaster.shoppingbackend.dto.OrderDetail] is safe
17:26:14.060 [main] DEBUG org.hibernate.boot.internal.ClassLoaderAccessImpl - No temp ClassLoader provided; using live ClassLoader for loading potentially unsafe class : org.codemaster.shoppingbackend.dto.OrderDetail
17:26:14.060 [main] DEBUG org.hibernate.boot.internal.ClassLoaderAccessImpl - Not known whether passed class name [org.codemaster.shoppingbackend.dto.OrderItem] is safe
17:26:14.060 [main] DEBUG org.hibernate.boot.internal.ClassLoaderAccessImpl - No temp ClassLoader provided; using live ClassLoader for loading potentially unsafe class : org.codemaster.shoppingbackend.dto.OrderItem
17:26:14.076 [main] DEBUG org.hibernate.boot.internal.ClassLoaderAccessImpl - Not known whether passed class name [org.codemaster.shoppingbackend.dto.OrderItem] is safe
17:26:14.076 [main] DEBUG org.hibernate.boot.internal.ClassLoaderAccessImpl - No temp ClassLoader provided; using live ClassLoader for loading potentially unsafe class : org.codemaster.shoppingbackend.dto.OrderItem
17:26:14.091 [main] DEBUG org.hibernate.boot.internal.ClassLoaderAccessImpl - Not known whether passed class name [org.codemaster.shoppingbackend.dto.Address] is safe
17:26:14.091 [main] DEBUG org.hibernate.boot.internal.ClassLoaderAccessImpl - No temp ClassLoader provided; using live ClassLoader for loading potentially unsafe class : org.codemaster.shoppingbackend.dto.Address
17:26:14.107 [main] DEBUG org.hibernate.boot.internal.ClassLoaderAccessImpl - Not known whether passed class name [org.codemaster.shoppingbackend.dto.Address] is safe
17:26:14.107 [main] DEBUG org.hibernate.boot.internal.ClassLoaderAccessImpl - No temp ClassLoader provided; using live ClassLoader for loading potentially unsafe class : org.codemaster.shoppingbackend.dto.Address
17:26:14.154 [main] DEBUG org.hibernate.boot.internal.ClassLoaderAccessImpl - Not known whether passed class name [org.codemaster.shoppingbackend.dto.Product] is safe
17:26:14.154 [main] DEBUG org.hibernate.boot.internal.ClassLoaderAccessImpl - No temp ClassLoader provided; using live ClassLoader for loading potentially unsafe class : org.codemaster.shoppingbackend.dto.Product
17:26:14.154 [main] DEBUG org.hibernate.boot.internal.ClassLoaderAccessImpl - Not known whether passed class name [org.codemaster.shoppingbackend.dto.Product] is safe
17:26:14.154 [main] DEBUG org.hibernate.boot.internal.ClassLoaderAccessImpl - No temp ClassLoader provided; using live ClassLoader for loading potentially unsafe class : org.codemaster.shoppingbackend.dto.Product
17:26:14.247 [main] DEBUG org.hibernate.persister.collection.AbstractCollectionPersister - Static SQL for collection: org.codemaster.shoppingbackend.dto.OrderDetail.orderItems
17:26:14.247 [main] DEBUG org.hibernate.persister.collection.AbstractCollectionPersister -  Row insert: update order_item set order_id=? where id=?
17:26:14.247 [main] DEBUG org.hibernate.persister.collection.AbstractCollectionPersister -  Row update: update order_item set  where id=?
17:26:14.247 [main] DEBUG org.hibernate.persister.collection.AbstractCollectionPersister -  Row delete: update order_item set order_id=null where order_id=? and id=?
17:26:14.263 [main] DEBUG org.hibernate.persister.collection.AbstractCollectionPersister -  One-shot delete: update order_item set order_id=null where order_id=?
17:26:14.285 [main] DEBUG org.hibernate.persister.entity.AbstractEntityPersister - Static SQL for entity: org.codemaster.shoppingbackend.dto.Cart
17:26:14.285 [main] DEBUG org.hibernate.persister.entity.AbstractEntityPersister -  Version select: select id from Cart where id =?
17:26:14.285 [main] DEBUG org.hibernate.persister.entity.AbstractEntityPersister -  Snapshot select: select cart_.id, cart_.cart_lines as cart_lin2_1_, cart_.grand_total as grand_to3_1_, cart_.user_id as user_id4_1_ from Cart cart_ where cart_.id=?
17:26:14.285 [main] DEBUG org.hibernate.persister.entity.AbstractEntityPersister -  Insert 0: insert into Cart (cart_lines, grand_total, user_id, id) values (?, ?, ?, ?)
17:26:14.285 [main] DEBUG org.hibernate.persister.entity.AbstractEntityPersister -  Update 0: update Cart set cart_lines=?, grand_total=?, user_id=? where id=?
17:26:14.285 [main] DEBUG org.hibernate.persister.entity.AbstractEntityPersister -  Delete 0: delete from Cart where id=?
17:26:14.285 [main] DEBUG org.hibernate.persister.entity.AbstractEntityPersister -  Identity insert: insert into Cart (id, cart_lines, grand_total, user_id) values (null, ?, ?, ?)
17:26:14.486 [main] DEBUG org.hibernate.loader.plan.build.internal.spaces.QuerySpacesImpl - Adding QuerySpace : uid = &lt;gen:0&gt; -&gt; org.hibernate.loader.plan.build.internal.spaces.EntityQuerySpaceImpl@7930ffa9]
17:26:14.493 [main] DEBUG org.hibernate.persister.walking.spi.MetamodelGraphWalker - Visiting attribute path : cartLines
17:26:14.493 [main] DEBUG org.hibernate.persister.walking.spi.MetamodelGraphWalker - Visiting attribute path : grandTotal
17:26:14.493 [main] DEBUG org.hibernate.persister.walking.spi.MetamodelGraphWalker - Visiting attribute path : user
17:26:14.508 [main] DEBUG org.hibernate.loader.plan.build.internal.spaces.QuerySpacesImpl - Adding QuerySpace : uid = &lt;gen:1&gt; -&gt; org.hibernate.loader.plan.build.internal.spaces.EntityQuerySpaceImpl@338766de]
17:26:14.508 [main] DEBUG org.hibernate.persister.walking.spi.MetamodelGraphWalker - Visiting attribute path : user.contactNumber
17:26:14.508 [main] DEBUG org.hibernate.persister.walking.spi.MetamodelGraphWalker - Visiting attribute path : user.email
17:26:14.508 [main] DEBUG org.hibernate.persister.walking.spi.MetamodelGraphWalker - Visiting attribute path : user.enabled
17:26:14.508 [main] DEBUG org.hibernate.persister.walking.spi.MetamodelGraphWalker - Visiting attribute path : user.firstName
17:26:14.524 [main] DEBUG org.hibernate.persister.walking.spi.MetamodelGraphWalker - Visiting attribute path : user.lastName
17:26:14.524 [main] DEBUG org.hibernate.persister.walking.spi.MetamodelGraphWalker - Visiting attribute path : user.password
17:26:14.524 [main] DEBUG org.hibernate.persister.walking.spi.MetamodelGraphWalker - Visiting attribute path : user.role
17:26:14.524 [main] DEBUG org.hibernate.persister.walking.spi.MetamodelGraphWalker - Visiting attribute path : user.cart
17:26:14.524 [main] DEBUG org.hibernate.persister.walking.spi.MetamodelGraphWalker - Property path deemed to be circular : user.cart
17:26:14.524 [main] DEBUG org.hibernate.loader.plan.build.internal.FetchStyleLoadPlanBuildingAssociationVisitationStrategy - Building LoadPlan...
17:26:14.602 [main] DEBUG org.hibernate.loader.plan.exec.internal.LoadQueryJoinAndFetchProcessor - processing queryspace &lt;gen:0&gt;
17:26:14.633 [main] DEBUG org.hibernate.loader.plan.build.spi.LoadPlanTreePrinter - LoadPlan(entity=org.codemaster.shoppingbackend.dto.Cart)
    - Returns
       - EntityReturnImpl(entity=org.codemaster.shoppingbackend.dto.Cart, querySpaceUid=&lt;gen:0&gt;, path=org.codemaster.shoppingbackend.dto.Cart)
          - EntityAttributeFetchImpl(entity=org.codemaster.shoppingbackend.dto.User, querySpaceUid=&lt;gen:1&gt;, path=org.codemaster.shoppingbackend.dto.Cart.user)
    - QuerySpaces
       - EntityQuerySpaceImpl(uid=&lt;gen:0&gt;, entity=org.codemaster.shoppingbackend.dto.Cart)
          - SQL table alias mapping - cart0_
          - alias suffix - 0_
          - suffixed key columns - {id1_1_0_}
          - JOIN (JoinDefinedByMetadata(user)) : &lt;gen:0&gt; -&gt; &lt;gen:1&gt;
             - EntityQuerySpaceImpl(uid=&lt;gen:1&gt;, entity=org.codemaster.shoppingbackend.dto.User)
                - SQL table alias mapping - user1_
                - alias suffix - 1_
                - suffixed key columns - {id1_7_1_}

17:26:14.633 [main] DEBUG org.hibernate.loader.entity.plan.EntityLoader - Static select for entity org.codemaster.shoppingbackend.dto.Cart [NONE]: select cart0_.id as id1_1_0_, cart0_.cart_lines as cart_lin2_1_0_, cart0_.grand_total as grand_to3_1_0_, cart0_.user_id as user_id4_1_0_, user1_.id as id1_7_1_, user1_.contact_number as contact_2_7_1_, user1_.email as email3_7_1_, user1_.enabled as enabled4_7_1_, user1_.first_name as first_na5_7_1_, user1_.last_name as last_nam6_7_1_, user1_.password as password7_7_1_, user1_.role as role8_7_1_ from Cart cart0_ left outer join user_detail user1_ on cart0_.user_id=user1_.id where cart0_.id=?
17:26:14.633 [main] DEBUG org.hibernate.loader.plan.build.internal.spaces.QuerySpacesImpl - Adding QuerySpace : uid = &lt;gen:0&gt; -&gt; org.hibernate.loader.plan.build.internal.spaces.EntityQuerySpaceImpl@63cf9de0]
17:26:14.649 [main] DEBUG org.hibernate.persister.walking.spi.MetamodelGraphWalker - Visiting attribute path : cartLines
17:26:14.649 [main] DEBUG org.hibernate.persister.walking.spi.MetamodelGraphWalker - Visiting attribute path : grandTotal
17:26:14.649 [main] DEBUG org.hibernate.persister.walking.spi.MetamodelGraphWalker - Visiting attribute path : user
17:26:14.649 [main] DEBUG org.hibernate.loader.plan.build.internal.spaces.QuerySpacesImpl - Adding QuerySpace : uid = &lt;gen:1&gt; -&gt; org.hibernate.loader.plan.build.internal.spaces.EntityQuerySpaceImpl@5befbac1]
17:26:14.649 [main] DEBUG org.hibernate.persister.walking.spi.MetamodelGraphWalker - Visiting attribute path : user.contactNumber
17:26:14.649 [main] DEBUG org.hibernate.persister.walking.spi.MetamodelGraphWalker - Visiting attribute path : user.email
17:26:14.649 [main] DEBUG org.hibernate.persister.walking.spi.MetamodelGraphWalker - Visiting attribute path : user.enabled
17:26:14.649 [main] DEBUG org.hibernate.persister.walking.spi.MetamodelGraphWalker - Visiting attribute path : user.firstName
17:26:14.649 [main] DEBUG org.hibernate.persister.walking.spi.MetamodelGraphWalker - Visiting attribute path : user.lastName
17:26:14.649 [main] DEBUG org.hibernate.persister.walking.spi.MetamodelGraphWalker - Visiting attribute path : user.password
17:26:14.649 [main] DEBUG org.hibernate.persister.walking.spi.MetamodelGraphWalker - Visiting attribute path : user.role
17:26:14.649 [main] DEBUG org.hibernate.persister.walking.spi.MetamodelGraphWalker - Visiting attribute path : user.cart
17:26:14.649 [main] DEBUG org.hibernate.persister.walking.spi.MetamodelGraphWalker - Property path deemed to be circular : user.cart
17:26:14.649 [main] DEBUG org.hibernate.loader.plan.build.internal.FetchStyleLoadPlanBuildingAssociationVisitationStrategy - Building LoadPlan...
17:26:14.649 [main] DEBUG org.hibernate.loader.plan.exec.internal.LoadQueryJoinAndFetchProcessor - processing queryspace &lt;gen:0&gt;
17:26:14.649 [main] DEBUG org.hibernate.loader.plan.build.spi.LoadPlanTreePrinter - LoadPlan(entity=org.codemaster.shoppingbackend.dto.Cart)
    - Returns
       - EntityReturnImpl(entity=org.codemaster.shoppingbackend.dto.Cart, querySpaceUid=&lt;gen:0&gt;, path=org.codemaster.shoppingbackend.dto.Cart)
          - EntityAttributeFetchImpl(entity=org.codemaster.shoppingbackend.dto.User, querySpaceUid=&lt;gen:1&gt;, path=org.codemaster.shoppingbackend.dto.Cart.user)
    - QuerySpaces
       - EntityQuerySpaceImpl(uid=&lt;gen:0&gt;, entity=org.codemaster.shoppingbackend.dto.Cart)
          - SQL table alias mapping - cart0_
          - alias suffix - 0_
          - suffixed key columns - {id1_1_0_}
          - JOIN (JoinDefinedByMetadata(user)) : &lt;gen:0&gt; -&gt; &lt;gen:1&gt;
             - EntityQuerySpaceImpl(uid=&lt;gen:1&gt;, entity=org.codemaster.shoppingbackend.dto.User)
                - SQL table alias mapping - user1_
                - alias suffix - 1_
                - suffixed key columns - {id1_7_1_}

17:26:14.649 [main] DEBUG org.hibernate.loader.entity.plan.EntityLoader - Static select for entity org.codemaster.shoppingbackend.dto.Cart [READ]: select cart0_.id as id1_1_0_, cart0_.cart_lines as cart_lin2_1_0_, cart0_.grand_total as grand_to3_1_0_, cart0_.user_id as user_id4_1_0_, user1_.id as id1_7_1_, user1_.contact_number as contact_2_7_1_, user1_.email as email3_7_1_, user1_.enabled as enabled4_7_1_, user1_.first_name as first_na5_7_1_, user1_.last_name as last_nam6_7_1_, user1_.password as password7_7_1_, user1_.role as role8_7_1_ from Cart cart0_ left outer join user_detail user1_ on cart0_.user_id=user1_.id where cart0_.id=?
17:26:14.649 [main] DEBUG org.hibernate.loader.plan.build.internal.spaces.QuerySpacesImpl - Adding QuerySpace : uid = &lt;gen:0&gt; -&gt; org.hibernate.loader.plan.build.internal.spaces.EntityQuerySpaceImpl@1a565afb]
17:26:14.649 [main] DEBUG org.hibernate.persister.walking.spi.MetamodelGraphWalker - Visiting attribute path : cartLines
17:26:14.649 [main] DEBUG org.hibernate.persister.walking.spi.MetamodelGraphWalker - Visiting attribute path : grandTotal
17:26:14.649 [main] DEBUG org.hibernate.persister.walking.spi.MetamodelGraphWalker - Visiting attribute path : user
17:26:14.649 [main] DEBUG org.hibernate.loader.plan.build.internal.spaces.QuerySpacesImpl - Adding QuerySpace : uid = &lt;gen:1&gt; -&gt; org.hibernate.loader.plan.build.internal.spaces.EntityQuerySpaceImpl@949c598]
17:26:14.649 [main] DEBUG org.hibernate.loader.plan.build.internal.FetchStyleLoadPlanBuildingAssociationVisitationStrategy - Building LoadPlan...
17:26:14.649 [main] DEBUG org.hibernate.loader.plan.exec.internal.LoadQueryJoinAndFetchProcessor - processing queryspace &lt;gen:0&gt;
17:26:14.664 [main] DEBUG org.hibernate.loader.plan.build.spi.LoadPlanTreePrinter - LoadPlan(entity=org.codemaster.shoppingbackend.dto.Cart)
    - Returns
       - EntityReturnImpl(entity=org.codemaster.shoppingbackend.dto.Cart, querySpaceUid=&lt;gen:0&gt;, path=org.codemaster.shoppingbackend.dto.Cart)
          - EntityAttributeFetchImpl(entity=org.codemaster.shoppingbackend.dto.User, querySpaceUid=&lt;gen:1&gt;, path=org.codemaster.shoppingbackend.dto.Cart.user)
    - QuerySpaces
       - EntityQuerySpaceImpl(uid=&lt;gen:0&gt;, entity=org.codemaster.shoppingbackend.dto.Cart)
          - SQL table alias mapping - cart0_
          - alias suffix - 0_
          - suffixed key columns - {id1_1_0_}

17:26:14.664 [main] DEBUG org.hibernate.loader.entity.plan.EntityLoader - Static select for entity org.codemaster.shoppingbackend.dto.Cart [UPGRADE]: select cart0_.id as id1_1_0_, cart0_.cart_lines as cart_lin2_1_0_, cart0_.grand_total as grand_to3_1_0_, cart0_.user_id as user_id4_1_0_ from Cart cart0_ where cart0_.id=? for update
17:26:14.664 [main] DEBUG org.hibernate.loader.plan.build.internal.spaces.QuerySpacesImpl - Adding QuerySpace : uid = &lt;gen:0&gt; -&gt; org.hibernate.loader.plan.build.internal.spaces.EntityQuerySpaceImpl@43d3aba5]
17:26:14.664 [main] DEBUG org.hibernate.persister.walking.spi.MetamodelGraphWalker - Visiting attribute path : cartLines
17:26:14.664 [main] DEBUG org.hibernate.persister.walking.spi.MetamodelGraphWalker - Visiting attribute path : grandTotal
17:26:14.664 [main] DEBUG org.hibernate.persister.walking.spi.MetamodelGraphWalker - Visiting attribute path : user
17:26:14.664 [main] DEBUG org.hibernate.loader.plan.build.internal.spaces.QuerySpacesImpl - Adding QuerySpace : uid = &lt;gen:1&gt; -&gt; org.hibernate.loader.plan.build.internal.spaces.EntityQuerySpaceImpl@76e9f00b]
17:26:14.664 [main] DEBUG org.hibernate.loader.plan.build.internal.FetchStyleLoadPlanBuildingAssociationVisitationStrategy - Building LoadPlan...
17:26:14.664 [main] DEBUG org.hibernate.loader.plan.exec.internal.LoadQueryJoinAndFetchProcessor - processing queryspace &lt;gen:0&gt;
17:26:14.664 [main] DEBUG org.hibernate.loader.plan.build.spi.LoadPlanTreePrinter - LoadPlan(entity=org.codemaster.shoppingbackend.dto.Cart)
    - Returns
       - EntityReturnImpl(entity=org.codemaster.shoppingbackend.dto.Cart, querySpaceUid=&lt;gen:0&gt;, path=org.codemaster.shoppingbackend.dto.Cart)
          - EntityAttributeFetchImpl(entity=org.codemaster.shoppingbackend.dto.User, querySpaceUid=&lt;gen:1&gt;, path=org.codemaster.shoppingbackend.dto.Cart.user)
    - QuerySpaces
       - EntityQuerySpaceImpl(uid=&lt;gen:0&gt;, entity=org.codemaster.shoppingbackend.dto.Cart)
          - SQL table alias mapping - cart0_
          - alias suffix - 0_
          - suffixed key columns - {id1_1_0_}

17:26:14.664 [main] DEBUG org.hibernate.loader.entity.plan.EntityLoader - Static select for entity org.codemaster.shoppingbackend.dto.Cart [UPGRADE_NOWAIT]: select cart0_.id as id1_1_0_, cart0_.cart_lines as cart_lin2_1_0_, cart0_.grand_total as grand_to3_1_0_, cart0_.user_id as user_id4_1_0_ from Cart cart0_ where cart0_.id=? for update
17:26:14.664 [main] DEBUG org.hibernate.loader.plan.build.internal.spaces.QuerySpacesImpl - Adding QuerySpace : uid = &lt;gen:0&gt; -&gt; org.hibernate.loader.plan.build.internal.spaces.EntityQuerySpaceImpl@314b9e4b]
17:26:14.664 [main] DEBUG org.hibernate.persister.walking.spi.MetamodelGraphWalker - Visiting attribute path : cartLines
17:26:14.664 [main] DEBUG org.hibernate.persister.walking.spi.MetamodelGraphWalker - Visiting attribute path : grandTotal
17:26:14.664 [main] DEBUG org.hibernate.persister.walking.spi.MetamodelGraphWalker - Visiting attribute path : user
17:26:14.664 [main] DEBUG org.hibernate.loader.plan.build.internal.spaces.QuerySpacesImpl - Adding QuerySpace : uid = &lt;gen:1&gt; -&gt; org.hibernate.loader.plan.build.internal.spaces.EntityQuerySpaceImpl@51dae791]
17:26:14.664 [main] DEBUG org.hibernate.loader.plan.build.internal.FetchStyleLoadPlanBuildingAssociationVisitationStrategy - Building LoadPlan...
17:26:14.664 [main] DEBUG org.hibernate.loader.plan.exec.internal.LoadQueryJoinAndFetchProcessor - processing queryspace &lt;gen:0&gt;
17:26:14.680 [main] DEBUG org.hibernate.loader.plan.build.spi.LoadPlanTreePrinter - LoadPlan(entity=org.codemaster.shoppingbackend.dto.Cart)
    - Returns
       - EntityReturnImpl(entity=org.codemaster.shoppingbackend.dto.Cart, querySpaceUid=&lt;gen:0&gt;, path=org.codemaster.shoppingbackend.dto.Cart)
          - EntityAttributeFetchImpl(entity=org.codemaster.shoppingbackend.dto.User, querySpaceUid=&lt;gen:1&gt;, path=org.codemaster.shoppingbackend.dto.Cart.user)
    - QuerySpaces
       - EntityQuerySpaceImpl(uid=&lt;gen:0&gt;, entity=org.codemaster.shoppingbackend.dto.Cart)
          - SQL table alias mapping - cart0_
          - alias suffix - 0_
          - suffixed key columns - {id1_1_0_}

17:26:14.680 [main] DEBUG org.hibernate.loader.entity.plan.EntityLoader - Static select for entity org.codemaster.shoppingbackend.dto.Cart [UPGRADE_SKIPLOCKED]: select cart0_.id as id1_1_0_, cart0_.cart_lines as cart_lin2_1_0_, cart0_.grand_total as grand_to3_1_0_, cart0_.user_id as user_id4_1_0_ from Cart cart0_ where cart0_.id=? for update
17:26:14.680 [main] DEBUG org.hibernate.loader.plan.build.internal.spaces.QuerySpacesImpl - Adding QuerySpace : uid = &lt;gen:0&gt; -&gt; org.hibernate.loader.plan.build.internal.spaces.EntityQuerySpaceImpl@688a2c09]
17:26:14.680 [main] DEBUG org.hibernate.persister.walking.spi.MetamodelGraphWalker - Visiting attribute path : cartLines
17:26:14.680 [main] DEBUG org.hibernate.persister.walking.spi.MetamodelGraphWalker - Visiting attribute path : grandTotal
17:26:14.680 [main] DEBUG org.hibernate.persister.walking.spi.MetamodelGraphWalker - Visiting attribute path : user
17:26:14.680 [main] DEBUG org.hibernate.loader.plan.build.internal.spaces.QuerySpacesImpl - Adding QuerySpace : uid = &lt;gen:1&gt; -&gt; org.hibernate.loader.plan.build.internal.spaces.EntityQuerySpaceImpl@365cdacf]
17:26:14.680 [main] DEBUG org.hibernate.loader.plan.build.internal.FetchStyleLoadPlanBuildingAssociationVisitationStrategy - Building LoadPlan...
17:26:14.680 [main] DEBUG org.hibernate.loader.plan.exec.internal.LoadQueryJoinAndFetchProcessor - processing queryspace &lt;gen:0&gt;
17:26:14.680 [main] DEBUG org.hibernate.loader.plan.build.spi.LoadPlanTreePrinter - LoadPlan(entity=org.codemaster.shoppingbackend.dto.Cart)
    - Returns
       - EntityReturnImpl(entity=org.codemaster.shoppingbackend.dto.Cart, querySpaceUid=&lt;gen:0&gt;, path=org.codemaster.shoppingbackend.dto.Cart)
          - EntityAttributeFetchImpl(entity=org.codemaster.shoppingbackend.dto.User, querySpaceUid=&lt;gen:1&gt;, path=org.codemaster.shoppingbackend.dto.Cart.user)
    - QuerySpaces
       - EntityQuerySpaceImpl(uid=&lt;gen:0&gt;, entity=org.codemaster.shoppingbackend.dto.Cart)
          - SQL table alias mapping - cart0_
          - alias suffix - 0_
          - suffixed key columns - {id1_1_0_}

17:26:14.680 [main] DEBUG org.hibernate.loader.entity.plan.EntityLoader - Static select for entity org.codemaster.shoppingbackend.dto.Cart [FORCE]: select cart0_.id as id1_1_0_, cart0_.cart_lines as cart_lin2_1_0_, cart0_.grand_total as grand_to3_1_0_, cart0_.user_id as user_id4_1_0_ from Cart cart0_ where cart0_.id=? for update
17:26:14.680 [main] DEBUG org.hibernate.loader.plan.build.internal.spaces.QuerySpacesImpl - Adding QuerySpace : uid = &lt;gen:0&gt; -&gt; org.hibernate.loader.plan.build.internal.spaces.EntityQuerySpaceImpl@303c55fa]
17:26:14.774 [main] DEBUG org.hibernate.persister.walking.spi.MetamodelGraphWalker - Visiting attribute path : cartLines
17:26:14.774 [main] DEBUG org.hibernate.persister.walking.spi.MetamodelGraphWalker - Visiting attribute path : grandTotal
17:26:14.774 [main] DEBUG org.hibernate.persister.walking.spi.MetamodelGraphWalker - Visiting attribute path : user
17:26:14.774 [main] DEBUG org.hibernate.loader.plan.build.internal.spaces.QuerySpacesImpl - Adding QuerySpace : uid = &lt;gen:1&gt; -&gt; org.hibernate.loader.plan.build.internal.spaces.EntityQuerySpaceImpl@7eb200ce]
17:26:14.789 [main] DEBUG org.hibernate.loader.plan.build.internal.FetchStyleLoadPlanBuildingAssociationVisitationStrategy - Building LoadPlan...
17:26:14.789 [main] DEBUG org.hibernate.loader.plan.exec.internal.LoadQueryJoinAndFetchProcessor - processing queryspace &lt;gen:0&gt;
17:26:14.789 [main] DEBUG org.hibernate.loader.plan.build.spi.LoadPlanTreePrinter - LoadPlan(entity=org.codemaster.shoppingbackend.dto.Cart)
    - Returns
       - EntityReturnImpl(entity=org.codemaster.shoppingbackend.dto.Cart, querySpaceUid=&lt;gen:0&gt;, path=org.codemaster.shoppingbackend.dto.Cart)
          - EntityAttributeFetchImpl(entity=org.codemaster.shoppingbackend.dto.User, querySpaceUid=&lt;gen:1&gt;, path=org.codemaster.shoppingbackend.dto.Cart.user)
    - QuerySpaces
       - EntityQuerySpaceImpl(uid=&lt;gen:0&gt;, entity=org.codemaster.shoppingbackend.dto.Cart)
          - SQL table alias mapping - cart0_
          - alias suffix - 0_
          - suffixed key columns - {id1_1_0_}

17:26:14.789 [main] DEBUG org.hibernate.loader.entity.plan.EntityLoader - Static select for entity org.codemaster.shoppingbackend.dto.Cart [PESSIMISTIC_READ]: select cart0_.id as id1_1_0_, cart0_.cart_lines as cart_lin2_1_0_, cart0_.grand_total as grand_to3_1_0_, cart0_.user_id as user_id4_1_0_ from Cart cart0_ where cart0_.id=? for update
17:26:14.789 [main] DEBUG org.hibernate.loader.plan.build.internal.spaces.QuerySpacesImpl - Adding QuerySpace : uid = &lt;gen:0&gt; -&gt; org.hibernate.loader.plan.build.internal.spaces.EntityQuerySpaceImpl@2ee83775]
17:26:14.789 [main] DEBUG org.hibernate.persister.walking.spi.MetamodelGraphWalker - Visiting attribute path : cartLines
17:26:14.789 [main] DEBUG org.hibernate.persister.walking.spi.MetamodelGraphWalker - Visiting attribute path : grandTotal
17:26:14.805 [main] DEBUG org.hibernate.persister.walking.spi.MetamodelGraphWalker - Visiting attribute path : user
17:26:14.805 [main] DEBUG org.hibernate.loader.plan.build.internal.spaces.QuerySpacesImpl - Adding QuerySpace : uid = &lt;gen:1&gt; -&gt; org.hibernate.loader.plan.build.internal.spaces.EntityQuerySpaceImpl@b5de58f]
17:26:14.805 [main] DEBUG org.hibernate.loader.plan.build.internal.FetchStyleLoadPlanBuildingAssociationVisitationStrategy - Building LoadPlan...
17:26:14.805 [main] DEBUG org.hibernate.loader.plan.exec.internal.LoadQueryJoinAndFetchProcessor - processing queryspace &lt;gen:0&gt;
17:26:14.821 [main] DEBUG org.hibernate.loader.plan.build.spi.LoadPlanTreePrinter - LoadPlan(entity=org.codemaster.shoppingbackend.dto.Cart)
    - Returns
       - EntityReturnImpl(entity=org.codemaster.shoppingbackend.dto.Cart, querySpaceUid=&lt;gen:0&gt;, path=org.codemaster.shoppingbackend.dto.Cart)
          - EntityAttributeFetchImpl(entity=org.codemaster.shoppingbackend.dto.User, querySpaceUid=&lt;gen:1&gt;, path=org.codemaster.shoppingbackend.dto.Cart.user)
    - QuerySpaces
       - EntityQuerySpaceImpl(uid=&lt;gen:0&gt;, entity=org.codemaster.shoppingbackend.dto.Cart)
          - SQL table alias mapping - cart0_
          - alias suffix - 0_
          - suffixed key columns - {id1_1_0_}

17:26:14.821 [main] DEBUG org.hibernate.loader.entity.plan.EntityLoader - Static select for entity org.codemaster.shoppingbackend.dto.Cart [PESSIMISTIC_WRITE]: select cart0_.id as id1_1_0_, cart0_.cart_lines as cart_lin2_1_0_, cart0_.grand_total as grand_to3_1_0_, cart0_.user_id as user_id4_1_0_ from Cart cart0_ where cart0_.id=? for update
17:26:14.821 [main] DEBUG org.hibernate.loader.plan.build.internal.spaces.QuerySpacesImpl - Adding QuerySpace : uid = &lt;gen:0&gt; -&gt; org.hibernate.loader.plan.build.internal.spaces.EntityQuerySpaceImpl@6587305a]
17:26:14.821 [main] DEBUG org.hibernate.persister.walking.spi.MetamodelGraphWalker - Visiting attribute path : cartLines
17:26:14.821 [main] DEBUG org.hibernate.persister.walking.spi.MetamodelGraphWalker - Visiting attribute path : grandTotal
17:26:14.821 [main] DEBUG org.hibernate.persister.walking.spi.MetamodelGraphWalker - Visiting attribute path : user
17:26:14.821 [main] DEBUG org.hibernate.loader.plan.build.internal.spaces.QuerySpacesImpl - Adding QuerySpace : uid = &lt;gen:1&gt; -&gt; org.hibernate.loader.plan.build.internal.spaces.EntityQuerySpaceImpl@3f81621c]
17:26:14.821 [main] DEBUG org.hibernate.loader.plan.build.internal.FetchStyleLoadPlanBuildingAssociationVisitationStrategy - Building LoadPlan...
17:26:14.821 [main] DEBUG org.hibernate.loader.plan.exec.internal.LoadQueryJoinAndFetchProcessor - processing queryspace &lt;gen:0&gt;
17:26:14.836 [main] DEBUG org.hibernate.loader.plan.build.spi.LoadPlanTreePrinter - LoadPlan(entity=org.codemaster.shoppingbackend.dto.Cart)
    - Returns
       - EntityReturnImpl(entity=org.codemaster.shoppingbackend.dto.Cart, querySpaceUid=&lt;gen:0&gt;, path=org.codemaster.shoppingbackend.dto.Cart)
          - EntityAttributeFetchImpl(entity=org.codemaster.shoppingbackend.dto.User, querySpaceUid=&lt;gen:1&gt;, path=org.codemaster.shoppingbackend.dto.Cart.user)
    - QuerySpaces
       - EntityQuerySpaceImpl(uid=&lt;gen:0&gt;, entity=org.codemaster.shoppingbackend.dto.Cart)
          - SQL table alias mapping - cart0_
          - alias suffix - 0_
          - suffixed key columns - {id1_1_0_}

17:26:14.836 [main] DEBUG org.hibernate.loader.entity.plan.EntityLoader - Static select for entity org.codemaster.shoppingbackend.dto.Cart [PESSIMISTIC_FORCE_INCREMENT]: select cart0_.id as id1_1_0_, cart0_.cart_lines as cart_lin2_1_0_, cart0_.grand_total as grand_to3_1_0_, cart0_.user_id as user_id4_1_0_ from Cart cart0_ where cart0_.id=? for update
17:26:14.836 [main] DEBUG org.hibernate.loader.plan.build.internal.spaces.QuerySpacesImpl - Adding QuerySpace : uid = &lt;gen:0&gt; -&gt; org.hibernate.loader.plan.build.internal.spaces.EntityQuerySpaceImpl@5b9499fe]
17:26:14.852 [main] DEBUG org.hibernate.persister.walking.spi.MetamodelGraphWalker - Visiting attribute path : cartLines
17:26:14.852 [main] DEBUG org.hibernate.persister.walking.spi.MetamodelGraphWalker - Visiting attribute path : grandTotal
17:26:14.852 [main] DEBUG org.hibernate.persister.walking.spi.MetamodelGraphWalker - Visiting attribute path : user
17:26:14.852 [main] DEBUG org.hibernate.loader.plan.build.internal.spaces.QuerySpacesImpl - Adding QuerySpace : uid = &lt;gen:1&gt; -&gt; org.hibernate.loader.plan.build.internal.spaces.EntityQuerySpaceImpl@52a33c3f]
17:26:14.852 [main] DEBUG org.hibernate.loader.plan.build.internal.FetchStyleLoadPlanBuildingAssociationVisitationStrategy - Building LoadPlan...
17:26:14.852 [main] DEBUG org.hibernate.loader.plan.exec.internal.LoadQueryJoinAndFetchProcessor - processing queryspace &lt;gen:0&gt;
17:26:14.852 [main] DEBUG org.hibernate.loader.plan.build.spi.LoadPlanTreePrinter - LoadPlan(entity=org.codemaster.shoppingbackend.dto.Cart)
    - Returns
       - EntityReturnImpl(entity=org.codemaster.shoppingbackend.dto.Cart, querySpaceUid=&lt;gen:0&gt;, path=org.codemaster.shoppingbackend.dto.Cart)
          - EntityAttributeFetchImpl(entity=org.codemaster.shoppingbackend.dto.User, querySpaceUid=&lt;gen:1&gt;, path=org.codemaster.shoppingbackend.dto.Cart.user)
    - QuerySpaces
       - EntityQuerySpaceImpl(uid=&lt;gen:0&gt;, entity=org.codemaster.shoppingbackend.dto.Cart)
          - SQL table alias mapping - cart0_
          - alias suffix - 0_
          - suffixed key columns - {id1_1_0_}

17:26:14.867 [main] DEBUG org.hibernate.loader.entity.plan.EntityLoader - Static select for entity org.codemaster.shoppingbackend.dto.Cart [OPTIMISTIC]: select cart0_.id as id1_1_0_, cart0_.cart_lines as cart_lin2_1_0_, cart0_.grand_total as grand_to3_1_0_, cart0_.user_id as user_id4_1_0_ from Cart cart0_ where cart0_.id=?
17:26:14.867 [main] DEBUG org.hibernate.loader.plan.build.internal.spaces.QuerySpacesImpl - Adding QuerySpace : uid = &lt;gen:0&gt; -&gt; org.hibernate.loader.plan.build.internal.spaces.EntityQuerySpaceImpl@668625f5]
17:26:14.867 [main] DEBUG org.hibernate.persister.walking.spi.MetamodelGraphWalker - Visiting attribute path : cartLines
17:26:14.867 [main] DEBUG org.hibernate.persister.walking.spi.MetamodelGraphWalker - Visiting attribute path : grandTotal
17:26:14.867 [main] DEBUG org.hibernate.persister.walking.spi.MetamodelGraphWalker - Visiting attribute path : user
17:26:14.867 [main] DEBUG org.hibernate.loader.plan.build.internal.spaces.QuerySpacesImpl - Adding QuerySpace : uid = &lt;gen:1&gt; -&gt; org.hibernate.loader.plan.build.internal.spaces.EntityQuerySpaceImpl@75babb67]
17:26:14.867 [main] DEBUG org.hibernate.loader.plan.build.internal.FetchStyleLoadPlanBuildingAssociationVisitationStrategy - Building LoadPlan...
17:26:14.867 [main] DEBUG org.hibernate.loader.plan.exec.internal.LoadQueryJoinAndFetchProcessor - processing queryspace &lt;gen:0&gt;
17:26:14.867 [main] DEBUG org.hibernate.loader.plan.build.spi.LoadPlanTreePrinter - LoadPlan(entity=org.codemaster.shoppingbackend.dto.Cart)
    - Returns
       - EntityReturnImpl(entity=org.codemaster.shoppingbackend.dto.Cart, querySpaceUid=&lt;gen:0&gt;, path=org.codemaster.shoppingbackend.dto.Cart)
          - EntityAttributeFetchImpl(entity=org.codemaster.shoppingbackend.dto.User, querySpaceUid=&lt;gen:1&gt;, path=org.codemaster.shoppingbackend.dto.Cart.user)
    - QuerySpaces
       - EntityQuerySpaceImpl(uid=&lt;gen:0&gt;, entity=org.codemaster.shoppingbackend.dto.Cart)
          - SQL table alias mapping - cart0_
          - alias suffix - 0_
          - suffixed key columns - {id1_1_0_}

17:26:14.883 [main] DEBUG org.hibernate.loader.entity.plan.EntityLoader - Static select for entity org.codemaster.shoppingbackend.dto.Cart [OPTIMISTIC_FORCE_INCREMENT]: select cart0_.id as id1_1_0_, cart0_.cart_lines as cart_lin2_1_0_, cart0_.grand_total as grand_to3_1_0_, cart0_.user_id as user_id4_1_0_ from Cart cart0_ where cart0_.id=?
17:26:15.039 [main] DEBUG org.hibernate.loader.Loader - Static select for action ACTION_MERGE on entity org.codemaster.shoppingbackend.dto.Cart: select cart0_.id as id1_1_0_, cart0_.cart_lines as cart_lin2_1_0_, cart0_.grand_total as grand_to3_1_0_, cart0_.user_id as user_id4_1_0_ from Cart cart0_ where cart0_.id=?
17:26:15.055 [main] DEBUG org.hibernate.loader.Loader - Static select for action ACTION_REFRESH on entity org.codemaster.shoppingbackend.dto.Cart: select cart0_.id as id1_1_0_, cart0_.cart_lines as cart_lin2_1_0_, cart0_.grand_total as grand_to3_1_0_, cart0_.user_id as user_id4_1_0_ from Cart cart0_ where cart0_.id=?
17:26:15.071 [main] DEBUG org.hibernate.loader.Loader - Static select for entity org.codemaster.shoppingbackend.dto.Cart [NONE]: select cart0_.id as id1_1_1_, cart0_.cart_lines as cart_lin2_1_1_, cart0_.grand_total as grand_to3_1_1_, cart0_.user_id as user_id4_1_1_, user1_.id as id1_7_0_, user1_.contact_number as contact_2_7_0_, user1_.email as email3_7_0_, user1_.enabled as enabled4_7_0_, user1_.first_name as first_na5_7_0_, user1_.last_name as last_nam6_7_0_, user1_.password as password7_7_0_, user1_.role as role8_7_0_ from Cart cart0_ left outer join user_detail user1_ on cart0_.user_id=user1_.id where cart0_.user_id=?
17:26:15.071 [main] DEBUG org.hibernate.persister.entity.AbstractEntityPersister - Static SQL for entity: org.codemaster.shoppingbackend.dto.Category
17:26:15.071 [main] DEBUG org.hibernate.persister.entity.AbstractEntityPersister -  Version select: select id from Category where id =?
17:26:15.071 [main] DEBUG org.hibernate.persister.entity.AbstractEntityPersister -  Snapshot select: select category_.id, category_.is_active as is_activ2_3_, category_.description as descript3_3_, category_.image_url as image_ur4_3_, category_.name as name5_3_ from Category category_ where category_.id=?
17:26:15.071 [main] DEBUG org.hibernate.persister.entity.AbstractEntityPersister -  Insert 0: insert into Category (is_active, description, image_url, name, id) values (?, ?, ?, ?, ?)
17:26:15.071 [main] DEBUG org.hibernate.persister.entity.AbstractEntityPersister -  Update 0: update Category set is_active=?, description=?, image_url=?, name=? where id=?
17:26:15.071 [main] DEBUG org.hibernate.persister.entity.AbstractEntityPersister -  Delete 0: delete from Category where id=?
17:26:15.071 [main] DEBUG org.hibernate.persister.entity.AbstractEntityPersister -  Identity insert: insert into Category (id, is_active, description, image_url, name) values (null, ?, ?, ?, ?)
17:26:15.071 [main] DEBUG org.hibernate.loader.plan.build.internal.spaces.QuerySpacesImpl - Adding QuerySpace : uid = &lt;gen:0&gt; -&gt; org.hibernate.loader.plan.build.internal.spaces.EntityQuerySpaceImpl@1d901f20]
17:26:15.149 [main] DEBUG org.hibernate.persister.walking.spi.MetamodelGraphWalker - Visiting attribute path : active
17:26:15.149 [main] DEBUG org.hibernate.persister.walking.spi.MetamodelGraphWalker - Visiting attribute path : description
17:26:15.164 [main] DEBUG org.hibernate.persister.walking.spi.MetamodelGraphWalker - Visiting attribute path : imageURL
17:26:15.164 [main] DEBUG org.hibernate.persister.walking.spi.MetamodelGraphWalker - Visiting attribute path : name
17:26:15.164 [main] DEBUG org.hibernate.loader.plan.build.internal.FetchStyleLoadPlanBuildingAssociationVisitationStrategy - Building LoadPlan...
17:26:15.164 [main] DEBUG org.hibernate.loader.plan.exec.internal.LoadQueryJoinAndFetchProcessor - processing queryspace &lt;gen:0&gt;
17:26:15.164 [main] DEBUG org.hibernate.loader.plan.build.spi.LoadPlanTreePrinter - LoadPlan(entity=org.codemaster.shoppingbackend.dto.Category)
    - Returns
       - EntityReturnImpl(entity=org.codemaster.shoppingbackend.dto.Category, querySpaceUid=&lt;gen:0&gt;, path=org.codemaster.shoppingbackend.dto.Category)
    - QuerySpaces
       - EntityQuerySpaceImpl(uid=&lt;gen:0&gt;, entity=org.codemaster.shoppingbackend.dto.Category)
          - SQL table alias mapping - category0_
          - alias suffix - 0_
          - suffixed key columns - {id1_3_0_}

17:26:15.164 [main] DEBUG org.hibernate.loader.entity.plan.EntityLoader - Static select for entity org.codemaster.shoppingbackend.dto.Category [NONE]: select category0_.id as id1_3_0_, category0_.is_active as is_activ2_3_0_, category0_.description as descript3_3_0_, category0_.image_url as image_ur4_3_0_, category0_.name as name5_3_0_ from Category category0_ where category0_.id=?
17:26:15.164 [main] DEBUG org.hibernate.loader.plan.build.internal.spaces.QuerySpacesImpl - Adding QuerySpace : uid = &lt;gen:0&gt; -&gt; org.hibernate.loader.plan.build.internal.spaces.EntityQuerySpaceImpl@1015a4b9]
17:26:15.164 [main] DEBUG org.hibernate.persister.walking.spi.MetamodelGraphWalker - Visiting attribute path : active
17:26:15.164 [main] DEBUG org.hibernate.persister.walking.spi.MetamodelGraphWalker - Visiting attribute path : description
17:26:15.164 [main] DEBUG org.hibernate.persister.walking.spi.MetamodelGraphWalker - Visiting attribute path : imageURL
17:26:15.164 [main] DEBUG org.hibernate.persister.walking.spi.MetamodelGraphWalker - Visiting attribute path : name
17:26:15.164 [main] DEBUG org.hibernate.loader.plan.build.internal.FetchStyleLoadPlanBuildingAssociationVisitationStrategy - Building LoadPlan...
17:26:15.180 [main] DEBUG org.hibernate.loader.plan.exec.internal.LoadQueryJoinAndFetchProcessor - processing queryspace &lt;gen:0&gt;
17:26:15.180 [main] DEBUG org.hibernate.loader.plan.build.spi.LoadPlanTreePrinter - LoadPlan(entity=org.codemaster.shoppingbackend.dto.Category)
    - Returns
       - EntityReturnImpl(entity=org.codemaster.shoppingbackend.dto.Category, querySpaceUid=&lt;gen:0&gt;, path=org.codemaster.shoppingbackend.dto.Category)
    - QuerySpaces
       - EntityQuerySpaceImpl(uid=&lt;gen:0&gt;, entity=org.codemaster.shoppingbackend.dto.Category)
          - SQL table alias mapping - category0_
          - alias suffix - 0_
          - suffixed key columns - {id1_3_0_}

17:26:15.180 [main] DEBUG org.hibernate.loader.entity.plan.EntityLoader - Static select for entity org.codemaster.shoppingbackend.dto.Category [READ]: select category0_.id as id1_3_0_, category0_.is_active as is_activ2_3_0_, category0_.description as descript3_3_0_, category0_.image_url as image_ur4_3_0_, category0_.name as name5_3_0_ from Category category0_ where category0_.id=?
17:26:15.180 [main] DEBUG org.hibernate.loader.plan.build.internal.spaces.QuerySpacesImpl - Adding QuerySpace : uid = &lt;gen:0&gt; -&gt; org.hibernate.loader.plan.build.internal.spaces.EntityQuerySpaceImpl@7bf01cb]
17:26:15.180 [main] DEBUG org.hibernate.persister.walking.spi.MetamodelGraphWalker - Visiting attribute path : active
17:26:15.180 [main] DEBUG org.hibernate.persister.walking.spi.MetamodelGraphWalker - Visiting attribute path : description
17:26:15.180 [main] DEBUG org.hibernate.persister.walking.spi.MetamodelGraphWalker - Visiting attribute path : imageURL
17:26:15.180 [main] DEBUG org.hibernate.persister.walking.spi.MetamodelGraphWalker - Visiting attribute path : name
17:26:15.180 [main] DEBUG org.hibernate.loader.plan.build.internal.FetchStyleLoadPlanBuildingAssociationVisitationStrategy - Building LoadPlan...
17:26:15.180 [main] DEBUG org.hibernate.loader.plan.exec.internal.LoadQueryJoinAndFetchProcessor - processing queryspace &lt;gen:0&gt;
17:26:15.180 [main] DEBUG org.hibernate.loader.plan.build.spi.LoadPlanTreePrinter - LoadPlan(entity=org.codemaster.shoppingbackend.dto.Category)
    - Returns
       - EntityReturnImpl(entity=org.codemaster.shoppingbackend.dto.Category, querySpaceUid=&lt;gen:0&gt;, path=org.codemaster.shoppingbackend.dto.Category)
    - QuerySpaces
       - EntityQuerySpaceImpl(uid=&lt;gen:0&gt;, entity=org.codemaster.shoppingbackend.dto.Category)
          - SQL table alias mapping - category0_
          - alias suffix - 0_
          - suffixed key columns - {id1_3_0_}

17:26:15.180 [main] DEBUG org.hibernate.loader.entity.plan.EntityLoader - Static select for entity org.codemaster.shoppingbackend.dto.Category [UPGRADE]: select category0_.id as id1_3_0_, category0_.is_active as is_activ2_3_0_, category0_.description as descript3_3_0_, category0_.image_url as image_ur4_3_0_, category0_.name as name5_3_0_ from Category category0_ where category0_.id=? for update
17:26:15.180 [main] DEBUG org.hibernate.loader.plan.build.internal.spaces.QuerySpacesImpl - Adding QuerySpace : uid = &lt;gen:0&gt; -&gt; org.hibernate.loader.plan.build.internal.spaces.EntityQuerySpaceImpl@12b5736c]
17:26:15.180 [main] DEBUG org.hibernate.persister.walking.spi.MetamodelGraphWalker - Visiting attribute path : active
17:26:15.180 [main] DEBUG org.hibernate.persister.walking.spi.MetamodelGraphWalker - Visiting attribute path : description
17:26:15.180 [main] DEBUG org.hibernate.persister.walking.spi.MetamodelGraphWalker - Visiting attribute path : imageURL
17:26:15.196 [main] DEBUG org.hibernate.persister.walking.spi.MetamodelGraphWalker - Visiting attribute path : name
17:26:15.196 [main] DEBUG org.hibernate.loader.plan.build.internal.FetchStyleLoadPlanBuildingAssociationVisitationStrategy - Building LoadPlan...
17:26:15.196 [main] DEBUG org.hibernate.loader.plan.exec.internal.LoadQueryJoinAndFetchProcessor - processing queryspace &lt;gen:0&gt;
17:26:15.196 [main] DEBUG org.hibernate.loader.plan.build.spi.LoadPlanTreePrinter - LoadPlan(entity=org.codemaster.shoppingbackend.dto.Category)
    - Returns
       - EntityReturnImpl(entity=org.codemaster.shoppingbackend.dto.Category, querySpaceUid=&lt;gen:0&gt;, path=org.codemaster.shoppingbackend.dto.Category)
    - QuerySpaces
       - EntityQuerySpaceImpl(uid=&lt;gen:0&gt;, entity=org.codemaster.shoppingbackend.dto.Category)
          - SQL table alias mapping - category0_
          - alias suffix - 0_
          - suffixed key columns - {id1_3_0_}

17:26:15.196 [main] DEBUG org.hibernate.loader.entity.plan.EntityLoader - Static select for entity org.codemaster.shoppingbackend.dto.Category [UPGRADE_NOWAIT]: select category0_.id as id1_3_0_, category0_.is_active as is_activ2_3_0_, category0_.description as descript3_3_0_, category0_.image_url as image_ur4_3_0_, category0_.name as name5_3_0_ from Category category0_ where category0_.id=? for update
17:26:15.196 [main] DEBUG org.hibernate.loader.plan.build.internal.spaces.QuerySpacesImpl - Adding QuerySpace : uid = &lt;gen:0&gt; -&gt; org.hibernate.loader.plan.build.internal.spaces.EntityQuerySpaceImpl@2cd4e16a]
17:26:15.196 [main] DEBUG org.hibernate.persister.walking.spi.MetamodelGraphWalker - Visiting attribute path : active
17:26:15.196 [main] DEBUG org.hibernate.persister.walking.spi.MetamodelGraphWalker - Visiting attribute path : description
17:26:15.211 [main] DEBUG org.hibernate.persister.walking.spi.MetamodelGraphWalker - Visiting attribute path : imageURL
17:26:15.211 [main] DEBUG org.hibernate.persister.walking.spi.MetamodelGraphWalker - Visiting attribute path : name
17:26:15.211 [main] DEBUG org.hibernate.loader.plan.build.internal.FetchStyleLoadPlanBuildingAssociationVisitationStrategy - Building LoadPlan...
17:26:15.211 [main] DEBUG org.hibernate.loader.plan.exec.internal.LoadQueryJoinAndFetchProcessor - processing queryspace &lt;gen:0&gt;
17:26:15.211 [main] DEBUG org.hibernate.loader.plan.build.spi.LoadPlanTreePrinter - LoadPlan(entity=org.codemaster.shoppingbackend.dto.Category)
    - Returns
       - EntityReturnImpl(entity=org.codemaster.shoppingbackend.dto.Category, querySpaceUid=&lt;gen:0&gt;, path=org.codemaster.shoppingbackend.dto.Category)
    - QuerySpaces
       - EntityQuerySpaceImpl(uid=&lt;gen:0&gt;, entity=org.codemaster.shoppingbackend.dto.Category)
          - SQL table alias mapping - category0_
          - alias suffix - 0_
          - suffixed key columns - {id1_3_0_}

17:26:15.211 [main] DEBUG org.hibernate.loader.entity.plan.EntityLoader - Static select for entity org.codemaster.shoppingbackend.dto.Category [UPGRADE_SKIPLOCKED]: select category0_.id as id1_3_0_, category0_.is_active as is_activ2_3_0_, category0_.description as descript3_3_0_, category0_.image_url as image_ur4_3_0_, category0_.name as name5_3_0_ from Category category0_ where category0_.id=? for update
17:26:15.227 [main] DEBUG org.hibernate.loader.plan.build.internal.spaces.QuerySpacesImpl - Adding QuerySpace : uid = &lt;gen:0&gt; -&gt; org.hibernate.loader.plan.build.internal.spaces.EntityQuerySpaceImpl@7b477141]
17:26:15.227 [main] DEBUG org.hibernate.persister.walking.spi.MetamodelGraphWalker - Visiting attribute path : active
17:26:15.227 [main] DEBUG org.hibernate.persister.walking.spi.MetamodelGraphWalker - Visiting attribute path : description
17:26:15.227 [main] DEBUG org.hibernate.persister.walking.spi.MetamodelGraphWalker - Visiting attribute path : imageURL
17:26:15.227 [main] DEBUG org.hibernate.persister.walking.spi.MetamodelGraphWalker - Visiting attribute path : name
17:26:15.227 [main] DEBUG org.hibernate.loader.plan.build.internal.FetchStyleLoadPlanBuildingAssociationVisitationStrategy - Building LoadPlan...
17:26:15.227 [main] DEBUG org.hibernate.loader.plan.exec.internal.LoadQueryJoinAndFetchProcessor - processing queryspace &lt;gen:0&gt;
17:26:15.242 [main] DEBUG org.hibernate.loader.plan.build.spi.LoadPlanTreePrinter - LoadPlan(entity=org.codemaster.shoppingbackend.dto.Category)
    - Returns
       - EntityReturnImpl(entity=org.codemaster.shoppingbackend.dto.Category, querySpaceUid=&lt;gen:0&gt;, path=org.codemaster.shoppingbackend.dto.Category)
    - QuerySpaces
       - EntityQuerySpaceImpl(uid=&lt;gen:0&gt;, entity=org.codemaster.shoppingbackend.dto.Category)
          - SQL table alias mapping - category0_
          - alias suffix - 0_
          - suffixed key columns - {id1_3_0_}

17:26:15.242 [main] DEBUG org.hibernate.loader.entity.plan.EntityLoader - Static select for entity org.codemaster.shoppingbackend.dto.Category [FORCE]: select category0_.id as id1_3_0_, category0_.is_active as is_activ2_3_0_, category0_.description as descript3_3_0_, category0_.image_url as image_ur4_3_0_, category0_.name as name5_3_0_ from Category category0_ where category0_.id=? for update
17:26:15.242 [main] DEBUG org.hibernate.loader.plan.build.internal.spaces.QuerySpacesImpl - Adding QuerySpace : uid = &lt;gen:0&gt; -&gt; org.hibernate.loader.plan.build.internal.spaces.EntityQuerySpaceImpl@7316523a]
17:26:15.242 [main] DEBUG org.hibernate.persister.walking.spi.MetamodelGraphWalker - Visiting attribute path : active
17:26:15.258 [main] DEBUG org.hibernate.persister.walking.spi.MetamodelGraphWalker - Visiting attribute path : description
17:26:15.265 [main] DEBUG org.hibernate.persister.walking.spi.MetamodelGraphWalker - Visiting attribute path : imageURL
17:26:15.265 [main] DEBUG org.hibernate.persister.walking.spi.MetamodelGraphWalker - Visiting attribute path : name
17:26:15.265 [main] DEBUG org.hibernate.loader.plan.build.internal.FetchStyleLoadPlanBuildingAssociationVisitationStrategy - Building LoadPlan...
17:26:15.281 [main] DEBUG org.hibernate.loader.plan.exec.internal.LoadQueryJoinAndFetchProcessor - processing queryspace &lt;gen:0&gt;
17:26:15.281 [main] DEBUG org.hibernate.loader.plan.build.spi.LoadPlanTreePrinter - LoadPlan(entity=org.codemaster.shoppingbackend.dto.Category)
    - Returns
       - EntityReturnImpl(entity=org.codemaster.shoppingbackend.dto.Category, querySpaceUid=&lt;gen:0&gt;, path=org.codemaster.shoppingbackend.dto.Category)
    - QuerySpaces
       - EntityQuerySpaceImpl(uid=&lt;gen:0&gt;, entity=org.codemaster.shoppingbackend.dto.Category)
          - SQL table alias mapping - category0_
          - alias suffix - 0_
          - suffixed key columns - {id1_3_0_}

17:26:15.281 [main] DEBUG org.hibernate.loader.entity.plan.EntityLoader - Static select for entity org.codemaster.shoppingbackend.dto.Category [PESSIMISTIC_READ]: select category0_.id as id1_3_0_, category0_.is_active as is_activ2_3_0_, category0_.description as descript3_3_0_, category0_.image_url as image_ur4_3_0_, category0_.name as name5_3_0_ from Category category0_ where category0_.id=? for update
17:26:15.281 [main] DEBUG org.hibernate.loader.plan.build.internal.spaces.QuerySpacesImpl - Adding QuerySpace : uid = &lt;gen:0&gt; -&gt; org.hibernate.loader.plan.build.internal.spaces.EntityQuerySpaceImpl@73a8e994]
17:26:15.281 [main] DEBUG org.hibernate.persister.walking.spi.MetamodelGraphWalker - Visiting attribute path : active
17:26:15.281 [main] DEBUG org.hibernate.persister.walking.spi.MetamodelGraphWalker - Visiting attribute path : description
17:26:15.281 [main] DEBUG org.hibernate.persister.walking.spi.MetamodelGraphWalker - Visiting attribute path : imageURL
17:26:15.281 [main] DEBUG org.hibernate.persister.walking.spi.MetamodelGraphWalker - Visiting attribute path : name
17:26:15.281 [main] DEBUG org.hibernate.loader.plan.build.internal.FetchStyleLoadPlanBuildingAssociationVisitationStrategy - Building LoadPlan...
17:26:15.312 [main] DEBUG org.hibernate.loader.plan.exec.internal.LoadQueryJoinAndFetchProcessor - processing queryspace &lt;gen:0&gt;
17:26:15.343 [main] DEBUG org.hibernate.loader.plan.build.spi.LoadPlanTreePrinter - LoadPlan(entity=org.codemaster.shoppingbackend.dto.Category)
    - Returns
       - EntityReturnImpl(entity=org.codemaster.shoppingbackend.dto.Category, querySpaceUid=&lt;gen:0&gt;, path=org.codemaster.shoppingbackend.dto.Category)
    - QuerySpaces
       - EntityQuerySpaceImpl(uid=&lt;gen:0&gt;, entity=org.codemaster.shoppingbackend.dto.Category)
          - SQL table alias mapping - category0_
          - alias suffix - 0_
          - suffixed key columns - {id1_3_0_}

17:26:15.343 [main] DEBUG org.hibernate.loader.entity.plan.EntityLoader - Static select for entity org.codemaster.shoppingbackend.dto.Category [PESSIMISTIC_WRITE]: select category0_.id as id1_3_0_, category0_.is_active as is_activ2_3_0_, category0_.description as descript3_3_0_, category0_.image_url as image_ur4_3_0_, category0_.name as name5_3_0_ from Category category0_ where category0_.id=? for update
17:26:15.343 [main] DEBUG org.hibernate.loader.plan.build.internal.spaces.QuerySpacesImpl - Adding QuerySpace : uid = &lt;gen:0&gt; -&gt; org.hibernate.loader.plan.build.internal.spaces.EntityQuerySpaceImpl@5b5ac798]
17:26:15.359 [main] DEBUG org.hibernate.persister.walking.spi.MetamodelGraphWalker - Visiting attribute path : active
17:26:15.359 [main] DEBUG org.hibernate.persister.walking.spi.MetamodelGraphWalker - Visiting attribute path : description
17:26:15.359 [main] DEBUG org.hibernate.persister.walking.spi.MetamodelGraphWalker - Visiting attribute path : imageURL
17:26:15.359 [main] DEBUG org.hibernate.persister.walking.spi.MetamodelGraphWalker - Visiting attribute path : name
17:26:15.359 [main] DEBUG org.hibernate.loader.plan.build.internal.FetchStyleLoadPlanBuildingAssociationVisitationStrategy - Building LoadPlan...
17:26:15.375 [main] DEBUG org.hibernate.loader.plan.exec.internal.LoadQueryJoinAndFetchProcessor - processing queryspace &lt;gen:0&gt;
17:26:15.375 [main] DEBUG org.hibernate.loader.plan.build.spi.LoadPlanTreePrinter - LoadPlan(entity=org.codemaster.shoppingbackend.dto.Category)
    - Returns
       - EntityReturnImpl(entity=org.codemaster.shoppingbackend.dto.Category, querySpaceUid=&lt;gen:0&gt;, path=org.codemaster.shoppingbackend.dto.Category)
    - QuerySpaces
       - EntityQuerySpaceImpl(uid=&lt;gen:0&gt;, entity=org.codemaster.shoppingbackend.dto.Category)
          - SQL table alias mapping - category0_
          - alias suffix - 0_
          - suffixed key columns - {id1_3_0_}

17:26:15.375 [main] DEBUG org.hibernate.loader.entity.plan.EntityLoader - Static select for entity org.codemaster.shoppingbackend.dto.Category [PESSIMISTIC_FORCE_INCREMENT]: select category0_.id as id1_3_0_, category0_.is_active as is_activ2_3_0_, category0_.description as descript3_3_0_, category0_.image_url as image_ur4_3_0_, category0_.name as name5_3_0_ from Category category0_ where category0_.id=? for update
17:26:15.375 [main] DEBUG org.hibernate.loader.plan.build.internal.spaces.QuerySpacesImpl - Adding QuerySpace : uid = &lt;gen:0&gt; -&gt; org.hibernate.loader.plan.build.internal.spaces.EntityQuerySpaceImpl@7668892a]
17:26:15.375 [main] DEBUG org.hibernate.persister.walking.spi.MetamodelGraphWalker - Visiting attribute path : active
17:26:15.375 [main] DEBUG org.hibernate.persister.walking.spi.MetamodelGraphWalker - Visiting attribute path : description
17:26:15.390 [main] DEBUG org.hibernate.persister.walking.spi.MetamodelGraphWalker - Visiting attribute path : imageURL
17:26:15.390 [main] DEBUG org.hibernate.persister.walking.spi.MetamodelGraphWalker - Visiting attribute path : name
17:26:15.390 [main] DEBUG org.hibernate.loader.plan.build.internal.FetchStyleLoadPlanBuildingAssociationVisitationStrategy - Building LoadPlan...
17:26:15.390 [main] DEBUG org.hibernate.loader.plan.exec.internal.LoadQueryJoinAndFetchProcessor - processing queryspace &lt;gen:0&gt;
17:26:15.406 [main] DEBUG org.hibernate.loader.plan.build.spi.LoadPlanTreePrinter - LoadPlan(entity=org.codemaster.shoppingbackend.dto.Category)
    - Returns
       - EntityReturnImpl(entity=org.codemaster.shoppingbackend.dto.Category, querySpaceUid=&lt;gen:0&gt;, path=org.codemaster.shoppingbackend.dto.Category)
    - QuerySpaces
       - EntityQuerySpaceImpl(uid=&lt;gen:0&gt;, entity=org.codemaster.shoppingbackend.dto.Category)
          - SQL table alias mapping - category0_
          - alias suffix - 0_
          - suffixed key columns - {id1_3_0_}

17:26:15.437 [main] DEBUG org.hibernate.loader.entity.plan.EntityLoader - Static select for entity org.codemaster.shoppingbackend.dto.Category [OPTIMISTIC]: select category0_.id as id1_3_0_, category0_.is_active as is_activ2_3_0_, category0_.description as descript3_3_0_, category0_.image_url as image_ur4_3_0_, category0_.name as name5_3_0_ from Category category0_ where category0_.id=?
17:26:15.437 [main] DEBUG org.hibernate.loader.plan.build.internal.spaces.QuerySpacesImpl - Adding QuerySpace : uid = &lt;gen:0&gt; -&gt; org.hibernate.loader.plan.build.internal.spaces.EntityQuerySpaceImpl@7e83992]
17:26:15.453 [main] DEBUG org.hibernate.persister.walking.spi.MetamodelGraphWalker - Visiting attribute path : active
17:26:15.453 [main] DEBUG org.hibernate.persister.walking.spi.MetamodelGraphWalker - Visiting attribute path : description
17:26:15.453 [main] DEBUG org.hibernate.persister.walking.spi.MetamodelGraphWalker - Visiting attribute path : imageURL
17:26:15.453 [main] DEBUG org.hibernate.persister.walking.spi.MetamodelGraphWalker - Visiting attribute path : name
17:26:15.453 [main] DEBUG org.hibernate.loader.plan.build.internal.FetchStyleLoadPlanBuildingAssociationVisitationStrategy - Building LoadPlan...
17:26:15.453 [main] DEBUG org.hibernate.loader.plan.exec.internal.LoadQueryJoinAndFetchProcessor - processing queryspace &lt;gen:0&gt;
17:26:15.453 [main] DEBUG org.hibernate.loader.plan.build.spi.LoadPlanTreePrinter - LoadPlan(entity=org.codemaster.shoppingbackend.dto.Category)
    - Returns
       - EntityReturnImpl(entity=org.codemaster.shoppingbackend.dto.Category, querySpaceUid=&lt;gen:0&gt;, path=org.codemaster.shoppingbackend.dto.Category)
    - QuerySpaces
       - EntityQuerySpaceImpl(uid=&lt;gen:0&gt;, entity=org.codemaster.shoppingbackend.dto.Category)
          - SQL table alias mapping - category0_
          - alias suffix - 0_
          - suffixed key columns - {id1_3_0_}

17:26:15.453 [main] DEBUG org.hibernate.loader.entity.plan.EntityLoader - Static select for entity org.codemaster.shoppingbackend.dto.Category [OPTIMISTIC_FORCE_INCREMENT]: select category0_.id as id1_3_0_, category0_.is_active as is_activ2_3_0_, category0_.description as descript3_3_0_, category0_.image_url as image_ur4_3_0_, category0_.name as name5_3_0_ from Category category0_ where category0_.id=?
17:26:15.468 [main] DEBUG org.hibernate.loader.Loader - Static select for action ACTION_MERGE on entity org.codemaster.shoppingbackend.dto.Category: select category0_.id as id1_3_0_, category0_.is_active as is_activ2_3_0_, category0_.description as descript3_3_0_, category0_.image_url as image_ur4_3_0_, category0_.name as name5_3_0_ from Category category0_ where category0_.id=?
17:26:15.468 [main] DEBUG org.hibernate.loader.Loader - Static select for action ACTION_REFRESH on entity org.codemaster.shoppingbackend.dto.Category: select category0_.id as id1_3_0_, category0_.is_active as is_activ2_3_0_, category0_.description as descript3_3_0_, category0_.image_url as image_ur4_3_0_, category0_.name as name5_3_0_ from Category category0_ where category0_.id=?
17:26:15.468 [main] DEBUG org.hibernate.persister.entity.AbstractEntityPersister - Static SQL for entity: org.codemaster.shoppingbackend.dto.User
17:26:15.468 [main] DEBUG org.hibernate.persister.entity.AbstractEntityPersister -  Version select: select id from user_detail where id =?
17:26:15.468 [main] DEBUG org.hibernate.persister.entity.AbstractEntityPersister -  Snapshot select: select user_.id, user_.contact_number as contact_2_7_, user_.email as email3_7_, user_.enabled as enabled4_7_, user_.first_name as first_na5_7_, user_.last_name as last_nam6_7_, user_.password as password7_7_, user_.role as role8_7_ from user_detail user_ where user_.id=?
17:26:15.468 [main] DEBUG org.hibernate.persister.entity.AbstractEntityPersister -  Insert 0: insert into user_detail (contact_number, email, enabled, first_name, last_name, password, role, id) values (?, ?, ?, ?, ?, ?, ?, ?)
17:26:15.564 [main] DEBUG org.hibernate.persister.entity.AbstractEntityPersister -  Update 0: update user_detail set contact_number=?, email=?, enabled=?, first_name=?, last_name=?, password=?, role=? where id=?
17:26:15.564 [main] DEBUG org.hibernate.persister.entity.AbstractEntityPersister -  Delete 0: delete from user_detail where id=?
17:26:15.565 [main] DEBUG org.hibernate.persister.entity.AbstractEntityPersister -  Identity insert: insert into user_detail (id, contact_number, email, enabled, first_name, last_name, password, role) values (null, ?, ?, ?, ?, ?, ?, ?)
17:26:15.565 [main] DEBUG org.hibernate.loader.plan.build.internal.spaces.QuerySpacesImpl - Adding QuerySpace : uid = &lt;gen:0&gt; -&gt; org.hibernate.loader.plan.build.internal.spaces.EntityQuerySpaceImpl@3625a016]
17:26:15.565 [main] DEBUG org.hibernate.persister.walking.spi.MetamodelGraphWalker - Visiting attribute path : contactNumber
17:26:15.565 [main] DEBUG org.hibernate.persister.walking.spi.MetamodelGraphWalker - Visiting attribute path : email
17:26:15.565 [main] DEBUG org.hibernate.persister.walking.spi.MetamodelGraphWalker - Visiting attribute path : enabled
17:26:15.565 [main] DEBUG org.hibernate.persister.walking.spi.MetamodelGraphWalker - Visiting attribute path : firstName
17:26:15.565 [main] DEBUG org.hibernate.persister.walking.spi.MetamodelGraphWalker - Visiting attribute path : lastName
17:26:15.565 [main] DEBUG org.hibernate.persister.walking.spi.MetamodelGraphWalker - Visiting attribute path : password
17:26:15.565 [main] DEBUG org.hibernate.persister.walking.spi.MetamodelGraphWalker - Visiting attribute path : role
17:26:15.565 [main] DEBUG org.hibernate.persister.walking.spi.MetamodelGraphWalker - Visiting attribute path : cart
17:26:15.565 [main] DEBUG org.hibernate.loader.plan.build.internal.spaces.QuerySpacesImpl - Adding QuerySpace : uid = &lt;gen:1&gt; -&gt; org.hibernate.loader.plan.build.internal.spaces.EntityQuerySpaceImpl@609e57da]
17:26:15.581 [main] DEBUG org.hibernate.persister.walking.spi.MetamodelGraphWalker - Visiting attribute path : cart.cartLines
17:26:15.581 [main] DEBUG org.hibernate.persister.walking.spi.MetamodelGraphWalker - Visiting attribute path : cart.grandTotal
17:26:15.581 [main] DEBUG org.hibernate.persister.walking.spi.MetamodelGraphWalker - Visiting attribute path : cart.user
17:26:15.581 [main] DEBUG org.hibernate.persister.walking.spi.MetamodelGraphWalker - Property path deemed to be circular : cart.user
17:26:15.581 [main] DEBUG org.hibernate.loader.plan.build.internal.FetchStyleLoadPlanBuildingAssociationVisitationStrategy - Building LoadPlan...
17:26:15.581 [main] DEBUG org.hibernate.loader.plan.exec.internal.LoadQueryJoinAndFetchProcessor - processing queryspace &lt;gen:0&gt;
17:26:15.581 [main] DEBUG org.hibernate.loader.plan.build.spi.LoadPlanTreePrinter - LoadPlan(entity=org.codemaster.shoppingbackend.dto.User)
    - Returns
       - EntityReturnImpl(entity=org.codemaster.shoppingbackend.dto.User, querySpaceUid=&lt;gen:0&gt;, path=org.codemaster.shoppingbackend.dto.User)
          - EntityAttributeFetchImpl(entity=org.codemaster.shoppingbackend.dto.Cart, querySpaceUid=&lt;gen:1&gt;, path=org.codemaster.shoppingbackend.dto.User.cart)
    - QuerySpaces
       - EntityQuerySpaceImpl(uid=&lt;gen:0&gt;, entity=org.codemaster.shoppingbackend.dto.User)
          - SQL table alias mapping - user0_
          - alias suffix - 0_
          - suffixed key columns - {id1_7_0_}
          - JOIN (JoinDefinedByMetadata(cart)) : &lt;gen:0&gt; -&gt; &lt;gen:1&gt;
             - EntityQuerySpaceImpl(uid=&lt;gen:1&gt;, entity=org.codemaster.shoppingbackend.dto.Cart)
                - SQL table alias mapping - cart1_
                - alias suffix - 1_
                - suffixed key columns - {id1_1_1_}

17:26:15.581 [main] DEBUG org.hibernate.loader.entity.plan.EntityLoader - Static select for entity org.codemaster.shoppingbackend.dto.User [NONE]: select user0_.id as id1_7_0_, user0_.contact_number as contact_2_7_0_, user0_.email as email3_7_0_, user0_.enabled as enabled4_7_0_, user0_.first_name as first_na5_7_0_, user0_.last_name as last_nam6_7_0_, user0_.password as password7_7_0_, user0_.role as role8_7_0_, cart1_.id as id1_1_1_, cart1_.cart_lines as cart_lin2_1_1_, cart1_.grand_total as grand_to3_1_1_, cart1_.user_id as user_id4_1_1_ from user_detail user0_ left outer join Cart cart1_ on user0_.id=cart1_.user_id where user0_.id=?
17:26:15.596 [main] DEBUG org.hibernate.loader.plan.build.internal.spaces.QuerySpacesImpl - Adding QuerySpace : uid = &lt;gen:0&gt; -&gt; org.hibernate.loader.plan.build.internal.spaces.EntityQuerySpaceImpl@4d634127]
17:26:15.596 [main] DEBUG org.hibernate.persister.walking.spi.MetamodelGraphWalker - Visiting attribute path : contactNumber
17:26:15.596 [main] DEBUG org.hibernate.persister.walking.spi.MetamodelGraphWalker - Visiting attribute path : email
17:26:15.596 [main] DEBUG org.hibernate.persister.walking.spi.MetamodelGraphWalker - Visiting attribute path : enabled
17:26:15.596 [main] DEBUG org.hibernate.persister.walking.spi.MetamodelGraphWalker - Visiting attribute path : firstName
17:26:15.596 [main] DEBUG org.hibernate.persister.walking.spi.MetamodelGraphWalker - Visiting attribute path : lastName
17:26:15.596 [main] DEBUG org.hibernate.persister.walking.spi.MetamodelGraphWalker - Visiting attribute path : password
17:26:15.596 [main] DEBUG org.hibernate.persister.walking.spi.MetamodelGraphWalker - Visiting attribute path : role
17:26:15.596 [main] DEBUG org.hibernate.persister.walking.spi.MetamodelGraphWalker - Visiting attribute path : cart
17:26:15.596 [main] DEBUG org.hibernate.loader.plan.build.internal.spaces.QuerySpacesImpl - Adding QuerySpace : uid = &lt;gen:1&gt; -&gt; org.hibernate.loader.plan.build.internal.spaces.EntityQuerySpaceImpl@1f1cddf3]
17:26:15.596 [main] DEBUG org.hibernate.persister.walking.spi.MetamodelGraphWalker - Visiting attribute path : cart.cartLines
17:26:15.596 [main] DEBUG org.hibernate.persister.walking.spi.MetamodelGraphWalker - Visiting attribute path : cart.grandTotal
17:26:15.596 [main] DEBUG org.hibernate.persister.walking.spi.MetamodelGraphWalker - Visiting attribute path : cart.user
17:26:15.596 [main] DEBUG org.hibernate.persister.walking.spi.MetamodelGraphWalker - Property path deemed to be circular : cart.user
17:26:15.596 [main] DEBUG org.hibernate.loader.plan.build.internal.FetchStyleLoadPlanBuildingAssociationVisitationStrategy - Building LoadPlan...
17:26:15.596 [main] DEBUG org.hibernate.loader.plan.exec.internal.LoadQueryJoinAndFetchProcessor - processing queryspace &lt;gen:0&gt;
17:26:15.596 [main] DEBUG org.hibernate.loader.plan.build.spi.LoadPlanTreePrinter - LoadPlan(entity=org.codemaster.shoppingbackend.dto.User)
    - Returns
       - EntityReturnImpl(entity=org.codemaster.shoppingbackend.dto.User, querySpaceUid=&lt;gen:0&gt;, path=org.codemaster.shoppingbackend.dto.User)
          - EntityAttributeFetchImpl(entity=org.codemaster.shoppingbackend.dto.Cart, querySpaceUid=&lt;gen:1&gt;, path=org.codemaster.shoppingbackend.dto.User.cart)
    - QuerySpaces
       - EntityQuerySpaceImpl(uid=&lt;gen:0&gt;, entity=org.codemaster.shoppingbackend.dto.User)
          - SQL table alias mapping - user0_
          - alias suffix - 0_
          - suffixed key columns - {id1_7_0_}
          - JOIN (JoinDefinedByMetadata(cart)) : &lt;gen:0&gt; -&gt; &lt;gen:1&gt;
             - EntityQuerySpaceImpl(uid=&lt;gen:1&gt;, entity=org.codemaster.shoppingbackend.dto.Cart)
                - SQL table alias mapping - cart1_
                - alias suffix - 1_
                - suffixed key columns - {id1_1_1_}

17:26:15.596 [main] DEBUG org.hibernate.loader.entity.plan.EntityLoader - Static select for entity org.codemaster.shoppingbackend.dto.User [READ]: select user0_.id as id1_7_0_, user0_.contact_number as contact_2_7_0_, user0_.email as email3_7_0_, user0_.enabled as enabled4_7_0_, user0_.first_name as first_na5_7_0_, user0_.last_name as last_nam6_7_0_, user0_.password as password7_7_0_, user0_.role as role8_7_0_, cart1_.id as id1_1_1_, cart1_.cart_lines as cart_lin2_1_1_, cart1_.grand_total as grand_to3_1_1_, cart1_.user_id as user_id4_1_1_ from user_detail user0_ left outer join Cart cart1_ on user0_.id=cart1_.user_id where user0_.id=?
17:26:15.612 [main] DEBUG org.hibernate.loader.plan.build.internal.spaces.QuerySpacesImpl - Adding QuerySpace : uid = &lt;gen:0&gt; -&gt; org.hibernate.loader.plan.build.internal.spaces.EntityQuerySpaceImpl@75b6dd5b]
17:26:15.612 [main] DEBUG org.hibernate.persister.walking.spi.MetamodelGraphWalker - Visiting attribute path : contactNumber
17:26:15.612 [main] DEBUG org.hibernate.persister.walking.spi.MetamodelGraphWalker - Visiting attribute path : email
17:26:15.612 [main] DEBUG org.hibernate.persister.walking.spi.MetamodelGraphWalker - Visiting attribute path : enabled
17:26:15.612 [main] DEBUG org.hibernate.persister.walking.spi.MetamodelGraphWalker - Visiting attribute path : firstName
17:26:15.612 [main] DEBUG org.hibernate.persister.walking.spi.MetamodelGraphWalker - Visiting attribute path : lastName
17:26:15.612 [main] DEBUG org.hibernate.persister.walking.spi.MetamodelGraphWalker - Visiting attribute path : password
17:26:15.612 [main] DEBUG org.hibernate.persister.walking.spi.MetamodelGraphWalker - Visiting attribute path : role
17:26:15.612 [main] DEBUG org.hibernate.persister.walking.spi.MetamodelGraphWalker - Visiting attribute path : cart
17:26:15.612 [main] DEBUG org.hibernate.loader.plan.build.internal.spaces.QuerySpacesImpl - Adding QuerySpace : uid = &lt;gen:1&gt; -&gt; org.hibernate.loader.plan.build.internal.spaces.EntityQuerySpaceImpl@72b43104]
17:26:15.628 [main] DEBUG org.hibernate.loader.plan.build.internal.FetchStyleLoadPlanBuildingAssociationVisitationStrategy - Building LoadPlan...
17:26:15.628 [main] DEBUG org.hibernate.loader.plan.exec.internal.LoadQueryJoinAndFetchProcessor - processing queryspace &lt;gen:0&gt;
17:26:15.628 [main] DEBUG org.hibernate.loader.plan.build.spi.LoadPlanTreePrinter - LoadPlan(entity=org.codemaster.shoppingbackend.dto.User)
    - Returns
       - EntityReturnImpl(entity=org.codemaster.shoppingbackend.dto.User, querySpaceUid=&lt;gen:0&gt;, path=org.codemaster.shoppingbackend.dto.User)
          - EntityAttributeFetchImpl(entity=org.codemaster.shoppingbackend.dto.Cart, querySpaceUid=&lt;gen:1&gt;, path=org.codemaster.shoppingbackend.dto.User.cart)
    - QuerySpaces
       - EntityQuerySpaceImpl(uid=&lt;gen:0&gt;, entity=org.codemaster.shoppingbackend.dto.User)
          - SQL table alias mapping - user0_
          - alias suffix - 0_
          - suffixed key columns - {id1_7_0_}

17:26:15.628 [main] DEBUG org.hibernate.loader.entity.plan.EntityLoader - Static select for entity org.codemaster.shoppingbackend.dto.User [UPGRADE]: select user0_.id as id1_7_0_, user0_.contact_number as contact_2_7_0_, user0_.email as email3_7_0_, user0_.enabled as enabled4_7_0_, user0_.first_name as first_na5_7_0_, user0_.last_name as last_nam6_7_0_, user0_.password as password7_7_0_, user0_.role as role8_7_0_ from user_detail user0_ where user0_.id=? for update
17:26:15.628 [main] DEBUG org.hibernate.loader.plan.build.internal.spaces.QuerySpacesImpl - Adding QuerySpace : uid = &lt;gen:0&gt; -&gt; org.hibernate.loader.plan.build.internal.spaces.EntityQuerySpaceImpl@e111c7c]
17:26:15.628 [main] DEBUG org.hibernate.persister.walking.spi.MetamodelGraphWalker - Visiting attribute path : contactNumber
17:26:15.628 [main] DEBUG org.hibernate.persister.walking.spi.MetamodelGraphWalker - Visiting attribute path : email
17:26:15.628 [main] DEBUG org.hibernate.persister.walking.spi.MetamodelGraphWalker - Visiting attribute path : enabled
17:26:15.628 [main] DEBUG org.hibernate.persister.walking.spi.MetamodelGraphWalker - Visiting attribute path : firstName
17:26:15.643 [main] DEBUG org.hibernate.persister.walking.spi.MetamodelGraphWalker - Visiting attribute path : lastName
17:26:15.643 [main] DEBUG org.hibernate.persister.walking.spi.MetamodelGraphWalker - Visiting attribute path : password
17:26:15.643 [main] DEBUG org.hibernate.persister.walking.spi.MetamodelGraphWalker - Visiting attribute path : role
17:26:15.643 [main] DEBUG org.hibernate.persister.walking.spi.MetamodelGraphWalker - Visiting attribute path : cart
17:26:15.643 [main] DEBUG org.hibernate.loader.plan.build.internal.spaces.QuerySpacesImpl - Adding QuerySpace : uid = &lt;gen:1&gt; -&gt; org.hibernate.loader.plan.build.internal.spaces.EntityQuerySpaceImpl@32f96bba]
17:26:15.643 [main] DEBUG org.hibernate.loader.plan.build.internal.FetchStyleLoadPlanBuildingAssociationVisitationStrategy - Building LoadPlan...
17:26:15.643 [main] DEBUG org.hibernate.loader.plan.exec.internal.LoadQueryJoinAndFetchProcessor - processing queryspace &lt;gen:0&gt;
17:26:15.643 [main] DEBUG org.hibernate.loader.plan.build.spi.LoadPlanTreePrinter - LoadPlan(entity=org.codemaster.shoppingbackend.dto.User)
    - Returns
       - EntityReturnImpl(entity=org.codemaster.shoppingbackend.dto.User, querySpaceUid=&lt;gen:0&gt;, path=org.codemaster.shoppingbackend.dto.User)
          - EntityAttributeFetchImpl(entity=org.codemaster.shoppingbackend.dto.Cart, querySpaceUid=&lt;gen:1&gt;, path=org.codemaster.shoppingbackend.dto.User.cart)
    - QuerySpaces
       - EntityQuerySpaceImpl(uid=&lt;gen:0&gt;, entity=org.codemaster.shoppingbackend.dto.User)
          - SQL table alias mapping - user0_
          - alias suffix - 0_
          - suffixed key columns - {id1_7_0_}

17:26:15.643 [main] DEBUG org.hibernate.loader.entity.plan.EntityLoader - Static select for entity org.codemaster.shoppingbackend.dto.User [UPGRADE_NOWAIT]: select user0_.id as id1_7_0_, user0_.contact_number as contact_2_7_0_, user0_.email as email3_7_0_, user0_.enabled as enabled4_7_0_, user0_.first_name as first_na5_7_0_, user0_.last_name as last_nam6_7_0_, user0_.password as password7_7_0_, user0_.role as role8_7_0_ from user_detail user0_ where user0_.id=? for update
17:26:15.643 [main] DEBUG org.hibernate.loader.plan.build.internal.spaces.QuerySpacesImpl - Adding QuerySpace : uid = &lt;gen:0&gt; -&gt; org.hibernate.loader.plan.build.internal.spaces.EntityQuerySpaceImpl@611640f0]
17:26:15.643 [main] DEBUG org.hibernate.persister.walking.spi.MetamodelGraphWalker - Visiting attribute path : contactNumber
17:26:15.643 [main] DEBUG org.hibernate.persister.walking.spi.MetamodelGraphWalker - Visiting attribute path : email
17:26:15.643 [main] DEBUG org.hibernate.persister.walking.spi.MetamodelGraphWalker - Visiting attribute path : enabled
17:26:15.643 [main] DEBUG org.hibernate.persister.walking.spi.MetamodelGraphWalker - Visiting attribute path : firstName
17:26:15.643 [main] DEBUG org.hibernate.persister.walking.spi.MetamodelGraphWalker - Visiting attribute path : lastName
17:26:15.643 [main] DEBUG org.hibernate.persister.walking.spi.MetamodelGraphWalker - Visiting attribute path : password
17:26:15.659 [main] DEBUG org.hibernate.persister.walking.spi.MetamodelGraphWalker - Visiting attribute path : role
17:26:15.659 [main] DEBUG org.hibernate.persister.walking.spi.MetamodelGraphWalker - Visiting attribute path : cart
17:26:15.659 [main] DEBUG org.hibernate.loader.plan.build.internal.spaces.QuerySpacesImpl - Adding QuerySpace : uid = &lt;gen:1&gt; -&gt; org.hibernate.loader.plan.build.internal.spaces.EntityQuerySpaceImpl@58f4b31a]
17:26:15.674 [main] DEBUG org.hibernate.loader.plan.build.internal.FetchStyleLoadPlanBuildingAssociationVisitationStrategy - Building LoadPlan...
17:26:15.674 [main] DEBUG org.hibernate.loader.plan.exec.internal.LoadQueryJoinAndFetchProcessor - processing queryspace &lt;gen:0&gt;
17:26:15.674 [main] DEBUG org.hibernate.loader.plan.build.spi.LoadPlanTreePrinter - LoadPlan(entity=org.codemaster.shoppingbackend.dto.User)
    - Returns
       - EntityReturnImpl(entity=org.codemaster.shoppingbackend.dto.User, querySpaceUid=&lt;gen:0&gt;, path=org.codemaster.shoppingbackend.dto.User)
          - EntityAttributeFetchImpl(entity=org.codemaster.shoppingbackend.dto.Cart, querySpaceUid=&lt;gen:1&gt;, path=org.codemaster.shoppingbackend.dto.User.cart)
    - QuerySpaces
       - EntityQuerySpaceImpl(uid=&lt;gen:0&gt;, entity=org.codemaster.shoppingbackend.dto.User)
          - SQL table alias mapping - user0_
          - alias suffix - 0_
          - suffixed key columns - {id1_7_0_}

17:26:15.674 [main] DEBUG org.hibernate.loader.entity.plan.EntityLoader - Static select for entity org.codemaster.shoppingbackend.dto.User [UPGRADE_SKIPLOCKED]: select user0_.id as id1_7_0_, user0_.contact_number as contact_2_7_0_, user0_.email as email3_7_0_, user0_.enabled as enabled4_7_0_, user0_.first_name as first_na5_7_0_, user0_.last_name as last_nam6_7_0_, user0_.password as password7_7_0_, user0_.role as role8_7_0_ from user_detail user0_ where user0_.id=? for update
17:26:15.674 [main] DEBUG org.hibernate.loader.plan.build.internal.spaces.QuerySpacesImpl - Adding QuerySpace : uid = &lt;gen:0&gt; -&gt; org.hibernate.loader.plan.build.internal.spaces.EntityQuerySpaceImpl@21a9a705]
17:26:15.674 [main] DEBUG org.hibernate.persister.walking.spi.MetamodelGraphWalker - Visiting attribute path : contactNumber
17:26:15.674 [main] DEBUG org.hibernate.persister.walking.spi.MetamodelGraphWalker - Visiting attribute path : email
17:26:15.674 [main] DEBUG org.hibernate.persister.walking.spi.MetamodelGraphWalker - Visiting attribute path : enabled
17:26:15.674 [main] DEBUG org.hibernate.persister.walking.spi.MetamodelGraphWalker - Visiting attribute path : firstName
17:26:15.674 [main] DEBUG org.hibernate.persister.walking.spi.MetamodelGraphWalker - Visiting attribute path : lastName
17:26:15.674 [main] DEBUG org.hibernate.persister.walking.spi.MetamodelGraphWalker - Visiting attribute path : password
17:26:15.674 [main] DEBUG org.hibernate.persister.walking.spi.MetamodelGraphWalker - Visiting attribute path : role
17:26:15.674 [main] DEBUG org.hibernate.persister.walking.spi.MetamodelGraphWalker - Visiting attribute path : cart
17:26:15.674 [main] DEBUG org.hibernate.loader.plan.build.internal.spaces.QuerySpacesImpl - Adding QuerySpace : uid = &lt;gen:1&gt; -&gt; org.hibernate.loader.plan.build.internal.spaces.EntityQuerySpaceImpl@76ececd]
17:26:15.674 [main] DEBUG org.hibernate.loader.plan.build.internal.FetchStyleLoadPlanBuildingAssociationVisitationStrategy - Building LoadPlan...
17:26:15.674 [main] DEBUG org.hibernate.loader.plan.exec.internal.LoadQueryJoinAndFetchProcessor - processing queryspace &lt;gen:0&gt;
17:26:15.674 [main] DEBUG org.hibernate.loader.plan.build.spi.LoadPlanTreePrinter - LoadPlan(entity=org.codemaster.shoppingbackend.dto.User)
    - Returns
       - EntityReturnImpl(entity=org.codemaster.shoppingbackend.dto.User, querySpaceUid=&lt;gen:0&gt;, path=org.codemaster.shoppingbackend.dto.User)
          - EntityAttributeFetchImpl(entity=org.codemaster.shoppingbackend.dto.Cart, querySpaceUid=&lt;gen:1&gt;, path=org.codemaster.shoppingbackend.dto.User.cart)
    - QuerySpaces
       - EntityQuerySpaceImpl(uid=&lt;gen:0&gt;, entity=org.codemaster.shoppingbackend.dto.User)
          - SQL table alias mapping - user0_
          - alias suffix - 0_
          - suffixed key columns - {id1_7_0_}

17:26:15.690 [main] DEBUG org.hibernate.loader.entity.plan.EntityLoader - Static select for entity org.codemaster.shoppingbackend.dto.User [FORCE]: select user0_.id as id1_7_0_, user0_.contact_number as contact_2_7_0_, user0_.email as email3_7_0_, user0_.enabled as enabled4_7_0_, user0_.first_name as first_na5_7_0_, user0_.last_name as last_nam6_7_0_, user0_.password as password7_7_0_, user0_.role as role8_7_0_ from user_detail user0_ where user0_.id=? for update
17:26:15.690 [main] DEBUG org.hibernate.loader.plan.build.internal.spaces.QuerySpacesImpl - Adding QuerySpace : uid = &lt;gen:0&gt; -&gt; org.hibernate.loader.plan.build.internal.spaces.EntityQuerySpaceImpl@7affc159]
17:26:15.690 [main] DEBUG org.hibernate.persister.walking.spi.MetamodelGraphWalker - Visiting attribute path : contactNumber
17:26:15.690 [main] DEBUG org.hibernate.persister.walking.spi.MetamodelGraphWalker - Visiting attribute path : email
17:26:15.690 [main] DEBUG org.hibernate.persister.walking.spi.MetamodelGraphWalker - Visiting attribute path : enabled
17:26:15.690 [main] DEBUG org.hibernate.persister.walking.spi.MetamodelGraphWalker - Visiting attribute path : firstName
17:26:15.690 [main] DEBUG org.hibernate.persister.walking.spi.MetamodelGraphWalker - Visiting attribute path : lastName
17:26:15.690 [main] DEBUG org.hibernate.persister.walking.spi.MetamodelGraphWalker - Visiting attribute path : password
17:26:15.690 [main] DEBUG org.hibernate.persister.walking.spi.MetamodelGraphWalker - Visiting attribute path : role
17:26:15.690 [main] DEBUG org.hibernate.persister.walking.spi.MetamodelGraphWalker - Visiting attribute path : cart
17:26:15.690 [main] DEBUG org.hibernate.loader.plan.build.internal.spaces.QuerySpacesImpl - Adding QuerySpace : uid = &lt;gen:1&gt; -&gt; org.hibernate.loader.plan.build.internal.spaces.EntityQuerySpaceImpl@3fd05b3e]
17:26:15.690 [main] DEBUG org.hibernate.loader.plan.build.internal.FetchStyleLoadPlanBuildingAssociationVisitationStrategy - Building LoadPlan...
17:26:15.690 [main] DEBUG org.hibernate.loader.plan.exec.internal.LoadQueryJoinAndFetchProcessor - processing queryspace &lt;gen:0&gt;
17:26:15.690 [main] DEBUG org.hibernate.loader.plan.build.spi.LoadPlanTreePrinter - LoadPlan(entity=org.codemaster.shoppingbackend.dto.User)
    - Returns
       - EntityReturnImpl(entity=org.codemaster.shoppingbackend.dto.User, querySpaceUid=&lt;gen:0&gt;, path=org.codemaster.shoppingbackend.dto.User)
          - EntityAttributeFetchImpl(entity=org.codemaster.shoppingbackend.dto.Cart, querySpaceUid=&lt;gen:1&gt;, path=org.codemaster.shoppingbackend.dto.User.cart)
    - QuerySpaces
       - EntityQuerySpaceImpl(uid=&lt;gen:0&gt;, entity=org.codemaster.shoppingbackend.dto.User)
          - SQL table alias mapping - user0_
          - alias suffix - 0_
          - suffixed key columns - {id1_7_0_}

17:26:15.690 [main] DEBUG org.hibernate.loader.entity.plan.EntityLoader - Static select for entity org.codemaster.shoppingbackend.dto.User [PESSIMISTIC_READ]: select user0_.id as id1_7_0_, user0_.contact_number as contact_2_7_0_, user0_.email as email3_7_0_, user0_.enabled as enabled4_7_0_, user0_.first_name as first_na5_7_0_, user0_.last_name as last_nam6_7_0_, user0_.password as password7_7_0_, user0_.role as role8_7_0_ from user_detail user0_ where user0_.id=? for update
17:26:15.690 [main] DEBUG org.hibernate.loader.plan.build.internal.spaces.QuerySpacesImpl - Adding QuerySpace : uid = &lt;gen:0&gt; -&gt; org.hibernate.loader.plan.build.internal.spaces.EntityQuerySpaceImpl@4eb9f2af]
17:26:15.690 [main] DEBUG org.hibernate.persister.walking.spi.MetamodelGraphWalker - Visiting attribute path : contactNumber
17:26:15.690 [main] DEBUG org.hibernate.persister.walking.spi.MetamodelGraphWalker - Visiting attribute path : email
17:26:15.690 [main] DEBUG org.hibernate.persister.walking.spi.MetamodelGraphWalker - Visiting attribute path : enabled
17:26:15.690 [main] DEBUG org.hibernate.persister.walking.spi.MetamodelGraphWalker - Visiting attribute path : firstName
17:26:15.706 [main] DEBUG org.hibernate.persister.walking.spi.MetamodelGraphWalker - Visiting attribute path : lastName
17:26:15.706 [main] DEBUG org.hibernate.persister.walking.spi.MetamodelGraphWalker - Visiting attribute path : password
17:26:15.706 [main] DEBUG org.hibernate.persister.walking.spi.MetamodelGraphWalker - Visiting attribute path : role
17:26:15.706 [main] DEBUG org.hibernate.persister.walking.spi.MetamodelGraphWalker - Visiting attribute path : cart
17:26:15.706 [main] DEBUG org.hibernate.loader.plan.build.internal.spaces.QuerySpacesImpl - Adding QuerySpace : uid = &lt;gen:1&gt; -&gt; org.hibernate.loader.plan.build.internal.spaces.EntityQuerySpaceImpl@4ace284d]
17:26:15.706 [main] DEBUG org.hibernate.loader.plan.build.internal.FetchStyleLoadPlanBuildingAssociationVisitationStrategy - Building LoadPlan...
17:26:15.721 [main] DEBUG org.hibernate.loader.plan.exec.internal.LoadQueryJoinAndFetchProcessor - processing queryspace &lt;gen:0&gt;
17:26:15.721 [main] DEBUG org.hibernate.loader.plan.build.spi.LoadPlanTreePrinter - LoadPlan(entity=org.codemaster.shoppingbackend.dto.User)
    - Returns
       - EntityReturnImpl(entity=org.codemaster.shoppingbackend.dto.User, querySpaceUid=&lt;gen:0&gt;, path=org.codemaster.shoppingbackend.dto.User)
          - EntityAttributeFetchImpl(entity=org.codemaster.shoppingbackend.dto.Cart, querySpaceUid=&lt;gen:1&gt;, path=org.codemaster.shoppingbackend.dto.User.cart)
    - QuerySpaces
       - EntityQuerySpaceImpl(uid=&lt;gen:0&gt;, entity=org.codemaster.shoppingbackend.dto.User)
          - SQL table alias mapping - user0_
          - alias suffix - 0_
          - suffixed key columns - {id1_7_0_}

17:26:15.721 [main] DEBUG org.hibernate.loader.entity.plan.EntityLoader - Static select for entity org.codemaster.shoppingbackend.dto.User [PESSIMISTIC_WRITE]: select user0_.id as id1_7_0_, user0_.contact_number as contact_2_7_0_, user0_.email as email3_7_0_, user0_.enabled as enabled4_7_0_, user0_.first_name as first_na5_7_0_, user0_.last_name as last_nam6_7_0_, user0_.password as password7_7_0_, user0_.role as role8_7_0_ from user_detail user0_ where user0_.id=? for update
17:26:15.721 [main] DEBUG org.hibernate.loader.plan.build.internal.spaces.QuerySpacesImpl - Adding QuerySpace : uid = &lt;gen:0&gt; -&gt; org.hibernate.loader.plan.build.internal.spaces.EntityQuerySpaceImpl@77fa9381]
17:26:15.721 [main] DEBUG org.hibernate.persister.walking.spi.MetamodelGraphWalker - Visiting attribute path : contactNumber
17:26:15.721 [main] DEBUG org.hibernate.persister.walking.spi.MetamodelGraphWalker - Visiting attribute path : email
17:26:15.721 [main] DEBUG org.hibernate.persister.walking.spi.MetamodelGraphWalker - Visiting attribute path : enabled
17:26:15.721 [main] DEBUG org.hibernate.persister.walking.spi.MetamodelGraphWalker - Visiting attribute path : firstName
17:26:15.721 [main] DEBUG org.hibernate.persister.walking.spi.MetamodelGraphWalker - Visiting attribute path : lastName
17:26:15.721 [main] DEBUG org.hibernate.persister.walking.spi.MetamodelGraphWalker - Visiting attribute path : password
17:26:15.721 [main] DEBUG org.hibernate.persister.walking.spi.MetamodelGraphWalker - Visiting attribute path : role
17:26:15.721 [main] DEBUG org.hibernate.persister.walking.spi.MetamodelGraphWalker - Visiting attribute path : cart
17:26:15.721 [main] DEBUG org.hibernate.loader.plan.build.internal.spaces.QuerySpacesImpl - Adding QuerySpace : uid = &lt;gen:1&gt; -&gt; org.hibernate.loader.plan.build.internal.spaces.EntityQuerySpaceImpl@7cac93fe]
17:26:15.721 [main] DEBUG org.hibernate.loader.plan.build.internal.FetchStyleLoadPlanBuildingAssociationVisitationStrategy - Building LoadPlan...
17:26:15.737 [main] DEBUG org.hibernate.loader.plan.exec.internal.LoadQueryJoinAndFetchProcessor - processing queryspace &lt;gen:0&gt;
17:26:15.737 [main] DEBUG org.hibernate.loader.plan.build.spi.LoadPlanTreePrinter - LoadPlan(entity=org.codemaster.shoppingbackend.dto.User)
    - Returns
       - EntityReturnImpl(entity=org.codemaster.shoppingbackend.dto.User, querySpaceUid=&lt;gen:0&gt;, path=org.codemaster.shoppingbackend.dto.User)
          - EntityAttributeFetchImpl(entity=org.codemaster.shoppingbackend.dto.Cart, querySpaceUid=&lt;gen:1&gt;, path=org.codemaster.shoppingbackend.dto.User.cart)
    - QuerySpaces
       - EntityQuerySpaceImpl(uid=&lt;gen:0&gt;, entity=org.codemaster.shoppingbackend.dto.User)
          - SQL table alias mapping - user0_
          - alias suffix - 0_
          - suffixed key columns - {id1_7_0_}

17:26:15.737 [main] DEBUG org.hibernate.loader.entity.plan.EntityLoader - Static select for entity org.codemaster.shoppingbackend.dto.User [PESSIMISTIC_FORCE_INCREMENT]: select user0_.id as id1_7_0_, user0_.contact_number as contact_2_7_0_, user0_.email as email3_7_0_, user0_.enabled as enabled4_7_0_, user0_.first_name as first_na5_7_0_, user0_.last_name as last_nam6_7_0_, user0_.password as password7_7_0_, user0_.role as role8_7_0_ from user_detail user0_ where user0_.id=? for update
17:26:15.737 [main] DEBUG org.hibernate.loader.plan.build.internal.spaces.QuerySpacesImpl - Adding QuerySpace : uid = &lt;gen:0&gt; -&gt; org.hibernate.loader.plan.build.internal.spaces.EntityQuerySpaceImpl@479b5066]
17:26:15.737 [main] DEBUG org.hibernate.persister.walking.spi.MetamodelGraphWalker - Visiting attribute path : contactNumber
17:26:15.737 [main] DEBUG org.hibernate.persister.walking.spi.MetamodelGraphWalker - Visiting attribute path : email
17:26:15.737 [main] DEBUG org.hibernate.persister.walking.spi.MetamodelGraphWalker - Visiting attribute path : enabled
17:26:15.737 [main] DEBUG org.hibernate.persister.walking.spi.MetamodelGraphWalker - Visiting attribute path : firstName
17:26:15.737 [main] DEBUG org.hibernate.persister.walking.spi.MetamodelGraphWalker - Visiting attribute path : lastName
17:26:15.737 [main] DEBUG org.hibernate.persister.walking.spi.MetamodelGraphWalker - Visiting attribute path : password
17:26:15.737 [main] DEBUG org.hibernate.persister.walking.spi.MetamodelGraphWalker - Visiting attribute path : role
17:26:15.737 [main] DEBUG org.hibernate.persister.walking.spi.MetamodelGraphWalker - Visiting attribute path : cart
17:26:15.737 [main] DEBUG org.hibernate.loader.plan.build.internal.spaces.QuerySpacesImpl - Adding QuerySpace : uid = &lt;gen:1&gt; -&gt; org.hibernate.loader.plan.build.internal.spaces.EntityQuerySpaceImpl@2b1cd7bc]
17:26:15.737 [main] DEBUG org.hibernate.loader.plan.build.internal.FetchStyleLoadPlanBuildingAssociationVisitationStrategy - Building LoadPlan...
17:26:15.737 [main] DEBUG org.hibernate.loader.plan.exec.internal.LoadQueryJoinAndFetchProcessor - processing queryspace &lt;gen:0&gt;
17:26:15.737 [main] DEBUG org.hibernate.loader.plan.build.spi.LoadPlanTreePrinter - LoadPlan(entity=org.codemaster.shoppingbackend.dto.User)
    - Returns
       - EntityReturnImpl(entity=org.codemaster.shoppingbackend.dto.User, querySpaceUid=&lt;gen:0&gt;, path=org.codemaster.shoppingbackend.dto.User)
          - EntityAttributeFetchImpl(entity=org.codemaster.shoppingbackend.dto.Cart, querySpaceUid=&lt;gen:1&gt;, path=org.codemaster.shoppingbackend.dto.User.cart)
    - QuerySpaces
       - EntityQuerySpaceImpl(uid=&lt;gen:0&gt;, entity=org.codemaster.shoppingbackend.dto.User)
          - SQL table alias mapping - user0_
          - alias suffix - 0_
          - suffixed key columns - {id1_7_0_}

17:26:15.755 [main] DEBUG org.hibernate.loader.entity.plan.EntityLoader - Static select for entity org.codemaster.shoppingbackend.dto.User [OPTIMISTIC]: select user0_.id as id1_7_0_, user0_.contact_number as contact_2_7_0_, user0_.email as email3_7_0_, user0_.enabled as enabled4_7_0_, user0_.first_name as first_na5_7_0_, user0_.last_name as last_nam6_7_0_, user0_.password as password7_7_0_, user0_.role as role8_7_0_ from user_detail user0_ where user0_.id=?
17:26:15.756 [main] DEBUG org.hibernate.loader.plan.build.internal.spaces.QuerySpacesImpl - Adding QuerySpace : uid = &lt;gen:0&gt; -&gt; org.hibernate.loader.plan.build.internal.spaces.EntityQuerySpaceImpl@33379242]
17:26:15.757 [main] DEBUG org.hibernate.persister.walking.spi.MetamodelGraphWalker - Visiting attribute path : contactNumber
17:26:15.757 [main] DEBUG org.hibernate.persister.walking.spi.MetamodelGraphWalker - Visiting attribute path : email
17:26:15.757 [main] DEBUG org.hibernate.persister.walking.spi.MetamodelGraphWalker - Visiting attribute path : enabled
17:26:15.760 [main] DEBUG org.hibernate.persister.walking.spi.MetamodelGraphWalker - Visiting attribute path : firstName
17:26:15.760 [main] DEBUG org.hibernate.persister.walking.spi.MetamodelGraphWalker - Visiting attribute path : lastName
17:26:15.760 [main] DEBUG org.hibernate.persister.walking.spi.MetamodelGraphWalker - Visiting attribute path : password
17:26:15.760 [main] DEBUG org.hibernate.persister.walking.spi.MetamodelGraphWalker - Visiting attribute path : role
17:26:15.760 [main] DEBUG org.hibernate.persister.walking.spi.MetamodelGraphWalker - Visiting attribute path : cart
17:26:15.761 [main] DEBUG org.hibernate.loader.plan.build.internal.spaces.QuerySpacesImpl - Adding QuerySpace : uid = &lt;gen:1&gt; -&gt; org.hibernate.loader.plan.build.internal.spaces.EntityQuerySpaceImpl@3f5156a6]
17:26:15.762 [main] DEBUG org.hibernate.loader.plan.build.internal.FetchStyleLoadPlanBuildingAssociationVisitationStrategy - Building LoadPlan...
17:26:15.763 [main] DEBUG org.hibernate.loader.plan.exec.internal.LoadQueryJoinAndFetchProcessor - processing queryspace &lt;gen:0&gt;
17:26:15.765 [main] DEBUG org.hibernate.loader.plan.build.spi.LoadPlanTreePrinter - LoadPlan(entity=org.codemaster.shoppingbackend.dto.User)
    - Returns
       - EntityReturnImpl(entity=org.codemaster.shoppingbackend.dto.User, querySpaceUid=&lt;gen:0&gt;, path=org.codemaster.shoppingbackend.dto.User)
          - EntityAttributeFetchImpl(entity=org.codemaster.shoppingbackend.dto.Cart, querySpaceUid=&lt;gen:1&gt;, path=org.codemaster.shoppingbackend.dto.User.cart)
    - QuerySpaces
       - EntityQuerySpaceImpl(uid=&lt;gen:0&gt;, entity=org.codemaster.shoppingbackend.dto.User)
          - SQL table alias mapping - user0_
          - alias suffix - 0_
          - suffixed key columns - {id1_7_0_}

17:26:15.766 [main] DEBUG org.hibernate.loader.entity.plan.EntityLoader - Static select for entity org.codemaster.shoppingbackend.dto.User [OPTIMISTIC_FORCE_INCREMENT]: select user0_.id as id1_7_0_, user0_.contact_number as contact_2_7_0_, user0_.email as email3_7_0_, user0_.enabled as enabled4_7_0_, user0_.first_name as first_na5_7_0_, user0_.last_name as last_nam6_7_0_, user0_.password as password7_7_0_, user0_.role as role8_7_0_ from user_detail user0_ where user0_.id=?
17:26:15.769 [main] DEBUG org.hibernate.loader.Loader - Static select for action ACTION_MERGE on entity org.codemaster.shoppingbackend.dto.User: select user0_.id as id1_7_1_, user0_.contact_number as contact_2_7_1_, user0_.email as email3_7_1_, user0_.enabled as enabled4_7_1_, user0_.first_name as first_na5_7_1_, user0_.last_name as last_nam6_7_1_, user0_.password as password7_7_1_, user0_.role as role8_7_1_, cart1_.id as id1_1_0_, cart1_.cart_lines as cart_lin2_1_0_, cart1_.grand_total as grand_to3_1_0_, cart1_.user_id as user_id4_1_0_ from user_detail user0_ left outer join Cart cart1_ on user0_.id=cart1_.user_id where user0_.id=?
17:26:15.769 [main] DEBUG org.hibernate.loader.Loader - Static select for action ACTION_REFRESH on entity org.codemaster.shoppingbackend.dto.User: select user0_.id as id1_7_1_, user0_.contact_number as contact_2_7_1_, user0_.email as email3_7_1_, user0_.enabled as enabled4_7_1_, user0_.first_name as first_na5_7_1_, user0_.last_name as last_nam6_7_1_, user0_.password as password7_7_1_, user0_.role as role8_7_1_, cart1_.id as id1_1_0_, cart1_.cart_lines as cart_lin2_1_0_, cart1_.grand_total as grand_to3_1_0_, cart1_.user_id as user_id4_1_0_ from user_detail user0_ left outer join Cart cart1_ on user0_.id=cart1_.user_id where user0_.id=?
17:26:15.769 [main] DEBUG org.hibernate.persister.entity.AbstractEntityPersister - Static SQL for entity: org.codemaster.shoppingbackend.dto.CartLine
17:26:15.769 [main] DEBUG org.hibernate.persister.entity.AbstractEntityPersister -  Version select: select id from cart_line where id =?
17:26:15.769 [main] DEBUG org.hibernate.persister.entity.AbstractEntityPersister -  Snapshot select: select cartline_.id, cartline_.is_available as is_avail2_2_, cartline_.buying_price as buying_p3_2_, cartline_.cart_id as cart_id4_2_, cartline_.product_id as product_7_2_, cartline_.product_count as product_5_2_, cartline_.total as total6_2_ from cart_line cartline_ where cartline_.id=?
17:26:15.769 [main] DEBUG org.hibernate.persister.entity.AbstractEntityPersister -  Insert 0: insert into cart_line (is_available, buying_price, cart_id, product_id, product_count, total, id) values (?, ?, ?, ?, ?, ?, ?)
17:26:15.769 [main] DEBUG org.hibernate.persister.entity.AbstractEntityPersister -  Update 0: update cart_line set is_available=?, buying_price=?, cart_id=?, product_id=?, product_count=?, total=? where id=?
17:26:15.769 [main] DEBUG org.hibernate.persister.entity.AbstractEntityPersister -  Delete 0: delete from cart_line where id=?
17:26:15.769 [main] DEBUG org.hibernate.persister.entity.AbstractEntityPersister -  Identity insert: insert into cart_line (id, is_available, buying_price, cart_id, product_id, product_count, total) values (null, ?, ?, ?, ?, ?, ?)
17:26:15.769 [main] DEBUG org.hibernate.loader.plan.build.internal.spaces.QuerySpacesImpl - Adding QuerySpace : uid = &lt;gen:0&gt; -&gt; org.hibernate.loader.plan.build.internal.spaces.EntityQuerySpaceImpl@72bdd7c7]
17:26:15.769 [main] DEBUG org.hibernate.persister.walking.spi.MetamodelGraphWalker - Visiting attribute path : available
17:26:15.769 [main] DEBUG org.hibernate.persister.walking.spi.MetamodelGraphWalker - Visiting attribute path : buyingPrice
17:26:15.769 [main] DEBUG org.hibernate.persister.walking.spi.MetamodelGraphWalker - Visiting attribute path : cartId
17:26:15.769 [main] DEBUG org.hibernate.persister.walking.spi.MetamodelGraphWalker - Visiting attribute path : product
17:26:15.769 [main] DEBUG org.hibernate.loader.plan.build.internal.spaces.QuerySpacesImpl - Adding QuerySpace : uid = &lt;gen:1&gt; -&gt; org.hibernate.loader.plan.build.internal.spaces.EntityQuerySpaceImpl@44fdce3c]
17:26:15.769 [main] DEBUG org.hibernate.persister.walking.spi.MetamodelGraphWalker - Visiting attribute path : product.active
17:26:15.769 [main] DEBUG org.hibernate.persister.walking.spi.MetamodelGraphWalker - Visiting attribute path : product.brand
17:26:15.769 [main] DEBUG org.hibernate.persister.walking.spi.MetamodelGraphWalker - Visiting attribute path : product.categoryId
17:26:15.769 [main] DEBUG org.hibernate.persister.walking.spi.MetamodelGraphWalker - Visiting attribute path : product.code
17:26:15.769 [main] DEBUG org.hibernate.persister.walking.spi.MetamodelGraphWalker - Visiting attribute path : product.description
17:26:15.769 [main] DEBUG org.hibernate.persister.walking.spi.MetamodelGraphWalker - Visiting attribute path : product.name
17:26:15.769 [main] DEBUG org.hibernate.persister.walking.spi.MetamodelGraphWalker - Visiting attribute path : product.purchases
17:26:15.769 [main] DEBUG org.hibernate.persister.walking.spi.MetamodelGraphWalker - Visiting attribute path : product.quantity
17:26:15.769 [main] DEBUG org.hibernate.persister.walking.spi.MetamodelGraphWalker - Visiting attribute path : product.supplierId
17:26:15.769 [main] DEBUG org.hibernate.persister.walking.spi.MetamodelGraphWalker - Visiting attribute path : product.unitPrice
17:26:15.769 [main] DEBUG org.hibernate.persister.walking.spi.MetamodelGraphWalker - Visiting attribute path : product.views
17:26:15.769 [main] DEBUG org.hibernate.persister.walking.spi.MetamodelGraphWalker - Visiting attribute path : productCount
17:26:15.769 [main] DEBUG org.hibernate.persister.walking.spi.MetamodelGraphWalker - Visiting attribute path : total
17:26:15.769 [main] DEBUG org.hibernate.loader.plan.build.internal.FetchStyleLoadPlanBuildingAssociationVisitationStrategy - Building LoadPlan...
17:26:15.769 [main] DEBUG org.hibernate.loader.plan.exec.internal.LoadQueryJoinAndFetchProcessor - processing queryspace &lt;gen:0&gt;
17:26:15.769 [main] DEBUG org.hibernate.loader.plan.build.spi.LoadPlanTreePrinter - LoadPlan(entity=org.codemaster.shoppingbackend.dto.CartLine)
    - Returns
       - EntityReturnImpl(entity=org.codemaster.shoppingbackend.dto.CartLine, querySpaceUid=&lt;gen:0&gt;, path=org.codemaster.shoppingbackend.dto.CartLine)
          - EntityAttributeFetchImpl(entity=org.codemaster.shoppingbackend.dto.Product, querySpaceUid=&lt;gen:1&gt;, path=org.codemaster.shoppingbackend.dto.CartLine.product)
    - QuerySpaces
       - EntityQuerySpaceImpl(uid=&lt;gen:0&gt;, entity=org.codemaster.shoppingbackend.dto.CartLine)
          - SQL table alias mapping - cartline0_
          - alias suffix - 0_
          - suffixed key columns - {id1_2_0_}
          - JOIN (JoinDefinedByMetadata(product)) : &lt;gen:0&gt; -&gt; &lt;gen:1&gt;
             - EntityQuerySpaceImpl(uid=&lt;gen:1&gt;, entity=org.codemaster.shoppingbackend.dto.Product)
                - SQL table alias mapping - product1_
                - alias suffix - 1_
                - suffixed key columns - {id1_6_1_}

17:26:15.769 [main] DEBUG org.hibernate.loader.entity.plan.EntityLoader - Static select for entity org.codemaster.shoppingbackend.dto.CartLine [NONE]: select cartline0_.id as id1_2_0_, cartline0_.is_available as is_avail2_2_0_, cartline0_.buying_price as buying_p3_2_0_, cartline0_.cart_id as cart_id4_2_0_, cartline0_.product_id as product_7_2_0_, cartline0_.product_count as product_5_2_0_, cartline0_.total as total6_2_0_, product1_.id as id1_6_1_, product1_.is_active as is_activ2_6_1_, product1_.brand as brand3_6_1_, product1_.category_id as category4_6_1_, product1_.code as code5_6_1_, product1_.description as descript6_6_1_, product1_.name as name7_6_1_, product1_.purchases as purchase8_6_1_, product1_.quantity as quantity9_6_1_, product1_.supplier_id as supplie10_6_1_, product1_.unit_price as unit_pr11_6_1_, product1_.views as views12_6_1_ from cart_line cartline0_ left outer join Product product1_ on cartline0_.product_id=product1_.id where cartline0_.id=?
17:26:15.769 [main] DEBUG org.hibernate.loader.plan.build.internal.spaces.QuerySpacesImpl - Adding QuerySpace : uid = &lt;gen:0&gt; -&gt; org.hibernate.loader.plan.build.internal.spaces.EntityQuerySpaceImpl@6d33a66e]
17:26:15.769 [main] DEBUG org.hibernate.persister.walking.spi.MetamodelGraphWalker - Visiting attribute path : available
17:26:15.769 [main] DEBUG org.hibernate.persister.walking.spi.MetamodelGraphWalker - Visiting attribute path : buyingPrice
17:26:15.769 [main] DEBUG org.hibernate.persister.walking.spi.MetamodelGraphWalker - Visiting attribute path : cartId
17:26:15.769 [main] DEBUG org.hibernate.persister.walking.spi.MetamodelGraphWalker - Visiting attribute path : product
17:26:15.769 [main] DEBUG org.hibernate.loader.plan.build.internal.spaces.QuerySpacesImpl - Adding QuerySpace : uid = &lt;gen:1&gt; -&gt; org.hibernate.loader.plan.build.internal.spaces.EntityQuerySpaceImpl@5b20706]
17:26:15.769 [main] DEBUG org.hibernate.persister.walking.spi.MetamodelGraphWalker - Visiting attribute path : product.active
17:26:15.769 [main] DEBUG org.hibernate.persister.walking.spi.MetamodelGraphWalker - Visiting attribute path : product.brand
17:26:15.769 [main] DEBUG org.hibernate.persister.walking.spi.MetamodelGraphWalker - Visiting attribute path : product.categoryId
17:26:15.769 [main] DEBUG org.hibernate.persister.walking.spi.MetamodelGraphWalker - Visiting attribute path : product.code
17:26:15.769 [main] DEBUG org.hibernate.persister.walking.spi.MetamodelGraphWalker - Visiting attribute path : product.description
17:26:15.769 [main] DEBUG org.hibernate.persister.walking.spi.MetamodelGraphWalker - Visiting attribute path : product.name
17:26:15.769 [main] DEBUG org.hibernate.persister.walking.spi.MetamodelGraphWalker - Visiting attribute path : product.purchases
17:26:15.769 [main] DEBUG org.hibernate.persister.walking.spi.MetamodelGraphWalker - Visiting attribute path : product.quantity
17:26:15.769 [main] DEBUG org.hibernate.persister.walking.spi.MetamodelGraphWalker - Visiting attribute path : product.supplierId
17:26:15.769 [main] DEBUG org.hibernate.persister.walking.spi.MetamodelGraphWalker - Visiting attribute path : product.unitPrice
17:26:15.769 [main] DEBUG org.hibernate.persister.walking.spi.MetamodelGraphWalker - Visiting attribute path : product.views
17:26:15.769 [main] DEBUG org.hibernate.persister.walking.spi.MetamodelGraphWalker - Visiting attribute path : productCount
17:26:15.784 [main] DEBUG org.hibernate.persister.walking.spi.MetamodelGraphWalker - Visiting attribute path : total
17:26:15.784 [main] DEBUG org.hibernate.loader.plan.build.internal.FetchStyleLoadPlanBuildingAssociationVisitationStrategy - Building LoadPlan...
17:26:15.784 [main] DEBUG org.hibernate.loader.plan.exec.internal.LoadQueryJoinAndFetchProcessor - processing queryspace &lt;gen:0&gt;
17:26:15.784 [main] DEBUG org.hibernate.loader.plan.build.spi.LoadPlanTreePrinter - LoadPlan(entity=org.codemaster.shoppingbackend.dto.CartLine)
    - Returns
       - EntityReturnImpl(entity=org.codemaster.shoppingbackend.dto.CartLine, querySpaceUid=&lt;gen:0&gt;, path=org.codemaster.shoppingbackend.dto.CartLine)
          - EntityAttributeFetchImpl(entity=org.codemaster.shoppingbackend.dto.Product, querySpaceUid=&lt;gen:1&gt;, path=org.codemaster.shoppingbackend.dto.CartLine.product)
    - QuerySpaces
       - EntityQuerySpaceImpl(uid=&lt;gen:0&gt;, entity=org.codemaster.shoppingbackend.dto.CartLine)
          - SQL table alias mapping - cartline0_
          - alias suffix - 0_
          - suffixed key columns - {id1_2_0_}
          - JOIN (JoinDefinedByMetadata(product)) : &lt;gen:0&gt; -&gt; &lt;gen:1&gt;
             - EntityQuerySpaceImpl(uid=&lt;gen:1&gt;, entity=org.codemaster.shoppingbackend.dto.Product)
                - SQL table alias mapping - product1_
                - alias suffix - 1_
                - suffixed key columns - {id1_6_1_}

17:26:15.784 [main] DEBUG org.hibernate.loader.entity.plan.EntityLoader - Static select for entity org.codemaster.shoppingbackend.dto.CartLine [READ]: select cartline0_.id as id1_2_0_, cartline0_.is_available as is_avail2_2_0_, cartline0_.buying_price as buying_p3_2_0_, cartline0_.cart_id as cart_id4_2_0_, cartline0_.product_id as product_7_2_0_, cartline0_.product_count as product_5_2_0_, cartline0_.total as total6_2_0_, product1_.id as id1_6_1_, product1_.is_active as is_activ2_6_1_, product1_.brand as brand3_6_1_, product1_.category_id as category4_6_1_, product1_.code as code5_6_1_, product1_.description as descript6_6_1_, product1_.name as name7_6_1_, product1_.purchases as purchase8_6_1_, product1_.quantity as quantity9_6_1_, product1_.supplier_id as supplie10_6_1_, product1_.unit_price as unit_pr11_6_1_, product1_.views as views12_6_1_ from cart_line cartline0_ left outer join Product product1_ on cartline0_.product_id=product1_.id where cartline0_.id=?
17:26:15.831 [main] DEBUG org.hibernate.loader.plan.build.internal.spaces.QuerySpacesImpl - Adding QuerySpace : uid = &lt;gen:0&gt; -&gt; org.hibernate.loader.plan.build.internal.spaces.EntityQuerySpaceImpl@66de00f2]
17:26:15.831 [main] DEBUG org.hibernate.persister.walking.spi.MetamodelGraphWalker - Visiting attribute path : available
17:26:15.831 [main] DEBUG org.hibernate.persister.walking.spi.MetamodelGraphWalker - Visiting attribute path : buyingPrice
17:26:15.831 [main] DEBUG org.hibernate.persister.walking.spi.MetamodelGraphWalker - Visiting attribute path : cartId
17:26:15.831 [main] DEBUG org.hibernate.persister.walking.spi.MetamodelGraphWalker - Visiting attribute path : product
17:26:15.831 [main] DEBUG org.hibernate.loader.plan.build.internal.spaces.QuerySpacesImpl - Adding QuerySpace : uid = &lt;gen:1&gt; -&gt; org.hibernate.loader.plan.build.internal.spaces.EntityQuerySpaceImpl@79d82f66]
17:26:15.831 [main] DEBUG org.hibernate.persister.walking.spi.MetamodelGraphWalker - Visiting attribute path : productCount
17:26:15.831 [main] DEBUG org.hibernate.persister.walking.spi.MetamodelGraphWalker - Visiting attribute path : total
17:26:15.847 [main] DEBUG org.hibernate.loader.plan.build.internal.FetchStyleLoadPlanBuildingAssociationVisitationStrategy - Building LoadPlan...
17:26:15.847 [main] DEBUG org.hibernate.loader.plan.exec.internal.LoadQueryJoinAndFetchProcessor - processing queryspace &lt;gen:0&gt;
17:26:15.847 [main] DEBUG org.hibernate.loader.plan.build.spi.LoadPlanTreePrinter - LoadPlan(entity=org.codemaster.shoppingbackend.dto.CartLine)
    - Returns
       - EntityReturnImpl(entity=org.codemaster.shoppingbackend.dto.CartLine, querySpaceUid=&lt;gen:0&gt;, path=org.codemaster.shoppingbackend.dto.CartLine)
          - EntityAttributeFetchImpl(entity=org.codemaster.shoppingbackend.dto.Product, querySpaceUid=&lt;gen:1&gt;, path=org.codemaster.shoppingbackend.dto.CartLine.product)
    - QuerySpaces
       - EntityQuerySpaceImpl(uid=&lt;gen:0&gt;, entity=org.codemaster.shoppingbackend.dto.CartLine)
          - SQL table alias mapping - cartline0_
          - alias suffix - 0_
          - suffixed key columns - {id1_2_0_}

17:26:15.847 [main] DEBUG org.hibernate.loader.entity.plan.EntityLoader - Static select for entity org.codemaster.shoppingbackend.dto.CartLine [UPGRADE]: select cartline0_.id as id1_2_0_, cartline0_.is_available as is_avail2_2_0_, cartline0_.buying_price as buying_p3_2_0_, cartline0_.cart_id as cart_id4_2_0_, cartline0_.product_id as product_7_2_0_, cartline0_.product_count as product_5_2_0_, cartline0_.total as total6_2_0_ from cart_line cartline0_ where cartline0_.id=? for update
17:26:15.847 [main] DEBUG org.hibernate.loader.plan.build.internal.spaces.QuerySpacesImpl - Adding QuerySpace : uid = &lt;gen:0&gt; -&gt; org.hibernate.loader.plan.build.internal.spaces.EntityQuerySpaceImpl@19b206ee]
17:26:15.847 [main] DEBUG org.hibernate.persister.walking.spi.MetamodelGraphWalker - Visiting attribute path : available
17:26:15.847 [main] DEBUG org.hibernate.persister.walking.spi.MetamodelGraphWalker - Visiting attribute path : buyingPrice
17:26:15.847 [main] DEBUG org.hibernate.persister.walking.spi.MetamodelGraphWalker - Visiting attribute path : cartId
17:26:15.847 [main] DEBUG org.hibernate.persister.walking.spi.MetamodelGraphWalker - Visiting attribute path : product
17:26:15.847 [main] DEBUG org.hibernate.loader.plan.build.internal.spaces.QuerySpacesImpl - Adding QuerySpace : uid = &lt;gen:1&gt; -&gt; org.hibernate.loader.plan.build.internal.spaces.EntityQuerySpaceImpl@5f1483fd]
17:26:15.847 [main] DEBUG org.hibernate.persister.walking.spi.MetamodelGraphWalker - Visiting attribute path : productCount
17:26:15.847 [main] DEBUG org.hibernate.persister.walking.spi.MetamodelGraphWalker - Visiting attribute path : total
17:26:15.847 [main] DEBUG org.hibernate.loader.plan.build.internal.FetchStyleLoadPlanBuildingAssociationVisitationStrategy - Building LoadPlan...
17:26:15.847 [main] DEBUG org.hibernate.loader.plan.exec.internal.LoadQueryJoinAndFetchProcessor - processing queryspace &lt;gen:0&gt;
17:26:15.847 [main] DEBUG org.hibernate.loader.plan.build.spi.LoadPlanTreePrinter - LoadPlan(entity=org.codemaster.shoppingbackend.dto.CartLine)
    - Returns
       - EntityReturnImpl(entity=org.codemaster.shoppingbackend.dto.CartLine, querySpaceUid=&lt;gen:0&gt;, path=org.codemaster.shoppingbackend.dto.CartLine)
          - EntityAttributeFetchImpl(entity=org.codemaster.shoppingbackend.dto.Product, querySpaceUid=&lt;gen:1&gt;, path=org.codemaster.shoppingbackend.dto.CartLine.product)
    - QuerySpaces
       - EntityQuerySpaceImpl(uid=&lt;gen:0&gt;, entity=org.codemaster.shoppingbackend.dto.CartLine)
          - SQL table alias mapping - cartline0_
          - alias suffix - 0_
          - suffixed key columns - {id1_2_0_}

17:26:15.847 [main] DEBUG org.hibernate.loader.entity.plan.EntityLoader - Static select for entity org.codemaster.shoppingbackend.dto.CartLine [UPGRADE_NOWAIT]: select cartline0_.id as id1_2_0_, cartline0_.is_available as is_avail2_2_0_, cartline0_.buying_price as buying_p3_2_0_, cartline0_.cart_id as cart_id4_2_0_, cartline0_.product_id as product_7_2_0_, cartline0_.product_count as product_5_2_0_, cartline0_.total as total6_2_0_ from cart_line cartline0_ where cartline0_.id=? for update
17:26:15.847 [main] DEBUG org.hibernate.loader.plan.build.internal.spaces.QuerySpacesImpl - Adding QuerySpace : uid = &lt;gen:0&gt; -&gt; org.hibernate.loader.plan.build.internal.spaces.EntityQuerySpaceImpl@670f2466]
17:26:15.847 [main] DEBUG org.hibernate.persister.walking.spi.MetamodelGraphWalker - Visiting attribute path : available
17:26:15.847 [main] DEBUG org.hibernate.persister.walking.spi.MetamodelGraphWalker - Visiting attribute path : buyingPrice
17:26:15.847 [main] DEBUG org.hibernate.persister.walking.spi.MetamodelGraphWalker - Visiting attribute path : cartId
17:26:15.847 [main] DEBUG org.hibernate.persister.walking.spi.MetamodelGraphWalker - Visiting attribute path : product
17:26:15.847 [main] DEBUG org.hibernate.loader.plan.build.internal.spaces.QuerySpacesImpl - Adding QuerySpace : uid = &lt;gen:1&gt; -&gt; org.hibernate.loader.plan.build.internal.spaces.EntityQuerySpaceImpl@bfec2f9]
17:26:15.847 [main] DEBUG org.hibernate.persister.walking.spi.MetamodelGraphWalker - Visiting attribute path : productCount
17:26:15.847 [main] DEBUG org.hibernate.persister.walking.spi.MetamodelGraphWalker - Visiting attribute path : total
17:26:15.847 [main] DEBUG org.hibernate.loader.plan.build.internal.FetchStyleLoadPlanBuildingAssociationVisitationStrategy - Building LoadPlan...
17:26:15.847 [main] DEBUG org.hibernate.loader.plan.exec.internal.LoadQueryJoinAndFetchProcessor - processing queryspace &lt;gen:0&gt;
17:26:15.847 [main] DEBUG org.hibernate.loader.plan.build.spi.LoadPlanTreePrinter - LoadPlan(entity=org.codemaster.shoppingbackend.dto.CartLine)
    - Returns
       - EntityReturnImpl(entity=org.codemaster.shoppingbackend.dto.CartLine, querySpaceUid=&lt;gen:0&gt;, path=org.codemaster.shoppingbackend.dto.CartLine)
          - EntityAttributeFetchImpl(entity=org.codemaster.shoppingbackend.dto.Product, querySpaceUid=&lt;gen:1&gt;, path=org.codemaster.shoppingbackend.dto.CartLine.product)
    - QuerySpaces
       - EntityQuerySpaceImpl(uid=&lt;gen:0&gt;, entity=org.codemaster.shoppingbackend.dto.CartLine)
          - SQL table alias mapping - cartline0_
          - alias suffix - 0_
          - suffixed key columns - {id1_2_0_}

17:26:15.847 [main] DEBUG org.hibernate.loader.entity.plan.EntityLoader - Static select for entity org.codemaster.shoppingbackend.dto.CartLine [UPGRADE_SKIPLOCKED]: select cartline0_.id as id1_2_0_, cartline0_.is_available as is_avail2_2_0_, cartline0_.buying_price as buying_p3_2_0_, cartline0_.cart_id as cart_id4_2_0_, cartline0_.product_id as product_7_2_0_, cartline0_.product_count as product_5_2_0_, cartline0_.total as total6_2_0_ from cart_line cartline0_ where cartline0_.id=? for update
17:26:15.847 [main] DEBUG org.hibernate.loader.plan.build.internal.spaces.QuerySpacesImpl - Adding QuerySpace : uid = &lt;gen:0&gt; -&gt; org.hibernate.loader.plan.build.internal.spaces.EntityQuerySpaceImpl@708eb310]
17:26:15.847 [main] DEBUG org.hibernate.persister.walking.spi.MetamodelGraphWalker - Visiting attribute path : available
17:26:15.847 [main] DEBUG org.hibernate.persister.walking.spi.MetamodelGraphWalker - Visiting attribute path : buyingPrice
17:26:15.847 [main] DEBUG org.hibernate.persister.walking.spi.MetamodelGraphWalker - Visiting attribute path : cartId
17:26:15.847 [main] DEBUG org.hibernate.persister.walking.spi.MetamodelGraphWalker - Visiting attribute path : product
17:26:15.847 [main] DEBUG org.hibernate.loader.plan.build.internal.spaces.QuerySpacesImpl - Adding QuerySpace : uid = &lt;gen:1&gt; -&gt; org.hibernate.loader.plan.build.internal.spaces.EntityQuerySpaceImpl@1e977098]
17:26:15.847 [main] DEBUG org.hibernate.persister.walking.spi.MetamodelGraphWalker - Visiting attribute path : productCount
17:26:15.847 [main] DEBUG org.hibernate.persister.walking.spi.MetamodelGraphWalker - Visiting attribute path : total
17:26:15.862 [main] DEBUG org.hibernate.loader.plan.build.internal.FetchStyleLoadPlanBuildingAssociationVisitationStrategy - Building LoadPlan...
17:26:15.862 [main] DEBUG org.hibernate.loader.plan.exec.internal.LoadQueryJoinAndFetchProcessor - processing queryspace &lt;gen:0&gt;
17:26:15.863 [main] DEBUG org.hibernate.loader.plan.build.spi.LoadPlanTreePrinter - LoadPlan(entity=org.codemaster.shoppingbackend.dto.CartLine)
    - Returns
       - EntityReturnImpl(entity=org.codemaster.shoppingbackend.dto.CartLine, querySpaceUid=&lt;gen:0&gt;, path=org.codemaster.shoppingbackend.dto.CartLine)
          - EntityAttributeFetchImpl(entity=org.codemaster.shoppingbackend.dto.Product, querySpaceUid=&lt;gen:1&gt;, path=org.codemaster.shoppingbackend.dto.CartLine.product)
    - QuerySpaces
       - EntityQuerySpaceImpl(uid=&lt;gen:0&gt;, entity=org.codemaster.shoppingbackend.dto.CartLine)
          - SQL table alias mapping - cartline0_
          - alias suffix - 0_
          - suffixed key columns - {id1_2_0_}

17:26:15.864 [main] DEBUG org.hibernate.loader.entity.plan.EntityLoader - Static select for entity org.codemaster.shoppingbackend.dto.CartLine [FORCE]: select cartline0_.id as id1_2_0_, cartline0_.is_available as is_avail2_2_0_, cartline0_.buying_price as buying_p3_2_0_, cartline0_.cart_id as cart_id4_2_0_, cartline0_.product_id as product_7_2_0_, cartline0_.product_count as product_5_2_0_, cartline0_.total as total6_2_0_ from cart_line cartline0_ where cartline0_.id=? for update
17:26:15.864 [main] DEBUG org.hibernate.loader.plan.build.internal.spaces.QuerySpacesImpl - Adding QuerySpace : uid = &lt;gen:0&gt; -&gt; org.hibernate.loader.plan.build.internal.spaces.EntityQuerySpaceImpl@630390b9]
17:26:15.864 [main] DEBUG org.hibernate.persister.walking.spi.MetamodelGraphWalker - Visiting attribute path : available
17:26:15.864 [main] DEBUG org.hibernate.persister.walking.spi.MetamodelGraphWalker - Visiting attribute path : buyingPrice
17:26:15.864 [main] DEBUG org.hibernate.persister.walking.spi.MetamodelGraphWalker - Visiting attribute path : cartId
17:26:15.864 [main] DEBUG org.hibernate.persister.walking.spi.MetamodelGraphWalker - Visiting attribute path : product
17:26:15.865 [main] DEBUG org.hibernate.loader.plan.build.internal.spaces.QuerySpacesImpl - Adding QuerySpace : uid = &lt;gen:1&gt; -&gt; org.hibernate.loader.plan.build.internal.spaces.EntityQuerySpaceImpl@6c8dbf56]
17:26:15.865 [main] DEBUG org.hibernate.persister.walking.spi.MetamodelGraphWalker - Visiting attribute path : productCount
17:26:15.865 [main] DEBUG org.hibernate.persister.walking.spi.MetamodelGraphWalker - Visiting attribute path : total
17:26:15.865 [main] DEBUG org.hibernate.loader.plan.build.internal.FetchStyleLoadPlanBuildingAssociationVisitationStrategy - Building LoadPlan...
17:26:15.865 [main] DEBUG org.hibernate.loader.plan.exec.internal.LoadQueryJoinAndFetchProcessor - processing queryspace &lt;gen:0&gt;
17:26:15.866 [main] DEBUG org.hibernate.loader.plan.build.spi.LoadPlanTreePrinter - LoadPlan(entity=org.codemaster.shoppingbackend.dto.CartLine)
    - Returns
       - EntityReturnImpl(entity=org.codemaster.shoppingbackend.dto.CartLine, querySpaceUid=&lt;gen:0&gt;, path=org.codemaster.shoppingbackend.dto.CartLine)
          - EntityAttributeFetchImpl(entity=org.codemaster.shoppingbackend.dto.Product, querySpaceUid=&lt;gen:1&gt;, path=org.codemaster.shoppingbackend.dto.CartLine.product)
    - QuerySpaces
       - EntityQuerySpaceImpl(uid=&lt;gen:0&gt;, entity=org.codemaster.shoppingbackend.dto.CartLine)
          - SQL table alias mapping - cartline0_
          - alias suffix - 0_
          - suffixed key columns - {id1_2_0_}

17:26:15.866 [main] DEBUG org.hibernate.loader.entity.plan.EntityLoader - Static select for entity org.codemaster.shoppingbackend.dto.CartLine [PESSIMISTIC_READ]: select cartline0_.id as id1_2_0_, cartline0_.is_available as is_avail2_2_0_, cartline0_.buying_price as buying_p3_2_0_, cartline0_.cart_id as cart_id4_2_0_, cartline0_.product_id as product_7_2_0_, cartline0_.product_count as product_5_2_0_, cartline0_.total as total6_2_0_ from cart_line cartline0_ where cartline0_.id=? for update
17:26:15.866 [main] DEBUG org.hibernate.loader.plan.build.internal.spaces.QuerySpacesImpl - Adding QuerySpace : uid = &lt;gen:0&gt; -&gt; org.hibernate.loader.plan.build.internal.spaces.EntityQuerySpaceImpl@493b01ef]
17:26:15.867 [main] DEBUG org.hibernate.persister.walking.spi.MetamodelGraphWalker - Visiting attribute path : available
17:26:15.867 [main] DEBUG org.hibernate.persister.walking.spi.MetamodelGraphWalker - Visiting attribute path : buyingPrice
17:26:15.867 [main] DEBUG org.hibernate.persister.walking.spi.MetamodelGraphWalker - Visiting attribute path : cartId
17:26:15.867 [main] DEBUG org.hibernate.persister.walking.spi.MetamodelGraphWalker - Visiting attribute path : product
17:26:15.869 [main] DEBUG org.hibernate.loader.plan.build.internal.spaces.QuerySpacesImpl - Adding QuerySpace : uid = &lt;gen:1&gt; -&gt; org.hibernate.loader.plan.build.internal.spaces.EntityQuerySpaceImpl@55fee662]
17:26:15.874 [main] DEBUG org.hibernate.persister.walking.spi.MetamodelGraphWalker - Visiting attribute path : productCount
17:26:15.876 [main] DEBUG org.hibernate.persister.walking.spi.MetamodelGraphWalker - Visiting attribute path : total
17:26:15.877 [main] DEBUG org.hibernate.loader.plan.build.internal.FetchStyleLoadPlanBuildingAssociationVisitationStrategy - Building LoadPlan...
17:26:15.877 [main] DEBUG org.hibernate.loader.plan.exec.internal.LoadQueryJoinAndFetchProcessor - processing queryspace &lt;gen:0&gt;
17:26:15.925 [main] DEBUG org.hibernate.loader.plan.build.spi.LoadPlanTreePrinter - LoadPlan(entity=org.codemaster.shoppingbackend.dto.CartLine)
    - Returns
       - EntityReturnImpl(entity=org.codemaster.shoppingbackend.dto.CartLine, querySpaceUid=&lt;gen:0&gt;, path=org.codemaster.shoppingbackend.dto.CartLine)
          - EntityAttributeFetchImpl(entity=org.codemaster.shoppingbackend.dto.Product, querySpaceUid=&lt;gen:1&gt;, path=org.codemaster.shoppingbackend.dto.CartLine.product)
    - QuerySpaces
       - EntityQuerySpaceImpl(uid=&lt;gen:0&gt;, entity=org.codemaster.shoppingbackend.dto.CartLine)
          - SQL table alias mapping - cartline0_
          - alias suffix - 0_
          - suffixed key columns - {id1_2_0_}

17:26:15.925 [main] DEBUG org.hibernate.loader.entity.plan.EntityLoader - Static select for entity org.codemaster.shoppingbackend.dto.CartLine [PESSIMISTIC_WRITE]: select cartline0_.id as id1_2_0_, cartline0_.is_available as is_avail2_2_0_, cartline0_.buying_price as buying_p3_2_0_, cartline0_.cart_id as cart_id4_2_0_, cartline0_.product_id as product_7_2_0_, cartline0_.product_count as product_5_2_0_, cartline0_.total as total6_2_0_ from cart_line cartline0_ where cartline0_.id=? for update
17:26:15.925 [main] DEBUG org.hibernate.loader.plan.build.internal.spaces.QuerySpacesImpl - Adding QuerySpace : uid = &lt;gen:0&gt; -&gt; org.hibernate.loader.plan.build.internal.spaces.EntityQuerySpaceImpl@54089484]
17:26:15.925 [main] DEBUG org.hibernate.persister.walking.spi.MetamodelGraphWalker - Visiting attribute path : available
17:26:15.925 [main] DEBUG org.hibernate.persister.walking.spi.MetamodelGraphWalker - Visiting attribute path : buyingPrice
17:26:15.925 [main] DEBUG org.hibernate.persister.walking.spi.MetamodelGraphWalker - Visiting attribute path : cartId
17:26:15.925 [main] DEBUG org.hibernate.persister.walking.spi.MetamodelGraphWalker - Visiting attribute path : product
17:26:15.925 [main] DEBUG org.hibernate.loader.plan.build.internal.spaces.QuerySpacesImpl - Adding QuerySpace : uid = &lt;gen:1&gt; -&gt; org.hibernate.loader.plan.build.internal.spaces.EntityQuerySpaceImpl@65fe2691]
17:26:15.925 [main] DEBUG org.hibernate.persister.walking.spi.MetamodelGraphWalker - Visiting attribute path : productCount
17:26:15.925 [main] DEBUG org.hibernate.persister.walking.spi.MetamodelGraphWalker - Visiting attribute path : total
17:26:15.925 [main] DEBUG org.hibernate.loader.plan.build.internal.FetchStyleLoadPlanBuildingAssociationVisitationStrategy - Building LoadPlan...
17:26:15.925 [main] DEBUG org.hibernate.loader.plan.exec.internal.LoadQueryJoinAndFetchProcessor - processing queryspace &lt;gen:0&gt;
17:26:15.925 [main] DEBUG org.hibernate.loader.plan.build.spi.LoadPlanTreePrinter - LoadPlan(entity=org.codemaster.shoppingbackend.dto.CartLine)
    - Returns
       - EntityReturnImpl(entity=org.codemaster.shoppingbackend.dto.CartLine, querySpaceUid=&lt;gen:0&gt;, path=org.codemaster.shoppingbackend.dto.CartLine)
          - EntityAttributeFetchImpl(entity=org.codemaster.shoppingbackend.dto.Product, querySpaceUid=&lt;gen:1&gt;, path=org.codemaster.shoppingbackend.dto.CartLine.product)
    - QuerySpaces
       - EntityQuerySpaceImpl(uid=&lt;gen:0&gt;, entity=org.codemaster.shoppingbackend.dto.CartLine)
          - SQL table alias mapping - cartline0_
          - alias suffix - 0_
          - suffixed key columns - {id1_2_0_}

17:26:15.925 [main] DEBUG org.hibernate.loader.entity.plan.EntityLoader - Static select for entity org.codemaster.shoppingbackend.dto.CartLine [PESSIMISTIC_FORCE_INCREMENT]: select cartline0_.id as id1_2_0_, cartline0_.is_available as is_avail2_2_0_, cartline0_.buying_price as buying_p3_2_0_, cartline0_.cart_id as cart_id4_2_0_, cartline0_.product_id as product_7_2_0_, cartline0_.product_count as product_5_2_0_, cartline0_.total as total6_2_0_ from cart_line cartline0_ where cartline0_.id=? for update
17:26:15.925 [main] DEBUG org.hibernate.loader.plan.build.internal.spaces.QuerySpacesImpl - Adding QuerySpace : uid = &lt;gen:0&gt; -&gt; org.hibernate.loader.plan.build.internal.spaces.EntityQuerySpaceImpl@479111ba]
17:26:15.925 [main] DEBUG org.hibernate.persister.walking.spi.MetamodelGraphWalker - Visiting attribute path : available
17:26:15.925 [main] DEBUG org.hibernate.persister.walking.spi.MetamodelGraphWalker - Visiting attribute path : buyingPrice
17:26:15.925 [main] DEBUG org.hibernate.persister.walking.spi.MetamodelGraphWalker - Visiting attribute path : cartId
17:26:15.925 [main] DEBUG org.hibernate.persister.walking.spi.MetamodelGraphWalker - Visiting attribute path : product
17:26:15.925 [main] DEBUG org.hibernate.loader.plan.build.internal.spaces.QuerySpacesImpl - Adding QuerySpace : uid = &lt;gen:1&gt; -&gt; org.hibernate.loader.plan.build.internal.spaces.EntityQuerySpaceImpl@7c37f145]
17:26:15.925 [main] DEBUG org.hibernate.persister.walking.spi.MetamodelGraphWalker - Visiting attribute path : productCount
17:26:15.925 [main] DEBUG org.hibernate.persister.walking.spi.MetamodelGraphWalker - Visiting attribute path : total
17:26:15.925 [main] DEBUG org.hibernate.loader.plan.build.internal.FetchStyleLoadPlanBuildingAssociationVisitationStrategy - Building LoadPlan...
17:26:15.925 [main] DEBUG org.hibernate.loader.plan.exec.internal.LoadQueryJoinAndFetchProcessor - processing queryspace &lt;gen:0&gt;
17:26:15.925 [main] DEBUG org.hibernate.loader.plan.build.spi.LoadPlanTreePrinter - LoadPlan(entity=org.codemaster.shoppingbackend.dto.CartLine)
    - Returns
       - EntityReturnImpl(entity=org.codemaster.shoppingbackend.dto.CartLine, querySpaceUid=&lt;gen:0&gt;, path=org.codemaster.shoppingbackend.dto.CartLine)
          - EntityAttributeFetchImpl(entity=org.codemaster.shoppingbackend.dto.Product, querySpaceUid=&lt;gen:1&gt;, path=org.codemaster.shoppingbackend.dto.CartLine.product)
    - QuerySpaces
       - EntityQuerySpaceImpl(uid=&lt;gen:0&gt;, entity=org.codemaster.shoppingbackend.dto.CartLine)
          - SQL table alias mapping - cartline0_
          - alias suffix - 0_
          - suffixed key columns - {id1_2_0_}

17:26:15.925 [main] DEBUG org.hibernate.loader.entity.plan.EntityLoader - Static select for entity org.codemaster.shoppingbackend.dto.CartLine [OPTIMISTIC]: select cartline0_.id as id1_2_0_, cartline0_.is_available as is_avail2_2_0_, cartline0_.buying_price as buying_p3_2_0_, cartline0_.cart_id as cart_id4_2_0_, cartline0_.product_id as product_7_2_0_, cartline0_.product_count as product_5_2_0_, cartline0_.total as total6_2_0_ from cart_line cartline0_ where cartline0_.id=?
17:26:15.925 [main] DEBUG org.hibernate.loader.plan.build.internal.spaces.QuerySpacesImpl - Adding QuerySpace : uid = &lt;gen:0&gt; -&gt; org.hibernate.loader.plan.build.internal.spaces.EntityQuerySpaceImpl@68699afc]
17:26:15.925 [main] DEBUG org.hibernate.persister.walking.spi.MetamodelGraphWalker - Visiting attribute path : available
17:26:15.925 [main] DEBUG org.hibernate.persister.walking.spi.MetamodelGraphWalker - Visiting attribute path : buyingPrice
17:26:15.925 [main] DEBUG org.hibernate.persister.walking.spi.MetamodelGraphWalker - Visiting attribute path : cartId
17:26:15.925 [main] DEBUG org.hibernate.persister.walking.spi.MetamodelGraphWalker - Visiting attribute path : product
17:26:15.925 [main] DEBUG org.hibernate.loader.plan.build.internal.spaces.QuerySpacesImpl - Adding QuerySpace : uid = &lt;gen:1&gt; -&gt; org.hibernate.loader.plan.build.internal.spaces.EntityQuerySpaceImpl@1823b9c4]
17:26:15.925 [main] DEBUG org.hibernate.persister.walking.spi.MetamodelGraphWalker - Visiting attribute path : productCount
17:26:15.925 [main] DEBUG org.hibernate.persister.walking.spi.MetamodelGraphWalker - Visiting attribute path : total
17:26:15.925 [main] DEBUG org.hibernate.loader.plan.build.internal.FetchStyleLoadPlanBuildingAssociationVisitationStrategy - Building LoadPlan...
17:26:15.925 [main] DEBUG org.hibernate.loader.plan.exec.internal.LoadQueryJoinAndFetchProcessor - processing queryspace &lt;gen:0&gt;
17:26:15.925 [main] DEBUG org.hibernate.loader.plan.build.spi.LoadPlanTreePrinter - LoadPlan(entity=org.codemaster.shoppingbackend.dto.CartLine)
    - Returns
       - EntityReturnImpl(entity=org.codemaster.shoppingbackend.dto.CartLine, querySpaceUid=&lt;gen:0&gt;, path=org.codemaster.shoppingbackend.dto.CartLine)
          - EntityAttributeFetchImpl(entity=org.codemaster.shoppingbackend.dto.Product, querySpaceUid=&lt;gen:1&gt;, path=org.codemaster.shoppingbackend.dto.CartLine.product)
    - QuerySpaces
       - EntityQuerySpaceImpl(uid=&lt;gen:0&gt;, entity=org.codemaster.shoppingbackend.dto.CartLine)
          - SQL table alias mapping - cartline0_
          - alias suffix - 0_
          - suffixed key columns - {id1_2_0_}

17:26:15.925 [main] DEBUG org.hibernate.loader.entity.plan.EntityLoader - Static select for entity org.codemaster.shoppingbackend.dto.CartLine [OPTIMISTIC_FORCE_INCREMENT]: select cartline0_.id as id1_2_0_, cartline0_.is_available as is_avail2_2_0_, cartline0_.buying_price as buying_p3_2_0_, cartline0_.cart_id as cart_id4_2_0_, cartline0_.product_id as product_7_2_0_, cartline0_.product_count as product_5_2_0_, cartline0_.total as total6_2_0_ from cart_line cartline0_ where cartline0_.id=?
17:26:15.925 [main] DEBUG org.hibernate.loader.Loader - Static select for action ACTION_MERGE on entity org.codemaster.shoppingbackend.dto.CartLine: select cartline0_.id as id1_2_0_, cartline0_.is_available as is_avail2_2_0_, cartline0_.buying_price as buying_p3_2_0_, cartline0_.cart_id as cart_id4_2_0_, cartline0_.product_id as product_7_2_0_, cartline0_.product_count as product_5_2_0_, cartline0_.total as total6_2_0_ from cart_line cartline0_ where cartline0_.id=?
17:26:15.925 [main] DEBUG org.hibernate.loader.Loader - Static select for action ACTION_REFRESH on entity org.codemaster.shoppingbackend.dto.CartLine: select cartline0_.id as id1_2_0_, cartline0_.is_available as is_avail2_2_0_, cartline0_.buying_price as buying_p3_2_0_, cartline0_.cart_id as cart_id4_2_0_, cartline0_.product_id as product_7_2_0_, cartline0_.product_count as product_5_2_0_, cartline0_.total as total6_2_0_ from cart_line cartline0_ where cartline0_.id=?
17:26:15.925 [main] DEBUG org.hibernate.persister.entity.AbstractEntityPersister - Static SQL for entity: org.codemaster.shoppingbackend.dto.OrderDetail
17:26:15.925 [main] DEBUG org.hibernate.persister.entity.AbstractEntityPersister -  Version select: select id from order_detail where id =?
17:26:15.925 [main] DEBUG org.hibernate.persister.entity.AbstractEntityPersister -  Snapshot select: select orderdetai_.id, orderdetai_.billing_id as billing_5_4_, orderdetai_.order_count as order_co2_4_, orderdetai_.order_date as order_da3_4_, orderdetai_.order_total as order_to4_4_, orderdetai_.shipping_id as shipping6_4_, orderdetai_.user_id as user_id7_4_ from order_detail orderdetai_ where orderdetai_.id=?
17:26:15.925 [main] DEBUG org.hibernate.persister.entity.AbstractEntityPersister -  Insert 0: insert into order_detail (billing_id, order_count, order_date, order_total, shipping_id, user_id, id) values (?, ?, ?, ?, ?, ?, ?)
17:26:15.925 [main] DEBUG org.hibernate.persister.entity.AbstractEntityPersister -  Update 0: update order_detail set billing_id=?, order_count=?, order_date=?, order_total=?, shipping_id=?, user_id=? where id=?
17:26:15.925 [main] DEBUG org.hibernate.persister.entity.AbstractEntityPersister -  Delete 0: delete from order_detail where id=?
17:26:15.925 [main] DEBUG org.hibernate.persister.entity.AbstractEntityPersister -  Identity insert: insert into order_detail (id, billing_id, order_count, order_date, order_total, shipping_id, user_id) values (null, ?, ?, ?, ?, ?, ?)
17:26:15.925 [main] DEBUG org.hibernate.loader.plan.build.internal.spaces.QuerySpacesImpl - Adding QuerySpace : uid = &lt;gen:0&gt; -&gt; org.hibernate.loader.plan.build.internal.spaces.EntityQuerySpaceImpl@5b5dce5c]
17:26:15.925 [main] DEBUG org.hibernate.persister.walking.spi.MetamodelGraphWalker - Visiting attribute path : billing
17:26:15.925 [main] DEBUG org.hibernate.loader.plan.build.internal.spaces.QuerySpacesImpl - Adding QuerySpace : uid = &lt;gen:1&gt; -&gt; org.hibernate.loader.plan.build.internal.spaces.EntityQuerySpaceImpl@adcfad9]
17:26:15.925 [main] DEBUG org.hibernate.persister.walking.spi.MetamodelGraphWalker - Visiting attribute path : billing.addressLineOne
17:26:15.925 [main] DEBUG org.hibernate.persister.walking.spi.MetamodelGraphWalker - Visiting attribute path : billing.addressLineTwo
17:26:15.941 [main] DEBUG org.hibernate.persister.walking.spi.MetamodelGraphWalker - Visiting attribute path : billing.billing
17:26:15.941 [main] DEBUG org.hibernate.persister.walking.spi.MetamodelGraphWalker - Visiting attribute path : billing.city
17:26:15.941 [main] DEBUG org.hibernate.persister.walking.spi.MetamodelGraphWalker - Visiting attribute path : billing.country
17:26:15.941 [main] DEBUG org.hibernate.persister.walking.spi.MetamodelGraphWalker - Visiting attribute path : billing.postalCode
17:26:15.941 [main] DEBUG org.hibernate.persister.walking.spi.MetamodelGraphWalker - Visiting attribute path : billing.shipping
17:26:15.941 [main] DEBUG org.hibernate.persister.walking.spi.MetamodelGraphWalker - Visiting attribute path : billing.state
17:26:15.941 [main] DEBUG org.hibernate.persister.walking.spi.MetamodelGraphWalker - Visiting attribute path : billing.userId
17:26:15.941 [main] DEBUG org.hibernate.persister.walking.spi.MetamodelGraphWalker - Visiting attribute path : orderCount
17:26:15.941 [main] DEBUG org.hibernate.persister.walking.spi.MetamodelGraphWalker - Visiting attribute path : orderDate
17:26:15.941 [main] DEBUG org.hibernate.persister.walking.spi.MetamodelGraphWalker - Visiting attribute path : orderItems
17:26:15.941 [main] DEBUG org.hibernate.loader.plan.build.internal.spaces.QuerySpacesImpl - Adding QuerySpace : uid = &lt;gen:2&gt; -&gt; org.hibernate.loader.plan.build.internal.spaces.CollectionQuerySpaceImpl@309cedb6]
17:26:15.941 [main] DEBUG org.hibernate.loader.plan.build.internal.spaces.QuerySpacesImpl - Adding QuerySpace : uid = &lt;gen:3&gt; -&gt; org.hibernate.loader.plan.build.internal.spaces.EntityQuerySpaceImpl@46039a21]
17:26:15.941 [main] DEBUG org.hibernate.persister.walking.spi.MetamodelGraphWalker - Visiting attribute path : orderItems.buyingPrice
17:26:15.941 [main] DEBUG org.hibernate.persister.walking.spi.MetamodelGraphWalker - Visiting attribute path : orderItems.orderDetail
17:26:15.941 [main] DEBUG org.hibernate.persister.walking.spi.MetamodelGraphWalker - Property path deemed to be circular : orderItems.orderDetail
17:26:15.941 [main] DEBUG org.hibernate.persister.walking.spi.MetamodelGraphWalker - Visiting attribute path : orderItems.product
17:26:15.941 [main] DEBUG org.hibernate.loader.plan.build.internal.spaces.QuerySpacesImpl - Adding QuerySpace : uid = &lt;gen:4&gt; -&gt; org.hibernate.loader.plan.build.internal.spaces.EntityQuerySpaceImpl@3127cb44]
17:26:15.941 [main] DEBUG org.hibernate.persister.walking.spi.MetamodelGraphWalker - Visiting attribute path : orderItems.product.active
17:26:15.941 [main] DEBUG org.hibernate.persister.walking.spi.MetamodelGraphWalker - Visiting attribute path : orderItems.product.brand
17:26:15.941 [main] DEBUG org.hibernate.persister.walking.spi.MetamodelGraphWalker - Visiting attribute path : orderItems.product.categoryId
17:26:15.941 [main] DEBUG org.hibernate.persister.walking.spi.MetamodelGraphWalker - Visiting attribute path : orderItems.product.code
17:26:15.941 [main] DEBUG org.hibernate.persister.walking.spi.MetamodelGraphWalker - Visiting attribute path : orderItems.product.description
17:26:15.941 [main] DEBUG org.hibernate.persister.walking.spi.MetamodelGraphWalker - Visiting attribute path : orderItems.product.name
17:26:15.941 [main] DEBUG org.hibernate.persister.walking.spi.MetamodelGraphWalker - Visiting attribute path : orderItems.product.purchases
17:26:15.941 [main] DEBUG org.hibernate.persister.walking.spi.MetamodelGraphWalker - Visiting attribute path : orderItems.product.quantity
17:26:15.941 [main] DEBUG org.hibernate.persister.walking.spi.MetamodelGraphWalker - Visiting attribute path : orderItems.product.supplierId
17:26:15.941 [main] DEBUG org.hibernate.persister.walking.spi.MetamodelGraphWalker - Visiting attribute path : orderItems.product.unitPrice
17:26:15.941 [main] DEBUG org.hibernate.persister.walking.spi.MetamodelGraphWalker - Visiting attribute path : orderItems.product.views
17:26:15.941 [main] DEBUG org.hibernate.persister.walking.spi.MetamodelGraphWalker - Visiting attribute path : orderItems.productCount
17:26:15.941 [main] DEBUG org.hibernate.persister.walking.spi.MetamodelGraphWalker - Visiting attribute path : orderItems.total
17:26:15.941 [main] DEBUG org.hibernate.persister.walking.spi.MetamodelGraphWalker - Visiting attribute path : orderTotal
17:26:15.941 [main] DEBUG org.hibernate.persister.walking.spi.MetamodelGraphWalker - Visiting attribute path : shipping
17:26:15.941 [main] DEBUG org.hibernate.loader.plan.build.internal.spaces.QuerySpacesImpl - Adding QuerySpace : uid = &lt;gen:5&gt; -&gt; org.hibernate.loader.plan.build.internal.spaces.EntityQuerySpaceImpl@631cb129]
17:26:15.941 [main] DEBUG org.hibernate.persister.walking.spi.MetamodelGraphWalker - Visiting attribute path : shipping.addressLineOne
17:26:15.941 [main] DEBUG org.hibernate.persister.walking.spi.MetamodelGraphWalker - Visiting attribute path : shipping.addressLineTwo
17:26:15.941 [main] DEBUG org.hibernate.persister.walking.spi.MetamodelGraphWalker - Visiting attribute path : shipping.billing
17:26:15.941 [main] DEBUG org.hibernate.persister.walking.spi.MetamodelGraphWalker - Visiting attribute path : shipping.city
17:26:15.941 [main] DEBUG org.hibernate.persister.walking.spi.MetamodelGraphWalker - Visiting attribute path : shipping.country
17:26:15.941 [main] DEBUG org.hibernate.persister.walking.spi.MetamodelGraphWalker - Visiting attribute path : shipping.postalCode
17:26:15.941 [main] DEBUG org.hibernate.persister.walking.spi.MetamodelGraphWalker - Visiting attribute path : shipping.shipping
17:26:15.941 [main] DEBUG org.hibernate.persister.walking.spi.MetamodelGraphWalker - Visiting attribute path : shipping.state
17:26:15.941 [main] DEBUG org.hibernate.persister.walking.spi.MetamodelGraphWalker - Visiting attribute path : shipping.userId
17:26:15.941 [main] DEBUG org.hibernate.persister.walking.spi.MetamodelGraphWalker - Visiting attribute path : user
17:26:15.941 [main] DEBUG org.hibernate.loader.plan.build.internal.spaces.QuerySpacesImpl - Adding QuerySpace : uid = &lt;gen:6&gt; -&gt; org.hibernate.loader.plan.build.internal.spaces.EntityQuerySpaceImpl@3252747e]
17:26:15.941 [main] DEBUG org.hibernate.persister.walking.spi.MetamodelGraphWalker - Visiting attribute path : user.contactNumber
17:26:15.941 [main] DEBUG org.hibernate.persister.walking.spi.MetamodelGraphWalker - Visiting attribute path : user.email
17:26:15.941 [main] DEBUG org.hibernate.persister.walking.spi.MetamodelGraphWalker - Visiting attribute path : user.enabled
17:26:15.941 [main] DEBUG org.hibernate.persister.walking.spi.MetamodelGraphWalker - Visiting attribute path : user.firstName
17:26:15.941 [main] DEBUG org.hibernate.persister.walking.spi.MetamodelGraphWalker - Visiting attribute path : user.lastName
17:26:15.941 [main] DEBUG org.hibernate.persister.walking.spi.MetamodelGraphWalker - Visiting attribute path : user.password
17:26:15.941 [main] DEBUG org.hibernate.persister.walking.spi.MetamodelGraphWalker - Visiting attribute path : user.role
17:26:15.941 [main] DEBUG org.hibernate.persister.walking.spi.MetamodelGraphWalker - Visiting attribute path : user.cart
17:26:15.941 [main] DEBUG org.hibernate.loader.plan.build.internal.spaces.QuerySpacesImpl - Adding QuerySpace : uid = &lt;gen:7&gt; -&gt; org.hibernate.loader.plan.build.internal.spaces.EntityQuerySpaceImpl@2dd8ff1d]
17:26:15.941 [main] DEBUG org.hibernate.persister.walking.spi.MetamodelGraphWalker - Visiting attribute path : user.cart.cartLines
17:26:15.941 [main] DEBUG org.hibernate.persister.walking.spi.MetamodelGraphWalker - Visiting attribute path : user.cart.grandTotal
17:26:15.941 [main] DEBUG org.hibernate.persister.walking.spi.MetamodelGraphWalker - Visiting attribute path : user.cart.user
17:26:15.941 [main] DEBUG org.hibernate.persister.walking.spi.MetamodelGraphWalker - Property path deemed to be circular : user.cart.user
17:26:15.941 [main] DEBUG org.hibernate.loader.plan.build.internal.FetchStyleLoadPlanBuildingAssociationVisitationStrategy - Building LoadPlan...
17:26:15.941 [main] DEBUG org.hibernate.loader.plan.exec.internal.LoadQueryJoinAndFetchProcessor - processing queryspace &lt;gen:0&gt;
17:26:15.956 [main] DEBUG org.hibernate.loader.plan.build.spi.LoadPlanTreePrinter - LoadPlan(entity=org.codemaster.shoppingbackend.dto.OrderDetail)
    - Returns
       - EntityReturnImpl(entity=org.codemaster.shoppingbackend.dto.OrderDetail, querySpaceUid=&lt;gen:0&gt;, path=org.codemaster.shoppingbackend.dto.OrderDetail)
          - EntityAttributeFetchImpl(entity=org.codemaster.shoppingbackend.dto.Address, querySpaceUid=&lt;gen:1&gt;, path=org.codemaster.shoppingbackend.dto.OrderDetail.billing)
          - CollectionAttributeFetchImpl(collection=org.codemaster.shoppingbackend.dto.OrderDetail.orderItems, querySpaceUid=&lt;gen:2&gt;, path=org.codemaster.shoppingbackend.dto.OrderDetail.orderItems)
             - (collection element) CollectionFetchableElementEntityGraph(entity=org.codemaster.shoppingbackend.dto.OrderItem, querySpaceUid=&lt;gen:3&gt;, path=org.codemaster.shoppingbackend.dto.OrderDetail.orderItems.&lt;elements&gt;)
                - EntityAttributeFetchImpl(entity=org.codemaster.shoppingbackend.dto.Product, querySpaceUid=&lt;gen:4&gt;, path=org.codemaster.shoppingbackend.dto.OrderDetail.orderItems.&lt;elements&gt;.product)
          - EntityAttributeFetchImpl(entity=org.codemaster.shoppingbackend.dto.Address, querySpaceUid=&lt;gen:5&gt;, path=org.codemaster.shoppingbackend.dto.OrderDetail.shipping)
          - EntityAttributeFetchImpl(entity=org.codemaster.shoppingbackend.dto.User, querySpaceUid=&lt;gen:6&gt;, path=org.codemaster.shoppingbackend.dto.OrderDetail.user)
             - EntityAttributeFetchImpl(entity=org.codemaster.shoppingbackend.dto.Cart, querySpaceUid=&lt;gen:7&gt;, path=org.codemaster.shoppingbackend.dto.OrderDetail.user.cart)
    - QuerySpaces
       - EntityQuerySpaceImpl(uid=&lt;gen:0&gt;, entity=org.codemaster.shoppingbackend.dto.OrderDetail)
          - SQL table alias mapping - orderdetai0_
          - alias suffix - 0_
          - suffixed key columns - {id1_4_0_}
          - JOIN (JoinDefinedByMetadata(billing)) : &lt;gen:0&gt; -&gt; &lt;gen:1&gt;
             - EntityQuerySpaceImpl(uid=&lt;gen:1&gt;, entity=org.codemaster.shoppingbackend.dto.Address)
                - SQL table alias mapping - address1_
                - alias suffix - 1_
                - suffixed key columns - {id1_0_1_}
          - JOIN (JoinDefinedByMetadata(orderItems)) : &lt;gen:0&gt; -&gt; &lt;gen:2&gt;
             - CollectionQuerySpaceImpl(uid=&lt;gen:2&gt;, collection=org.codemaster.shoppingbackend.dto.OrderDetail.orderItems)
                - SQL table alias mapping - orderitems2_
                - alias suffix - 2_
                - suffixed key columns - {order_id5_5_2_}
                - entity-element alias suffix - 3_
                - 3_entity-element suffixed key columns - id1_5_3_
                - JOIN (JoinDefinedByMetadata(elements)) : &lt;gen:2&gt; -&gt; &lt;gen:3&gt;
                   - EntityQuerySpaceImpl(uid=&lt;gen:3&gt;, entity=org.codemaster.shoppingbackend.dto.OrderItem)
                      - SQL table alias mapping - orderitems2_
                      - alias suffix - 3_
                      - suffixed key columns - {id1_5_3_}
                      - JOIN (JoinDefinedByMetadata(product)) : &lt;gen:3&gt; -&gt; &lt;gen:4&gt;
                         - EntityQuerySpaceImpl(uid=&lt;gen:4&gt;, entity=org.codemaster.shoppingbackend.dto.Product)
                            - SQL table alias mapping - product3_
                            - alias suffix - 4_
                            - suffixed key columns - {id1_6_4_}
          - JOIN (JoinDefinedByMetadata(shipping)) : &lt;gen:0&gt; -&gt; &lt;gen:5&gt;
             - EntityQuerySpaceImpl(uid=&lt;gen:5&gt;, entity=org.codemaster.shoppingbackend.dto.Address)
                - SQL table alias mapping - address4_
                - alias suffix - 5_
                - suffixed key columns - {id1_0_5_}
          - JOIN (JoinDefinedByMetadata(user)) : &lt;gen:0&gt; -&gt; &lt;gen:6&gt;
             - EntityQuerySpaceImpl(uid=&lt;gen:6&gt;, entity=org.codemaster.shoppingbackend.dto.User)
                - SQL table alias mapping - user5_
                - alias suffix - 6_
                - suffixed key columns - {id1_7_6_}
                - JOIN (JoinDefinedByMetadata(cart)) : &lt;gen:6&gt; -&gt; &lt;gen:7&gt;
                   - EntityQuerySpaceImpl(uid=&lt;gen:7&gt;, entity=org.codemaster.shoppingbackend.dto.Cart)
                      - SQL table alias mapping - cart6_
                      - alias suffix - 7_
                      - suffixed key columns - {id1_1_7_}

17:26:15.956 [main] DEBUG org.hibernate.loader.entity.plan.EntityLoader - Static select for entity org.codemaster.shoppingbackend.dto.OrderDetail [NONE]: select orderdetai0_.id as id1_4_0_, orderdetai0_.billing_id as billing_5_4_0_, orderdetai0_.order_count as order_co2_4_0_, orderdetai0_.order_date as order_da3_4_0_, orderdetai0_.order_total as order_to4_4_0_, orderdetai0_.shipping_id as shipping6_4_0_, orderdetai0_.user_id as user_id7_4_0_, address1_.id as id1_0_1_, address1_.address_line_one as address_2_0_1_, address1_.address_line_two as address_3_0_1_, address1_.is_billing as is_billi4_0_1_, address1_.city as city5_0_1_, address1_.country as country6_0_1_, address1_.postal_code as postal_c7_0_1_, address1_.is_shipping as is_shipp8_0_1_, address1_.state as state9_0_1_, address1_.user_id as user_id10_0_1_, orderitems2_.order_id as order_id5_5_2_, orderitems2_.id as id1_5_2_, orderitems2_.id as id1_5_3_, orderitems2_.buying_price as buying_p2_5_3_, orderitems2_.order_id as order_id5_5_3_, orderitems2_.product_id as product_6_5_3_, orderitems2_.product_count as product_3_5_3_, orderitems2_.total as total4_5_3_, product3_.id as id1_6_4_, product3_.is_active as is_activ2_6_4_, product3_.brand as brand3_6_4_, product3_.category_id as category4_6_4_, product3_.code as code5_6_4_, product3_.description as descript6_6_4_, product3_.name as name7_6_4_, product3_.purchases as purchase8_6_4_, product3_.quantity as quantity9_6_4_, product3_.supplier_id as supplie10_6_4_, product3_.unit_price as unit_pr11_6_4_, product3_.views as views12_6_4_, address4_.id as id1_0_5_, address4_.address_line_one as address_2_0_5_, address4_.address_line_two as address_3_0_5_, address4_.is_billing as is_billi4_0_5_, address4_.city as city5_0_5_, address4_.country as country6_0_5_, address4_.postal_code as postal_c7_0_5_, address4_.is_shipping as is_shipp8_0_5_, address4_.state as state9_0_5_, address4_.user_id as user_id10_0_5_, user5_.id as id1_7_6_, user5_.contact_number as contact_2_7_6_, user5_.email as email3_7_6_, user5_.enabled as enabled4_7_6_, user5_.first_name as first_na5_7_6_, user5_.last_name as last_nam6_7_6_, user5_.password as password7_7_6_, user5_.role as role8_7_6_, cart6_.id as id1_1_7_, cart6_.cart_lines as cart_lin2_1_7_, cart6_.grand_total as grand_to3_1_7_, cart6_.user_id as user_id4_1_7_ from order_detail orderdetai0_ left outer join Address address1_ on orderdetai0_.billing_id=address1_.id left outer join order_item orderitems2_ on orderdetai0_.id=orderitems2_.order_id left outer join Product product3_ on orderitems2_.product_id=product3_.id left outer join Address address4_ on orderdetai0_.shipping_id=address4_.id left outer join user_detail user5_ on orderdetai0_.user_id=user5_.id left outer join Cart cart6_ on user5_.id=cart6_.user_id where orderdetai0_.id=?
17:26:15.956 [main] DEBUG org.hibernate.loader.plan.build.internal.spaces.QuerySpacesImpl - Adding QuerySpace : uid = &lt;gen:0&gt; -&gt; org.hibernate.loader.plan.build.internal.spaces.EntityQuerySpaceImpl@3a6045c6]
17:26:15.956 [main] DEBUG org.hibernate.persister.walking.spi.MetamodelGraphWalker - Visiting attribute path : billing
17:26:15.956 [main] DEBUG org.hibernate.loader.plan.build.internal.spaces.QuerySpacesImpl - Adding QuerySpace : uid = &lt;gen:1&gt; -&gt; org.hibernate.loader.plan.build.internal.spaces.EntityQuerySpaceImpl@b67cc70]
17:26:15.956 [main] DEBUG org.hibernate.persister.walking.spi.MetamodelGraphWalker - Visiting attribute path : billing.addressLineOne
17:26:15.956 [main] DEBUG org.hibernate.persister.walking.spi.MetamodelGraphWalker - Visiting attribute path : billing.addressLineTwo
17:26:15.972 [main] DEBUG org.hibernate.persister.walking.spi.MetamodelGraphWalker - Visiting attribute path : billing.billing
17:26:15.972 [main] DEBUG org.hibernate.persister.walking.spi.MetamodelGraphWalker - Visiting attribute path : billing.city
17:26:15.972 [main] DEBUG org.hibernate.persister.walking.spi.MetamodelGraphWalker - Visiting attribute path : billing.country
17:26:15.972 [main] DEBUG org.hibernate.persister.walking.spi.MetamodelGraphWalker - Visiting attribute path : billing.postalCode
17:26:15.972 [main] DEBUG org.hibernate.persister.walking.spi.MetamodelGraphWalker - Visiting attribute path : billing.shipping
17:26:15.972 [main] DEBUG org.hibernate.persister.walking.spi.MetamodelGraphWalker - Visiting attribute path : billing.state
17:26:15.972 [main] DEBUG org.hibernate.persister.walking.spi.MetamodelGraphWalker - Visiting attribute path : billing.userId
17:26:15.972 [main] DEBUG org.hibernate.persister.walking.spi.MetamodelGraphWalker - Visiting attribute path : orderCount
17:26:15.972 [main] DEBUG org.hibernate.persister.walking.spi.MetamodelGraphWalker - Visiting attribute path : orderDate
17:26:15.972 [main] DEBUG org.hibernate.persister.walking.spi.MetamodelGraphWalker - Visiting attribute path : orderItems
17:26:15.972 [main] DEBUG org.hibernate.loader.plan.build.internal.spaces.QuerySpacesImpl - Adding QuerySpace : uid = &lt;gen:2&gt; -&gt; org.hibernate.loader.plan.build.internal.spaces.CollectionQuerySpaceImpl@38b3f208]
17:26:15.972 [main] DEBUG org.hibernate.loader.plan.build.internal.spaces.QuerySpacesImpl - Adding QuerySpace : uid = &lt;gen:3&gt; -&gt; org.hibernate.loader.plan.build.internal.spaces.EntityQuerySpaceImpl@6680f714]
17:26:15.972 [main] DEBUG org.hibernate.persister.walking.spi.MetamodelGraphWalker - Visiting attribute path : orderItems.buyingPrice
17:26:15.972 [main] DEBUG org.hibernate.persister.walking.spi.MetamodelGraphWalker - Visiting attribute path : orderItems.orderDetail
17:26:15.972 [main] DEBUG org.hibernate.persister.walking.spi.MetamodelGraphWalker - Property path deemed to be circular : orderItems.orderDetail
17:26:15.972 [main] DEBUG org.hibernate.persister.walking.spi.MetamodelGraphWalker - Visiting attribute path : orderItems.product
17:26:15.972 [main] DEBUG org.hibernate.loader.plan.build.internal.spaces.QuerySpacesImpl - Adding QuerySpace : uid = &lt;gen:4&gt; -&gt; org.hibernate.loader.plan.build.internal.spaces.EntityQuerySpaceImpl@5a936e64]
17:26:15.972 [main] DEBUG org.hibernate.persister.walking.spi.MetamodelGraphWalker - Visiting attribute path : orderItems.product.active
17:26:15.972 [main] DEBUG org.hibernate.persister.walking.spi.MetamodelGraphWalker - Visiting attribute path : orderItems.product.brand
17:26:15.972 [main] DEBUG org.hibernate.persister.walking.spi.MetamodelGraphWalker - Visiting attribute path : orderItems.product.categoryId
17:26:15.972 [main] DEBUG org.hibernate.persister.walking.spi.MetamodelGraphWalker - Visiting attribute path : orderItems.product.code
17:26:15.972 [main] DEBUG org.hibernate.persister.walking.spi.MetamodelGraphWalker - Visiting attribute path : orderItems.product.description
17:26:15.972 [main] DEBUG org.hibernate.persister.walking.spi.MetamodelGraphWalker - Visiting attribute path : orderItems.product.name
17:26:15.972 [main] DEBUG org.hibernate.persister.walking.spi.MetamodelGraphWalker - Visiting attribute path : orderItems.product.purchases
17:26:15.972 [main] DEBUG org.hibernate.persister.walking.spi.MetamodelGraphWalker - Visiting attribute path : orderItems.product.quantity
17:26:15.972 [main] DEBUG org.hibernate.persister.walking.spi.MetamodelGraphWalker - Visiting attribute path : orderItems.product.supplierId
17:26:15.972 [main] DEBUG org.hibernate.persister.walking.spi.MetamodelGraphWalker - Visiting attribute path : orderItems.product.unitPrice
17:26:15.972 [main] DEBUG org.hibernate.persister.walking.spi.MetamodelGraphWalker - Visiting attribute path : orderItems.product.views
17:26:15.972 [main] DEBUG org.hibernate.persister.walking.spi.MetamodelGraphWalker - Visiting attribute path : orderItems.productCount
17:26:15.972 [main] DEBUG org.hibernate.persister.walking.spi.MetamodelGraphWalker - Visiting attribute path : orderItems.total
17:26:15.972 [main] DEBUG org.hibernate.persister.walking.spi.MetamodelGraphWalker - Visiting attribute path : orderTotal
17:26:15.972 [main] DEBUG org.hibernate.persister.walking.spi.MetamodelGraphWalker - Visiting attribute path : shipping
17:26:15.972 [main] DEBUG org.hibernate.loader.plan.build.internal.spaces.QuerySpacesImpl - Adding QuerySpace : uid = &lt;gen:5&gt; -&gt; org.hibernate.loader.plan.build.internal.spaces.EntityQuerySpaceImpl@65bad087]
17:26:15.972 [main] DEBUG org.hibernate.persister.walking.spi.MetamodelGraphWalker - Visiting attribute path : shipping.addressLineOne
17:26:15.972 [main] DEBUG org.hibernate.persister.walking.spi.MetamodelGraphWalker - Visiting attribute path : shipping.addressLineTwo
17:26:15.972 [main] DEBUG org.hibernate.persister.walking.spi.MetamodelGraphWalker - Visiting attribute path : shipping.billing
17:26:15.972 [main] DEBUG org.hibernate.persister.walking.spi.MetamodelGraphWalker - Visiting attribute path : shipping.city
17:26:15.972 [main] DEBUG org.hibernate.persister.walking.spi.MetamodelGraphWalker - Visiting attribute path : shipping.country
17:26:15.972 [main] DEBUG org.hibernate.persister.walking.spi.MetamodelGraphWalker - Visiting attribute path : shipping.postalCode
17:26:15.972 [main] DEBUG org.hibernate.persister.walking.spi.MetamodelGraphWalker - Visiting attribute path : shipping.shipping
17:26:15.972 [main] DEBUG org.hibernate.persister.walking.spi.MetamodelGraphWalker - Visiting attribute path : shipping.state
17:26:15.972 [main] DEBUG org.hibernate.persister.walking.spi.MetamodelGraphWalker - Visiting attribute path : shipping.userId
17:26:15.972 [main] DEBUG org.hibernate.persister.walking.spi.MetamodelGraphWalker - Visiting attribute path : user
17:26:15.972 [main] DEBUG org.hibernate.loader.plan.build.internal.spaces.QuerySpacesImpl - Adding QuerySpace : uid = &lt;gen:6&gt; -&gt; org.hibernate.loader.plan.build.internal.spaces.EntityQuerySpaceImpl@66cd621b]
17:26:15.972 [main] DEBUG org.hibernate.persister.walking.spi.MetamodelGraphWalker - Visiting attribute path : user.contactNumber
17:26:15.972 [main] DEBUG org.hibernate.persister.walking.spi.MetamodelGraphWalker - Visiting attribute path : user.email
17:26:15.972 [main] DEBUG org.hibernate.persister.walking.spi.MetamodelGraphWalker - Visiting attribute path : user.enabled
17:26:15.972 [main] DEBUG org.hibernate.persister.walking.spi.MetamodelGraphWalker - Visiting attribute path : user.firstName
17:26:15.972 [main] DEBUG org.hibernate.persister.walking.spi.MetamodelGraphWalker - Visiting attribute path : user.lastName
17:26:15.972 [main] DEBUG org.hibernate.persister.walking.spi.MetamodelGraphWalker - Visiting attribute path : user.password
17:26:15.972 [main] DEBUG org.hibernate.persister.walking.spi.MetamodelGraphWalker - Visiting attribute path : user.role
17:26:15.972 [main] DEBUG org.hibernate.persister.walking.spi.MetamodelGraphWalker - Visiting attribute path : user.cart
17:26:15.972 [main] DEBUG org.hibernate.loader.plan.build.internal.spaces.QuerySpacesImpl - Adding QuerySpace : uid = &lt;gen:7&gt; -&gt; org.hibernate.loader.plan.build.internal.spaces.EntityQuerySpaceImpl@3eb292cd]
17:26:15.972 [main] DEBUG org.hibernate.persister.walking.spi.MetamodelGraphWalker - Visiting attribute path : user.cart.cartLines
17:26:15.972 [main] DEBUG org.hibernate.persister.walking.spi.MetamodelGraphWalker - Visiting attribute path : user.cart.grandTotal
17:26:15.972 [main] DEBUG org.hibernate.persister.walking.spi.MetamodelGraphWalker - Visiting attribute path : user.cart.user
17:26:15.972 [main] DEBUG org.hibernate.persister.walking.spi.MetamodelGraphWalker - Property path deemed to be circular : user.cart.user
17:26:15.972 [main] DEBUG org.hibernate.loader.plan.build.internal.FetchStyleLoadPlanBuildingAssociationVisitationStrategy - Building LoadPlan...
17:26:15.972 [main] DEBUG org.hibernate.loader.plan.exec.internal.LoadQueryJoinAndFetchProcessor - processing queryspace &lt;gen:0&gt;
17:26:15.988 [main] DEBUG org.hibernate.loader.plan.build.spi.LoadPlanTreePrinter - LoadPlan(entity=org.codemaster.shoppingbackend.dto.OrderDetail)
    - Returns
       - EntityReturnImpl(entity=org.codemaster.shoppingbackend.dto.OrderDetail, querySpaceUid=&lt;gen:0&gt;, path=org.codemaster.shoppingbackend.dto.OrderDetail)
          - EntityAttributeFetchImpl(entity=org.codemaster.shoppingbackend.dto.Address, querySpaceUid=&lt;gen:1&gt;, path=org.codemaster.shoppingbackend.dto.OrderDetail.billing)
          - CollectionAttributeFetchImpl(collection=org.codemaster.shoppingbackend.dto.OrderDetail.orderItems, querySpaceUid=&lt;gen:2&gt;, path=org.codemaster.shoppingbackend.dto.OrderDetail.orderItems)
             - (collection element) CollectionFetchableElementEntityGraph(entity=org.codemaster.shoppingbackend.dto.OrderItem, querySpaceUid=&lt;gen:3&gt;, path=org.codemaster.shoppingbackend.dto.OrderDetail.orderItems.&lt;elements&gt;)
                - EntityAttributeFetchImpl(entity=org.codemaster.shoppingbackend.dto.Product, querySpaceUid=&lt;gen:4&gt;, path=org.codemaster.shoppingbackend.dto.OrderDetail.orderItems.&lt;elements&gt;.product)
          - EntityAttributeFetchImpl(entity=org.codemaster.shoppingbackend.dto.Address, querySpaceUid=&lt;gen:5&gt;, path=org.codemaster.shoppingbackend.dto.OrderDetail.shipping)
          - EntityAttributeFetchImpl(entity=org.codemaster.shoppingbackend.dto.User, querySpaceUid=&lt;gen:6&gt;, path=org.codemaster.shoppingbackend.dto.OrderDetail.user)
             - EntityAttributeFetchImpl(entity=org.codemaster.shoppingbackend.dto.Cart, querySpaceUid=&lt;gen:7&gt;, path=org.codemaster.shoppingbackend.dto.OrderDetail.user.cart)
    - QuerySpaces
       - EntityQuerySpaceImpl(uid=&lt;gen:0&gt;, entity=org.codemaster.shoppingbackend.dto.OrderDetail)
          - SQL table alias mapping - orderdetai0_
          - alias suffix - 0_
          - suffixed key columns - {id1_4_0_}
          - JOIN (JoinDefinedByMetadata(billing)) : &lt;gen:0&gt; -&gt; &lt;gen:1&gt;
             - EntityQuerySpaceImpl(uid=&lt;gen:1&gt;, entity=org.codemaster.shoppingbackend.dto.Address)
                - SQL table alias mapping - address1_
                - alias suffix - 1_
                - suffixed key columns - {id1_0_1_}
          - JOIN (JoinDefinedByMetadata(orderItems)) : &lt;gen:0&gt; -&gt; &lt;gen:2&gt;
             - CollectionQuerySpaceImpl(uid=&lt;gen:2&gt;, collection=org.codemaster.shoppingbackend.dto.OrderDetail.orderItems)
                - SQL table alias mapping - orderitems2_
                - alias suffix - 2_
                - suffixed key columns - {order_id5_5_2_}
                - entity-element alias suffix - 3_
                - 3_entity-element suffixed key columns - id1_5_3_
                - JOIN (JoinDefinedByMetadata(elements)) : &lt;gen:2&gt; -&gt; &lt;gen:3&gt;
                   - EntityQuerySpaceImpl(uid=&lt;gen:3&gt;, entity=org.codemaster.shoppingbackend.dto.OrderItem)
                      - SQL table alias mapping - orderitems2_
                      - alias suffix - 3_
                      - suffixed key columns - {id1_5_3_}
                      - JOIN (JoinDefinedByMetadata(product)) : &lt;gen:3&gt; -&gt; &lt;gen:4&gt;
                         - EntityQuerySpaceImpl(uid=&lt;gen:4&gt;, entity=org.codemaster.shoppingbackend.dto.Product)
                            - SQL table alias mapping - product3_
                            - alias suffix - 4_
                            - suffixed key columns - {id1_6_4_}
          - JOIN (JoinDefinedByMetadata(shipping)) : &lt;gen:0&gt; -&gt; &lt;gen:5&gt;
             - EntityQuerySpaceImpl(uid=&lt;gen:5&gt;, entity=org.codemaster.shoppingbackend.dto.Address)
                - SQL table alias mapping - address4_
                - alias suffix - 5_
                - suffixed key columns - {id1_0_5_}
          - JOIN (JoinDefinedByMetadata(user)) : &lt;gen:0&gt; -&gt; &lt;gen:6&gt;
             - EntityQuerySpaceImpl(uid=&lt;gen:6&gt;, entity=org.codemaster.shoppingbackend.dto.User)
                - SQL table alias mapping - user5_
                - alias suffix - 6_
                - suffixed key columns - {id1_7_6_}
                - JOIN (JoinDefinedByMetadata(cart)) : &lt;gen:6&gt; -&gt; &lt;gen:7&gt;
                   - EntityQuerySpaceImpl(uid=&lt;gen:7&gt;, entity=org.codemaster.shoppingbackend.dto.Cart)
                      - SQL table alias mapping - cart6_
                      - alias suffix - 7_
                      - suffixed key columns - {id1_1_7_}

17:26:15.988 [main] DEBUG org.hibernate.loader.entity.plan.EntityLoader - Static select for entity org.codemaster.shoppingbackend.dto.OrderDetail [READ]: select orderdetai0_.id as id1_4_0_, orderdetai0_.billing_id as billing_5_4_0_, orderdetai0_.order_count as order_co2_4_0_, orderdetai0_.order_date as order_da3_4_0_, orderdetai0_.order_total as order_to4_4_0_, orderdetai0_.shipping_id as shipping6_4_0_, orderdetai0_.user_id as user_id7_4_0_, address1_.id as id1_0_1_, address1_.address_line_one as address_2_0_1_, address1_.address_line_two as address_3_0_1_, address1_.is_billing as is_billi4_0_1_, address1_.city as city5_0_1_, address1_.country as country6_0_1_, address1_.postal_code as postal_c7_0_1_, address1_.is_shipping as is_shipp8_0_1_, address1_.state as state9_0_1_, address1_.user_id as user_id10_0_1_, orderitems2_.order_id as order_id5_5_2_, orderitems2_.id as id1_5_2_, orderitems2_.id as id1_5_3_, orderitems2_.buying_price as buying_p2_5_3_, orderitems2_.order_id as order_id5_5_3_, orderitems2_.product_id as product_6_5_3_, orderitems2_.product_count as product_3_5_3_, orderitems2_.total as total4_5_3_, product3_.id as id1_6_4_, product3_.is_active as is_activ2_6_4_, product3_.brand as brand3_6_4_, product3_.category_id as category4_6_4_, product3_.code as code5_6_4_, product3_.description as descript6_6_4_, product3_.name as name7_6_4_, product3_.purchases as purchase8_6_4_, product3_.quantity as quantity9_6_4_, product3_.supplier_id as supplie10_6_4_, product3_.unit_price as unit_pr11_6_4_, product3_.views as views12_6_4_, address4_.id as id1_0_5_, address4_.address_line_one as address_2_0_5_, address4_.address_line_two as address_3_0_5_, address4_.is_billing as is_billi4_0_5_, address4_.city as city5_0_5_, address4_.country as country6_0_5_, address4_.postal_code as postal_c7_0_5_, address4_.is_shipping as is_shipp8_0_5_, address4_.state as state9_0_5_, address4_.user_id as user_id10_0_5_, user5_.id as id1_7_6_, user5_.contact_number as contact_2_7_6_, user5_.email as email3_7_6_, user5_.enabled as enabled4_7_6_, user5_.first_name as first_na5_7_6_, user5_.last_name as last_nam6_7_6_, user5_.password as password7_7_6_, user5_.role as role8_7_6_, cart6_.id as id1_1_7_, cart6_.cart_lines as cart_lin2_1_7_, cart6_.grand_total as grand_to3_1_7_, cart6_.user_id as user_id4_1_7_ from order_detail orderdetai0_ left outer join Address address1_ on orderdetai0_.billing_id=address1_.id left outer join order_item orderitems2_ on orderdetai0_.id=orderitems2_.order_id left outer join Product product3_ on orderitems2_.product_id=product3_.id left outer join Address address4_ on orderdetai0_.shipping_id=address4_.id left outer join user_detail user5_ on orderdetai0_.user_id=user5_.id left outer join Cart cart6_ on user5_.id=cart6_.user_id where orderdetai0_.id=?
17:26:15.988 [main] DEBUG org.hibernate.loader.plan.build.internal.spaces.QuerySpacesImpl - Adding QuerySpace : uid = &lt;gen:0&gt; -&gt; org.hibernate.loader.plan.build.internal.spaces.EntityQuerySpaceImpl@7209ffb5]
17:26:15.988 [main] DEBUG org.hibernate.persister.walking.spi.MetamodelGraphWalker - Visiting attribute path : billing
17:26:15.988 [main] DEBUG org.hibernate.loader.plan.build.internal.spaces.QuerySpacesImpl - Adding QuerySpace : uid = &lt;gen:1&gt; -&gt; org.hibernate.loader.plan.build.internal.spaces.EntityQuerySpaceImpl@2fe74516]
17:26:15.988 [main] DEBUG org.hibernate.persister.walking.spi.MetamodelGraphWalker - Visiting attribute path : orderCount
17:26:15.988 [main] DEBUG org.hibernate.persister.walking.spi.MetamodelGraphWalker - Visiting attribute path : orderDate
17:26:15.988 [main] DEBUG org.hibernate.persister.walking.spi.MetamodelGraphWalker - Visiting attribute path : orderItems
17:26:15.988 [main] DEBUG org.hibernate.loader.plan.build.internal.spaces.QuerySpacesImpl - Adding QuerySpace : uid = &lt;gen:2&gt; -&gt; org.hibernate.loader.plan.build.internal.spaces.CollectionQuerySpaceImpl@1c3259fa]
17:26:15.988 [main] DEBUG org.hibernate.loader.plan.build.internal.spaces.QuerySpacesImpl - Adding QuerySpace : uid = &lt;gen:3&gt; -&gt; org.hibernate.loader.plan.build.internal.spaces.EntityQuerySpaceImpl@217bf99e]
17:26:15.988 [main] DEBUG org.hibernate.persister.walking.spi.MetamodelGraphWalker - Visiting attribute path : orderTotal
17:26:15.988 [main] DEBUG org.hibernate.persister.walking.spi.MetamodelGraphWalker - Visiting attribute path : shipping
17:26:15.988 [main] DEBUG org.hibernate.loader.plan.build.internal.spaces.QuerySpacesImpl - Adding QuerySpace : uid = &lt;gen:4&gt; -&gt; org.hibernate.loader.plan.build.internal.spaces.EntityQuerySpaceImpl@6807a356]
17:26:15.988 [main] DEBUG org.hibernate.persister.walking.spi.MetamodelGraphWalker - Visiting attribute path : user
17:26:15.988 [main] DEBUG org.hibernate.loader.plan.build.internal.spaces.QuerySpacesImpl - Adding QuerySpace : uid = &lt;gen:5&gt; -&gt; org.hibernate.loader.plan.build.internal.spaces.EntityQuerySpaceImpl@7ddd84b5]
17:26:15.988 [main] DEBUG org.hibernate.loader.plan.build.internal.FetchStyleLoadPlanBuildingAssociationVisitationStrategy - Building LoadPlan...
17:26:15.988 [main] DEBUG org.hibernate.loader.plan.exec.internal.LoadQueryJoinAndFetchProcessor - processing queryspace &lt;gen:0&gt;
17:26:15.988 [main] DEBUG org.hibernate.loader.plan.build.spi.LoadPlanTreePrinter - LoadPlan(entity=org.codemaster.shoppingbackend.dto.OrderDetail)
    - Returns
       - EntityReturnImpl(entity=org.codemaster.shoppingbackend.dto.OrderDetail, querySpaceUid=&lt;gen:0&gt;, path=org.codemaster.shoppingbackend.dto.OrderDetail)
          - EntityAttributeFetchImpl(entity=org.codemaster.shoppingbackend.dto.Address, querySpaceUid=&lt;gen:1&gt;, path=org.codemaster.shoppingbackend.dto.OrderDetail.billing)
          - CollectionAttributeFetchImpl(collection=org.codemaster.shoppingbackend.dto.OrderDetail.orderItems, querySpaceUid=&lt;gen:2&gt;, path=org.codemaster.shoppingbackend.dto.OrderDetail.orderItems)
             - (collection element) CollectionFetchableElementEntityGraph(entity=org.codemaster.shoppingbackend.dto.OrderItem, querySpaceUid=&lt;gen:3&gt;, path=org.codemaster.shoppingbackend.dto.OrderDetail.orderItems.&lt;elements&gt;)
          - EntityAttributeFetchImpl(entity=org.codemaster.shoppingbackend.dto.Address, querySpaceUid=&lt;gen:4&gt;, path=org.codemaster.shoppingbackend.dto.OrderDetail.shipping)
          - EntityAttributeFetchImpl(entity=org.codemaster.shoppingbackend.dto.User, querySpaceUid=&lt;gen:5&gt;, path=org.codemaster.shoppingbackend.dto.OrderDetail.user)
    - QuerySpaces
       - EntityQuerySpaceImpl(uid=&lt;gen:0&gt;, entity=org.codemaster.shoppingbackend.dto.OrderDetail)
          - SQL table alias mapping - orderdetai0_
          - alias suffix - 0_
          - suffixed key columns - {id1_4_0_}

17:26:15.988 [main] DEBUG org.hibernate.loader.entity.plan.EntityLoader - Static select for entity org.codemaster.shoppingbackend.dto.OrderDetail [UPGRADE]: select orderdetai0_.id as id1_4_0_, orderdetai0_.billing_id as billing_5_4_0_, orderdetai0_.order_count as order_co2_4_0_, orderdetai0_.order_date as order_da3_4_0_, orderdetai0_.order_total as order_to4_4_0_, orderdetai0_.shipping_id as shipping6_4_0_, orderdetai0_.user_id as user_id7_4_0_ from order_detail orderdetai0_ where orderdetai0_.id=? for update
17:26:15.988 [main] DEBUG org.hibernate.loader.plan.build.internal.spaces.QuerySpacesImpl - Adding QuerySpace : uid = &lt;gen:0&gt; -&gt; org.hibernate.loader.plan.build.internal.spaces.EntityQuerySpaceImpl@73aeef7d]
17:26:15.988 [main] DEBUG org.hibernate.persister.walking.spi.MetamodelGraphWalker - Visiting attribute path : billing
17:26:15.988 [main] DEBUG org.hibernate.loader.plan.build.internal.spaces.QuerySpacesImpl - Adding QuerySpace : uid = &lt;gen:1&gt; -&gt; org.hibernate.loader.plan.build.internal.spaces.EntityQuerySpaceImpl@58af5076]
17:26:15.988 [main] DEBUG org.hibernate.persister.walking.spi.MetamodelGraphWalker - Visiting attribute path : orderCount
17:26:15.988 [main] DEBUG org.hibernate.persister.walking.spi.MetamodelGraphWalker - Visiting attribute path : orderDate
17:26:15.988 [main] DEBUG org.hibernate.persister.walking.spi.MetamodelGraphWalker - Visiting attribute path : orderItems
17:26:15.988 [main] DEBUG org.hibernate.loader.plan.build.internal.spaces.QuerySpacesImpl - Adding QuerySpace : uid = &lt;gen:2&gt; -&gt; org.hibernate.loader.plan.build.internal.spaces.CollectionQuerySpaceImpl@49469ffa]
17:26:15.988 [main] DEBUG org.hibernate.loader.plan.build.internal.spaces.QuerySpacesImpl - Adding QuerySpace : uid = &lt;gen:3&gt; -&gt; org.hibernate.loader.plan.build.internal.spaces.EntityQuerySpaceImpl@4d9754a8]
17:26:15.988 [main] DEBUG org.hibernate.persister.walking.spi.MetamodelGraphWalker - Visiting attribute path : orderTotal
17:26:15.988 [main] DEBUG org.hibernate.persister.walking.spi.MetamodelGraphWalker - Visiting attribute path : shipping
17:26:15.988 [main] DEBUG org.hibernate.loader.plan.build.internal.spaces.QuerySpacesImpl - Adding QuerySpace : uid = &lt;gen:4&gt; -&gt; org.hibernate.loader.plan.build.internal.spaces.EntityQuerySpaceImpl@7a3b7122]
17:26:15.988 [main] DEBUG org.hibernate.persister.walking.spi.MetamodelGraphWalker - Visiting attribute path : user
17:26:15.988 [main] DEBUG org.hibernate.loader.plan.build.internal.spaces.QuerySpacesImpl - Adding QuerySpace : uid = &lt;gen:5&gt; -&gt; org.hibernate.loader.plan.build.internal.spaces.EntityQuerySpaceImpl@58b5a2f3]
17:26:15.988 [main] DEBUG org.hibernate.loader.plan.build.internal.FetchStyleLoadPlanBuildingAssociationVisitationStrategy - Building LoadPlan...
17:26:15.988 [main] DEBUG org.hibernate.loader.plan.exec.internal.LoadQueryJoinAndFetchProcessor - processing queryspace &lt;gen:0&gt;
17:26:15.988 [main] DEBUG org.hibernate.loader.plan.build.spi.LoadPlanTreePrinter - LoadPlan(entity=org.codemaster.shoppingbackend.dto.OrderDetail)
    - Returns
       - EntityReturnImpl(entity=org.codemaster.shoppingbackend.dto.OrderDetail, querySpaceUid=&lt;gen:0&gt;, path=org.codemaster.shoppingbackend.dto.OrderDetail)
          - EntityAttributeFetchImpl(entity=org.codemaster.shoppingbackend.dto.Address, querySpaceUid=&lt;gen:1&gt;, path=org.codemaster.shoppingbackend.dto.OrderDetail.billing)
          - CollectionAttributeFetchImpl(collection=org.codemaster.shoppingbackend.dto.OrderDetail.orderItems, querySpaceUid=&lt;gen:2&gt;, path=org.codemaster.shoppingbackend.dto.OrderDetail.orderItems)
             - (collection element) CollectionFetchableElementEntityGraph(entity=org.codemaster.shoppingbackend.dto.OrderItem, querySpaceUid=&lt;gen:3&gt;, path=org.codemaster.shoppingbackend.dto.OrderDetail.orderItems.&lt;elements&gt;)
          - EntityAttributeFetchImpl(entity=org.codemaster.shoppingbackend.dto.Address, querySpaceUid=&lt;gen:4&gt;, path=org.codemaster.shoppingbackend.dto.OrderDetail.shipping)
          - EntityAttributeFetchImpl(entity=org.codemaster.shoppingbackend.dto.User, querySpaceUid=&lt;gen:5&gt;, path=org.codemaster.shoppingbackend.dto.OrderDetail.user)
    - QuerySpaces
       - EntityQuerySpaceImpl(uid=&lt;gen:0&gt;, entity=org.codemaster.shoppingbackend.dto.OrderDetail)
          - SQL table alias mapping - orderdetai0_
          - alias suffix - 0_
          - suffixed key columns - {id1_4_0_}

17:26:15.988 [main] DEBUG org.hibernate.loader.entity.plan.EntityLoader - Static select for entity org.codemaster.shoppingbackend.dto.OrderDetail [UPGRADE_NOWAIT]: select orderdetai0_.id as id1_4_0_, orderdetai0_.billing_id as billing_5_4_0_, orderdetai0_.order_count as order_co2_4_0_, orderdetai0_.order_date as order_da3_4_0_, orderdetai0_.order_total as order_to4_4_0_, orderdetai0_.shipping_id as shipping6_4_0_, orderdetai0_.user_id as user_id7_4_0_ from order_detail orderdetai0_ where orderdetai0_.id=? for update
17:26:15.988 [main] DEBUG org.hibernate.loader.plan.build.internal.spaces.QuerySpacesImpl - Adding QuerySpace : uid = &lt;gen:0&gt; -&gt; org.hibernate.loader.plan.build.internal.spaces.EntityQuerySpaceImpl@25f15f50]
17:26:15.988 [main] DEBUG org.hibernate.persister.walking.spi.MetamodelGraphWalker - Visiting attribute path : billing
17:26:15.988 [main] DEBUG org.hibernate.loader.plan.build.internal.spaces.QuerySpacesImpl - Adding QuerySpace : uid = &lt;gen:1&gt; -&gt; org.hibernate.loader.plan.build.internal.spaces.EntityQuerySpaceImpl@7327a447]
17:26:15.988 [main] DEBUG org.hibernate.persister.walking.spi.MetamodelGraphWalker - Visiting attribute path : orderCount
17:26:15.988 [main] DEBUG org.hibernate.persister.walking.spi.MetamodelGraphWalker - Visiting attribute path : orderDate
17:26:15.988 [main] DEBUG org.hibernate.persister.walking.spi.MetamodelGraphWalker - Visiting attribute path : orderItems
17:26:15.988 [main] DEBUG org.hibernate.loader.plan.build.internal.spaces.QuerySpacesImpl - Adding QuerySpace : uid = &lt;gen:2&gt; -&gt; org.hibernate.loader.plan.build.internal.spaces.CollectionQuerySpaceImpl@67022ea]
17:26:15.988 [main] DEBUG org.hibernate.loader.plan.build.internal.spaces.QuerySpacesImpl - Adding QuerySpace : uid = &lt;gen:3&gt; -&gt; org.hibernate.loader.plan.build.internal.spaces.EntityQuerySpaceImpl@2954f6ab]
17:26:15.988 [main] DEBUG org.hibernate.persister.walking.spi.MetamodelGraphWalker - Visiting attribute path : orderTotal
17:26:15.988 [main] DEBUG org.hibernate.persister.walking.spi.MetamodelGraphWalker - Visiting attribute path : shipping
17:26:15.988 [main] DEBUG org.hibernate.loader.plan.build.internal.spaces.QuerySpacesImpl - Adding QuerySpace : uid = &lt;gen:4&gt; -&gt; org.hibernate.loader.plan.build.internal.spaces.EntityQuerySpaceImpl@58fbd02e]
17:26:15.988 [main] DEBUG org.hibernate.persister.walking.spi.MetamodelGraphWalker - Visiting attribute path : user
17:26:15.988 [main] DEBUG org.hibernate.loader.plan.build.internal.spaces.QuerySpacesImpl - Adding QuerySpace : uid = &lt;gen:5&gt; -&gt; org.hibernate.loader.plan.build.internal.spaces.EntityQuerySpaceImpl@163042ea]
17:26:15.988 [main] DEBUG org.hibernate.loader.plan.build.internal.FetchStyleLoadPlanBuildingAssociationVisitationStrategy - Building LoadPlan...
17:26:15.988 [main] DEBUG org.hibernate.loader.plan.exec.internal.LoadQueryJoinAndFetchProcessor - processing queryspace &lt;gen:0&gt;
17:26:16.003 [main] DEBUG org.hibernate.loader.plan.build.spi.LoadPlanTreePrinter - LoadPlan(entity=org.codemaster.shoppingbackend.dto.OrderDetail)
    - Returns
       - EntityReturnImpl(entity=org.codemaster.shoppingbackend.dto.OrderDetail, querySpaceUid=&lt;gen:0&gt;, path=org.codemaster.shoppingbackend.dto.OrderDetail)
          - EntityAttributeFetchImpl(entity=org.codemaster.shoppingbackend.dto.Address, querySpaceUid=&lt;gen:1&gt;, path=org.codemaster.shoppingbackend.dto.OrderDetail.billing)
          - CollectionAttributeFetchImpl(collection=org.codemaster.shoppingbackend.dto.OrderDetail.orderItems, querySpaceUid=&lt;gen:2&gt;, path=org.codemaster.shoppingbackend.dto.OrderDetail.orderItems)
             - (collection element) CollectionFetchableElementEntityGraph(entity=org.codemaster.shoppingbackend.dto.OrderItem, querySpaceUid=&lt;gen:3&gt;, path=org.codemaster.shoppingbackend.dto.OrderDetail.orderItems.&lt;elements&gt;)
          - EntityAttributeFetchImpl(entity=org.codemaster.shoppingbackend.dto.Address, querySpaceUid=&lt;gen:4&gt;, path=org.codemaster.shoppingbackend.dto.OrderDetail.shipping)
          - EntityAttributeFetchImpl(entity=org.codemaster.shoppingbackend.dto.User, querySpaceUid=&lt;gen:5&gt;, path=org.codemaster.shoppingbackend.dto.OrderDetail.user)
    - QuerySpaces
       - EntityQuerySpaceImpl(uid=&lt;gen:0&gt;, entity=org.codemaster.shoppingbackend.dto.OrderDetail)
          - SQL table alias mapping - orderdetai0_
          - alias suffix - 0_
          - suffixed key columns - {id1_4_0_}

17:26:16.003 [main] DEBUG org.hibernate.loader.entity.plan.EntityLoader - Static select for entity org.codemaster.shoppingbackend.dto.OrderDetail [UPGRADE_SKIPLOCKED]: select orderdetai0_.id as id1_4_0_, orderdetai0_.billing_id as billing_5_4_0_, orderdetai0_.order_count as order_co2_4_0_, orderdetai0_.order_date as order_da3_4_0_, orderdetai0_.order_total as order_to4_4_0_, orderdetai0_.shipping_id as shipping6_4_0_, orderdetai0_.user_id as user_id7_4_0_ from order_detail orderdetai0_ where orderdetai0_.id=? for update
17:26:16.003 [main] DEBUG org.hibernate.loader.plan.build.internal.spaces.QuerySpacesImpl - Adding QuerySpace : uid = &lt;gen:0&gt; -&gt; org.hibernate.loader.plan.build.internal.spaces.EntityQuerySpaceImpl@11d045b4]
17:26:16.003 [main] DEBUG org.hibernate.persister.walking.spi.MetamodelGraphWalker - Visiting attribute path : billing
17:26:16.003 [main] DEBUG org.hibernate.loader.plan.build.internal.spaces.QuerySpacesImpl - Adding QuerySpace : uid = &lt;gen:1&gt; -&gt; org.hibernate.loader.plan.build.internal.spaces.EntityQuerySpaceImpl@1943c1f2]
17:26:16.003 [main] DEBUG org.hibernate.persister.walking.spi.MetamodelGraphWalker - Visiting attribute path : orderCount
17:26:16.003 [main] DEBUG org.hibernate.persister.walking.spi.MetamodelGraphWalker - Visiting attribute path : orderDate
17:26:16.003 [main] DEBUG org.hibernate.persister.walking.spi.MetamodelGraphWalker - Visiting attribute path : orderItems
17:26:16.003 [main] DEBUG org.hibernate.loader.plan.build.internal.spaces.QuerySpacesImpl - Adding QuerySpace : uid = &lt;gen:2&gt; -&gt; org.hibernate.loader.plan.build.internal.spaces.CollectionQuerySpaceImpl@d70f722]
17:26:16.003 [main] DEBUG org.hibernate.loader.plan.build.internal.spaces.QuerySpacesImpl - Adding QuerySpace : uid = &lt;gen:3&gt; -&gt; org.hibernate.loader.plan.build.internal.spaces.EntityQuerySpaceImpl@1e1eeedd]
17:26:16.003 [main] DEBUG org.hibernate.persister.walking.spi.MetamodelGraphWalker - Visiting attribute path : orderTotal
17:26:16.003 [main] DEBUG org.hibernate.persister.walking.spi.MetamodelGraphWalker - Visiting attribute path : shipping
17:26:16.003 [main] DEBUG org.hibernate.loader.plan.build.internal.spaces.QuerySpacesImpl - Adding QuerySpace : uid = &lt;gen:4&gt; -&gt; org.hibernate.loader.plan.build.internal.spaces.EntityQuerySpaceImpl@798256c5]
17:26:16.003 [main] DEBUG org.hibernate.persister.walking.spi.MetamodelGraphWalker - Visiting attribute path : user
17:26:16.003 [main] DEBUG org.hibernate.loader.plan.build.internal.spaces.QuerySpacesImpl - Adding QuerySpace : uid = &lt;gen:5&gt; -&gt; org.hibernate.loader.plan.build.internal.spaces.EntityQuerySpaceImpl@7ec95456]
17:26:16.003 [main] DEBUG org.hibernate.loader.plan.build.internal.FetchStyleLoadPlanBuildingAssociationVisitationStrategy - Building LoadPlan...
17:26:16.003 [main] DEBUG org.hibernate.loader.plan.exec.internal.LoadQueryJoinAndFetchProcessor - processing queryspace &lt;gen:0&gt;
17:26:16.003 [main] DEBUG org.hibernate.loader.plan.build.spi.LoadPlanTreePrinter - LoadPlan(entity=org.codemaster.shoppingbackend.dto.OrderDetail)
    - Returns
       - EntityReturnImpl(entity=org.codemaster.shoppingbackend.dto.OrderDetail, querySpaceUid=&lt;gen:0&gt;, path=org.codemaster.shoppingbackend.dto.OrderDetail)
          - EntityAttributeFetchImpl(entity=org.codemaster.shoppingbackend.dto.Address, querySpaceUid=&lt;gen:1&gt;, path=org.codemaster.shoppingbackend.dto.OrderDetail.billing)
          - CollectionAttributeFetchImpl(collection=org.codemaster.shoppingbackend.dto.OrderDetail.orderItems, querySpaceUid=&lt;gen:2&gt;, path=org.codemaster.shoppingbackend.dto.OrderDetail.orderItems)
             - (collection element) CollectionFetchableElementEntityGraph(entity=org.codemaster.shoppingbackend.dto.OrderItem, querySpaceUid=&lt;gen:3&gt;, path=org.codemaster.shoppingbackend.dto.OrderDetail.orderItems.&lt;elements&gt;)
          - EntityAttributeFetchImpl(entity=org.codemaster.shoppingbackend.dto.Address, querySpaceUid=&lt;gen:4&gt;, path=org.codemaster.shoppingbackend.dto.OrderDetail.shipping)
          - EntityAttributeFetchImpl(entity=org.codemaster.shoppingbackend.dto.User, querySpaceUid=&lt;gen:5&gt;, path=org.codemaster.shoppingbackend.dto.OrderDetail.user)
    - QuerySpaces
       - EntityQuerySpaceImpl(uid=&lt;gen:0&gt;, entity=org.codemaster.shoppingbackend.dto.OrderDetail)
          - SQL table alias mapping - orderdetai0_
          - alias suffix - 0_
          - suffixed key columns - {id1_4_0_}

17:26:16.003 [main] DEBUG org.hibernate.loader.entity.plan.EntityLoader - Static select for entity org.codemaster.shoppingbackend.dto.OrderDetail [FORCE]: select orderdetai0_.id as id1_4_0_, orderdetai0_.billing_id as billing_5_4_0_, orderdetai0_.order_count as order_co2_4_0_, orderdetai0_.order_date as order_da3_4_0_, orderdetai0_.order_total as order_to4_4_0_, orderdetai0_.shipping_id as shipping6_4_0_, orderdetai0_.user_id as user_id7_4_0_ from order_detail orderdetai0_ where orderdetai0_.id=? for update
17:26:16.003 [main] DEBUG org.hibernate.loader.plan.build.internal.spaces.QuerySpacesImpl - Adding QuerySpace : uid = &lt;gen:0&gt; -&gt; org.hibernate.loader.plan.build.internal.spaces.EntityQuerySpaceImpl@748a654a]
17:26:16.003 [main] DEBUG org.hibernate.persister.walking.spi.MetamodelGraphWalker - Visiting attribute path : billing
17:26:16.003 [main] DEBUG org.hibernate.loader.plan.build.internal.spaces.QuerySpacesImpl - Adding QuerySpace : uid = &lt;gen:1&gt; -&gt; org.hibernate.loader.plan.build.internal.spaces.EntityQuerySpaceImpl@76544c0a]
17:26:16.003 [main] DEBUG org.hibernate.persister.walking.spi.MetamodelGraphWalker - Visiting attribute path : orderCount
17:26:16.003 [main] DEBUG org.hibernate.persister.walking.spi.MetamodelGraphWalker - Visiting attribute path : orderDate
17:26:16.003 [main] DEBUG org.hibernate.persister.walking.spi.MetamodelGraphWalker - Visiting attribute path : orderItems
17:26:16.003 [main] DEBUG org.hibernate.loader.plan.build.internal.spaces.QuerySpacesImpl - Adding QuerySpace : uid = &lt;gen:2&gt; -&gt; org.hibernate.loader.plan.build.internal.spaces.CollectionQuerySpaceImpl@428bdd72]
17:26:16.003 [main] DEBUG org.hibernate.loader.plan.build.internal.spaces.QuerySpacesImpl - Adding QuerySpace : uid = &lt;gen:3&gt; -&gt; org.hibernate.loader.plan.build.internal.spaces.EntityQuerySpaceImpl@650c405c]
17:26:16.003 [main] DEBUG org.hibernate.persister.walking.spi.MetamodelGraphWalker - Visiting attribute path : orderTotal
17:26:16.003 [main] DEBUG org.hibernate.persister.walking.spi.MetamodelGraphWalker - Visiting attribute path : shipping
17:26:16.003 [main] DEBUG org.hibernate.loader.plan.build.internal.spaces.QuerySpacesImpl - Adding QuerySpace : uid = &lt;gen:4&gt; -&gt; org.hibernate.loader.plan.build.internal.spaces.EntityQuerySpaceImpl@20eaeaf8]
17:26:16.003 [main] DEBUG org.hibernate.persister.walking.spi.MetamodelGraphWalker - Visiting attribute path : user
17:26:16.003 [main] DEBUG org.hibernate.loader.plan.build.internal.spaces.QuerySpacesImpl - Adding QuerySpace : uid = &lt;gen:5&gt; -&gt; org.hibernate.loader.plan.build.internal.spaces.EntityQuerySpaceImpl@748ac6f3]
17:26:16.003 [main] DEBUG org.hibernate.loader.plan.build.internal.FetchStyleLoadPlanBuildingAssociationVisitationStrategy - Building LoadPlan...
17:26:16.003 [main] DEBUG org.hibernate.loader.plan.exec.internal.LoadQueryJoinAndFetchProcessor - processing queryspace &lt;gen:0&gt;
17:26:16.003 [main] DEBUG org.hibernate.loader.plan.build.spi.LoadPlanTreePrinter - LoadPlan(entity=org.codemaster.shoppingbackend.dto.OrderDetail)
    - Returns
       - EntityReturnImpl(entity=org.codemaster.shoppingbackend.dto.OrderDetail, querySpaceUid=&lt;gen:0&gt;, path=org.codemaster.shoppingbackend.dto.OrderDetail)
          - EntityAttributeFetchImpl(entity=org.codemaster.shoppingbackend.dto.Address, querySpaceUid=&lt;gen:1&gt;, path=org.codemaster.shoppingbackend.dto.OrderDetail.billing)
          - CollectionAttributeFetchImpl(collection=org.codemaster.shoppingbackend.dto.OrderDetail.orderItems, querySpaceUid=&lt;gen:2&gt;, path=org.codemaster.shoppingbackend.dto.OrderDetail.orderItems)
             - (collection element) CollectionFetchableElementEntityGraph(entity=org.codemaster.shoppingbackend.dto.OrderItem, querySpaceUid=&lt;gen:3&gt;, path=org.codemaster.shoppingbackend.dto.OrderDetail.orderItems.&lt;elements&gt;)
          - EntityAttributeFetchImpl(entity=org.codemaster.shoppingbackend.dto.Address, querySpaceUid=&lt;gen:4&gt;, path=org.codemaster.shoppingbackend.dto.OrderDetail.shipping)
          - EntityAttributeFetchImpl(entity=org.codemaster.shoppingbackend.dto.User, querySpaceUid=&lt;gen:5&gt;, path=org.codemaster.shoppingbackend.dto.OrderDetail.user)
    - QuerySpaces
       - EntityQuerySpaceImpl(uid=&lt;gen:0&gt;, entity=org.codemaster.shoppingbackend.dto.OrderDetail)
          - SQL table alias mapping - orderdetai0_
          - alias suffix - 0_
          - suffixed key columns - {id1_4_0_}

17:26:16.003 [main] DEBUG org.hibernate.loader.entity.plan.EntityLoader - Static select for entity org.codemaster.shoppingbackend.dto.OrderDetail [PESSIMISTIC_READ]: select orderdetai0_.id as id1_4_0_, orderdetai0_.billing_id as billing_5_4_0_, orderdetai0_.order_count as order_co2_4_0_, orderdetai0_.order_date as order_da3_4_0_, orderdetai0_.order_total as order_to4_4_0_, orderdetai0_.shipping_id as shipping6_4_0_, orderdetai0_.user_id as user_id7_4_0_ from order_detail orderdetai0_ where orderdetai0_.id=? for update
17:26:16.003 [main] DEBUG org.hibernate.loader.plan.build.internal.spaces.QuerySpacesImpl - Adding QuerySpace : uid = &lt;gen:0&gt; -&gt; org.hibernate.loader.plan.build.internal.spaces.EntityQuerySpaceImpl@68f6e55d]
17:26:16.003 [main] DEBUG org.hibernate.persister.walking.spi.MetamodelGraphWalker - Visiting attribute path : billing
17:26:16.003 [main] DEBUG org.hibernate.loader.plan.build.internal.spaces.QuerySpacesImpl - Adding QuerySpace : uid = &lt;gen:1&gt; -&gt; org.hibernate.loader.plan.build.internal.spaces.EntityQuerySpaceImpl@1835dc92]
17:26:16.003 [main] DEBUG org.hibernate.persister.walking.spi.MetamodelGraphWalker - Visiting attribute path : orderCount
17:26:16.003 [main] DEBUG org.hibernate.persister.walking.spi.MetamodelGraphWalker - Visiting attribute path : orderDate
17:26:16.003 [main] DEBUG org.hibernate.persister.walking.spi.MetamodelGraphWalker - Visiting attribute path : orderItems
17:26:16.003 [main] DEBUG org.hibernate.loader.plan.build.internal.spaces.QuerySpacesImpl - Adding QuerySpace : uid = &lt;gen:2&gt; -&gt; org.hibernate.loader.plan.build.internal.spaces.CollectionQuerySpaceImpl@3aaa3c39]
17:26:16.003 [main] DEBUG org.hibernate.loader.plan.build.internal.spaces.QuerySpacesImpl - Adding QuerySpace : uid = &lt;gen:3&gt; -&gt; org.hibernate.loader.plan.build.internal.spaces.EntityQuerySpaceImpl@65a9ea3c]
17:26:16.003 [main] DEBUG org.hibernate.persister.walking.spi.MetamodelGraphWalker - Visiting attribute path : orderTotal
17:26:16.003 [main] DEBUG org.hibernate.persister.walking.spi.MetamodelGraphWalker - Visiting attribute path : shipping
17:26:16.003 [main] DEBUG org.hibernate.loader.plan.build.internal.spaces.QuerySpacesImpl - Adding QuerySpace : uid = &lt;gen:4&gt; -&gt; org.hibernate.loader.plan.build.internal.spaces.EntityQuerySpaceImpl@70f68288]
17:26:16.003 [main] DEBUG org.hibernate.persister.walking.spi.MetamodelGraphWalker - Visiting attribute path : user
17:26:16.003 [main] DEBUG org.hibernate.loader.plan.build.internal.spaces.QuerySpacesImpl - Adding QuerySpace : uid = &lt;gen:5&gt; -&gt; org.hibernate.loader.plan.build.internal.spaces.EntityQuerySpaceImpl@46911148]
17:26:16.003 [main] DEBUG org.hibernate.loader.plan.build.internal.FetchStyleLoadPlanBuildingAssociationVisitationStrategy - Building LoadPlan...
17:26:16.003 [main] DEBUG org.hibernate.loader.plan.exec.internal.LoadQueryJoinAndFetchProcessor - processing queryspace &lt;gen:0&gt;
17:26:16.003 [main] DEBUG org.hibernate.loader.plan.build.spi.LoadPlanTreePrinter - LoadPlan(entity=org.codemaster.shoppingbackend.dto.OrderDetail)
    - Returns
       - EntityReturnImpl(entity=org.codemaster.shoppingbackend.dto.OrderDetail, querySpaceUid=&lt;gen:0&gt;, path=org.codemaster.shoppingbackend.dto.OrderDetail)
          - EntityAttributeFetchImpl(entity=org.codemaster.shoppingbackend.dto.Address, querySpaceUid=&lt;gen:1&gt;, path=org.codemaster.shoppingbackend.dto.OrderDetail.billing)
          - CollectionAttributeFetchImpl(collection=org.codemaster.shoppingbackend.dto.OrderDetail.orderItems, querySpaceUid=&lt;gen:2&gt;, path=org.codemaster.shoppingbackend.dto.OrderDetail.orderItems)
             - (collection element) CollectionFetchableElementEntityGraph(entity=org.codemaster.shoppingbackend.dto.OrderItem, querySpaceUid=&lt;gen:3&gt;, path=org.codemaster.shoppingbackend.dto.OrderDetail.orderItems.&lt;elements&gt;)
          - EntityAttributeFetchImpl(entity=org.codemaster.shoppingbackend.dto.Address, querySpaceUid=&lt;gen:4&gt;, path=org.codemaster.shoppingbackend.dto.OrderDetail.shipping)
          - EntityAttributeFetchImpl(entity=org.codemaster.shoppingbackend.dto.User, querySpaceUid=&lt;gen:5&gt;, path=org.codemaster.shoppingbackend.dto.OrderDetail.user)
    - QuerySpaces
       - EntityQuerySpaceImpl(uid=&lt;gen:0&gt;, entity=org.codemaster.shoppingbackend.dto.OrderDetail)
          - SQL table alias mapping - orderdetai0_
          - alias suffix - 0_
          - suffixed key columns - {id1_4_0_}

17:26:16.003 [main] DEBUG org.hibernate.loader.entity.plan.EntityLoader - Static select for entity org.codemaster.shoppingbackend.dto.OrderDetail [PESSIMISTIC_WRITE]: select orderdetai0_.id as id1_4_0_, orderdetai0_.billing_id as billing_5_4_0_, orderdetai0_.order_count as order_co2_4_0_, orderdetai0_.order_date as order_da3_4_0_, orderdetai0_.order_total as order_to4_4_0_, orderdetai0_.shipping_id as shipping6_4_0_, orderdetai0_.user_id as user_id7_4_0_ from order_detail orderdetai0_ where orderdetai0_.id=? for update
17:26:16.003 [main] DEBUG org.hibernate.loader.plan.build.internal.spaces.QuerySpacesImpl - Adding QuerySpace : uid = &lt;gen:0&gt; -&gt; org.hibernate.loader.plan.build.internal.spaces.EntityQuerySpaceImpl@2db1b657]
17:26:16.003 [main] DEBUG org.hibernate.persister.walking.spi.MetamodelGraphWalker - Visiting attribute path : billing
17:26:16.003 [main] DEBUG org.hibernate.loader.plan.build.internal.spaces.QuerySpacesImpl - Adding QuerySpace : uid = &lt;gen:1&gt; -&gt; org.hibernate.loader.plan.build.internal.spaces.EntityQuerySpaceImpl@43c57161]
17:26:16.003 [main] DEBUG org.hibernate.persister.walking.spi.MetamodelGraphWalker - Visiting attribute path : orderCount
17:26:16.003 [main] DEBUG org.hibernate.persister.walking.spi.MetamodelGraphWalker - Visiting attribute path : orderDate
17:26:16.003 [main] DEBUG org.hibernate.persister.walking.spi.MetamodelGraphWalker - Visiting attribute path : orderItems
17:26:16.003 [main] DEBUG org.hibernate.loader.plan.build.internal.spaces.QuerySpacesImpl - Adding QuerySpace : uid = &lt;gen:2&gt; -&gt; org.hibernate.loader.plan.build.internal.spaces.CollectionQuerySpaceImpl@d902300]
17:26:16.003 [main] DEBUG org.hibernate.loader.plan.build.internal.spaces.QuerySpacesImpl - Adding QuerySpace : uid = &lt;gen:3&gt; -&gt; org.hibernate.loader.plan.build.internal.spaces.EntityQuerySpaceImpl@2db33feb]
17:26:16.003 [main] DEBUG org.hibernate.persister.walking.spi.MetamodelGraphWalker - Visiting attribute path : orderTotal
17:26:16.003 [main] DEBUG org.hibernate.persister.walking.spi.MetamodelGraphWalker - Visiting attribute path : shipping
17:26:16.003 [main] DEBUG org.hibernate.loader.plan.build.internal.spaces.QuerySpacesImpl - Adding QuerySpace : uid = &lt;gen:4&gt; -&gt; org.hibernate.loader.plan.build.internal.spaces.EntityQuerySpaceImpl@30c3ae63]
17:26:16.003 [main] DEBUG org.hibernate.persister.walking.spi.MetamodelGraphWalker - Visiting attribute path : user
17:26:16.003 [main] DEBUG org.hibernate.loader.plan.build.internal.spaces.QuerySpacesImpl - Adding QuerySpace : uid = &lt;gen:5&gt; -&gt; org.hibernate.loader.plan.build.internal.spaces.EntityQuerySpaceImpl@58658f63]
17:26:16.003 [main] DEBUG org.hibernate.loader.plan.build.internal.FetchStyleLoadPlanBuildingAssociationVisitationStrategy - Building LoadPlan...
17:26:16.019 [main] DEBUG org.hibernate.loader.plan.exec.internal.LoadQueryJoinAndFetchProcessor - processing queryspace &lt;gen:0&gt;
17:26:16.019 [main] DEBUG org.hibernate.loader.plan.build.spi.LoadPlanTreePrinter - LoadPlan(entity=org.codemaster.shoppingbackend.dto.OrderDetail)
    - Returns
       - EntityReturnImpl(entity=org.codemaster.shoppingbackend.dto.OrderDetail, querySpaceUid=&lt;gen:0&gt;, path=org.codemaster.shoppingbackend.dto.OrderDetail)
          - EntityAttributeFetchImpl(entity=org.codemaster.shoppingbackend.dto.Address, querySpaceUid=&lt;gen:1&gt;, path=org.codemaster.shoppingbackend.dto.OrderDetail.billing)
          - CollectionAttributeFetchImpl(collection=org.codemaster.shoppingbackend.dto.OrderDetail.orderItems, querySpaceUid=&lt;gen:2&gt;, path=org.codemaster.shoppingbackend.dto.OrderDetail.orderItems)
             - (collection element) CollectionFetchableElementEntityGraph(entity=org.codemaster.shoppingbackend.dto.OrderItem, querySpaceUid=&lt;gen:3&gt;, path=org.codemaster.shoppingbackend.dto.OrderDetail.orderItems.&lt;elements&gt;)
          - EntityAttributeFetchImpl(entity=org.codemaster.shoppingbackend.dto.Address, querySpaceUid=&lt;gen:4&gt;, path=org.codemaster.shoppingbackend.dto.OrderDetail.shipping)
          - EntityAttributeFetchImpl(entity=org.codemaster.shoppingbackend.dto.User, querySpaceUid=&lt;gen:5&gt;, path=org.codemaster.shoppingbackend.dto.OrderDetail.user)
    - QuerySpaces
       - EntityQuerySpaceImpl(uid=&lt;gen:0&gt;, entity=org.codemaster.shoppingbackend.dto.OrderDetail)
          - SQL table alias mapping - orderdetai0_
          - alias suffix - 0_
          - suffixed key columns - {id1_4_0_}

17:26:16.019 [main] DEBUG org.hibernate.loader.entity.plan.EntityLoader - Static select for entity org.codemaster.shoppingbackend.dto.OrderDetail [PESSIMISTIC_FORCE_INCREMENT]: select orderdetai0_.id as id1_4_0_, orderdetai0_.billing_id as billing_5_4_0_, orderdetai0_.order_count as order_co2_4_0_, orderdetai0_.order_date as order_da3_4_0_, orderdetai0_.order_total as order_to4_4_0_, orderdetai0_.shipping_id as shipping6_4_0_, orderdetai0_.user_id as user_id7_4_0_ from order_detail orderdetai0_ where orderdetai0_.id=? for update
17:26:16.019 [main] DEBUG org.hibernate.loader.plan.build.internal.spaces.QuerySpacesImpl - Adding QuerySpace : uid = &lt;gen:0&gt; -&gt; org.hibernate.loader.plan.build.internal.spaces.EntityQuerySpaceImpl@54e12f4c]
17:26:16.019 [main] DEBUG org.hibernate.persister.walking.spi.MetamodelGraphWalker - Visiting attribute path : billing
17:26:16.019 [main] DEBUG org.hibernate.loader.plan.build.internal.spaces.QuerySpacesImpl - Adding QuerySpace : uid = &lt;gen:1&gt; -&gt; org.hibernate.loader.plan.build.internal.spaces.EntityQuerySpaceImpl@4d84049a]
17:26:16.019 [main] DEBUG org.hibernate.persister.walking.spi.MetamodelGraphWalker - Visiting attribute path : orderCount
17:26:16.019 [main] DEBUG org.hibernate.persister.walking.spi.MetamodelGraphWalker - Visiting attribute path : orderDate
17:26:16.019 [main] DEBUG org.hibernate.persister.walking.spi.MetamodelGraphWalker - Visiting attribute path : orderItems
17:26:16.019 [main] DEBUG org.hibernate.loader.plan.build.internal.spaces.QuerySpacesImpl - Adding QuerySpace : uid = &lt;gen:2&gt; -&gt; org.hibernate.loader.plan.build.internal.spaces.CollectionQuerySpaceImpl@39ee94de]
17:26:16.019 [main] DEBUG org.hibernate.loader.plan.build.internal.spaces.QuerySpacesImpl - Adding QuerySpace : uid = &lt;gen:3&gt; -&gt; org.hibernate.loader.plan.build.internal.spaces.EntityQuerySpaceImpl@642857e0]
17:26:16.019 [main] DEBUG org.hibernate.persister.walking.spi.MetamodelGraphWalker - Visiting attribute path : orderTotal
17:26:16.019 [main] DEBUG org.hibernate.persister.walking.spi.MetamodelGraphWalker - Visiting attribute path : shipping
17:26:16.035 [main] DEBUG org.hibernate.loader.plan.build.internal.spaces.QuerySpacesImpl - Adding QuerySpace : uid = &lt;gen:4&gt; -&gt; org.hibernate.loader.plan.build.internal.spaces.EntityQuerySpaceImpl@4c6b4ed7]
17:26:16.035 [main] DEBUG org.hibernate.persister.walking.spi.MetamodelGraphWalker - Visiting attribute path : user
17:26:16.035 [main] DEBUG org.hibernate.loader.plan.build.internal.spaces.QuerySpacesImpl - Adding QuerySpace : uid = &lt;gen:5&gt; -&gt; org.hibernate.loader.plan.build.internal.spaces.EntityQuerySpaceImpl@21263314]
17:26:16.035 [main] DEBUG org.hibernate.loader.plan.build.internal.FetchStyleLoadPlanBuildingAssociationVisitationStrategy - Building LoadPlan...
17:26:16.035 [main] DEBUG org.hibernate.loader.plan.exec.internal.LoadQueryJoinAndFetchProcessor - processing queryspace &lt;gen:0&gt;
17:26:16.035 [main] DEBUG org.hibernate.loader.plan.build.spi.LoadPlanTreePrinter - LoadPlan(entity=org.codemaster.shoppingbackend.dto.OrderDetail)
    - Returns
       - EntityReturnImpl(entity=org.codemaster.shoppingbackend.dto.OrderDetail, querySpaceUid=&lt;gen:0&gt;, path=org.codemaster.shoppingbackend.dto.OrderDetail)
          - EntityAttributeFetchImpl(entity=org.codemaster.shoppingbackend.dto.Address, querySpaceUid=&lt;gen:1&gt;, path=org.codemaster.shoppingbackend.dto.OrderDetail.billing)
          - CollectionAttributeFetchImpl(collection=org.codemaster.shoppingbackend.dto.OrderDetail.orderItems, querySpaceUid=&lt;gen:2&gt;, path=org.codemaster.shoppingbackend.dto.OrderDetail.orderItems)
             - (collection element) CollectionFetchableElementEntityGraph(entity=org.codemaster.shoppingbackend.dto.OrderItem, querySpaceUid=&lt;gen:3&gt;, path=org.codemaster.shoppingbackend.dto.OrderDetail.orderItems.&lt;elements&gt;)
          - EntityAttributeFetchImpl(entity=org.codemaster.shoppingbackend.dto.Address, querySpaceUid=&lt;gen:4&gt;, path=org.codemaster.shoppingbackend.dto.OrderDetail.shipping)
          - EntityAttributeFetchImpl(entity=org.codemaster.shoppingbackend.dto.User, querySpaceUid=&lt;gen:5&gt;, path=org.codemaster.shoppingbackend.dto.OrderDetail.user)
    - QuerySpaces
       - EntityQuerySpaceImpl(uid=&lt;gen:0&gt;, entity=org.codemaster.shoppingbackend.dto.OrderDetail)
          - SQL table alias mapping - orderdetai0_
          - alias suffix - 0_
          - suffixed key columns - {id1_4_0_}

17:26:16.035 [main] DEBUG org.hibernate.loader.entity.plan.EntityLoader - Static select for entity org.codemaster.shoppingbackend.dto.OrderDetail [OPTIMISTIC]: select orderdetai0_.id as id1_4_0_, orderdetai0_.billing_id as billing_5_4_0_, orderdetai0_.order_count as order_co2_4_0_, orderdetai0_.order_date as order_da3_4_0_, orderdetai0_.order_total as order_to4_4_0_, orderdetai0_.shipping_id as shipping6_4_0_, orderdetai0_.user_id as user_id7_4_0_ from order_detail orderdetai0_ where orderdetai0_.id=?
17:26:16.035 [main] DEBUG org.hibernate.loader.plan.build.internal.spaces.QuerySpacesImpl - Adding QuerySpace : uid = &lt;gen:0&gt; -&gt; org.hibernate.loader.plan.build.internal.spaces.EntityQuerySpaceImpl@6ca30b8a]
17:26:16.035 [main] DEBUG org.hibernate.persister.walking.spi.MetamodelGraphWalker - Visiting attribute path : billing
17:26:16.035 [main] DEBUG org.hibernate.loader.plan.build.internal.spaces.QuerySpacesImpl - Adding QuerySpace : uid = &lt;gen:1&gt; -&gt; org.hibernate.loader.plan.build.internal.spaces.EntityQuerySpaceImpl@5c9934da]
17:26:16.035 [main] DEBUG org.hibernate.persister.walking.spi.MetamodelGraphWalker - Visiting attribute path : orderCount
17:26:16.035 [main] DEBUG org.hibernate.persister.walking.spi.MetamodelGraphWalker - Visiting attribute path : orderDate
17:26:16.035 [main] DEBUG org.hibernate.persister.walking.spi.MetamodelGraphWalker - Visiting attribute path : orderItems
17:26:16.035 [main] DEBUG org.hibernate.loader.plan.build.internal.spaces.QuerySpacesImpl - Adding QuerySpace : uid = &lt;gen:2&gt; -&gt; org.hibernate.loader.plan.build.internal.spaces.CollectionQuerySpaceImpl@4cb702ce]
17:26:16.035 [main] DEBUG org.hibernate.loader.plan.build.internal.spaces.QuerySpacesImpl - Adding QuerySpace : uid = &lt;gen:3&gt; -&gt; org.hibernate.loader.plan.build.internal.spaces.EntityQuerySpaceImpl@383caf89]
17:26:16.035 [main] DEBUG org.hibernate.persister.walking.spi.MetamodelGraphWalker - Visiting attribute path : orderTotal
17:26:16.035 [main] DEBUG org.hibernate.persister.walking.spi.MetamodelGraphWalker - Visiting attribute path : shipping
17:26:16.035 [main] DEBUG org.hibernate.loader.plan.build.internal.spaces.QuerySpacesImpl - Adding QuerySpace : uid = &lt;gen:4&gt; -&gt; org.hibernate.loader.plan.build.internal.spaces.EntityQuerySpaceImpl@64c781a9]
17:26:16.035 [main] DEBUG org.hibernate.persister.walking.spi.MetamodelGraphWalker - Visiting attribute path : user
17:26:16.035 [main] DEBUG org.hibernate.loader.plan.build.internal.spaces.QuerySpacesImpl - Adding QuerySpace : uid = &lt;gen:5&gt; -&gt; org.hibernate.loader.plan.build.internal.spaces.EntityQuerySpaceImpl@71ed560f]
17:26:16.035 [main] DEBUG org.hibernate.loader.plan.build.internal.FetchStyleLoadPlanBuildingAssociationVisitationStrategy - Building LoadPlan...
17:26:16.035 [main] DEBUG org.hibernate.loader.plan.exec.internal.LoadQueryJoinAndFetchProcessor - processing queryspace &lt;gen:0&gt;
17:26:16.035 [main] DEBUG org.hibernate.loader.plan.build.spi.LoadPlanTreePrinter - LoadPlan(entity=org.codemaster.shoppingbackend.dto.OrderDetail)
    - Returns
       - EntityReturnImpl(entity=org.codemaster.shoppingbackend.dto.OrderDetail, querySpaceUid=&lt;gen:0&gt;, path=org.codemaster.shoppingbackend.dto.OrderDetail)
          - EntityAttributeFetchImpl(entity=org.codemaster.shoppingbackend.dto.Address, querySpaceUid=&lt;gen:1&gt;, path=org.codemaster.shoppingbackend.dto.OrderDetail.billing)
          - CollectionAttributeFetchImpl(collection=org.codemaster.shoppingbackend.dto.OrderDetail.orderItems, querySpaceUid=&lt;gen:2&gt;, path=org.codemaster.shoppingbackend.dto.OrderDetail.orderItems)
             - (collection element) CollectionFetchableElementEntityGraph(entity=org.codemaster.shoppingbackend.dto.OrderItem, querySpaceUid=&lt;gen:3&gt;, path=org.codemaster.shoppingbackend.dto.OrderDetail.orderItems.&lt;elements&gt;)
          - EntityAttributeFetchImpl(entity=org.codemaster.shoppingbackend.dto.Address, querySpaceUid=&lt;gen:4&gt;, path=org.codemaster.shoppingbackend.dto.OrderDetail.shipping)
          - EntityAttributeFetchImpl(entity=org.codemaster.shoppingbackend.dto.User, querySpaceUid=&lt;gen:5&gt;, path=org.codemaster.shoppingbackend.dto.OrderDetail.user)
    - QuerySpaces
       - EntityQuerySpaceImpl(uid=&lt;gen:0&gt;, entity=org.codemaster.shoppingbackend.dto.OrderDetail)
          - SQL table alias mapping - orderdetai0_
          - alias suffix - 0_
          - suffixed key columns - {id1_4_0_}

17:26:16.035 [main] DEBUG org.hibernate.loader.entity.plan.EntityLoader - Static select for entity org.codemaster.shoppingbackend.dto.OrderDetail [OPTIMISTIC_FORCE_INCREMENT]: select orderdetai0_.id as id1_4_0_, orderdetai0_.billing_id as billing_5_4_0_, orderdetai0_.order_count as order_co2_4_0_, orderdetai0_.order_date as order_da3_4_0_, orderdetai0_.order_total as order_to4_4_0_, orderdetai0_.shipping_id as shipping6_4_0_, orderdetai0_.user_id as user_id7_4_0_ from order_detail orderdetai0_ where orderdetai0_.id=?
17:26:16.035 [main] DEBUG org.hibernate.loader.Loader - Static select for action ACTION_MERGE on entity org.codemaster.shoppingbackend.dto.OrderDetail: select orderdetai0_.id as id1_4_1_, orderdetai0_.billing_id as billing_5_4_1_, orderdetai0_.order_count as order_co2_4_1_, orderdetai0_.order_date as order_da3_4_1_, orderdetai0_.order_total as order_to4_4_1_, orderdetai0_.shipping_id as shipping6_4_1_, orderdetai0_.user_id as user_id7_4_1_, orderitems1_.order_id as order_id5_5_3_, orderitems1_.id as id1_5_3_, orderitems1_.id as id1_5_0_, orderitems1_.buying_price as buying_p2_5_0_, orderitems1_.order_id as order_id5_5_0_, orderitems1_.product_id as product_6_5_0_, orderitems1_.product_count as product_3_5_0_, orderitems1_.total as total4_5_0_ from order_detail orderdetai0_ left outer join order_item orderitems1_ on orderdetai0_.id=orderitems1_.order_id where orderdetai0_.id=?
17:26:16.035 [main] DEBUG org.hibernate.loader.Loader - Static select for action ACTION_REFRESH on entity org.codemaster.shoppingbackend.dto.OrderDetail: select orderdetai0_.id as id1_4_1_, orderdetai0_.billing_id as billing_5_4_1_, orderdetai0_.order_count as order_co2_4_1_, orderdetai0_.order_date as order_da3_4_1_, orderdetai0_.order_total as order_to4_4_1_, orderdetai0_.shipping_id as shipping6_4_1_, orderdetai0_.user_id as user_id7_4_1_, orderitems1_.order_id as order_id5_5_3_, orderitems1_.id as id1_5_3_, orderitems1_.id as id1_5_0_, orderitems1_.buying_price as buying_p2_5_0_, orderitems1_.order_id as order_id5_5_0_, orderitems1_.product_id as product_6_5_0_, orderitems1_.product_count as product_3_5_0_, orderitems1_.total as total4_5_0_ from order_detail orderdetai0_ left outer join order_item orderitems1_ on orderdetai0_.id=orderitems1_.order_id where orderdetai0_.id=?
17:26:16.035 [main] DEBUG org.hibernate.persister.entity.AbstractEntityPersister - Static SQL for entity: org.codemaster.shoppingbackend.dto.OrderItem
17:26:16.035 [main] DEBUG org.hibernate.persister.entity.AbstractEntityPersister -  Version select: select id from order_item where id =?
17:26:16.035 [main] DEBUG org.hibernate.persister.entity.AbstractEntityPersister -  Snapshot select: select orderitem_.id, orderitem_.buying_price as buying_p2_5_, orderitem_.order_id as order_id5_5_, orderitem_.product_id as product_6_5_, orderitem_.product_count as product_3_5_, orderitem_.total as total4_5_ from order_item orderitem_ where orderitem_.id=?
17:26:16.035 [main] DEBUG org.hibernate.persister.entity.AbstractEntityPersister -  Insert 0: insert into order_item (buying_price, order_id, product_id, product_count, total, id) values (?, ?, ?, ?, ?, ?)
17:26:16.035 [main] DEBUG org.hibernate.persister.entity.AbstractEntityPersister -  Update 0: update order_item set buying_price=?, order_id=?, product_id=?, product_count=?, total=? where id=?
17:26:16.035 [main] DEBUG org.hibernate.persister.entity.AbstractEntityPersister -  Delete 0: delete from order_item where id=?
17:26:16.035 [main] DEBUG org.hibernate.persister.entity.AbstractEntityPersister -  Identity insert: insert into order_item (id, buying_price, order_id, product_id, product_count, total) values (null, ?, ?, ?, ?, ?)
17:26:16.035 [main] DEBUG org.hibernate.loader.plan.build.internal.spaces.QuerySpacesImpl - Adding QuerySpace : uid = &lt;gen:0&gt; -&gt; org.hibernate.loader.plan.build.internal.spaces.EntityQuerySpaceImpl@5b88b8e]
17:26:16.035 [main] DEBUG org.hibernate.persister.walking.spi.MetamodelGraphWalker - Visiting attribute path : buyingPrice
17:26:16.035 [main] DEBUG org.hibernate.persister.walking.spi.MetamodelGraphWalker - Visiting attribute path : orderDetail
17:26:16.035 [main] DEBUG org.hibernate.loader.plan.build.internal.spaces.QuerySpacesImpl - Adding QuerySpace : uid = &lt;gen:1&gt; -&gt; org.hibernate.loader.plan.build.internal.spaces.EntityQuerySpaceImpl@b73433]
17:26:16.035 [main] DEBUG org.hibernate.persister.walking.spi.MetamodelGraphWalker - Visiting attribute path : orderDetail.billing
17:26:16.035 [main] DEBUG org.hibernate.loader.plan.build.internal.spaces.QuerySpacesImpl - Adding QuerySpace : uid = &lt;gen:2&gt; -&gt; org.hibernate.loader.plan.build.internal.spaces.EntityQuerySpaceImpl@5a545b0f]
17:26:16.035 [main] DEBUG org.hibernate.persister.walking.spi.MetamodelGraphWalker - Visiting attribute path : orderDetail.billing.addressLineOne
17:26:16.035 [main] DEBUG org.hibernate.persister.walking.spi.MetamodelGraphWalker - Visiting attribute path : orderDetail.billing.addressLineTwo
17:26:16.035 [main] DEBUG org.hibernate.persister.walking.spi.MetamodelGraphWalker - Visiting attribute path : orderDetail.billing.billing
17:26:16.035 [main] DEBUG org.hibernate.persister.walking.spi.MetamodelGraphWalker - Visiting attribute path : orderDetail.billing.city
17:26:16.035 [main] DEBUG org.hibernate.persister.walking.spi.MetamodelGraphWalker - Visiting attribute path : orderDetail.billing.country
17:26:16.035 [main] DEBUG org.hibernate.persister.walking.spi.MetamodelGraphWalker - Visiting attribute path : orderDetail.billing.postalCode
17:26:16.035 [main] DEBUG org.hibernate.persister.walking.spi.MetamodelGraphWalker - Visiting attribute path : orderDetail.billing.shipping
17:26:16.035 [main] DEBUG org.hibernate.persister.walking.spi.MetamodelGraphWalker - Visiting attribute path : orderDetail.billing.state
17:26:16.035 [main] DEBUG org.hibernate.persister.walking.spi.MetamodelGraphWalker - Visiting attribute path : orderDetail.billing.userId
17:26:16.035 [main] DEBUG org.hibernate.persister.walking.spi.MetamodelGraphWalker - Visiting attribute path : orderDetail.orderCount
17:26:16.035 [main] DEBUG org.hibernate.persister.walking.spi.MetamodelGraphWalker - Visiting attribute path : orderDetail.orderDate
17:26:16.035 [main] DEBUG org.hibernate.persister.walking.spi.MetamodelGraphWalker - Visiting attribute path : orderDetail.orderItems
17:26:16.035 [main] DEBUG org.hibernate.persister.walking.spi.MetamodelGraphWalker - Property path deemed to be circular : orderDetail.orderItems
17:26:16.035 [main] DEBUG org.hibernate.persister.walking.spi.MetamodelGraphWalker - Visiting attribute path : orderDetail.orderTotal
17:26:16.035 [main] DEBUG org.hibernate.persister.walking.spi.MetamodelGraphWalker - Visiting attribute path : orderDetail.shipping
17:26:16.035 [main] DEBUG org.hibernate.loader.plan.build.internal.spaces.QuerySpacesImpl - Adding QuerySpace : uid = &lt;gen:3&gt; -&gt; org.hibernate.loader.plan.build.internal.spaces.EntityQuerySpaceImpl@124dac75]
17:26:16.035 [main] DEBUG org.hibernate.persister.walking.spi.MetamodelGraphWalker - Visiting attribute path : orderDetail.shipping.addressLineOne
17:26:16.035 [main] DEBUG org.hibernate.persister.walking.spi.MetamodelGraphWalker - Visiting attribute path : orderDetail.shipping.addressLineTwo
17:26:16.035 [main] DEBUG org.hibernate.persister.walking.spi.MetamodelGraphWalker - Visiting attribute path : orderDetail.shipping.billing
17:26:16.035 [main] DEBUG org.hibernate.persister.walking.spi.MetamodelGraphWalker - Visiting attribute path : orderDetail.shipping.city
17:26:16.035 [main] DEBUG org.hibernate.persister.walking.spi.MetamodelGraphWalker - Visiting attribute path : orderDetail.shipping.country
17:26:16.035 [main] DEBUG org.hibernate.persister.walking.spi.MetamodelGraphWalker - Visiting attribute path : orderDetail.shipping.postalCode
17:26:16.035 [main] DEBUG org.hibernate.persister.walking.spi.MetamodelGraphWalker - Visiting attribute path : orderDetail.shipping.shipping
17:26:16.035 [main] DEBUG org.hibernate.persister.walking.spi.MetamodelGraphWalker - Visiting attribute path : orderDetail.shipping.state
17:26:16.035 [main] DEBUG org.hibernate.persister.walking.spi.MetamodelGraphWalker - Visiting attribute path : orderDetail.shipping.userId
17:26:16.035 [main] DEBUG org.hibernate.persister.walking.spi.MetamodelGraphWalker - Visiting attribute path : orderDetail.user
17:26:16.035 [main] DEBUG org.hibernate.loader.plan.build.internal.spaces.QuerySpacesImpl - Adding QuerySpace : uid = &lt;gen:4&gt; -&gt; org.hibernate.loader.plan.build.internal.spaces.EntityQuerySpaceImpl@7b61bf11]
17:26:16.035 [main] DEBUG org.hibernate.persister.walking.spi.MetamodelGraphWalker - Visiting attribute path : orderDetail.user.contactNumber
17:26:16.035 [main] DEBUG org.hibernate.persister.walking.spi.MetamodelGraphWalker - Visiting attribute path : orderDetail.user.email
17:26:16.035 [main] DEBUG org.hibernate.persister.walking.spi.MetamodelGraphWalker - Visiting attribute path : orderDetail.user.enabled
17:26:16.035 [main] DEBUG org.hibernate.persister.walking.spi.MetamodelGraphWalker - Visiting attribute path : orderDetail.user.firstName
17:26:16.035 [main] DEBUG org.hibernate.persister.walking.spi.MetamodelGraphWalker - Visiting attribute path : orderDetail.user.lastName
17:26:16.035 [main] DEBUG org.hibernate.persister.walking.spi.MetamodelGraphWalker - Visiting attribute path : orderDetail.user.password
17:26:16.035 [main] DEBUG org.hibernate.persister.walking.spi.MetamodelGraphWalker - Visiting attribute path : orderDetail.user.role
17:26:16.035 [main] DEBUG org.hibernate.persister.walking.spi.MetamodelGraphWalker - Visiting attribute path : orderDetail.user.cart
17:26:16.035 [main] DEBUG org.hibernate.loader.plan.build.internal.spaces.QuerySpacesImpl - Adding QuerySpace : uid = &lt;gen:5&gt; -&gt; org.hibernate.loader.plan.build.internal.spaces.EntityQuerySpaceImpl@3ff54f3d]
17:26:16.035 [main] DEBUG org.hibernate.persister.walking.spi.MetamodelGraphWalker - Visiting attribute path : orderDetail.user.cart.cartLines
17:26:16.035 [main] DEBUG org.hibernate.persister.walking.spi.MetamodelGraphWalker - Visiting attribute path : orderDetail.user.cart.grandTotal
17:26:16.035 [main] DEBUG org.hibernate.persister.walking.spi.MetamodelGraphWalker - Visiting attribute path : orderDetail.user.cart.user
17:26:16.035 [main] DEBUG org.hibernate.persister.walking.spi.MetamodelGraphWalker - Property path deemed to be circular : orderDetail.user.cart.user
17:26:16.035 [main] DEBUG org.hibernate.persister.walking.spi.MetamodelGraphWalker - Visiting attribute path : product
17:26:16.035 [main] DEBUG org.hibernate.loader.plan.build.internal.spaces.QuerySpacesImpl - Adding QuerySpace : uid = &lt;gen:6&gt; -&gt; org.hibernate.loader.plan.build.internal.spaces.EntityQuerySpaceImpl@62a68bcb]
17:26:16.050 [main] DEBUG org.hibernate.persister.walking.spi.MetamodelGraphWalker - Visiting attribute path : product.active
17:26:16.050 [main] DEBUG org.hibernate.persister.walking.spi.MetamodelGraphWalker - Visiting attribute path : product.brand
17:26:16.050 [main] DEBUG org.hibernate.persister.walking.spi.MetamodelGraphWalker - Visiting attribute path : product.categoryId
17:26:16.050 [main] DEBUG org.hibernate.persister.walking.spi.MetamodelGraphWalker - Visiting attribute path : product.code
17:26:16.050 [main] DEBUG org.hibernate.persister.walking.spi.MetamodelGraphWalker - Visiting attribute path : product.description
17:26:16.050 [main] DEBUG org.hibernate.persister.walking.spi.MetamodelGraphWalker - Visiting attribute path : product.name
17:26:16.050 [main] DEBUG org.hibernate.persister.walking.spi.MetamodelGraphWalker - Visiting attribute path : product.purchases
17:26:16.050 [main] DEBUG org.hibernate.persister.walking.spi.MetamodelGraphWalker - Visiting attribute path : product.quantity
17:26:16.050 [main] DEBUG org.hibernate.persister.walking.spi.MetamodelGraphWalker - Visiting attribute path : product.supplierId
17:26:16.050 [main] DEBUG org.hibernate.persister.walking.spi.MetamodelGraphWalker - Visiting attribute path : product.unitPrice
17:26:16.050 [main] DEBUG org.hibernate.persister.walking.spi.MetamodelGraphWalker - Visiting attribute path : product.views
17:26:16.050 [main] DEBUG org.hibernate.persister.walking.spi.MetamodelGraphWalker - Visiting attribute path : productCount
17:26:16.050 [main] DEBUG org.hibernate.persister.walking.spi.MetamodelGraphWalker - Visiting attribute path : total
17:26:16.050 [main] DEBUG org.hibernate.loader.plan.build.internal.FetchStyleLoadPlanBuildingAssociationVisitationStrategy - Building LoadPlan...
17:26:16.050 [main] DEBUG org.hibernate.loader.plan.exec.internal.LoadQueryJoinAndFetchProcessor - processing queryspace &lt;gen:0&gt;
17:26:16.050 [main] DEBUG org.hibernate.loader.plan.build.spi.LoadPlanTreePrinter - LoadPlan(entity=org.codemaster.shoppingbackend.dto.OrderItem)
    - Returns
       - EntityReturnImpl(entity=org.codemaster.shoppingbackend.dto.OrderItem, querySpaceUid=&lt;gen:0&gt;, path=org.codemaster.shoppingbackend.dto.OrderItem)
          - EntityAttributeFetchImpl(entity=org.codemaster.shoppingbackend.dto.OrderDetail, querySpaceUid=&lt;gen:1&gt;, path=org.codemaster.shoppingbackend.dto.OrderItem.orderDetail)
             - EntityAttributeFetchImpl(entity=org.codemaster.shoppingbackend.dto.Address, querySpaceUid=&lt;gen:2&gt;, path=org.codemaster.shoppingbackend.dto.OrderItem.orderDetail.billing)
             - EntityAttributeFetchImpl(entity=org.codemaster.shoppingbackend.dto.Address, querySpaceUid=&lt;gen:3&gt;, path=org.codemaster.shoppingbackend.dto.OrderItem.orderDetail.shipping)
             - EntityAttributeFetchImpl(entity=org.codemaster.shoppingbackend.dto.User, querySpaceUid=&lt;gen:4&gt;, path=org.codemaster.shoppingbackend.dto.OrderItem.orderDetail.user)
                - EntityAttributeFetchImpl(entity=org.codemaster.shoppingbackend.dto.Cart, querySpaceUid=&lt;gen:5&gt;, path=org.codemaster.shoppingbackend.dto.OrderItem.orderDetail.user.cart)
          - EntityAttributeFetchImpl(entity=org.codemaster.shoppingbackend.dto.Product, querySpaceUid=&lt;gen:6&gt;, path=org.codemaster.shoppingbackend.dto.OrderItem.product)
    - QuerySpaces
       - EntityQuerySpaceImpl(uid=&lt;gen:0&gt;, entity=org.codemaster.shoppingbackend.dto.OrderItem)
          - SQL table alias mapping - orderitem0_
          - alias suffix - 0_
          - suffixed key columns - {id1_5_0_}
          - JOIN (JoinDefinedByMetadata(orderDetail)) : &lt;gen:0&gt; -&gt; &lt;gen:1&gt;
             - EntityQuerySpaceImpl(uid=&lt;gen:1&gt;, entity=org.codemaster.shoppingbackend.dto.OrderDetail)
                - SQL table alias mapping - orderdetai1_
                - alias suffix - 1_
                - suffixed key columns - {id1_4_1_}
                - JOIN (JoinDefinedByMetadata(billing)) : &lt;gen:1&gt; -&gt; &lt;gen:2&gt;
                   - EntityQuerySpaceImpl(uid=&lt;gen:2&gt;, entity=org.codemaster.shoppingbackend.dto.Address)
                      - SQL table alias mapping - address2_
                      - alias suffix - 2_
                      - suffixed key columns - {id1_0_2_}
                - JOIN (JoinDefinedByMetadata(shipping)) : &lt;gen:1&gt; -&gt; &lt;gen:3&gt;
                   - EntityQuerySpaceImpl(uid=&lt;gen:3&gt;, entity=org.codemaster.shoppingbackend.dto.Address)
                      - SQL table alias mapping - address3_
                      - alias suffix - 3_
                      - suffixed key columns - {id1_0_3_}
                - JOIN (JoinDefinedByMetadata(user)) : &lt;gen:1&gt; -&gt; &lt;gen:4&gt;
                   - EntityQuerySpaceImpl(uid=&lt;gen:4&gt;, entity=org.codemaster.shoppingbackend.dto.User)
                      - SQL table alias mapping - user4_
                      - alias suffix - 4_
                      - suffixed key columns - {id1_7_4_}
                      - JOIN (JoinDefinedByMetadata(cart)) : &lt;gen:4&gt; -&gt; &lt;gen:5&gt;
                         - EntityQuerySpaceImpl(uid=&lt;gen:5&gt;, entity=org.codemaster.shoppingbackend.dto.Cart)
                            - SQL table alias mapping - cart5_
                            - alias suffix - 5_
                            - suffixed key columns - {id1_1_5_}
          - JOIN (JoinDefinedByMetadata(product)) : &lt;gen:0&gt; -&gt; &lt;gen:6&gt;
             - EntityQuerySpaceImpl(uid=&lt;gen:6&gt;, entity=org.codemaster.shoppingbackend.dto.Product)
                - SQL table alias mapping - product6_
                - alias suffix - 6_
                - suffixed key columns - {id1_6_6_}

17:26:16.050 [main] DEBUG org.hibernate.loader.entity.plan.EntityLoader - Static select for entity org.codemaster.shoppingbackend.dto.OrderItem [NONE]: select orderitem0_.id as id1_5_0_, orderitem0_.buying_price as buying_p2_5_0_, orderitem0_.order_id as order_id5_5_0_, orderitem0_.product_id as product_6_5_0_, orderitem0_.product_count as product_3_5_0_, orderitem0_.total as total4_5_0_, orderdetai1_.id as id1_4_1_, orderdetai1_.billing_id as billing_5_4_1_, orderdetai1_.order_count as order_co2_4_1_, orderdetai1_.order_date as order_da3_4_1_, orderdetai1_.order_total as order_to4_4_1_, orderdetai1_.shipping_id as shipping6_4_1_, orderdetai1_.user_id as user_id7_4_1_, address2_.id as id1_0_2_, address2_.address_line_one as address_2_0_2_, address2_.address_line_two as address_3_0_2_, address2_.is_billing as is_billi4_0_2_, address2_.city as city5_0_2_, address2_.country as country6_0_2_, address2_.postal_code as postal_c7_0_2_, address2_.is_shipping as is_shipp8_0_2_, address2_.state as state9_0_2_, address2_.user_id as user_id10_0_2_, address3_.id as id1_0_3_, address3_.address_line_one as address_2_0_3_, address3_.address_line_two as address_3_0_3_, address3_.is_billing as is_billi4_0_3_, address3_.city as city5_0_3_, address3_.country as country6_0_3_, address3_.postal_code as postal_c7_0_3_, address3_.is_shipping as is_shipp8_0_3_, address3_.state as state9_0_3_, address3_.user_id as user_id10_0_3_, user4_.id as id1_7_4_, user4_.contact_number as contact_2_7_4_, user4_.email as email3_7_4_, user4_.enabled as enabled4_7_4_, user4_.first_name as first_na5_7_4_, user4_.last_name as last_nam6_7_4_, user4_.password as password7_7_4_, user4_.role as role8_7_4_, cart5_.id as id1_1_5_, cart5_.cart_lines as cart_lin2_1_5_, cart5_.grand_total as grand_to3_1_5_, cart5_.user_id as user_id4_1_5_, product6_.id as id1_6_6_, product6_.is_active as is_activ2_6_6_, product6_.brand as brand3_6_6_, product6_.category_id as category4_6_6_, product6_.code as code5_6_6_, product6_.description as descript6_6_6_, product6_.name as name7_6_6_, product6_.purchases as purchase8_6_6_, product6_.quantity as quantity9_6_6_, product6_.supplier_id as supplie10_6_6_, product6_.unit_price as unit_pr11_6_6_, product6_.views as views12_6_6_ from order_item orderitem0_ left outer join order_detail orderdetai1_ on orderitem0_.order_id=orderdetai1_.id left outer join Address address2_ on orderdetai1_.billing_id=address2_.id left outer join Address address3_ on orderdetai1_.shipping_id=address3_.id left outer join user_detail user4_ on orderdetai1_.user_id=user4_.id left outer join Cart cart5_ on user4_.id=cart5_.user_id left outer join Product product6_ on orderitem0_.product_id=product6_.id where orderitem0_.id=?
17:26:16.050 [main] DEBUG org.hibernate.loader.plan.build.internal.spaces.QuerySpacesImpl - Adding QuerySpace : uid = &lt;gen:0&gt; -&gt; org.hibernate.loader.plan.build.internal.spaces.EntityQuerySpaceImpl@14924f41]
17:26:16.050 [main] DEBUG org.hibernate.persister.walking.spi.MetamodelGraphWalker - Visiting attribute path : buyingPrice
17:26:16.050 [main] DEBUG org.hibernate.persister.walking.spi.MetamodelGraphWalker - Visiting attribute path : orderDetail
17:26:16.050 [main] DEBUG org.hibernate.loader.plan.build.internal.spaces.QuerySpacesImpl - Adding QuerySpace : uid = &lt;gen:1&gt; -&gt; org.hibernate.loader.plan.build.internal.spaces.EntityQuerySpaceImpl@1f939a0f]
17:26:16.050 [main] DEBUG org.hibernate.persister.walking.spi.MetamodelGraphWalker - Visiting attribute path : orderDetail.billing
17:26:16.050 [main] DEBUG org.hibernate.loader.plan.build.internal.spaces.QuerySpacesImpl - Adding QuerySpace : uid = &lt;gen:2&gt; -&gt; org.hibernate.loader.plan.build.internal.spaces.EntityQuerySpaceImpl@430b2699]
17:26:16.050 [main] DEBUG org.hibernate.persister.walking.spi.MetamodelGraphWalker - Visiting attribute path : orderDetail.billing.addressLineOne
17:26:16.050 [main] DEBUG org.hibernate.persister.walking.spi.MetamodelGraphWalker - Visiting attribute path : orderDetail.billing.addressLineTwo
17:26:16.050 [main] DEBUG org.hibernate.persister.walking.spi.MetamodelGraphWalker - Visiting attribute path : orderDetail.billing.billing
17:26:16.050 [main] DEBUG org.hibernate.persister.walking.spi.MetamodelGraphWalker - Visiting attribute path : orderDetail.billing.city
17:26:16.050 [main] DEBUG org.hibernate.persister.walking.spi.MetamodelGraphWalker - Visiting attribute path : orderDetail.billing.country
17:26:16.050 [main] DEBUG org.hibernate.persister.walking.spi.MetamodelGraphWalker - Visiting attribute path : orderDetail.billing.postalCode
17:26:16.050 [main] DEBUG org.hibernate.persister.walking.spi.MetamodelGraphWalker - Visiting attribute path : orderDetail.billing.shipping
17:26:16.050 [main] DEBUG org.hibernate.persister.walking.spi.MetamodelGraphWalker - Visiting attribute path : orderDetail.billing.state
17:26:16.050 [main] DEBUG org.hibernate.persister.walking.spi.MetamodelGraphWalker - Visiting attribute path : orderDetail.billing.userId
17:26:16.050 [main] DEBUG org.hibernate.persister.walking.spi.MetamodelGraphWalker - Visiting attribute path : orderDetail.orderCount
17:26:16.050 [main] DEBUG org.hibernate.persister.walking.spi.MetamodelGraphWalker - Visiting attribute path : orderDetail.orderDate
17:26:16.050 [main] DEBUG org.hibernate.persister.walking.spi.MetamodelGraphWalker - Visiting attribute path : orderDetail.orderItems
17:26:16.050 [main] DEBUG org.hibernate.persister.walking.spi.MetamodelGraphWalker - Property path deemed to be circular : orderDetail.orderItems
17:26:16.050 [main] DEBUG org.hibernate.persister.walking.spi.MetamodelGraphWalker - Visiting attribute path : orderDetail.orderTotal
17:26:16.050 [main] DEBUG org.hibernate.persister.walking.spi.MetamodelGraphWalker - Visiting attribute path : orderDetail.shipping
17:26:16.050 [main] DEBUG org.hibernate.loader.plan.build.internal.spaces.QuerySpacesImpl - Adding QuerySpace : uid = &lt;gen:3&gt; -&gt; org.hibernate.loader.plan.build.internal.spaces.EntityQuerySpaceImpl@6413d7e7]
17:26:16.050 [main] DEBUG org.hibernate.persister.walking.spi.MetamodelGraphWalker - Visiting attribute path : orderDetail.shipping.addressLineOne
17:26:16.050 [main] DEBUG org.hibernate.persister.walking.spi.MetamodelGraphWalker - Visiting attribute path : orderDetail.shipping.addressLineTwo
17:26:16.050 [main] DEBUG org.hibernate.persister.walking.spi.MetamodelGraphWalker - Visiting attribute path : orderDetail.shipping.billing
17:26:16.050 [main] DEBUG org.hibernate.persister.walking.spi.MetamodelGraphWalker - Visiting attribute path : orderDetail.shipping.city
17:26:16.050 [main] DEBUG org.hibernate.persister.walking.spi.MetamodelGraphWalker - Visiting attribute path : orderDetail.shipping.country
17:26:16.050 [main] DEBUG org.hibernate.persister.walking.spi.MetamodelGraphWalker - Visiting attribute path : orderDetail.shipping.postalCode
17:26:16.050 [main] DEBUG org.hibernate.persister.walking.spi.MetamodelGraphWalker - Visiting attribute path : orderDetail.shipping.shipping
17:26:16.050 [main] DEBUG org.hibernate.persister.walking.spi.MetamodelGraphWalker - Visiting attribute path : orderDetail.shipping.state
17:26:16.050 [main] DEBUG org.hibernate.persister.walking.spi.MetamodelGraphWalker - Visiting attribute path : orderDetail.shipping.userId
17:26:16.050 [main] DEBUG org.hibernate.persister.walking.spi.MetamodelGraphWalker - Visiting attribute path : orderDetail.user
17:26:16.050 [main] DEBUG org.hibernate.loader.plan.build.internal.spaces.QuerySpacesImpl - Adding QuerySpace : uid = &lt;gen:4&gt; -&gt; org.hibernate.loader.plan.build.internal.spaces.EntityQuerySpaceImpl@17b37e9a]
17:26:16.050 [main] DEBUG org.hibernate.persister.walking.spi.MetamodelGraphWalker - Visiting attribute path : orderDetail.user.contactNumber
17:26:16.050 [main] DEBUG org.hibernate.persister.walking.spi.MetamodelGraphWalker - Visiting attribute path : orderDetail.user.email
17:26:16.050 [main] DEBUG org.hibernate.persister.walking.spi.MetamodelGraphWalker - Visiting attribute path : orderDetail.user.enabled
17:26:16.050 [main] DEBUG org.hibernate.persister.walking.spi.MetamodelGraphWalker - Visiting attribute path : orderDetail.user.firstName
17:26:16.050 [main] DEBUG org.hibernate.persister.walking.spi.MetamodelGraphWalker - Visiting attribute path : orderDetail.user.lastName
17:26:16.050 [main] DEBUG org.hibernate.persister.walking.spi.MetamodelGraphWalker - Visiting attribute path : orderDetail.user.password
17:26:16.050 [main] DEBUG org.hibernate.persister.walking.spi.MetamodelGraphWalker - Visiting attribute path : orderDetail.user.role
17:26:16.050 [main] DEBUG org.hibernate.persister.walking.spi.MetamodelGraphWalker - Visiting attribute path : orderDetail.user.cart
17:26:16.050 [main] DEBUG org.hibernate.loader.plan.build.internal.spaces.QuerySpacesImpl - Adding QuerySpace : uid = &lt;gen:5&gt; -&gt; org.hibernate.loader.plan.build.internal.spaces.EntityQuerySpaceImpl@111d5c97]
17:26:16.050 [main] DEBUG org.hibernate.persister.walking.spi.MetamodelGraphWalker - Visiting attribute path : orderDetail.user.cart.cartLines
17:26:16.050 [main] DEBUG org.hibernate.persister.walking.spi.MetamodelGraphWalker - Visiting attribute path : orderDetail.user.cart.grandTotal
17:26:16.050 [main] DEBUG org.hibernate.persister.walking.spi.MetamodelGraphWalker - Visiting attribute path : orderDetail.user.cart.user
17:26:16.050 [main] DEBUG org.hibernate.persister.walking.spi.MetamodelGraphWalker - Property path deemed to be circular : orderDetail.user.cart.user
17:26:16.050 [main] DEBUG org.hibernate.persister.walking.spi.MetamodelGraphWalker - Visiting attribute path : product
17:26:16.066 [main] DEBUG org.hibernate.loader.plan.build.internal.spaces.QuerySpacesImpl - Adding QuerySpace : uid = &lt;gen:6&gt; -&gt; org.hibernate.loader.plan.build.internal.spaces.EntityQuerySpaceImpl@250a9031]
17:26:16.066 [main] DEBUG org.hibernate.persister.walking.spi.MetamodelGraphWalker - Visiting attribute path : product.active
17:26:16.066 [main] DEBUG org.hibernate.persister.walking.spi.MetamodelGraphWalker - Visiting attribute path : product.brand
17:26:16.066 [main] DEBUG org.hibernate.persister.walking.spi.MetamodelGraphWalker - Visiting attribute path : product.categoryId
17:26:16.066 [main] DEBUG org.hibernate.persister.walking.spi.MetamodelGraphWalker - Visiting attribute path : product.code
17:26:16.066 [main] DEBUG org.hibernate.persister.walking.spi.MetamodelGraphWalker - Visiting attribute path : product.description
17:26:16.066 [main] DEBUG org.hibernate.persister.walking.spi.MetamodelGraphWalker - Visiting attribute path : product.name
17:26:16.066 [main] DEBUG org.hibernate.persister.walking.spi.MetamodelGraphWalker - Visiting attribute path : product.purchases
17:26:16.066 [main] DEBUG org.hibernate.persister.walking.spi.MetamodelGraphWalker - Visiting attribute path : product.quantity
17:26:16.066 [main] DEBUG org.hibernate.persister.walking.spi.MetamodelGraphWalker - Visiting attribute path : product.supplierId
17:26:16.066 [main] DEBUG org.hibernate.persister.walking.spi.MetamodelGraphWalker - Visiting attribute path : product.unitPrice
17:26:16.066 [main] DEBUG org.hibernate.persister.walking.spi.MetamodelGraphWalker - Visiting attribute path : product.views
17:26:16.066 [main] DEBUG org.hibernate.persister.walking.spi.MetamodelGraphWalker - Visiting attribute path : productCount
17:26:16.066 [main] DEBUG org.hibernate.persister.walking.spi.MetamodelGraphWalker - Visiting attribute path : total
17:26:16.066 [main] DEBUG org.hibernate.loader.plan.build.internal.FetchStyleLoadPlanBuildingAssociationVisitationStrategy - Building LoadPlan...
17:26:16.066 [main] DEBUG org.hibernate.loader.plan.exec.internal.LoadQueryJoinAndFetchProcessor - processing queryspace &lt;gen:0&gt;
17:26:16.066 [main] DEBUG org.hibernate.loader.plan.build.spi.LoadPlanTreePrinter - LoadPlan(entity=org.codemaster.shoppingbackend.dto.OrderItem)
    - Returns
       - EntityReturnImpl(entity=org.codemaster.shoppingbackend.dto.OrderItem, querySpaceUid=&lt;gen:0&gt;, path=org.codemaster.shoppingbackend.dto.OrderItem)
          - EntityAttributeFetchImpl(entity=org.codemaster.shoppingbackend.dto.OrderDetail, querySpaceUid=&lt;gen:1&gt;, path=org.codemaster.shoppingbackend.dto.OrderItem.orderDetail)
             - EntityAttributeFetchImpl(entity=org.codemaster.shoppingbackend.dto.Address, querySpaceUid=&lt;gen:2&gt;, path=org.codemaster.shoppingbackend.dto.OrderItem.orderDetail.billing)
             - EntityAttributeFetchImpl(entity=org.codemaster.shoppingbackend.dto.Address, querySpaceUid=&lt;gen:3&gt;, path=org.codemaster.shoppingbackend.dto.OrderItem.orderDetail.shipping)
             - EntityAttributeFetchImpl(entity=org.codemaster.shoppingbackend.dto.User, querySpaceUid=&lt;gen:4&gt;, path=org.codemaster.shoppingbackend.dto.OrderItem.orderDetail.user)
                - EntityAttributeFetchImpl(entity=org.codemaster.shoppingbackend.dto.Cart, querySpaceUid=&lt;gen:5&gt;, path=org.codemaster.shoppingbackend.dto.OrderItem.orderDetail.user.cart)
          - EntityAttributeFetchImpl(entity=org.codemaster.shoppingbackend.dto.Product, querySpaceUid=&lt;gen:6&gt;, path=org.codemaster.shoppingbackend.dto.OrderItem.product)
    - QuerySpaces
       - EntityQuerySpaceImpl(uid=&lt;gen:0&gt;, entity=org.codemaster.shoppingbackend.dto.OrderItem)
          - SQL table alias mapping - orderitem0_
          - alias suffix - 0_
          - suffixed key columns - {id1_5_0_}
          - JOIN (JoinDefinedByMetadata(orderDetail)) : &lt;gen:0&gt; -&gt; &lt;gen:1&gt;
             - EntityQuerySpaceImpl(uid=&lt;gen:1&gt;, entity=org.codemaster.shoppingbackend.dto.OrderDetail)
                - SQL table alias mapping - orderdetai1_
                - alias suffix - 1_
                - suffixed key columns - {id1_4_1_}
                - JOIN (JoinDefinedByMetadata(billing)) : &lt;gen:1&gt; -&gt; &lt;gen:2&gt;
                   - EntityQuerySpaceImpl(uid=&lt;gen:2&gt;, entity=org.codemaster.shoppingbackend.dto.Address)
                      - SQL table alias mapping - address2_
                      - alias suffix - 2_
                      - suffixed key columns - {id1_0_2_}
                - JOIN (JoinDefinedByMetadata(shipping)) : &lt;gen:1&gt; -&gt; &lt;gen:3&gt;
                   - EntityQuerySpaceImpl(uid=&lt;gen:3&gt;, entity=org.codemaster.shoppingbackend.dto.Address)
                      - SQL table alias mapping - address3_
                      - alias suffix - 3_
                      - suffixed key columns - {id1_0_3_}
                - JOIN (JoinDefinedByMetadata(user)) : &lt;gen:1&gt; -&gt; &lt;gen:4&gt;
                   - EntityQuerySpaceImpl(uid=&lt;gen:4&gt;, entity=org.codemaster.shoppingbackend.dto.User)
                      - SQL table alias mapping - user4_
                      - alias suffix - 4_
                      - suffixed key columns - {id1_7_4_}
                      - JOIN (JoinDefinedByMetadata(cart)) : &lt;gen:4&gt; -&gt; &lt;gen:5&gt;
                         - EntityQuerySpaceImpl(uid=&lt;gen:5&gt;, entity=org.codemaster.shoppingbackend.dto.Cart)
                            - SQL table alias mapping - cart5_
                            - alias suffix - 5_
                            - suffixed key columns - {id1_1_5_}
          - JOIN (JoinDefinedByMetadata(product)) : &lt;gen:0&gt; -&gt; &lt;gen:6&gt;
             - EntityQuerySpaceImpl(uid=&lt;gen:6&gt;, entity=org.codemaster.shoppingbackend.dto.Product)
                - SQL table alias mapping - product6_
                - alias suffix - 6_
                - suffixed key columns - {id1_6_6_}

17:26:16.066 [main] DEBUG org.hibernate.loader.entity.plan.EntityLoader - Static select for entity org.codemaster.shoppingbackend.dto.OrderItem [READ]: select orderitem0_.id as id1_5_0_, orderitem0_.buying_price as buying_p2_5_0_, orderitem0_.order_id as order_id5_5_0_, orderitem0_.product_id as product_6_5_0_, orderitem0_.product_count as product_3_5_0_, orderitem0_.total as total4_5_0_, orderdetai1_.id as id1_4_1_, orderdetai1_.billing_id as billing_5_4_1_, orderdetai1_.order_count as order_co2_4_1_, orderdetai1_.order_date as order_da3_4_1_, orderdetai1_.order_total as order_to4_4_1_, orderdetai1_.shipping_id as shipping6_4_1_, orderdetai1_.user_id as user_id7_4_1_, address2_.id as id1_0_2_, address2_.address_line_one as address_2_0_2_, address2_.address_line_two as address_3_0_2_, address2_.is_billing as is_billi4_0_2_, address2_.city as city5_0_2_, address2_.country as country6_0_2_, address2_.postal_code as postal_c7_0_2_, address2_.is_shipping as is_shipp8_0_2_, address2_.state as state9_0_2_, address2_.user_id as user_id10_0_2_, address3_.id as id1_0_3_, address3_.address_line_one as address_2_0_3_, address3_.address_line_two as address_3_0_3_, address3_.is_billing as is_billi4_0_3_, address3_.city as city5_0_3_, address3_.country as country6_0_3_, address3_.postal_code as postal_c7_0_3_, address3_.is_shipping as is_shipp8_0_3_, address3_.state as state9_0_3_, address3_.user_id as user_id10_0_3_, user4_.id as id1_7_4_, user4_.contact_number as contact_2_7_4_, user4_.email as email3_7_4_, user4_.enabled as enabled4_7_4_, user4_.first_name as first_na5_7_4_, user4_.last_name as last_nam6_7_4_, user4_.password as password7_7_4_, user4_.role as role8_7_4_, cart5_.id as id1_1_5_, cart5_.cart_lines as cart_lin2_1_5_, cart5_.grand_total as grand_to3_1_5_, cart5_.user_id as user_id4_1_5_, product6_.id as id1_6_6_, product6_.is_active as is_activ2_6_6_, product6_.brand as brand3_6_6_, product6_.category_id as category4_6_6_, product6_.code as code5_6_6_, product6_.description as descript6_6_6_, product6_.name as name7_6_6_, product6_.purchases as purchase8_6_6_, product6_.quantity as quantity9_6_6_, product6_.supplier_id as supplie10_6_6_, product6_.unit_price as unit_pr11_6_6_, product6_.views as views12_6_6_ from order_item orderitem0_ left outer join order_detail orderdetai1_ on orderitem0_.order_id=orderdetai1_.id left outer join Address address2_ on orderdetai1_.billing_id=address2_.id left outer join Address address3_ on orderdetai1_.shipping_id=address3_.id left outer join user_detail user4_ on orderdetai1_.user_id=user4_.id left outer join Cart cart5_ on user4_.id=cart5_.user_id left outer join Product product6_ on orderitem0_.product_id=product6_.id where orderitem0_.id=?
17:26:16.066 [main] DEBUG org.hibernate.loader.plan.build.internal.spaces.QuerySpacesImpl - Adding QuerySpace : uid = &lt;gen:0&gt; -&gt; org.hibernate.loader.plan.build.internal.spaces.EntityQuerySpaceImpl@6d67f5eb]
17:26:16.066 [main] DEBUG org.hibernate.persister.walking.spi.MetamodelGraphWalker - Visiting attribute path : buyingPrice
17:26:16.066 [main] DEBUG org.hibernate.persister.walking.spi.MetamodelGraphWalker - Visiting attribute path : orderDetail
17:26:16.066 [main] DEBUG org.hibernate.loader.plan.build.internal.spaces.QuerySpacesImpl - Adding QuerySpace : uid = &lt;gen:1&gt; -&gt; org.hibernate.loader.plan.build.internal.spaces.EntityQuerySpaceImpl@3e1fd62b]
17:26:16.066 [main] DEBUG org.hibernate.persister.walking.spi.MetamodelGraphWalker - Visiting attribute path : product
17:26:16.066 [main] DEBUG org.hibernate.loader.plan.build.internal.spaces.QuerySpacesImpl - Adding QuerySpace : uid = &lt;gen:2&gt; -&gt; org.hibernate.loader.plan.build.internal.spaces.EntityQuerySpaceImpl@7112ce6]
17:26:16.066 [main] DEBUG org.hibernate.persister.walking.spi.MetamodelGraphWalker - Visiting attribute path : productCount
17:26:16.066 [main] DEBUG org.hibernate.persister.walking.spi.MetamodelGraphWalker - Visiting attribute path : total
17:26:16.066 [main] DEBUG org.hibernate.loader.plan.build.internal.FetchStyleLoadPlanBuildingAssociationVisitationStrategy - Building LoadPlan...
17:26:16.066 [main] DEBUG org.hibernate.loader.plan.exec.internal.LoadQueryJoinAndFetchProcessor - processing queryspace &lt;gen:0&gt;
17:26:16.066 [main] DEBUG org.hibernate.loader.plan.build.spi.LoadPlanTreePrinter - LoadPlan(entity=org.codemaster.shoppingbackend.dto.OrderItem)
    - Returns
       - EntityReturnImpl(entity=org.codemaster.shoppingbackend.dto.OrderItem, querySpaceUid=&lt;gen:0&gt;, path=org.codemaster.shoppingbackend.dto.OrderItem)
          - EntityAttributeFetchImpl(entity=org.codemaster.shoppingbackend.dto.OrderDetail, querySpaceUid=&lt;gen:1&gt;, path=org.codemaster.shoppingbackend.dto.OrderItem.orderDetail)
          - EntityAttributeFetchImpl(entity=org.codemaster.shoppingbackend.dto.Product, querySpaceUid=&lt;gen:2&gt;, path=org.codemaster.shoppingbackend.dto.OrderItem.product)
    - QuerySpaces
       - EntityQuerySpaceImpl(uid=&lt;gen:0&gt;, entity=org.codemaster.shoppingbackend.dto.OrderItem)
          - SQL table alias mapping - orderitem0_
          - alias suffix - 0_
          - suffixed key columns - {id1_5_0_}

17:26:16.066 [main] DEBUG org.hibernate.loader.entity.plan.EntityLoader - Static select for entity org.codemaster.shoppingbackend.dto.OrderItem [UPGRADE]: select orderitem0_.id as id1_5_0_, orderitem0_.buying_price as buying_p2_5_0_, orderitem0_.order_id as order_id5_5_0_, orderitem0_.product_id as product_6_5_0_, orderitem0_.product_count as product_3_5_0_, orderitem0_.total as total4_5_0_ from order_item orderitem0_ where orderitem0_.id=? for update
17:26:16.066 [main] DEBUG org.hibernate.loader.plan.build.internal.spaces.QuerySpacesImpl - Adding QuerySpace : uid = &lt;gen:0&gt; -&gt; org.hibernate.loader.plan.build.internal.spaces.EntityQuerySpaceImpl@558b4942]
17:26:16.066 [main] DEBUG org.hibernate.persister.walking.spi.MetamodelGraphWalker - Visiting attribute path : buyingPrice
17:26:16.066 [main] DEBUG org.hibernate.persister.walking.spi.MetamodelGraphWalker - Visiting attribute path : orderDetail
17:26:16.066 [main] DEBUG org.hibernate.loader.plan.build.internal.spaces.QuerySpacesImpl - Adding QuerySpace : uid = &lt;gen:1&gt; -&gt; org.hibernate.loader.plan.build.internal.spaces.EntityQuerySpaceImpl@70025b99]
17:26:16.066 [main] DEBUG org.hibernate.persister.walking.spi.MetamodelGraphWalker - Visiting attribute path : product
17:26:16.082 [main] DEBUG org.hibernate.loader.plan.build.internal.spaces.QuerySpacesImpl - Adding QuerySpace : uid = &lt;gen:2&gt; -&gt; org.hibernate.loader.plan.build.internal.spaces.EntityQuerySpaceImpl@7efa3f63]
17:26:16.082 [main] DEBUG org.hibernate.persister.walking.spi.MetamodelGraphWalker - Visiting attribute path : productCount
17:26:16.082 [main] DEBUG org.hibernate.persister.walking.spi.MetamodelGraphWalker - Visiting attribute path : total
17:26:16.082 [main] DEBUG org.hibernate.loader.plan.build.internal.FetchStyleLoadPlanBuildingAssociationVisitationStrategy - Building LoadPlan...
17:26:16.082 [main] DEBUG org.hibernate.loader.plan.exec.internal.LoadQueryJoinAndFetchProcessor - processing queryspace &lt;gen:0&gt;
17:26:16.082 [main] DEBUG org.hibernate.loader.plan.build.spi.LoadPlanTreePrinter - LoadPlan(entity=org.codemaster.shoppingbackend.dto.OrderItem)
    - Returns
       - EntityReturnImpl(entity=org.codemaster.shoppingbackend.dto.OrderItem, querySpaceUid=&lt;gen:0&gt;, path=org.codemaster.shoppingbackend.dto.OrderItem)
          - EntityAttributeFetchImpl(entity=org.codemaster.shoppingbackend.dto.OrderDetail, querySpaceUid=&lt;gen:1&gt;, path=org.codemaster.shoppingbackend.dto.OrderItem.orderDetail)
          - EntityAttributeFetchImpl(entity=org.codemaster.shoppingbackend.dto.Product, querySpaceUid=&lt;gen:2&gt;, path=org.codemaster.shoppingbackend.dto.OrderItem.product)
    - QuerySpaces
       - EntityQuerySpaceImpl(uid=&lt;gen:0&gt;, entity=org.codemaster.shoppingbackend.dto.OrderItem)
          - SQL table alias mapping - orderitem0_
          - alias suffix - 0_
          - suffixed key columns - {id1_5_0_}

17:26:16.082 [main] DEBUG org.hibernate.loader.entity.plan.EntityLoader - Static select for entity org.codemaster.shoppingbackend.dto.OrderItem [UPGRADE_NOWAIT]: select orderitem0_.id as id1_5_0_, orderitem0_.buying_price as buying_p2_5_0_, orderitem0_.order_id as order_id5_5_0_, orderitem0_.product_id as product_6_5_0_, orderitem0_.product_count as product_3_5_0_, orderitem0_.total as total4_5_0_ from order_item orderitem0_ where orderitem0_.id=? for update
17:26:16.082 [main] DEBUG org.hibernate.loader.plan.build.internal.spaces.QuerySpacesImpl - Adding QuerySpace : uid = &lt;gen:0&gt; -&gt; org.hibernate.loader.plan.build.internal.spaces.EntityQuerySpaceImpl@7134b8a7]
17:26:16.082 [main] DEBUG org.hibernate.persister.walking.spi.MetamodelGraphWalker - Visiting attribute path : buyingPrice
17:26:16.082 [main] DEBUG org.hibernate.persister.walking.spi.MetamodelGraphWalker - Visiting attribute path : orderDetail
17:26:16.082 [main] DEBUG org.hibernate.loader.plan.build.internal.spaces.QuerySpacesImpl - Adding QuerySpace : uid = &lt;gen:1&gt; -&gt; org.hibernate.loader.plan.build.internal.spaces.EntityQuerySpaceImpl@40de8f93]
17:26:16.082 [main] DEBUG org.hibernate.persister.walking.spi.MetamodelGraphWalker - Visiting attribute path : product
17:26:16.082 [main] DEBUG org.hibernate.loader.plan.build.internal.spaces.QuerySpacesImpl - Adding QuerySpace : uid = &lt;gen:2&gt; -&gt; org.hibernate.loader.plan.build.internal.spaces.EntityQuerySpaceImpl@6ff0b1cc]
17:26:16.082 [main] DEBUG org.hibernate.persister.walking.spi.MetamodelGraphWalker - Visiting attribute path : productCount
17:26:16.082 [main] DEBUG org.hibernate.persister.walking.spi.MetamodelGraphWalker - Visiting attribute path : total
17:26:16.082 [main] DEBUG org.hibernate.loader.plan.build.internal.FetchStyleLoadPlanBuildingAssociationVisitationStrategy - Building LoadPlan...
17:26:16.082 [main] DEBUG org.hibernate.loader.plan.exec.internal.LoadQueryJoinAndFetchProcessor - processing queryspace &lt;gen:0&gt;
17:26:16.082 [main] DEBUG org.hibernate.loader.plan.build.spi.LoadPlanTreePrinter - LoadPlan(entity=org.codemaster.shoppingbackend.dto.OrderItem)
    - Returns
       - EntityReturnImpl(entity=org.codemaster.shoppingbackend.dto.OrderItem, querySpaceUid=&lt;gen:0&gt;, path=org.codemaster.shoppingbackend.dto.OrderItem)
          - EntityAttributeFetchImpl(entity=org.codemaster.shoppingbackend.dto.OrderDetail, querySpaceUid=&lt;gen:1&gt;, path=org.codemaster.shoppingbackend.dto.OrderItem.orderDetail)
          - EntityAttributeFetchImpl(entity=org.codemaster.shoppingbackend.dto.Product, querySpaceUid=&lt;gen:2&gt;, path=org.codemaster.shoppingbackend.dto.OrderItem.product)
    - QuerySpaces
       - EntityQuerySpaceImpl(uid=&lt;gen:0&gt;, entity=org.codemaster.shoppingbackend.dto.OrderItem)
          - SQL table alias mapping - orderitem0_
          - alias suffix - 0_
          - suffixed key columns - {id1_5_0_}

17:26:16.082 [main] DEBUG org.hibernate.loader.entity.plan.EntityLoader - Static select for entity org.codemaster.shoppingbackend.dto.OrderItem [UPGRADE_SKIPLOCKED]: select orderitem0_.id as id1_5_0_, orderitem0_.buying_price as buying_p2_5_0_, orderitem0_.order_id as order_id5_5_0_, orderitem0_.product_id as product_6_5_0_, orderitem0_.product_count as product_3_5_0_, orderitem0_.total as total4_5_0_ from order_item orderitem0_ where orderitem0_.id=? for update
17:26:16.097 [main] DEBUG org.hibernate.loader.plan.build.internal.spaces.QuerySpacesImpl - Adding QuerySpace : uid = &lt;gen:0&gt; -&gt; org.hibernate.loader.plan.build.internal.spaces.EntityQuerySpaceImpl@3b55dd15]
17:26:16.097 [main] DEBUG org.hibernate.persister.walking.spi.MetamodelGraphWalker - Visiting attribute path : buyingPrice
17:26:16.097 [main] DEBUG org.hibernate.persister.walking.spi.MetamodelGraphWalker - Visiting attribute path : orderDetail
17:26:16.097 [main] DEBUG org.hibernate.loader.plan.build.internal.spaces.QuerySpacesImpl - Adding QuerySpace : uid = &lt;gen:1&gt; -&gt; org.hibernate.loader.plan.build.internal.spaces.EntityQuerySpaceImpl@3ba3d4b6]
17:26:16.097 [main] DEBUG org.hibernate.persister.walking.spi.MetamodelGraphWalker - Visiting attribute path : product
17:26:16.097 [main] DEBUG org.hibernate.loader.plan.build.internal.spaces.QuerySpacesImpl - Adding QuerySpace : uid = &lt;gen:2&gt; -&gt; org.hibernate.loader.plan.build.internal.spaces.EntityQuerySpaceImpl@51b77cdf]
17:26:16.097 [main] DEBUG org.hibernate.persister.walking.spi.MetamodelGraphWalker - Visiting attribute path : productCount
17:26:16.097 [main] DEBUG org.hibernate.persister.walking.spi.MetamodelGraphWalker - Visiting attribute path : total
17:26:16.097 [main] DEBUG org.hibernate.loader.plan.build.internal.FetchStyleLoadPlanBuildingAssociationVisitationStrategy - Building LoadPlan...
17:26:16.097 [main] DEBUG org.hibernate.loader.plan.exec.internal.LoadQueryJoinAndFetchProcessor - processing queryspace &lt;gen:0&gt;
17:26:16.097 [main] DEBUG org.hibernate.loader.plan.build.spi.LoadPlanTreePrinter - LoadPlan(entity=org.codemaster.shoppingbackend.dto.OrderItem)
    - Returns
       - EntityReturnImpl(entity=org.codemaster.shoppingbackend.dto.OrderItem, querySpaceUid=&lt;gen:0&gt;, path=org.codemaster.shoppingbackend.dto.OrderItem)
          - EntityAttributeFetchImpl(entity=org.codemaster.shoppingbackend.dto.OrderDetail, querySpaceUid=&lt;gen:1&gt;, path=org.codemaster.shoppingbackend.dto.OrderItem.orderDetail)
          - EntityAttributeFetchImpl(entity=org.codemaster.shoppingbackend.dto.Product, querySpaceUid=&lt;gen:2&gt;, path=org.codemaster.shoppingbackend.dto.OrderItem.product)
    - QuerySpaces
       - EntityQuerySpaceImpl(uid=&lt;gen:0&gt;, entity=org.codemaster.shoppingbackend.dto.OrderItem)
          - SQL table alias mapping - orderitem0_
          - alias suffix - 0_
          - suffixed key columns - {id1_5_0_}

17:26:16.097 [main] DEBUG org.hibernate.loader.entity.plan.EntityLoader - Static select for entity org.codemaster.shoppingbackend.dto.OrderItem [FORCE]: select orderitem0_.id as id1_5_0_, orderitem0_.buying_price as buying_p2_5_0_, orderitem0_.order_id as order_id5_5_0_, orderitem0_.product_id as product_6_5_0_, orderitem0_.product_count as product_3_5_0_, orderitem0_.total as total4_5_0_ from order_item orderitem0_ where orderitem0_.id=? for update
17:26:16.097 [main] DEBUG org.hibernate.loader.plan.build.internal.spaces.QuerySpacesImpl - Adding QuerySpace : uid = &lt;gen:0&gt; -&gt; org.hibernate.loader.plan.build.internal.spaces.EntityQuerySpaceImpl@441fbe89]
17:26:16.097 [main] DEBUG org.hibernate.persister.walking.spi.MetamodelGraphWalker - Visiting attribute path : buyingPrice
17:26:16.097 [main] DEBUG org.hibernate.persister.walking.spi.MetamodelGraphWalker - Visiting attribute path : orderDetail
17:26:16.097 [main] DEBUG org.hibernate.loader.plan.build.internal.spaces.QuerySpacesImpl - Adding QuerySpace : uid = &lt;gen:1&gt; -&gt; org.hibernate.loader.plan.build.internal.spaces.EntityQuerySpaceImpl@45ab3bdd]
17:26:16.097 [main] DEBUG org.hibernate.persister.walking.spi.MetamodelGraphWalker - Visiting attribute path : product
17:26:16.097 [main] DEBUG org.hibernate.loader.plan.build.internal.spaces.QuerySpacesImpl - Adding QuerySpace : uid = &lt;gen:2&gt; -&gt; org.hibernate.loader.plan.build.internal.spaces.EntityQuerySpaceImpl@2f10f633]
17:26:16.097 [main] DEBUG org.hibernate.persister.walking.spi.MetamodelGraphWalker - Visiting attribute path : productCount
17:26:16.097 [main] DEBUG org.hibernate.persister.walking.spi.MetamodelGraphWalker - Visiting attribute path : total
17:26:16.097 [main] DEBUG org.hibernate.loader.plan.build.internal.FetchStyleLoadPlanBuildingAssociationVisitationStrategy - Building LoadPlan...
17:26:16.097 [main] DEBUG org.hibernate.loader.plan.exec.internal.LoadQueryJoinAndFetchProcessor - processing queryspace &lt;gen:0&gt;
17:26:16.097 [main] DEBUG org.hibernate.loader.plan.build.spi.LoadPlanTreePrinter - LoadPlan(entity=org.codemaster.shoppingbackend.dto.OrderItem)
    - Returns
       - EntityReturnImpl(entity=org.codemaster.shoppingbackend.dto.OrderItem, querySpaceUid=&lt;gen:0&gt;, path=org.codemaster.shoppingbackend.dto.OrderItem)
          - EntityAttributeFetchImpl(entity=org.codemaster.shoppingbackend.dto.OrderDetail, querySpaceUid=&lt;gen:1&gt;, path=org.codemaster.shoppingbackend.dto.OrderItem.orderDetail)
          - EntityAttributeFetchImpl(entity=org.codemaster.shoppingbackend.dto.Product, querySpaceUid=&lt;gen:2&gt;, path=org.codemaster.shoppingbackend.dto.OrderItem.product)
    - QuerySpaces
       - EntityQuerySpaceImpl(uid=&lt;gen:0&gt;, entity=org.codemaster.shoppingbackend.dto.OrderItem)
          - SQL table alias mapping - orderitem0_
          - alias suffix - 0_
          - suffixed key columns - {id1_5_0_}

17:26:16.097 [main] DEBUG org.hibernate.loader.entity.plan.EntityLoader - Static select for entity org.codemaster.shoppingbackend.dto.OrderItem [PESSIMISTIC_READ]: select orderitem0_.id as id1_5_0_, orderitem0_.buying_price as buying_p2_5_0_, orderitem0_.order_id as order_id5_5_0_, orderitem0_.product_id as product_6_5_0_, orderitem0_.product_count as product_3_5_0_, orderitem0_.total as total4_5_0_ from order_item orderitem0_ where orderitem0_.id=? for update
17:26:16.097 [main] DEBUG org.hibernate.loader.plan.build.internal.spaces.QuerySpacesImpl - Adding QuerySpace : uid = &lt;gen:0&gt; -&gt; org.hibernate.loader.plan.build.internal.spaces.EntityQuerySpaceImpl@1642eeae]
17:26:16.097 [main] DEBUG org.hibernate.persister.walking.spi.MetamodelGraphWalker - Visiting attribute path : buyingPrice
17:26:16.097 [main] DEBUG org.hibernate.persister.walking.spi.MetamodelGraphWalker - Visiting attribute path : orderDetail
17:26:16.113 [main] DEBUG org.hibernate.loader.plan.build.internal.spaces.QuerySpacesImpl - Adding QuerySpace : uid = &lt;gen:1&gt; -&gt; org.hibernate.loader.plan.build.internal.spaces.EntityQuerySpaceImpl@28a9494b]
17:26:16.113 [main] DEBUG org.hibernate.persister.walking.spi.MetamodelGraphWalker - Visiting attribute path : product
17:26:16.113 [main] DEBUG org.hibernate.loader.plan.build.internal.spaces.QuerySpacesImpl - Adding QuerySpace : uid = &lt;gen:2&gt; -&gt; org.hibernate.loader.plan.build.internal.spaces.EntityQuerySpaceImpl@a09303]
17:26:16.113 [main] DEBUG org.hibernate.persister.walking.spi.MetamodelGraphWalker - Visiting attribute path : productCount
17:26:16.113 [main] DEBUG org.hibernate.persister.walking.spi.MetamodelGraphWalker - Visiting attribute path : total
17:26:16.113 [main] DEBUG org.hibernate.loader.plan.build.internal.FetchStyleLoadPlanBuildingAssociationVisitationStrategy - Building LoadPlan...
17:26:16.113 [main] DEBUG org.hibernate.loader.plan.exec.internal.LoadQueryJoinAndFetchProcessor - processing queryspace &lt;gen:0&gt;
17:26:16.113 [main] DEBUG org.hibernate.loader.plan.build.spi.LoadPlanTreePrinter - LoadPlan(entity=org.codemaster.shoppingbackend.dto.OrderItem)
    - Returns
       - EntityReturnImpl(entity=org.codemaster.shoppingbackend.dto.OrderItem, querySpaceUid=&lt;gen:0&gt;, path=org.codemaster.shoppingbackend.dto.OrderItem)
          - EntityAttributeFetchImpl(entity=org.codemaster.shoppingbackend.dto.OrderDetail, querySpaceUid=&lt;gen:1&gt;, path=org.codemaster.shoppingbackend.dto.OrderItem.orderDetail)
          - EntityAttributeFetchImpl(entity=org.codemaster.shoppingbackend.dto.Product, querySpaceUid=&lt;gen:2&gt;, path=org.codemaster.shoppingbackend.dto.OrderItem.product)
    - QuerySpaces
       - EntityQuerySpaceImpl(uid=&lt;gen:0&gt;, entity=org.codemaster.shoppingbackend.dto.OrderItem)
          - SQL table alias mapping - orderitem0_
          - alias suffix - 0_
          - suffixed key columns - {id1_5_0_}

17:26:16.113 [main] DEBUG org.hibernate.loader.entity.plan.EntityLoader - Static select for entity org.codemaster.shoppingbackend.dto.OrderItem [PESSIMISTIC_WRITE]: select orderitem0_.id as id1_5_0_, orderitem0_.buying_price as buying_p2_5_0_, orderitem0_.order_id as order_id5_5_0_, orderitem0_.product_id as product_6_5_0_, orderitem0_.product_count as product_3_5_0_, orderitem0_.total as total4_5_0_ from order_item orderitem0_ where orderitem0_.id=? for update
17:26:16.113 [main] DEBUG org.hibernate.loader.plan.build.internal.spaces.QuerySpacesImpl - Adding QuerySpace : uid = &lt;gen:0&gt; -&gt; org.hibernate.loader.plan.build.internal.spaces.EntityQuerySpaceImpl@1163a27]
17:26:16.113 [main] DEBUG org.hibernate.persister.walking.spi.MetamodelGraphWalker - Visiting attribute path : buyingPrice
17:26:16.113 [main] DEBUG org.hibernate.persister.walking.spi.MetamodelGraphWalker - Visiting attribute path : orderDetail
17:26:16.113 [main] DEBUG org.hibernate.loader.plan.build.internal.spaces.QuerySpacesImpl - Adding QuerySpace : uid = &lt;gen:1&gt; -&gt; org.hibernate.loader.plan.build.internal.spaces.EntityQuerySpaceImpl@502a4156]
17:26:16.113 [main] DEBUG org.hibernate.persister.walking.spi.MetamodelGraphWalker - Visiting attribute path : product
17:26:16.113 [main] DEBUG org.hibernate.loader.plan.build.internal.spaces.QuerySpacesImpl - Adding QuerySpace : uid = &lt;gen:2&gt; -&gt; org.hibernate.loader.plan.build.internal.spaces.EntityQuerySpaceImpl@5416f8db]
17:26:16.113 [main] DEBUG org.hibernate.persister.walking.spi.MetamodelGraphWalker - Visiting attribute path : productCount
17:26:16.113 [main] DEBUG org.hibernate.persister.walking.spi.MetamodelGraphWalker - Visiting attribute path : total
17:26:16.113 [main] DEBUG org.hibernate.loader.plan.build.internal.FetchStyleLoadPlanBuildingAssociationVisitationStrategy - Building LoadPlan...
17:26:16.113 [main] DEBUG org.hibernate.loader.plan.exec.internal.LoadQueryJoinAndFetchProcessor - processing queryspace &lt;gen:0&gt;
17:26:16.113 [main] DEBUG org.hibernate.loader.plan.build.spi.LoadPlanTreePrinter - LoadPlan(entity=org.codemaster.shoppingbackend.dto.OrderItem)
    - Returns
       - EntityReturnImpl(entity=org.codemaster.shoppingbackend.dto.OrderItem, querySpaceUid=&lt;gen:0&gt;, path=org.codemaster.shoppingbackend.dto.OrderItem)
          - EntityAttributeFetchImpl(entity=org.codemaster.shoppingbackend.dto.OrderDetail, querySpaceUid=&lt;gen:1&gt;, path=org.codemaster.shoppingbackend.dto.OrderItem.orderDetail)
          - EntityAttributeFetchImpl(entity=org.codemaster.shoppingbackend.dto.Product, querySpaceUid=&lt;gen:2&gt;, path=org.codemaster.shoppingbackend.dto.OrderItem.product)
    - QuerySpaces
       - EntityQuerySpaceImpl(uid=&lt;gen:0&gt;, entity=org.codemaster.shoppingbackend.dto.OrderItem)
          - SQL table alias mapping - orderitem0_
          - alias suffix - 0_
          - suffixed key columns - {id1_5_0_}

17:26:16.113 [main] DEBUG org.hibernate.loader.entity.plan.EntityLoader - Static select for entity org.codemaster.shoppingbackend.dto.OrderItem [PESSIMISTIC_FORCE_INCREMENT]: select orderitem0_.id as id1_5_0_, orderitem0_.buying_price as buying_p2_5_0_, orderitem0_.order_id as order_id5_5_0_, orderitem0_.product_id as product_6_5_0_, orderitem0_.product_count as product_3_5_0_, orderitem0_.total as total4_5_0_ from order_item orderitem0_ where orderitem0_.id=? for update
17:26:16.113 [main] DEBUG org.hibernate.loader.plan.build.internal.spaces.QuerySpacesImpl - Adding QuerySpace : uid = &lt;gen:0&gt; -&gt; org.hibernate.loader.plan.build.internal.spaces.EntityQuerySpaceImpl@64e1377c]
17:26:16.113 [main] DEBUG org.hibernate.persister.walking.spi.MetamodelGraphWalker - Visiting attribute path : buyingPrice
17:26:16.113 [main] DEBUG org.hibernate.persister.walking.spi.MetamodelGraphWalker - Visiting attribute path : orderDetail
17:26:16.113 [main] DEBUG org.hibernate.loader.plan.build.internal.spaces.QuerySpacesImpl - Adding QuerySpace : uid = &lt;gen:1&gt; -&gt; org.hibernate.loader.plan.build.internal.spaces.EntityQuerySpaceImpl@92d1782]
17:26:16.113 [main] DEBUG org.hibernate.persister.walking.spi.MetamodelGraphWalker - Visiting attribute path : product
17:26:16.113 [main] DEBUG org.hibernate.loader.plan.build.internal.spaces.QuerySpacesImpl - Adding QuerySpace : uid = &lt;gen:2&gt; -&gt; org.hibernate.loader.plan.build.internal.spaces.EntityQuerySpaceImpl@6a1ef65c]
17:26:16.113 [main] DEBUG org.hibernate.persister.walking.spi.MetamodelGraphWalker - Visiting attribute path : productCount
17:26:16.113 [main] DEBUG org.hibernate.persister.walking.spi.MetamodelGraphWalker - Visiting attribute path : total
17:26:16.113 [main] DEBUG org.hibernate.loader.plan.build.internal.FetchStyleLoadPlanBuildingAssociationVisitationStrategy - Building LoadPlan...
17:26:16.113 [main] DEBUG org.hibernate.loader.plan.exec.internal.LoadQueryJoinAndFetchProcessor - processing queryspace &lt;gen:0&gt;
17:26:16.113 [main] DEBUG org.hibernate.loader.plan.build.spi.LoadPlanTreePrinter - LoadPlan(entity=org.codemaster.shoppingbackend.dto.OrderItem)
    - Returns
       - EntityReturnImpl(entity=org.codemaster.shoppingbackend.dto.OrderItem, querySpaceUid=&lt;gen:0&gt;, path=org.codemaster.shoppingbackend.dto.OrderItem)
          - EntityAttributeFetchImpl(entity=org.codemaster.shoppingbackend.dto.OrderDetail, querySpaceUid=&lt;gen:1&gt;, path=org.codemaster.shoppingbackend.dto.OrderItem.orderDetail)
          - EntityAttributeFetchImpl(entity=org.codemaster.shoppingbackend.dto.Product, querySpaceUid=&lt;gen:2&gt;, path=org.codemaster.shoppingbackend.dto.OrderItem.product)
    - QuerySpaces
       - EntityQuerySpaceImpl(uid=&lt;gen:0&gt;, entity=org.codemaster.shoppingbackend.dto.OrderItem)
          - SQL table alias mapping - orderitem0_
          - alias suffix - 0_
          - suffixed key columns - {id1_5_0_}

17:26:16.113 [main] DEBUG org.hibernate.loader.entity.plan.EntityLoader - Static select for entity org.codemaster.shoppingbackend.dto.OrderItem [OPTIMISTIC]: select orderitem0_.id as id1_5_0_, orderitem0_.buying_price as buying_p2_5_0_, orderitem0_.order_id as order_id5_5_0_, orderitem0_.product_id as product_6_5_0_, orderitem0_.product_count as product_3_5_0_, orderitem0_.total as total4_5_0_ from order_item orderitem0_ where orderitem0_.id=?
17:26:16.113 [main] DEBUG org.hibernate.loader.plan.build.internal.spaces.QuerySpacesImpl - Adding QuerySpace : uid = &lt;gen:0&gt; -&gt; org.hibernate.loader.plan.build.internal.spaces.EntityQuerySpaceImpl@72976b4]
17:26:16.113 [main] DEBUG org.hibernate.persister.walking.spi.MetamodelGraphWalker - Visiting attribute path : buyingPrice
17:26:16.113 [main] DEBUG org.hibernate.persister.walking.spi.MetamodelGraphWalker - Visiting attribute path : orderDetail
17:26:16.113 [main] DEBUG org.hibernate.loader.plan.build.internal.spaces.QuerySpacesImpl - Adding QuerySpace : uid = &lt;gen:1&gt; -&gt; org.hibernate.loader.plan.build.internal.spaces.EntityQuerySpaceImpl@1319bc2a]
17:26:16.113 [main] DEBUG org.hibernate.persister.walking.spi.MetamodelGraphWalker - Visiting attribute path : product
17:26:16.113 [main] DEBUG org.hibernate.loader.plan.build.internal.spaces.QuerySpacesImpl - Adding QuerySpace : uid = &lt;gen:2&gt; -&gt; org.hibernate.loader.plan.build.internal.spaces.EntityQuerySpaceImpl@e280403]
17:26:16.128 [main] DEBUG org.hibernate.persister.walking.spi.MetamodelGraphWalker - Visiting attribute path : productCount
17:26:16.128 [main] DEBUG org.hibernate.persister.walking.spi.MetamodelGraphWalker - Visiting attribute path : total
17:26:16.128 [main] DEBUG org.hibernate.loader.plan.build.internal.FetchStyleLoadPlanBuildingAssociationVisitationStrategy - Building LoadPlan...
17:26:16.128 [main] DEBUG org.hibernate.loader.plan.exec.internal.LoadQueryJoinAndFetchProcessor - processing queryspace &lt;gen:0&gt;
17:26:16.128 [main] DEBUG org.hibernate.loader.plan.build.spi.LoadPlanTreePrinter - LoadPlan(entity=org.codemaster.shoppingbackend.dto.OrderItem)
    - Returns
       - EntityReturnImpl(entity=org.codemaster.shoppingbackend.dto.OrderItem, querySpaceUid=&lt;gen:0&gt;, path=org.codemaster.shoppingbackend.dto.OrderItem)
          - EntityAttributeFetchImpl(entity=org.codemaster.shoppingbackend.dto.OrderDetail, querySpaceUid=&lt;gen:1&gt;, path=org.codemaster.shoppingbackend.dto.OrderItem.orderDetail)
          - EntityAttributeFetchImpl(entity=org.codemaster.shoppingbackend.dto.Product, querySpaceUid=&lt;gen:2&gt;, path=org.codemaster.shoppingbackend.dto.OrderItem.product)
    - QuerySpaces
       - EntityQuerySpaceImpl(uid=&lt;gen:0&gt;, entity=org.codemaster.shoppingbackend.dto.OrderItem)
          - SQL table alias mapping - orderitem0_
          - alias suffix - 0_
          - suffixed key columns - {id1_5_0_}

17:26:16.128 [main] DEBUG org.hibernate.loader.entity.plan.EntityLoader - Static select for entity org.codemaster.shoppingbackend.dto.OrderItem [OPTIMISTIC_FORCE_INCREMENT]: select orderitem0_.id as id1_5_0_, orderitem0_.buying_price as buying_p2_5_0_, orderitem0_.order_id as order_id5_5_0_, orderitem0_.product_id as product_6_5_0_, orderitem0_.product_count as product_3_5_0_, orderitem0_.total as total4_5_0_ from order_item orderitem0_ where orderitem0_.id=?
17:26:16.128 [main] DEBUG org.hibernate.loader.Loader - Static select for action ACTION_MERGE on entity org.codemaster.shoppingbackend.dto.OrderItem: select orderitem0_.id as id1_5_0_, orderitem0_.buying_price as buying_p2_5_0_, orderitem0_.order_id as order_id5_5_0_, orderitem0_.product_id as product_6_5_0_, orderitem0_.product_count as product_3_5_0_, orderitem0_.total as total4_5_0_ from order_item orderitem0_ where orderitem0_.id=?
17:26:16.128 [main] DEBUG org.hibernate.loader.Loader - Static select for action ACTION_REFRESH on entity org.codemaster.shoppingbackend.dto.OrderItem: select orderitem0_.id as id1_5_0_, orderitem0_.buying_price as buying_p2_5_0_, orderitem0_.order_id as order_id5_5_0_, orderitem0_.product_id as product_6_5_0_, orderitem0_.product_count as product_3_5_0_, orderitem0_.total as total4_5_0_ from order_item orderitem0_ where orderitem0_.id=?
17:26:16.128 [main] DEBUG org.hibernate.persister.entity.AbstractEntityPersister - Static SQL for entity: org.codemaster.shoppingbackend.dto.Address
17:26:16.128 [main] DEBUG org.hibernate.persister.entity.AbstractEntityPersister -  Version select: select id from Address where id =?
17:26:16.128 [main] DEBUG org.hibernate.persister.entity.AbstractEntityPersister -  Snapshot select: select address_.id, address_.address_line_one as address_2_0_, address_.address_line_two as address_3_0_, address_.is_billing as is_billi4_0_, address_.city as city5_0_, address_.country as country6_0_, address_.postal_code as postal_c7_0_, address_.is_shipping as is_shipp8_0_, address_.state as state9_0_, address_.user_id as user_id10_0_ from Address address_ where address_.id=?
17:26:16.128 [main] DEBUG org.hibernate.persister.entity.AbstractEntityPersister -  Insert 0: insert into Address (address_line_one, address_line_two, is_billing, city, country, postal_code, is_shipping, state, user_id, id) values (?, ?, ?, ?, ?, ?, ?, ?, ?, ?)
17:26:16.128 [main] DEBUG org.hibernate.persister.entity.AbstractEntityPersister -  Update 0: update Address set address_line_one=?, address_line_two=?, is_billing=?, city=?, country=?, postal_code=?, is_shipping=?, state=?, user_id=? where id=?
17:26:16.128 [main] DEBUG org.hibernate.persister.entity.AbstractEntityPersister -  Delete 0: delete from Address where id=?
17:26:16.128 [main] DEBUG org.hibernate.persister.entity.AbstractEntityPersister -  Identity insert: insert into Address (id, address_line_one, address_line_two, is_billing, city, country, postal_code, is_shipping, state, user_id) values (null, ?, ?, ?, ?, ?, ?, ?, ?, ?)
17:26:16.128 [main] DEBUG org.hibernate.loader.plan.build.internal.spaces.QuerySpacesImpl - Adding QuerySpace : uid = &lt;gen:0&gt; -&gt; org.hibernate.loader.plan.build.internal.spaces.EntityQuerySpaceImpl@42f85fa4]
17:26:16.128 [main] DEBUG org.hibernate.persister.walking.spi.MetamodelGraphWalker - Visiting attribute path : addressLineOne
17:26:16.128 [main] DEBUG org.hibernate.persister.walking.spi.MetamodelGraphWalker - Visiting attribute path : addressLineTwo
17:26:16.128 [main] DEBUG org.hibernate.persister.walking.spi.MetamodelGraphWalker - Visiting attribute path : billing
17:26:16.128 [main] DEBUG org.hibernate.persister.walking.spi.MetamodelGraphWalker - Visiting attribute path : city
17:26:16.128 [main] DEBUG org.hibernate.persister.walking.spi.MetamodelGraphWalker - Visiting attribute path : country
17:26:16.128 [main] DEBUG org.hibernate.persister.walking.spi.MetamodelGraphWalker - Visiting attribute path : postalCode
17:26:16.128 [main] DEBUG org.hibernate.persister.walking.spi.MetamodelGraphWalker - Visiting attribute path : shipping
17:26:16.128 [main] DEBUG org.hibernate.persister.walking.spi.MetamodelGraphWalker - Visiting attribute path : state
17:26:16.128 [main] DEBUG org.hibernate.persister.walking.spi.MetamodelGraphWalker - Visiting attribute path : userId
17:26:16.128 [main] DEBUG org.hibernate.loader.plan.build.internal.FetchStyleLoadPlanBuildingAssociationVisitationStrategy - Building LoadPlan...
17:26:16.128 [main] DEBUG org.hibernate.loader.plan.exec.internal.LoadQueryJoinAndFetchProcessor - processing queryspace &lt;gen:0&gt;
17:26:16.128 [main] DEBUG org.hibernate.loader.plan.build.spi.LoadPlanTreePrinter - LoadPlan(entity=org.codemaster.shoppingbackend.dto.Address)
    - Returns
       - EntityReturnImpl(entity=org.codemaster.shoppingbackend.dto.Address, querySpaceUid=&lt;gen:0&gt;, path=org.codemaster.shoppingbackend.dto.Address)
    - QuerySpaces
       - EntityQuerySpaceImpl(uid=&lt;gen:0&gt;, entity=org.codemaster.shoppingbackend.dto.Address)
          - SQL table alias mapping - address0_
          - alias suffix - 0_
          - suffixed key columns - {id1_0_0_}

17:26:16.128 [main] DEBUG org.hibernate.loader.entity.plan.EntityLoader - Static select for entity org.codemaster.shoppingbackend.dto.Address [NONE]: select address0_.id as id1_0_0_, address0_.address_line_one as address_2_0_0_, address0_.address_line_two as address_3_0_0_, address0_.is_billing as is_billi4_0_0_, address0_.city as city5_0_0_, address0_.country as country6_0_0_, address0_.postal_code as postal_c7_0_0_, address0_.is_shipping as is_shipp8_0_0_, address0_.state as state9_0_0_, address0_.user_id as user_id10_0_0_ from Address address0_ where address0_.id=?
17:26:16.128 [main] DEBUG org.hibernate.loader.plan.build.internal.spaces.QuerySpacesImpl - Adding QuerySpace : uid = &lt;gen:0&gt; -&gt; org.hibernate.loader.plan.build.internal.spaces.EntityQuerySpaceImpl@27abb6ca]
17:26:16.128 [main] DEBUG org.hibernate.persister.walking.spi.MetamodelGraphWalker - Visiting attribute path : addressLineOne
17:26:16.128 [main] DEBUG org.hibernate.persister.walking.spi.MetamodelGraphWalker - Visiting attribute path : addressLineTwo
17:26:16.128 [main] DEBUG org.hibernate.persister.walking.spi.MetamodelGraphWalker - Visiting attribute path : billing
17:26:16.128 [main] DEBUG org.hibernate.persister.walking.spi.MetamodelGraphWalker - Visiting attribute path : city
17:26:16.128 [main] DEBUG org.hibernate.persister.walking.spi.MetamodelGraphWalker - Visiting attribute path : country
17:26:16.128 [main] DEBUG org.hibernate.persister.walking.spi.MetamodelGraphWalker - Visiting attribute path : postalCode
17:26:16.128 [main] DEBUG org.hibernate.persister.walking.spi.MetamodelGraphWalker - Visiting attribute path : shipping
17:26:16.128 [main] DEBUG org.hibernate.persister.walking.spi.MetamodelGraphWalker - Visiting attribute path : state
17:26:16.128 [main] DEBUG org.hibernate.persister.walking.spi.MetamodelGraphWalker - Visiting attribute path : userId
17:26:16.128 [main] DEBUG org.hibernate.loader.plan.build.internal.FetchStyleLoadPlanBuildingAssociationVisitationStrategy - Building LoadPlan...
17:26:16.128 [main] DEBUG org.hibernate.loader.plan.exec.internal.LoadQueryJoinAndFetchProcessor - processing queryspace &lt;gen:0&gt;
17:26:16.128 [main] DEBUG org.hibernate.loader.plan.build.spi.LoadPlanTreePrinter - LoadPlan(entity=org.codemaster.shoppingbackend.dto.Address)
    - Returns
       - EntityReturnImpl(entity=org.codemaster.shoppingbackend.dto.Address, querySpaceUid=&lt;gen:0&gt;, path=org.codemaster.shoppingbackend.dto.Address)
    - QuerySpaces
       - EntityQuerySpaceImpl(uid=&lt;gen:0&gt;, entity=org.codemaster.shoppingbackend.dto.Address)
          - SQL table alias mapping - address0_
          - alias suffix - 0_
          - suffixed key columns - {id1_0_0_}

17:26:16.128 [main] DEBUG org.hibernate.loader.entity.plan.EntityLoader - Static select for entity org.codemaster.shoppingbackend.dto.Address [READ]: select address0_.id as id1_0_0_, address0_.address_line_one as address_2_0_0_, address0_.address_line_two as address_3_0_0_, address0_.is_billing as is_billi4_0_0_, address0_.city as city5_0_0_, address0_.country as country6_0_0_, address0_.postal_code as postal_c7_0_0_, address0_.is_shipping as is_shipp8_0_0_, address0_.state as state9_0_0_, address0_.user_id as user_id10_0_0_ from Address address0_ where address0_.id=?
17:26:16.128 [main] DEBUG org.hibernate.loader.plan.build.internal.spaces.QuerySpacesImpl - Adding QuerySpace : uid = &lt;gen:0&gt; -&gt; org.hibernate.loader.plan.build.internal.spaces.EntityQuerySpaceImpl@6968c1d6]
17:26:16.128 [main] DEBUG org.hibernate.persister.walking.spi.MetamodelGraphWalker - Visiting attribute path : addressLineOne
17:26:16.128 [main] DEBUG org.hibernate.persister.walking.spi.MetamodelGraphWalker - Visiting attribute path : addressLineTwo
17:26:16.144 [main] DEBUG org.hibernate.persister.walking.spi.MetamodelGraphWalker - Visiting attribute path : billing
17:26:16.144 [main] DEBUG org.hibernate.persister.walking.spi.MetamodelGraphWalker - Visiting attribute path : city
17:26:16.144 [main] DEBUG org.hibernate.persister.walking.spi.MetamodelGraphWalker - Visiting attribute path : country
17:26:16.144 [main] DEBUG org.hibernate.persister.walking.spi.MetamodelGraphWalker - Visiting attribute path : postalCode
17:26:16.144 [main] DEBUG org.hibernate.persister.walking.spi.MetamodelGraphWalker - Visiting attribute path : shipping
17:26:16.144 [main] DEBUG org.hibernate.persister.walking.spi.MetamodelGraphWalker - Visiting attribute path : state
17:26:16.144 [main] DEBUG org.hibernate.persister.walking.spi.MetamodelGraphWalker - Visiting attribute path : userId
17:26:16.144 [main] DEBUG org.hibernate.loader.plan.build.internal.FetchStyleLoadPlanBuildingAssociationVisitationStrategy - Building LoadPlan...
17:26:16.144 [main] DEBUG org.hibernate.loader.plan.exec.internal.LoadQueryJoinAndFetchProcessor - processing queryspace &lt;gen:0&gt;
17:26:16.144 [main] DEBUG org.hibernate.loader.plan.build.spi.LoadPlanTreePrinter - LoadPlan(entity=org.codemaster.shoppingbackend.dto.Address)
    - Returns
       - EntityReturnImpl(entity=org.codemaster.shoppingbackend.dto.Address, querySpaceUid=&lt;gen:0&gt;, path=org.codemaster.shoppingbackend.dto.Address)
    - QuerySpaces
       - EntityQuerySpaceImpl(uid=&lt;gen:0&gt;, entity=org.codemaster.shoppingbackend.dto.Address)
          - SQL table alias mapping - address0_
          - alias suffix - 0_
          - suffixed key columns - {id1_0_0_}

17:26:16.144 [main] DEBUG org.hibernate.loader.entity.plan.EntityLoader - Static select for entity org.codemaster.shoppingbackend.dto.Address [UPGRADE]: select address0_.id as id1_0_0_, address0_.address_line_one as address_2_0_0_, address0_.address_line_two as address_3_0_0_, address0_.is_billing as is_billi4_0_0_, address0_.city as city5_0_0_, address0_.country as country6_0_0_, address0_.postal_code as postal_c7_0_0_, address0_.is_shipping as is_shipp8_0_0_, address0_.state as state9_0_0_, address0_.user_id as user_id10_0_0_ from Address address0_ where address0_.id=? for update
17:26:16.144 [main] DEBUG org.hibernate.loader.plan.build.internal.spaces.QuerySpacesImpl - Adding QuerySpace : uid = &lt;gen:0&gt; -&gt; org.hibernate.loader.plan.build.internal.spaces.EntityQuerySpaceImpl@77f991c]
17:26:16.144 [main] DEBUG org.hibernate.persister.walking.spi.MetamodelGraphWalker - Visiting attribute path : addressLineOne
17:26:16.144 [main] DEBUG org.hibernate.persister.walking.spi.MetamodelGraphWalker - Visiting attribute path : addressLineTwo
17:26:16.144 [main] DEBUG org.hibernate.persister.walking.spi.MetamodelGraphWalker - Visiting attribute path : billing
17:26:16.144 [main] DEBUG org.hibernate.persister.walking.spi.MetamodelGraphWalker - Visiting attribute path : city
17:26:16.144 [main] DEBUG org.hibernate.persister.walking.spi.MetamodelGraphWalker - Visiting attribute path : country
17:26:16.144 [main] DEBUG org.hibernate.persister.walking.spi.MetamodelGraphWalker - Visiting attribute path : postalCode
17:26:16.144 [main] DEBUG org.hibernate.persister.walking.spi.MetamodelGraphWalker - Visiting attribute path : shipping
17:26:16.144 [main] DEBUG org.hibernate.persister.walking.spi.MetamodelGraphWalker - Visiting attribute path : state
17:26:16.144 [main] DEBUG org.hibernate.persister.walking.spi.MetamodelGraphWalker - Visiting attribute path : userId
17:26:16.144 [main] DEBUG org.hibernate.loader.plan.build.internal.FetchStyleLoadPlanBuildingAssociationVisitationStrategy - Building LoadPlan...
17:26:16.144 [main] DEBUG org.hibernate.loader.plan.exec.internal.LoadQueryJoinAndFetchProcessor - processing queryspace &lt;gen:0&gt;
17:26:16.144 [main] DEBUG org.hibernate.loader.plan.build.spi.LoadPlanTreePrinter - LoadPlan(entity=org.codemaster.shoppingbackend.dto.Address)
    - Returns
       - EntityReturnImpl(entity=org.codemaster.shoppingbackend.dto.Address, querySpaceUid=&lt;gen:0&gt;, path=org.codemaster.shoppingbackend.dto.Address)
    - QuerySpaces
       - EntityQuerySpaceImpl(uid=&lt;gen:0&gt;, entity=org.codemaster.shoppingbackend.dto.Address)
          - SQL table alias mapping - address0_
          - alias suffix - 0_
          - suffixed key columns - {id1_0_0_}

17:26:16.144 [main] DEBUG org.hibernate.loader.entity.plan.EntityLoader - Static select for entity org.codemaster.shoppingbackend.dto.Address [UPGRADE_NOWAIT]: select address0_.id as id1_0_0_, address0_.address_line_one as address_2_0_0_, address0_.address_line_two as address_3_0_0_, address0_.is_billing as is_billi4_0_0_, address0_.city as city5_0_0_, address0_.country as country6_0_0_, address0_.postal_code as postal_c7_0_0_, address0_.is_shipping as is_shipp8_0_0_, address0_.state as state9_0_0_, address0_.user_id as user_id10_0_0_ from Address address0_ where address0_.id=? for update
17:26:16.144 [main] DEBUG org.hibernate.loader.plan.build.internal.spaces.QuerySpacesImpl - Adding QuerySpace : uid = &lt;gen:0&gt; -&gt; org.hibernate.loader.plan.build.internal.spaces.EntityQuerySpaceImpl@2ceee4b6]
17:26:16.144 [main] DEBUG org.hibernate.persister.walking.spi.MetamodelGraphWalker - Visiting attribute path : addressLineOne
17:26:16.144 [main] DEBUG org.hibernate.persister.walking.spi.MetamodelGraphWalker - Visiting attribute path : addressLineTwo
17:26:16.144 [main] DEBUG org.hibernate.persister.walking.spi.MetamodelGraphWalker - Visiting attribute path : billing
17:26:16.144 [main] DEBUG org.hibernate.persister.walking.spi.MetamodelGraphWalker - Visiting attribute path : city
17:26:16.144 [main] DEBUG org.hibernate.persister.walking.spi.MetamodelGraphWalker - Visiting attribute path : country
17:26:16.144 [main] DEBUG org.hibernate.persister.walking.spi.MetamodelGraphWalker - Visiting attribute path : postalCode
17:26:16.144 [main] DEBUG org.hibernate.persister.walking.spi.MetamodelGraphWalker - Visiting attribute path : shipping
17:26:16.144 [main] DEBUG org.hibernate.persister.walking.spi.MetamodelGraphWalker - Visiting attribute path : state
17:26:16.144 [main] DEBUG org.hibernate.persister.walking.spi.MetamodelGraphWalker - Visiting attribute path : userId
17:26:16.144 [main] DEBUG org.hibernate.loader.plan.build.internal.FetchStyleLoadPlanBuildingAssociationVisitationStrategy - Building LoadPlan...
17:26:16.144 [main] DEBUG org.hibernate.loader.plan.exec.internal.LoadQueryJoinAndFetchProcessor - processing queryspace &lt;gen:0&gt;
17:26:16.144 [main] DEBUG org.hibernate.loader.plan.build.spi.LoadPlanTreePrinter - LoadPlan(entity=org.codemaster.shoppingbackend.dto.Address)
    - Returns
       - EntityReturnImpl(entity=org.codemaster.shoppingbackend.dto.Address, querySpaceUid=&lt;gen:0&gt;, path=org.codemaster.shoppingbackend.dto.Address)
    - QuerySpaces
       - EntityQuerySpaceImpl(uid=&lt;gen:0&gt;, entity=org.codemaster.shoppingbackend.dto.Address)
          - SQL table alias mapping - address0_
          - alias suffix - 0_
          - suffixed key columns - {id1_0_0_}

17:26:16.160 [main] DEBUG org.hibernate.loader.entity.plan.EntityLoader - Static select for entity org.codemaster.shoppingbackend.dto.Address [UPGRADE_SKIPLOCKED]: select address0_.id as id1_0_0_, address0_.address_line_one as address_2_0_0_, address0_.address_line_two as address_3_0_0_, address0_.is_billing as is_billi4_0_0_, address0_.city as city5_0_0_, address0_.country as country6_0_0_, address0_.postal_code as postal_c7_0_0_, address0_.is_shipping as is_shipp8_0_0_, address0_.state as state9_0_0_, address0_.user_id as user_id10_0_0_ from Address address0_ where address0_.id=? for update
17:26:16.160 [main] DEBUG org.hibernate.loader.plan.build.internal.spaces.QuerySpacesImpl - Adding QuerySpace : uid = &lt;gen:0&gt; -&gt; org.hibernate.loader.plan.build.internal.spaces.EntityQuerySpaceImpl@6968bcec]
17:26:16.160 [main] DEBUG org.hibernate.persister.walking.spi.MetamodelGraphWalker - Visiting attribute path : addressLineOne
17:26:16.160 [main] DEBUG org.hibernate.persister.walking.spi.MetamodelGraphWalker - Visiting attribute path : addressLineTwo
17:26:16.160 [main] DEBUG org.hibernate.persister.walking.spi.MetamodelGraphWalker - Visiting attribute path : billing
17:26:16.160 [main] DEBUG org.hibernate.persister.walking.spi.MetamodelGraphWalker - Visiting attribute path : city
17:26:16.160 [main] DEBUG org.hibernate.persister.walking.spi.MetamodelGraphWalker - Visiting attribute path : country
17:26:16.160 [main] DEBUG org.hibernate.persister.walking.spi.MetamodelGraphWalker - Visiting attribute path : postalCode
17:26:16.160 [main] DEBUG org.hibernate.persister.walking.spi.MetamodelGraphWalker - Visiting attribute path : shipping
17:26:16.160 [main] DEBUG org.hibernate.persister.walking.spi.MetamodelGraphWalker - Visiting attribute path : state
17:26:16.160 [main] DEBUG org.hibernate.persister.walking.spi.MetamodelGraphWalker - Visiting attribute path : userId
17:26:16.160 [main] DEBUG org.hibernate.loader.plan.build.internal.FetchStyleLoadPlanBuildingAssociationVisitationStrategy - Building LoadPlan...
17:26:16.160 [main] DEBUG org.hibernate.loader.plan.exec.internal.LoadQueryJoinAndFetchProcessor - processing queryspace &lt;gen:0&gt;
17:26:16.160 [main] DEBUG org.hibernate.loader.plan.build.spi.LoadPlanTreePrinter - LoadPlan(entity=org.codemaster.shoppingbackend.dto.Address)
    - Returns
       - EntityReturnImpl(entity=org.codemaster.shoppingbackend.dto.Address, querySpaceUid=&lt;gen:0&gt;, path=org.codemaster.shoppingbackend.dto.Address)
    - QuerySpaces
       - EntityQuerySpaceImpl(uid=&lt;gen:0&gt;, entity=org.codemaster.shoppingbackend.dto.Address)
          - SQL table alias mapping - address0_
          - alias suffix - 0_
          - suffixed key columns - {id1_0_0_}

17:26:16.160 [main] DEBUG org.hibernate.loader.entity.plan.EntityLoader - Static select for entity org.codemaster.shoppingbackend.dto.Address [FORCE]: select address0_.id as id1_0_0_, address0_.address_line_one as address_2_0_0_, address0_.address_line_two as address_3_0_0_, address0_.is_billing as is_billi4_0_0_, address0_.city as city5_0_0_, address0_.country as country6_0_0_, address0_.postal_code as postal_c7_0_0_, address0_.is_shipping as is_shipp8_0_0_, address0_.state as state9_0_0_, address0_.user_id as user_id10_0_0_ from Address address0_ where address0_.id=? for update
17:26:16.160 [main] DEBUG org.hibernate.loader.plan.build.internal.spaces.QuerySpacesImpl - Adding QuerySpace : uid = &lt;gen:0&gt; -&gt; org.hibernate.loader.plan.build.internal.spaces.EntityQuerySpaceImpl@e784320]
17:26:16.160 [main] DEBUG org.hibernate.persister.walking.spi.MetamodelGraphWalker - Visiting attribute path : addressLineOne
17:26:16.160 [main] DEBUG org.hibernate.persister.walking.spi.MetamodelGraphWalker - Visiting attribute path : addressLineTwo
17:26:16.160 [main] DEBUG org.hibernate.persister.walking.spi.MetamodelGraphWalker - Visiting attribute path : billing
17:26:16.160 [main] DEBUG org.hibernate.persister.walking.spi.MetamodelGraphWalker - Visiting attribute path : city
17:26:16.160 [main] DEBUG org.hibernate.persister.walking.spi.MetamodelGraphWalker - Visiting attribute path : country
17:26:16.160 [main] DEBUG org.hibernate.persister.walking.spi.MetamodelGraphWalker - Visiting attribute path : postalCode
17:26:16.160 [main] DEBUG org.hibernate.persister.walking.spi.MetamodelGraphWalker - Visiting attribute path : shipping
17:26:16.160 [main] DEBUG org.hibernate.persister.walking.spi.MetamodelGraphWalker - Visiting attribute path : state
17:26:16.160 [main] DEBUG org.hibernate.persister.walking.spi.MetamodelGraphWalker - Visiting attribute path : userId
17:26:16.160 [main] DEBUG org.hibernate.loader.plan.build.internal.FetchStyleLoadPlanBuildingAssociationVisitationStrategy - Building LoadPlan...
17:26:16.160 [main] DEBUG org.hibernate.loader.plan.exec.internal.LoadQueryJoinAndFetchProcessor - processing queryspace &lt;gen:0&gt;
17:26:16.160 [main] DEBUG org.hibernate.loader.plan.build.spi.LoadPlanTreePrinter - LoadPlan(entity=org.codemaster.shoppingbackend.dto.Address)
    - Returns
       - EntityReturnImpl(entity=org.codemaster.shoppingbackend.dto.Address, querySpaceUid=&lt;gen:0&gt;, path=org.codemaster.shoppingbackend.dto.Address)
    - QuerySpaces
       - EntityQuerySpaceImpl(uid=&lt;gen:0&gt;, entity=org.codemaster.shoppingbackend.dto.Address)
          - SQL table alias mapping - address0_
          - alias suffix - 0_
          - suffixed key columns - {id1_0_0_}

17:26:16.160 [main] DEBUG org.hibernate.loader.entity.plan.EntityLoader - Static select for entity org.codemaster.shoppingbackend.dto.Address [PESSIMISTIC_READ]: select address0_.id as id1_0_0_, address0_.address_line_one as address_2_0_0_, address0_.address_line_two as address_3_0_0_, address0_.is_billing as is_billi4_0_0_, address0_.city as city5_0_0_, address0_.country as country6_0_0_, address0_.postal_code as postal_c7_0_0_, address0_.is_shipping as is_shipp8_0_0_, address0_.state as state9_0_0_, address0_.user_id as user_id10_0_0_ from Address address0_ where address0_.id=? for update
17:26:16.160 [main] DEBUG org.hibernate.loader.plan.build.internal.spaces.QuerySpacesImpl - Adding QuerySpace : uid = &lt;gen:0&gt; -&gt; org.hibernate.loader.plan.build.internal.spaces.EntityQuerySpaceImpl@13c8ac77]
17:26:16.160 [main] DEBUG org.hibernate.persister.walking.spi.MetamodelGraphWalker - Visiting attribute path : addressLineOne
17:26:16.160 [main] DEBUG org.hibernate.persister.walking.spi.MetamodelGraphWalker - Visiting attribute path : addressLineTwo
17:26:16.160 [main] DEBUG org.hibernate.persister.walking.spi.MetamodelGraphWalker - Visiting attribute path : billing
17:26:16.160 [main] DEBUG org.hibernate.persister.walking.spi.MetamodelGraphWalker - Visiting attribute path : city
17:26:16.160 [main] DEBUG org.hibernate.persister.walking.spi.MetamodelGraphWalker - Visiting attribute path : country
17:26:16.160 [main] DEBUG org.hibernate.persister.walking.spi.MetamodelGraphWalker - Visiting attribute path : postalCode
17:26:16.160 [main] DEBUG org.hibernate.persister.walking.spi.MetamodelGraphWalker - Visiting attribute path : shipping
17:26:16.160 [main] DEBUG org.hibernate.persister.walking.spi.MetamodelGraphWalker - Visiting attribute path : state
17:26:16.160 [main] DEBUG org.hibernate.persister.walking.spi.MetamodelGraphWalker - Visiting attribute path : userId
17:26:16.160 [main] DEBUG org.hibernate.loader.plan.build.internal.FetchStyleLoadPlanBuildingAssociationVisitationStrategy - Building LoadPlan...
17:26:16.160 [main] DEBUG org.hibernate.loader.plan.exec.internal.LoadQueryJoinAndFetchProcessor - processing queryspace &lt;gen:0&gt;
17:26:16.160 [main] DEBUG org.hibernate.loader.plan.build.spi.LoadPlanTreePrinter - LoadPlan(entity=org.codemaster.shoppingbackend.dto.Address)
    - Returns
       - EntityReturnImpl(entity=org.codemaster.shoppingbackend.dto.Address, querySpaceUid=&lt;gen:0&gt;, path=org.codemaster.shoppingbackend.dto.Address)
    - QuerySpaces
       - EntityQuerySpaceImpl(uid=&lt;gen:0&gt;, entity=org.codemaster.shoppingbackend.dto.Address)
          - SQL table alias mapping - address0_
          - alias suffix - 0_
          - suffixed key columns - {id1_0_0_}

17:26:16.160 [main] DEBUG org.hibernate.loader.entity.plan.EntityLoader - Static select for entity org.codemaster.shoppingbackend.dto.Address [PESSIMISTIC_WRITE]: select address0_.id as id1_0_0_, address0_.address_line_one as address_2_0_0_, address0_.address_line_two as address_3_0_0_, address0_.is_billing as is_billi4_0_0_, address0_.city as city5_0_0_, address0_.country as country6_0_0_, address0_.postal_code as postal_c7_0_0_, address0_.is_shipping as is_shipp8_0_0_, address0_.state as state9_0_0_, address0_.user_id as user_id10_0_0_ from Address address0_ where address0_.id=? for update
17:26:16.160 [main] DEBUG org.hibernate.loader.plan.build.internal.spaces.QuerySpacesImpl - Adding QuerySpace : uid = &lt;gen:0&gt; -&gt; org.hibernate.loader.plan.build.internal.spaces.EntityQuerySpaceImpl@4cad79bc]
17:26:16.160 [main] DEBUG org.hibernate.persister.walking.spi.MetamodelGraphWalker - Visiting attribute path : addressLineOne
17:26:16.160 [main] DEBUG org.hibernate.persister.walking.spi.MetamodelGraphWalker - Visiting attribute path : addressLineTwo
17:26:16.160 [main] DEBUG org.hibernate.persister.walking.spi.MetamodelGraphWalker - Visiting attribute path : billing
17:26:16.160 [main] DEBUG org.hibernate.persister.walking.spi.MetamodelGraphWalker - Visiting attribute path : city
17:26:16.160 [main] DEBUG org.hibernate.persister.walking.spi.MetamodelGraphWalker - Visiting attribute path : country
17:26:16.160 [main] DEBUG org.hibernate.persister.walking.spi.MetamodelGraphWalker - Visiting attribute path : postalCode
17:26:16.160 [main] DEBUG org.hibernate.persister.walking.spi.MetamodelGraphWalker - Visiting attribute path : shipping
17:26:16.160 [main] DEBUG org.hibernate.persister.walking.spi.MetamodelGraphWalker - Visiting attribute path : state
17:26:16.160 [main] DEBUG org.hibernate.persister.walking.spi.MetamodelGraphWalker - Visiting attribute path : userId
17:26:16.160 [main] DEBUG org.hibernate.loader.plan.build.internal.FetchStyleLoadPlanBuildingAssociationVisitationStrategy - Building LoadPlan...
17:26:16.160 [main] DEBUG org.hibernate.loader.plan.exec.internal.LoadQueryJoinAndFetchProcessor - processing queryspace &lt;gen:0&gt;
17:26:16.160 [main] DEBUG org.hibernate.loader.plan.build.spi.LoadPlanTreePrinter - LoadPlan(entity=org.codemaster.shoppingbackend.dto.Address)
    - Returns
       - EntityReturnImpl(entity=org.codemaster.shoppingbackend.dto.Address, querySpaceUid=&lt;gen:0&gt;, path=org.codemaster.shoppingbackend.dto.Address)
    - QuerySpaces
       - EntityQuerySpaceImpl(uid=&lt;gen:0&gt;, entity=org.codemaster.shoppingbackend.dto.Address)
          - SQL table alias mapping - address0_
          - alias suffix - 0_
          - suffixed key columns - {id1_0_0_}

17:26:16.160 [main] DEBUG org.hibernate.loader.entity.plan.EntityLoader - Static select for entity org.codemaster.shoppingbackend.dto.Address [PESSIMISTIC_FORCE_INCREMENT]: select address0_.id as id1_0_0_, address0_.address_line_one as address_2_0_0_, address0_.address_line_two as address_3_0_0_, address0_.is_billing as is_billi4_0_0_, address0_.city as city5_0_0_, address0_.country as country6_0_0_, address0_.postal_code as postal_c7_0_0_, address0_.is_shipping as is_shipp8_0_0_, address0_.state as state9_0_0_, address0_.user_id as user_id10_0_0_ from Address address0_ where address0_.id=? for update
17:26:16.160 [main] DEBUG org.hibernate.loader.plan.build.internal.spaces.QuerySpacesImpl - Adding QuerySpace : uid = &lt;gen:0&gt; -&gt; org.hibernate.loader.plan.build.internal.spaces.EntityQuerySpaceImpl@7a9eccc4]
17:26:16.160 [main] DEBUG org.hibernate.persister.walking.spi.MetamodelGraphWalker - Visiting attribute path : addressLineOne
17:26:16.160 [main] DEBUG org.hibernate.persister.walking.spi.MetamodelGraphWalker - Visiting attribute path : addressLineTwo
17:26:16.160 [main] DEBUG org.hibernate.persister.walking.spi.MetamodelGraphWalker - Visiting attribute path : billing
17:26:16.175 [main] DEBUG org.hibernate.persister.walking.spi.MetamodelGraphWalker - Visiting attribute path : city
17:26:16.175 [main] DEBUG org.hibernate.persister.walking.spi.MetamodelGraphWalker - Visiting attribute path : country
17:26:16.175 [main] DEBUG org.hibernate.persister.walking.spi.MetamodelGraphWalker - Visiting attribute path : postalCode
17:26:16.175 [main] DEBUG org.hibernate.persister.walking.spi.MetamodelGraphWalker - Visiting attribute path : shipping
17:26:16.175 [main] DEBUG org.hibernate.persister.walking.spi.MetamodelGraphWalker - Visiting attribute path : state
17:26:16.175 [main] DEBUG org.hibernate.persister.walking.spi.MetamodelGraphWalker - Visiting attribute path : userId
17:26:16.175 [main] DEBUG org.hibernate.loader.plan.build.internal.FetchStyleLoadPlanBuildingAssociationVisitationStrategy - Building LoadPlan...
17:26:16.175 [main] DEBUG org.hibernate.loader.plan.exec.internal.LoadQueryJoinAndFetchProcessor - processing queryspace &lt;gen:0&gt;
17:26:16.175 [main] DEBUG org.hibernate.loader.plan.build.spi.LoadPlanTreePrinter - LoadPlan(entity=org.codemaster.shoppingbackend.dto.Address)
    - Returns
       - EntityReturnImpl(entity=org.codemaster.shoppingbackend.dto.Address, querySpaceUid=&lt;gen:0&gt;, path=org.codemaster.shoppingbackend.dto.Address)
    - QuerySpaces
       - EntityQuerySpaceImpl(uid=&lt;gen:0&gt;, entity=org.codemaster.shoppingbackend.dto.Address)
          - SQL table alias mapping - address0_
          - alias suffix - 0_
          - suffixed key columns - {id1_0_0_}

17:26:16.175 [main] DEBUG org.hibernate.loader.entity.plan.EntityLoader - Static select for entity org.codemaster.shoppingbackend.dto.Address [OPTIMISTIC]: select address0_.id as id1_0_0_, address0_.address_line_one as address_2_0_0_, address0_.address_line_two as address_3_0_0_, address0_.is_billing as is_billi4_0_0_, address0_.city as city5_0_0_, address0_.country as country6_0_0_, address0_.postal_code as postal_c7_0_0_, address0_.is_shipping as is_shipp8_0_0_, address0_.state as state9_0_0_, address0_.user_id as user_id10_0_0_ from Address address0_ where address0_.id=?
17:26:16.175 [main] DEBUG org.hibernate.loader.plan.build.internal.spaces.QuerySpacesImpl - Adding QuerySpace : uid = &lt;gen:0&gt; -&gt; org.hibernate.loader.plan.build.internal.spaces.EntityQuerySpaceImpl@5f05c8d6]
17:26:16.175 [main] DEBUG org.hibernate.persister.walking.spi.MetamodelGraphWalker - Visiting attribute path : addressLineOne
17:26:16.175 [main] DEBUG org.hibernate.persister.walking.spi.MetamodelGraphWalker - Visiting attribute path : addressLineTwo
17:26:16.175 [main] DEBUG org.hibernate.persister.walking.spi.MetamodelGraphWalker - Visiting attribute path : billing
17:26:16.175 [main] DEBUG org.hibernate.persister.walking.spi.MetamodelGraphWalker - Visiting attribute path : city
17:26:16.175 [main] DEBUG org.hibernate.persister.walking.spi.MetamodelGraphWalker - Visiting attribute path : country
17:26:16.175 [main] DEBUG org.hibernate.persister.walking.spi.MetamodelGraphWalker - Visiting attribute path : postalCode
17:26:16.175 [main] DEBUG org.hibernate.persister.walking.spi.MetamodelGraphWalker - Visiting attribute path : shipping
17:26:16.175 [main] DEBUG org.hibernate.persister.walking.spi.MetamodelGraphWalker - Visiting attribute path : state
17:26:16.175 [main] DEBUG org.hibernate.persister.walking.spi.MetamodelGraphWalker - Visiting attribute path : userId
17:26:16.175 [main] DEBUG org.hibernate.loader.plan.build.internal.FetchStyleLoadPlanBuildingAssociationVisitationStrategy - Building LoadPlan...
17:26:16.175 [main] DEBUG org.hibernate.loader.plan.exec.internal.LoadQueryJoinAndFetchProcessor - processing queryspace &lt;gen:0&gt;
17:26:16.175 [main] DEBUG org.hibernate.loader.plan.build.spi.LoadPlanTreePrinter - LoadPlan(entity=org.codemaster.shoppingbackend.dto.Address)
    - Returns
       - EntityReturnImpl(entity=org.codemaster.shoppingbackend.dto.Address, querySpaceUid=&lt;gen:0&gt;, path=org.codemaster.shoppingbackend.dto.Address)
    - QuerySpaces
       - EntityQuerySpaceImpl(uid=&lt;gen:0&gt;, entity=org.codemaster.shoppingbackend.dto.Address)
          - SQL table alias mapping - address0_
          - alias suffix - 0_
          - suffixed key columns - {id1_0_0_}

17:26:16.175 [main] DEBUG org.hibernate.loader.entity.plan.EntityLoader - Static select for entity org.codemaster.shoppingbackend.dto.Address [OPTIMISTIC_FORCE_INCREMENT]: select address0_.id as id1_0_0_, address0_.address_line_one as address_2_0_0_, address0_.address_line_two as address_3_0_0_, address0_.is_billing as is_billi4_0_0_, address0_.city as city5_0_0_, address0_.country as country6_0_0_, address0_.postal_code as postal_c7_0_0_, address0_.is_shipping as is_shipp8_0_0_, address0_.state as state9_0_0_, address0_.user_id as user_id10_0_0_ from Address address0_ where address0_.id=?
17:26:16.175 [main] DEBUG org.hibernate.loader.Loader - Static select for action ACTION_MERGE on entity org.codemaster.shoppingbackend.dto.Address: select address0_.id as id1_0_0_, address0_.address_line_one as address_2_0_0_, address0_.address_line_two as address_3_0_0_, address0_.is_billing as is_billi4_0_0_, address0_.city as city5_0_0_, address0_.country as country6_0_0_, address0_.postal_code as postal_c7_0_0_, address0_.is_shipping as is_shipp8_0_0_, address0_.state as state9_0_0_, address0_.user_id as user_id10_0_0_ from Address address0_ where address0_.id=?
17:26:16.175 [main] DEBUG org.hibernate.loader.Loader - Static select for action ACTION_REFRESH on entity org.codemaster.shoppingbackend.dto.Address: select address0_.id as id1_0_0_, address0_.address_line_one as address_2_0_0_, address0_.address_line_two as address_3_0_0_, address0_.is_billing as is_billi4_0_0_, address0_.city as city5_0_0_, address0_.country as country6_0_0_, address0_.postal_code as postal_c7_0_0_, address0_.is_shipping as is_shipp8_0_0_, address0_.state as state9_0_0_, address0_.user_id as user_id10_0_0_ from Address address0_ where address0_.id=?
17:26:16.175 [main] DEBUG org.hibernate.persister.entity.AbstractEntityPersister - Static SQL for entity: org.codemaster.shoppingbackend.dto.Product
17:26:16.175 [main] DEBUG org.hibernate.persister.entity.AbstractEntityPersister -  Version select: select id from Product where id =?
17:26:16.175 [main] DEBUG org.hibernate.persister.entity.AbstractEntityPersister -  Snapshot select: select product_.id, product_.is_active as is_activ2_6_, product_.brand as brand3_6_, product_.category_id as category4_6_, product_.code as code5_6_, product_.description as descript6_6_, product_.name as name7_6_, product_.purchases as purchase8_6_, product_.quantity as quantity9_6_, product_.supplier_id as supplie10_6_, product_.unit_price as unit_pr11_6_, product_.views as views12_6_ from Product product_ where product_.id=?
17:26:16.175 [main] DEBUG org.hibernate.persister.entity.AbstractEntityPersister -  Insert 0: insert into Product (is_active, brand, category_id, code, description, name, purchases, quantity, supplier_id, unit_price, views, id) values (?, ?, ?, ?, ?, ?, ?, ?, ?, ?, ?, ?)
17:26:16.175 [main] DEBUG org.hibernate.persister.entity.AbstractEntityPersister -  Update 0: update Product set is_active=?, brand=?, category_id=?, code=?, description=?, name=?, purchases=?, quantity=?, supplier_id=?, unit_price=?, views=? where id=?
17:26:16.175 [main] DEBUG org.hibernate.persister.entity.AbstractEntityPersister -  Delete 0: delete from Product where id=?
17:26:16.175 [main] DEBUG org.hibernate.persister.entity.AbstractEntityPersister -  Identity insert: insert into Product (id, is_active, brand, category_id, code, description, name, purchases, quantity, supplier_id, unit_price, views) values (null, ?, ?, ?, ?, ?, ?, ?, ?, ?, ?, ?)
17:26:16.175 [main] DEBUG org.hibernate.loader.plan.build.internal.spaces.QuerySpacesImpl - Adding QuerySpace : uid = &lt;gen:0&gt; -&gt; org.hibernate.loader.plan.build.internal.spaces.EntityQuerySpaceImpl@64942607]
17:26:16.175 [main] DEBUG org.hibernate.persister.walking.spi.MetamodelGraphWalker - Visiting attribute path : active
17:26:16.175 [main] DEBUG org.hibernate.persister.walking.spi.MetamodelGraphWalker - Visiting attribute path : brand
17:26:16.175 [main] DEBUG org.hibernate.persister.walking.spi.MetamodelGraphWalker - Visiting attribute path : categoryId
17:26:16.175 [main] DEBUG org.hibernate.persister.walking.spi.MetamodelGraphWalker - Visiting attribute path : code
17:26:16.175 [main] DEBUG org.hibernate.persister.walking.spi.MetamodelGraphWalker - Visiting attribute path : description
17:26:16.175 [main] DEBUG org.hibernate.persister.walking.spi.MetamodelGraphWalker - Visiting attribute path : name
17:26:16.175 [main] DEBUG org.hibernate.persister.walking.spi.MetamodelGraphWalker - Visiting attribute path : purchases
17:26:16.175 [main] DEBUG org.hibernate.persister.walking.spi.MetamodelGraphWalker - Visiting attribute path : quantity
17:26:16.175 [main] DEBUG org.hibernate.persister.walking.spi.MetamodelGraphWalker - Visiting attribute path : supplierId
17:26:16.175 [main] DEBUG org.hibernate.persister.walking.spi.MetamodelGraphWalker - Visiting attribute path : unitPrice
17:26:16.175 [main] DEBUG org.hibernate.persister.walking.spi.MetamodelGraphWalker - Visiting attribute path : views
17:26:16.175 [main] DEBUG org.hibernate.loader.plan.build.internal.FetchStyleLoadPlanBuildingAssociationVisitationStrategy - Building LoadPlan...
17:26:16.175 [main] DEBUG org.hibernate.loader.plan.exec.internal.LoadQueryJoinAndFetchProcessor - processing queryspace &lt;gen:0&gt;
17:26:16.175 [main] DEBUG org.hibernate.loader.plan.build.spi.LoadPlanTreePrinter - LoadPlan(entity=org.codemaster.shoppingbackend.dto.Product)
    - Returns
       - EntityReturnImpl(entity=org.codemaster.shoppingbackend.dto.Product, querySpaceUid=&lt;gen:0&gt;, path=org.codemaster.shoppingbackend.dto.Product)
    - QuerySpaces
       - EntityQuerySpaceImpl(uid=&lt;gen:0&gt;, entity=org.codemaster.shoppingbackend.dto.Product)
          - SQL table alias mapping - product0_
          - alias suffix - 0_
          - suffixed key columns - {id1_6_0_}

17:26:16.175 [main] DEBUG org.hibernate.loader.entity.plan.EntityLoader - Static select for entity org.codemaster.shoppingbackend.dto.Product [NONE]: select product0_.id as id1_6_0_, product0_.is_active as is_activ2_6_0_, product0_.brand as brand3_6_0_, product0_.category_id as category4_6_0_, product0_.code as code5_6_0_, product0_.description as descript6_6_0_, product0_.name as name7_6_0_, product0_.purchases as purchase8_6_0_, product0_.quantity as quantity9_6_0_, product0_.supplier_id as supplie10_6_0_, product0_.unit_price as unit_pr11_6_0_, product0_.views as views12_6_0_ from Product product0_ where product0_.id=?
17:26:16.175 [main] DEBUG org.hibernate.loader.plan.build.internal.spaces.QuerySpacesImpl - Adding QuerySpace : uid = &lt;gen:0&gt; -&gt; org.hibernate.loader.plan.build.internal.spaces.EntityQuerySpaceImpl@7cfac39f]
17:26:16.175 [main] DEBUG org.hibernate.persister.walking.spi.MetamodelGraphWalker - Visiting attribute path : active
17:26:16.175 [main] DEBUG org.hibernate.persister.walking.spi.MetamodelGraphWalker - Visiting attribute path : brand
17:26:16.175 [main] DEBUG org.hibernate.persister.walking.spi.MetamodelGraphWalker - Visiting attribute path : categoryId
17:26:16.175 [main] DEBUG org.hibernate.persister.walking.spi.MetamodelGraphWalker - Visiting attribute path : code
17:26:16.175 [main] DEBUG org.hibernate.persister.walking.spi.MetamodelGraphWalker - Visiting attribute path : description
17:26:16.175 [main] DEBUG org.hibernate.persister.walking.spi.MetamodelGraphWalker - Visiting attribute path : name
17:26:16.175 [main] DEBUG org.hibernate.persister.walking.spi.MetamodelGraphWalker - Visiting attribute path : purchases
17:26:16.175 [main] DEBUG org.hibernate.persister.walking.spi.MetamodelGraphWalker - Visiting attribute path : quantity
17:26:16.175 [main] DEBUG org.hibernate.persister.walking.spi.MetamodelGraphWalker - Visiting attribute path : supplierId
17:26:16.175 [main] DEBUG org.hibernate.persister.walking.spi.MetamodelGraphWalker - Visiting attribute path : unitPrice
17:26:16.175 [main] DEBUG org.hibernate.persister.walking.spi.MetamodelGraphWalker - Visiting attribute path : views
17:26:16.175 [main] DEBUG org.hibernate.loader.plan.build.internal.FetchStyleLoadPlanBuildingAssociationVisitationStrategy - Building LoadPlan...
17:26:16.175 [main] DEBUG org.hibernate.loader.plan.exec.internal.LoadQueryJoinAndFetchProcessor - processing queryspace &lt;gen:0&gt;
17:26:16.175 [main] DEBUG org.hibernate.loader.plan.build.spi.LoadPlanTreePrinter - LoadPlan(entity=org.codemaster.shoppingbackend.dto.Product)
    - Returns
       - EntityReturnImpl(entity=org.codemaster.shoppingbackend.dto.Product, querySpaceUid=&lt;gen:0&gt;, path=org.codemaster.shoppingbackend.dto.Product)
    - QuerySpaces
       - EntityQuerySpaceImpl(uid=&lt;gen:0&gt;, entity=org.codemaster.shoppingbackend.dto.Product)
          - SQL table alias mapping - product0_
          - alias suffix - 0_
          - suffixed key columns - {id1_6_0_}

17:26:16.175 [main] DEBUG org.hibernate.loader.entity.plan.EntityLoader - Static select for entity org.codemaster.shoppingbackend.dto.Product [READ]: select product0_.id as id1_6_0_, product0_.is_active as is_activ2_6_0_, product0_.brand as brand3_6_0_, product0_.category_id as category4_6_0_, product0_.code as code5_6_0_, product0_.description as descript6_6_0_, product0_.name as name7_6_0_, product0_.purchases as purchase8_6_0_, product0_.quantity as quantity9_6_0_, product0_.supplier_id as supplie10_6_0_, product0_.unit_price as unit_pr11_6_0_, product0_.views as views12_6_0_ from Product product0_ where product0_.id=?
17:26:16.175 [main] DEBUG org.hibernate.loader.plan.build.internal.spaces.QuerySpacesImpl - Adding QuerySpace : uid = &lt;gen:0&gt; -&gt; org.hibernate.loader.plan.build.internal.spaces.EntityQuerySpaceImpl@50eb4a2c]
17:26:16.175 [main] DEBUG org.hibernate.persister.walking.spi.MetamodelGraphWalker - Visiting attribute path : active
17:26:16.175 [main] DEBUG org.hibernate.persister.walking.spi.MetamodelGraphWalker - Visiting attribute path : brand
17:26:16.175 [main] DEBUG org.hibernate.persister.walking.spi.MetamodelGraphWalker - Visiting attribute path : categoryId
17:26:16.175 [main] DEBUG org.hibernate.persister.walking.spi.MetamodelGraphWalker - Visiting attribute path : code
17:26:16.175 [main] DEBUG org.hibernate.persister.walking.spi.MetamodelGraphWalker - Visiting attribute path : description
17:26:16.175 [main] DEBUG org.hibernate.persister.walking.spi.MetamodelGraphWalker - Visiting attribute path : name
17:26:16.175 [main] DEBUG org.hibernate.persister.walking.spi.MetamodelGraphWalker - Visiting attribute path : purchases
17:26:16.175 [main] DEBUG org.hibernate.persister.walking.spi.MetamodelGraphWalker - Visiting attribute path : quantity
17:26:16.175 [main] DEBUG org.hibernate.persister.walking.spi.MetamodelGraphWalker - Visiting attribute path : supplierId
17:26:16.175 [main] DEBUG org.hibernate.persister.walking.spi.MetamodelGraphWalker - Visiting attribute path : unitPrice
17:26:16.175 [main] DEBUG org.hibernate.persister.walking.spi.MetamodelGraphWalker - Visiting attribute path : views
17:26:16.175 [main] DEBUG org.hibernate.loader.plan.build.internal.FetchStyleLoadPlanBuildingAssociationVisitationStrategy - Building LoadPlan...
17:26:16.175 [main] DEBUG org.hibernate.loader.plan.exec.internal.LoadQueryJoinAndFetchProcessor - processing queryspace &lt;gen:0&gt;
17:26:16.175 [main] DEBUG org.hibernate.loader.plan.build.spi.LoadPlanTreePrinter - LoadPlan(entity=org.codemaster.shoppingbackend.dto.Product)
    - Returns
       - EntityReturnImpl(entity=org.codemaster.shoppingbackend.dto.Product, querySpaceUid=&lt;gen:0&gt;, path=org.codemaster.shoppingbackend.dto.Product)
    - QuerySpaces
       - EntityQuerySpaceImpl(uid=&lt;gen:0&gt;, entity=org.codemaster.shoppingbackend.dto.Product)
          - SQL table alias mapping - product0_
          - alias suffix - 0_
          - suffixed key columns - {id1_6_0_}

17:26:16.191 [main] DEBUG org.hibernate.loader.entity.plan.EntityLoader - Static select for entity org.codemaster.shoppingbackend.dto.Product [UPGRADE]: select product0_.id as id1_6_0_, product0_.is_active as is_activ2_6_0_, product0_.brand as brand3_6_0_, product0_.category_id as category4_6_0_, product0_.code as code5_6_0_, product0_.description as descript6_6_0_, product0_.name as name7_6_0_, product0_.purchases as purchase8_6_0_, product0_.quantity as quantity9_6_0_, product0_.supplier_id as supplie10_6_0_, product0_.unit_price as unit_pr11_6_0_, product0_.views as views12_6_0_ from Product product0_ where product0_.id=? for update
17:26:16.191 [main] DEBUG org.hibernate.loader.plan.build.internal.spaces.QuerySpacesImpl - Adding QuerySpace : uid = &lt;gen:0&gt; -&gt; org.hibernate.loader.plan.build.internal.spaces.EntityQuerySpaceImpl@3069a360]
17:26:16.191 [main] DEBUG org.hibernate.persister.walking.spi.MetamodelGraphWalker - Visiting attribute path : active
17:26:16.191 [main] DEBUG org.hibernate.persister.walking.spi.MetamodelGraphWalker - Visiting attribute path : brand
17:26:16.191 [main] DEBUG org.hibernate.persister.walking.spi.MetamodelGraphWalker - Visiting attribute path : categoryId
17:26:16.191 [main] DEBUG org.hibernate.persister.walking.spi.MetamodelGraphWalker - Visiting attribute path : code
17:26:16.191 [main] DEBUG org.hibernate.persister.walking.spi.MetamodelGraphWalker - Visiting attribute path : description
17:26:16.191 [main] DEBUG org.hibernate.persister.walking.spi.MetamodelGraphWalker - Visiting attribute path : name
17:26:16.191 [main] DEBUG org.hibernate.persister.walking.spi.MetamodelGraphWalker - Visiting attribute path : purchases
17:26:16.191 [main] DEBUG org.hibernate.persister.walking.spi.MetamodelGraphWalker - Visiting attribute path : quantity
17:26:16.191 [main] DEBUG org.hibernate.persister.walking.spi.MetamodelGraphWalker - Visiting attribute path : supplierId
17:26:16.191 [main] DEBUG org.hibernate.persister.walking.spi.MetamodelGraphWalker - Visiting attribute path : unitPrice
17:26:16.191 [main] DEBUG org.hibernate.persister.walking.spi.MetamodelGraphWalker - Visiting attribute path : views
17:26:16.191 [main] DEBUG org.hibernate.loader.plan.build.internal.FetchStyleLoadPlanBuildingAssociationVisitationStrategy - Building LoadPlan...
17:26:16.191 [main] DEBUG org.hibernate.loader.plan.exec.internal.LoadQueryJoinAndFetchProcessor - processing queryspace &lt;gen:0&gt;
17:26:16.191 [main] DEBUG org.hibernate.loader.plan.build.spi.LoadPlanTreePrinter - LoadPlan(entity=org.codemaster.shoppingbackend.dto.Product)
    - Returns
       - EntityReturnImpl(entity=org.codemaster.shoppingbackend.dto.Product, querySpaceUid=&lt;gen:0&gt;, path=org.codemaster.shoppingbackend.dto.Product)
    - QuerySpaces
       - EntityQuerySpaceImpl(uid=&lt;gen:0&gt;, entity=org.codemaster.shoppingbackend.dto.Product)
          - SQL table alias mapping - product0_
          - alias suffix - 0_
          - suffixed key columns - {id1_6_0_}

17:26:16.191 [main] DEBUG org.hibernate.loader.entity.plan.EntityLoader - Static select for entity org.codemaster.shoppingbackend.dto.Product [UPGRADE_NOWAIT]: select product0_.id as id1_6_0_, product0_.is_active as is_activ2_6_0_, product0_.brand as brand3_6_0_, product0_.category_id as category4_6_0_, product0_.code as code5_6_0_, product0_.description as descript6_6_0_, product0_.name as name7_6_0_, product0_.purchases as purchase8_6_0_, product0_.quantity as quantity9_6_0_, product0_.supplier_id as supplie10_6_0_, product0_.unit_price as unit_pr11_6_0_, product0_.views as views12_6_0_ from Product product0_ where product0_.id=? for update
17:26:16.191 [main] DEBUG org.hibernate.loader.plan.build.internal.spaces.QuerySpacesImpl - Adding QuerySpace : uid = &lt;gen:0&gt; -&gt; org.hibernate.loader.plan.build.internal.spaces.EntityQuerySpaceImpl@7885776b]
17:26:16.191 [main] DEBUG org.hibernate.persister.walking.spi.MetamodelGraphWalker - Visiting attribute path : active
17:26:16.191 [main] DEBUG org.hibernate.persister.walking.spi.MetamodelGraphWalker - Visiting attribute path : brand
17:26:16.191 [main] DEBUG org.hibernate.persister.walking.spi.MetamodelGraphWalker - Visiting attribute path : categoryId
17:26:16.191 [main] DEBUG org.hibernate.persister.walking.spi.MetamodelGraphWalker - Visiting attribute path : code
17:26:16.191 [main] DEBUG org.hibernate.persister.walking.spi.MetamodelGraphWalker - Visiting attribute path : description
17:26:16.191 [main] DEBUG org.hibernate.persister.walking.spi.MetamodelGraphWalker - Visiting attribute path : name
17:26:16.191 [main] DEBUG org.hibernate.persister.walking.spi.MetamodelGraphWalker - Visiting attribute path : purchases
17:26:16.191 [main] DEBUG org.hibernate.persister.walking.spi.MetamodelGraphWalker - Visiting attribute path : quantity
17:26:16.191 [main] DEBUG org.hibernate.persister.walking.spi.MetamodelGraphWalker - Visiting attribute path : supplierId
17:26:16.191 [main] DEBUG org.hibernate.persister.walking.spi.MetamodelGraphWalker - Visiting attribute path : unitPrice
17:26:16.191 [main] DEBUG org.hibernate.persister.walking.spi.MetamodelGraphWalker - Visiting attribute path : views
17:26:16.191 [main] DEBUG org.hibernate.loader.plan.build.internal.FetchStyleLoadPlanBuildingAssociationVisitationStrategy - Building LoadPlan...
17:26:16.191 [main] DEBUG org.hibernate.loader.plan.exec.internal.LoadQueryJoinAndFetchProcessor - processing queryspace &lt;gen:0&gt;
17:26:16.191 [main] DEBUG org.hibernate.loader.plan.build.spi.LoadPlanTreePrinter - LoadPlan(entity=org.codemaster.shoppingbackend.dto.Product)
    - Returns
       - EntityReturnImpl(entity=org.codemaster.shoppingbackend.dto.Product, querySpaceUid=&lt;gen:0&gt;, path=org.codemaster.shoppingbackend.dto.Product)
    - QuerySpaces
       - EntityQuerySpaceImpl(uid=&lt;gen:0&gt;, entity=org.codemaster.shoppingbackend.dto.Product)
          - SQL table alias mapping - product0_
          - alias suffix - 0_
          - suffixed key columns - {id1_6_0_}

17:26:16.191 [main] DEBUG org.hibernate.loader.entity.plan.EntityLoader - Static select for entity org.codemaster.shoppingbackend.dto.Product [UPGRADE_SKIPLOCKED]: select product0_.id as id1_6_0_, product0_.is_active as is_activ2_6_0_, product0_.brand as brand3_6_0_, product0_.category_id as category4_6_0_, product0_.code as code5_6_0_, product0_.description as descript6_6_0_, product0_.name as name7_6_0_, product0_.purchases as purchase8_6_0_, product0_.quantity as quantity9_6_0_, product0_.supplier_id as supplie10_6_0_, product0_.unit_price as unit_pr11_6_0_, product0_.views as views12_6_0_ from Product product0_ where product0_.id=? for update
17:26:16.191 [main] DEBUG org.hibernate.loader.plan.build.internal.spaces.QuerySpacesImpl - Adding QuerySpace : uid = &lt;gen:0&gt; -&gt; org.hibernate.loader.plan.build.internal.spaces.EntityQuerySpaceImpl@3472947a]
17:26:16.191 [main] DEBUG org.hibernate.persister.walking.spi.MetamodelGraphWalker - Visiting attribute path : active
17:26:16.191 [main] DEBUG org.hibernate.persister.walking.spi.MetamodelGraphWalker - Visiting attribute path : brand
17:26:16.191 [main] DEBUG org.hibernate.persister.walking.spi.MetamodelGraphWalker - Visiting attribute path : categoryId
17:26:16.191 [main] DEBUG org.hibernate.persister.walking.spi.MetamodelGraphWalker - Visiting attribute path : code
17:26:16.191 [main] DEBUG org.hibernate.persister.walking.spi.MetamodelGraphWalker - Visiting attribute path : description
17:26:16.191 [main] DEBUG org.hibernate.persister.walking.spi.MetamodelGraphWalker - Visiting attribute path : name
17:26:16.191 [main] DEBUG org.hibernate.persister.walking.spi.MetamodelGraphWalker - Visiting attribute path : purchases
17:26:16.191 [main] DEBUG org.hibernate.persister.walking.spi.MetamodelGraphWalker - Visiting attribute path : quantity
17:26:16.191 [main] DEBUG org.hibernate.persister.walking.spi.MetamodelGraphWalker - Visiting attribute path : supplierId
17:26:16.191 [main] DEBUG org.hibernate.persister.walking.spi.MetamodelGraphWalker - Visiting attribute path : unitPrice
17:26:16.191 [main] DEBUG org.hibernate.persister.walking.spi.MetamodelGraphWalker - Visiting attribute path : views
17:26:16.191 [main] DEBUG org.hibernate.loader.plan.build.internal.FetchStyleLoadPlanBuildingAssociationVisitationStrategy - Building LoadPlan...
17:26:16.191 [main] DEBUG org.hibernate.loader.plan.exec.internal.LoadQueryJoinAndFetchProcessor - processing queryspace &lt;gen:0&gt;
17:26:16.191 [main] DEBUG org.hibernate.loader.plan.build.spi.LoadPlanTreePrinter - LoadPlan(entity=org.codemaster.shoppingbackend.dto.Product)
    - Returns
       - EntityReturnImpl(entity=org.codemaster.shoppingbackend.dto.Product, querySpaceUid=&lt;gen:0&gt;, path=org.codemaster.shoppingbackend.dto.Product)
    - QuerySpaces
       - EntityQuerySpaceImpl(uid=&lt;gen:0&gt;, entity=org.codemaster.shoppingbackend.dto.Product)
          - SQL table alias mapping - product0_
          - alias suffix - 0_
          - suffixed key columns - {id1_6_0_}

17:26:16.191 [main] DEBUG org.hibernate.loader.entity.plan.EntityLoader - Static select for entity org.codemaster.shoppingbackend.dto.Product [FORCE]: select product0_.id as id1_6_0_, product0_.is_active as is_activ2_6_0_, product0_.brand as brand3_6_0_, product0_.category_id as category4_6_0_, product0_.code as code5_6_0_, product0_.description as descript6_6_0_, product0_.name as name7_6_0_, product0_.purchases as purchase8_6_0_, product0_.quantity as quantity9_6_0_, product0_.supplier_id as supplie10_6_0_, product0_.unit_price as unit_pr11_6_0_, product0_.views as views12_6_0_ from Product product0_ where product0_.id=? for update
17:26:16.191 [main] DEBUG org.hibernate.loader.plan.build.internal.spaces.QuerySpacesImpl - Adding QuerySpace : uid = &lt;gen:0&gt; -&gt; org.hibernate.loader.plan.build.internal.spaces.EntityQuerySpaceImpl@3a3ed300]
17:26:16.191 [main] DEBUG org.hibernate.persister.walking.spi.MetamodelGraphWalker - Visiting attribute path : active
17:26:16.191 [main] DEBUG org.hibernate.persister.walking.spi.MetamodelGraphWalker - Visiting attribute path : brand
17:26:16.191 [main] DEBUG org.hibernate.persister.walking.spi.MetamodelGraphWalker - Visiting attribute path : categoryId
17:26:16.191 [main] DEBUG org.hibernate.persister.walking.spi.MetamodelGraphWalker - Visiting attribute path : code
17:26:16.191 [main] DEBUG org.hibernate.persister.walking.spi.MetamodelGraphWalker - Visiting attribute path : description
17:26:16.191 [main] DEBUG org.hibernate.persister.walking.spi.MetamodelGraphWalker - Visiting attribute path : name
17:26:16.191 [main] DEBUG org.hibernate.persister.walking.spi.MetamodelGraphWalker - Visiting attribute path : purchases
17:26:16.191 [main] DEBUG org.hibernate.persister.walking.spi.MetamodelGraphWalker - Visiting attribute path : quantity
17:26:16.191 [main] DEBUG org.hibernate.persister.walking.spi.MetamodelGraphWalker - Visiting attribute path : supplierId
17:26:16.191 [main] DEBUG org.hibernate.persister.walking.spi.MetamodelGraphWalker - Visiting attribute path : unitPrice
17:26:16.191 [main] DEBUG org.hibernate.persister.walking.spi.MetamodelGraphWalker - Visiting attribute path : views
17:26:16.191 [main] DEBUG org.hibernate.loader.plan.build.internal.FetchStyleLoadPlanBuildingAssociationVisitationStrategy - Building LoadPlan...
17:26:16.191 [main] DEBUG org.hibernate.loader.plan.exec.internal.LoadQueryJoinAndFetchProcessor - processing queryspace &lt;gen:0&gt;
17:26:16.191 [main] DEBUG org.hibernate.loader.plan.build.spi.LoadPlanTreePrinter - LoadPlan(entity=org.codemaster.shoppingbackend.dto.Product)
    - Returns
       - EntityReturnImpl(entity=org.codemaster.shoppingbackend.dto.Product, querySpaceUid=&lt;gen:0&gt;, path=org.codemaster.shoppingbackend.dto.Product)
    - QuerySpaces
       - EntityQuerySpaceImpl(uid=&lt;gen:0&gt;, entity=org.codemaster.shoppingbackend.dto.Product)
          - SQL table alias mapping - product0_
          - alias suffix - 0_
          - suffixed key columns - {id1_6_0_}

17:26:16.191 [main] DEBUG org.hibernate.loader.entity.plan.EntityLoader - Static select for entity org.codemaster.shoppingbackend.dto.Product [PESSIMISTIC_READ]: select product0_.id as id1_6_0_, product0_.is_active as is_activ2_6_0_, product0_.brand as brand3_6_0_, product0_.category_id as category4_6_0_, product0_.code as code5_6_0_, product0_.description as descript6_6_0_, product0_.name as name7_6_0_, product0_.purchases as purchase8_6_0_, product0_.quantity as quantity9_6_0_, product0_.supplier_id as supplie10_6_0_, product0_.unit_price as unit_pr11_6_0_, product0_.views as views12_6_0_ from Product product0_ where product0_.id=? for update
17:26:16.191 [main] DEBUG org.hibernate.loader.plan.build.internal.spaces.QuerySpacesImpl - Adding QuerySpace : uid = &lt;gen:0&gt; -&gt; org.hibernate.loader.plan.build.internal.spaces.EntityQuerySpaceImpl@39f5b723]
17:26:16.191 [main] DEBUG org.hibernate.persister.walking.spi.MetamodelGraphWalker - Visiting attribute path : active
17:26:16.191 [main] DEBUG org.hibernate.persister.walking.spi.MetamodelGraphWalker - Visiting attribute path : brand
17:26:16.191 [main] DEBUG org.hibernate.persister.walking.spi.MetamodelGraphWalker - Visiting attribute path : categoryId
17:26:16.191 [main] DEBUG org.hibernate.persister.walking.spi.MetamodelGraphWalker - Visiting attribute path : code
17:26:16.191 [main] DEBUG org.hibernate.persister.walking.spi.MetamodelGraphWalker - Visiting attribute path : description
17:26:16.191 [main] DEBUG org.hibernate.persister.walking.spi.MetamodelGraphWalker - Visiting attribute path : name
17:26:16.191 [main] DEBUG org.hibernate.persister.walking.spi.MetamodelGraphWalker - Visiting attribute path : purchases
17:26:16.191 [main] DEBUG org.hibernate.persister.walking.spi.MetamodelGraphWalker - Visiting attribute path : quantity
17:26:16.191 [main] DEBUG org.hibernate.persister.walking.spi.MetamodelGraphWalker - Visiting attribute path : supplierId
17:26:16.191 [main] DEBUG org.hibernate.persister.walking.spi.MetamodelGraphWalker - Visiting attribute path : unitPrice
17:26:16.191 [main] DEBUG org.hibernate.persister.walking.spi.MetamodelGraphWalker - Visiting attribute path : views
17:26:16.191 [main] DEBUG org.hibernate.loader.plan.build.internal.FetchStyleLoadPlanBuildingAssociationVisitationStrategy - Building LoadPlan...
17:26:16.191 [main] DEBUG org.hibernate.loader.plan.exec.internal.LoadQueryJoinAndFetchProcessor - processing queryspace &lt;gen:0&gt;
17:26:16.191 [main] DEBUG org.hibernate.loader.plan.build.spi.LoadPlanTreePrinter - LoadPlan(entity=org.codemaster.shoppingbackend.dto.Product)
    - Returns
       - EntityReturnImpl(entity=org.codemaster.shoppingbackend.dto.Product, querySpaceUid=&lt;gen:0&gt;, path=org.codemaster.shoppingbackend.dto.Product)
    - QuerySpaces
       - EntityQuerySpaceImpl(uid=&lt;gen:0&gt;, entity=org.codemaster.shoppingbackend.dto.Product)
          - SQL table alias mapping - product0_
          - alias suffix - 0_
          - suffixed key columns - {id1_6_0_}

17:26:16.191 [main] DEBUG org.hibernate.loader.entity.plan.EntityLoader - Static select for entity org.codemaster.shoppingbackend.dto.Product [PESSIMISTIC_WRITE]: select product0_.id as id1_6_0_, product0_.is_active as is_activ2_6_0_, product0_.brand as brand3_6_0_, product0_.category_id as category4_6_0_, product0_.code as code5_6_0_, product0_.description as descript6_6_0_, product0_.name as name7_6_0_, product0_.purchases as purchase8_6_0_, product0_.quantity as quantity9_6_0_, product0_.supplier_id as supplie10_6_0_, product0_.unit_price as unit_pr11_6_0_, product0_.views as views12_6_0_ from Product product0_ where product0_.id=? for update
17:26:16.191 [main] DEBUG org.hibernate.loader.plan.build.internal.spaces.QuerySpacesImpl - Adding QuerySpace : uid = &lt;gen:0&gt; -&gt; org.hibernate.loader.plan.build.internal.spaces.EntityQuerySpaceImpl@2404b5a]
17:26:16.191 [main] DEBUG org.hibernate.persister.walking.spi.MetamodelGraphWalker - Visiting attribute path : active
17:26:16.191 [main] DEBUG org.hibernate.persister.walking.spi.MetamodelGraphWalker - Visiting attribute path : brand
17:26:16.191 [main] DEBUG org.hibernate.persister.walking.spi.MetamodelGraphWalker - Visiting attribute path : categoryId
17:26:16.191 [main] DEBUG org.hibernate.persister.walking.spi.MetamodelGraphWalker - Visiting attribute path : code
17:26:16.191 [main] DEBUG org.hibernate.persister.walking.spi.MetamodelGraphWalker - Visiting attribute path : description
17:26:16.191 [main] DEBUG org.hibernate.persister.walking.spi.MetamodelGraphWalker - Visiting attribute path : name
17:26:16.191 [main] DEBUG org.hibernate.persister.walking.spi.MetamodelGraphWalker - Visiting attribute path : purchases
17:26:16.191 [main] DEBUG org.hibernate.persister.walking.spi.MetamodelGraphWalker - Visiting attribute path : quantity
17:26:16.191 [main] DEBUG org.hibernate.persister.walking.spi.MetamodelGraphWalker - Visiting attribute path : supplierId
17:26:16.191 [main] DEBUG org.hibernate.persister.walking.spi.MetamodelGraphWalker - Visiting attribute path : unitPrice
17:26:16.191 [main] DEBUG org.hibernate.persister.walking.spi.MetamodelGraphWalker - Visiting attribute path : views
17:26:16.191 [main] DEBUG org.hibernate.loader.plan.build.internal.FetchStyleLoadPlanBuildingAssociationVisitationStrategy - Building LoadPlan...
17:26:16.207 [main] DEBUG org.hibernate.loader.plan.exec.internal.LoadQueryJoinAndFetchProcessor - processing queryspace &lt;gen:0&gt;
17:26:16.207 [main] DEBUG org.hibernate.loader.plan.build.spi.LoadPlanTreePrinter - LoadPlan(entity=org.codemaster.shoppingbackend.dto.Product)
    - Returns
       - EntityReturnImpl(entity=org.codemaster.shoppingbackend.dto.Product, querySpaceUid=&lt;gen:0&gt;, path=org.codemaster.shoppingbackend.dto.Product)
    - QuerySpaces
       - EntityQuerySpaceImpl(uid=&lt;gen:0&gt;, entity=org.codemaster.shoppingbackend.dto.Product)
          - SQL table alias mapping - product0_
          - alias suffix - 0_
          - suffixed key columns - {id1_6_0_}

17:26:16.207 [main] DEBUG org.hibernate.loader.entity.plan.EntityLoader - Static select for entity org.codemaster.shoppingbackend.dto.Product [PESSIMISTIC_FORCE_INCREMENT]: select product0_.id as id1_6_0_, product0_.is_active as is_activ2_6_0_, product0_.brand as brand3_6_0_, product0_.category_id as category4_6_0_, product0_.code as code5_6_0_, product0_.description as descript6_6_0_, product0_.name as name7_6_0_, product0_.purchases as purchase8_6_0_, product0_.quantity as quantity9_6_0_, product0_.supplier_id as supplie10_6_0_, product0_.unit_price as unit_pr11_6_0_, product0_.views as views12_6_0_ from Product product0_ where product0_.id=? for update
17:26:16.207 [main] DEBUG org.hibernate.loader.plan.build.internal.spaces.QuerySpacesImpl - Adding QuerySpace : uid = &lt;gen:0&gt; -&gt; org.hibernate.loader.plan.build.internal.spaces.EntityQuerySpaceImpl@2ead6ba4]
17:26:16.207 [main] DEBUG org.hibernate.persister.walking.spi.MetamodelGraphWalker - Visiting attribute path : active
17:26:16.207 [main] DEBUG org.hibernate.persister.walking.spi.MetamodelGraphWalker - Visiting attribute path : brand
17:26:16.207 [main] DEBUG org.hibernate.persister.walking.spi.MetamodelGraphWalker - Visiting attribute path : categoryId
17:26:16.207 [main] DEBUG org.hibernate.persister.walking.spi.MetamodelGraphWalker - Visiting attribute path : code
17:26:16.207 [main] DEBUG org.hibernate.persister.walking.spi.MetamodelGraphWalker - Visiting attribute path : description
17:26:16.207 [main] DEBUG org.hibernate.persister.walking.spi.MetamodelGraphWalker - Visiting attribute path : name
17:26:16.207 [main] DEBUG org.hibernate.persister.walking.spi.MetamodelGraphWalker - Visiting attribute path : purchases
17:26:16.207 [main] DEBUG org.hibernate.persister.walking.spi.MetamodelGraphWalker - Visiting attribute path : quantity
17:26:16.207 [main] DEBUG org.hibernate.persister.walking.spi.MetamodelGraphWalker - Visiting attribute path : supplierId
17:26:16.207 [main] DEBUG org.hibernate.persister.walking.spi.MetamodelGraphWalker - Visiting attribute path : unitPrice
17:26:16.207 [main] DEBUG org.hibernate.persister.walking.spi.MetamodelGraphWalker - Visiting attribute path : views
17:26:16.207 [main] DEBUG org.hibernate.loader.plan.build.internal.FetchStyleLoadPlanBuildingAssociationVisitationStrategy - Building LoadPlan...
17:26:16.207 [main] DEBUG org.hibernate.loader.plan.exec.internal.LoadQueryJoinAndFetchProcessor - processing queryspace &lt;gen:0&gt;
17:26:16.207 [main] DEBUG org.hibernate.loader.plan.build.spi.LoadPlanTreePrinter - LoadPlan(entity=org.codemaster.shoppingbackend.dto.Product)
    - Returns
       - EntityReturnImpl(entity=org.codemaster.shoppingbackend.dto.Product, querySpaceUid=&lt;gen:0&gt;, path=org.codemaster.shoppingbackend.dto.Product)
    - QuerySpaces
       - EntityQuerySpaceImpl(uid=&lt;gen:0&gt;, entity=org.codemaster.shoppingbackend.dto.Product)
          - SQL table alias mapping - product0_
          - alias suffix - 0_
          - suffixed key columns - {id1_6_0_}

17:26:16.207 [main] DEBUG org.hibernate.loader.entity.plan.EntityLoader - Static select for entity org.codemaster.shoppingbackend.dto.Product [OPTIMISTIC]: select product0_.id as id1_6_0_, product0_.is_active as is_activ2_6_0_, product0_.brand as brand3_6_0_, product0_.category_id as category4_6_0_, product0_.code as code5_6_0_, product0_.description as descript6_6_0_, product0_.name as name7_6_0_, product0_.purchases as purchase8_6_0_, product0_.quantity as quantity9_6_0_, product0_.supplier_id as supplie10_6_0_, product0_.unit_price as unit_pr11_6_0_, product0_.views as views12_6_0_ from Product product0_ where product0_.id=?
17:26:16.207 [main] DEBUG org.hibernate.loader.plan.build.internal.spaces.QuerySpacesImpl - Adding QuerySpace : uid = &lt;gen:0&gt; -&gt; org.hibernate.loader.plan.build.internal.spaces.EntityQuerySpaceImpl@31b82e0f]
17:26:16.207 [main] DEBUG org.hibernate.persister.walking.spi.MetamodelGraphWalker - Visiting attribute path : active
17:26:16.207 [main] DEBUG org.hibernate.persister.walking.spi.MetamodelGraphWalker - Visiting attribute path : brand
17:26:16.207 [main] DEBUG org.hibernate.persister.walking.spi.MetamodelGraphWalker - Visiting attribute path : categoryId
17:26:16.207 [main] DEBUG org.hibernate.persister.walking.spi.MetamodelGraphWalker - Visiting attribute path : code
17:26:16.207 [main] DEBUG org.hibernate.persister.walking.spi.MetamodelGraphWalker - Visiting attribute path : description
17:26:16.207 [main] DEBUG org.hibernate.persister.walking.spi.MetamodelGraphWalker - Visiting attribute path : name
17:26:16.207 [main] DEBUG org.hibernate.persister.walking.spi.MetamodelGraphWalker - Visiting attribute path : purchases
17:26:16.207 [main] DEBUG org.hibernate.persister.walking.spi.MetamodelGraphWalker - Visiting attribute path : quantity
17:26:16.207 [main] DEBUG org.hibernate.persister.walking.spi.MetamodelGraphWalker - Visiting attribute path : supplierId
17:26:16.207 [main] DEBUG org.hibernate.persister.walking.spi.MetamodelGraphWalker - Visiting attribute path : unitPrice
17:26:16.207 [main] DEBUG org.hibernate.persister.walking.spi.MetamodelGraphWalker - Visiting attribute path : views
17:26:16.207 [main] DEBUG org.hibernate.loader.plan.build.internal.FetchStyleLoadPlanBuildingAssociationVisitationStrategy - Building LoadPlan...
17:26:16.222 [main] DEBUG org.hibernate.loader.plan.exec.internal.LoadQueryJoinAndFetchProcessor - processing queryspace &lt;gen:0&gt;
17:26:16.222 [main] DEBUG org.hibernate.loader.plan.build.spi.LoadPlanTreePrinter - LoadPlan(entity=org.codemaster.shoppingbackend.dto.Product)
    - Returns
       - EntityReturnImpl(entity=org.codemaster.shoppingbackend.dto.Product, querySpaceUid=&lt;gen:0&gt;, path=org.codemaster.shoppingbackend.dto.Product)
    - QuerySpaces
       - EntityQuerySpaceImpl(uid=&lt;gen:0&gt;, entity=org.codemaster.shoppingbackend.dto.Product)
          - SQL table alias mapping - product0_
          - alias suffix - 0_
          - suffixed key columns - {id1_6_0_}

17:26:16.222 [main] DEBUG org.hibernate.loader.entity.plan.EntityLoader - Static select for entity org.codemaster.shoppingbackend.dto.Product [OPTIMISTIC_FORCE_INCREMENT]: select product0_.id as id1_6_0_, product0_.is_active as is_activ2_6_0_, product0_.brand as brand3_6_0_, product0_.category_id as category4_6_0_, product0_.code as code5_6_0_, product0_.description as descript6_6_0_, product0_.name as name7_6_0_, product0_.purchases as purchase8_6_0_, product0_.quantity as quantity9_6_0_, product0_.supplier_id as supplie10_6_0_, product0_.unit_price as unit_pr11_6_0_, product0_.views as views12_6_0_ from Product product0_ where product0_.id=?
17:26:16.222 [main] DEBUG org.hibernate.loader.Loader - Static select for action ACTION_MERGE on entity org.codemaster.shoppingbackend.dto.Product: select product0_.id as id1_6_0_, product0_.is_active as is_activ2_6_0_, product0_.brand as brand3_6_0_, product0_.category_id as category4_6_0_, product0_.code as code5_6_0_, product0_.description as descript6_6_0_, product0_.name as name7_6_0_, product0_.purchases as purchase8_6_0_, product0_.quantity as quantity9_6_0_, product0_.supplier_id as supplie10_6_0_, product0_.unit_price as unit_pr11_6_0_, product0_.views as views12_6_0_ from Product product0_ where product0_.id=?
17:26:16.238 [main] DEBUG org.hibernate.loader.Loader - Static select for action ACTION_REFRESH on entity org.codemaster.shoppingbackend.dto.Product: select product0_.id as id1_6_0_, product0_.is_active as is_activ2_6_0_, product0_.brand as brand3_6_0_, product0_.category_id as category4_6_0_, product0_.code as code5_6_0_, product0_.description as descript6_6_0_, product0_.name as name7_6_0_, product0_.purchases as purchase8_6_0_, product0_.quantity as quantity9_6_0_, product0_.supplier_id as supplie10_6_0_, product0_.unit_price as unit_pr11_6_0_, product0_.views as views12_6_0_ from Product product0_ where product0_.id=?
17:26:16.238 [main] DEBUG org.hibernate.loader.plan.build.internal.spaces.QuerySpacesImpl - Adding QuerySpace : uid = &lt;gen:0&gt; -&gt; org.hibernate.loader.plan.build.internal.spaces.CollectionQuerySpaceImpl@687e6293]
17:26:16.238 [main] DEBUG org.hibernate.loader.plan.build.internal.spaces.QuerySpacesImpl - Adding QuerySpace : uid = &lt;gen:1&gt; -&gt; org.hibernate.loader.plan.build.internal.spaces.EntityQuerySpaceImpl@6870c3c2]
17:26:16.238 [main] DEBUG org.hibernate.persister.walking.spi.MetamodelGraphWalker - Visiting attribute path : buyingPrice
17:26:16.238 [main] DEBUG org.hibernate.persister.walking.spi.MetamodelGraphWalker - Visiting attribute path : orderDetail
17:26:16.238 [main] DEBUG org.hibernate.persister.walking.spi.MetamodelGraphWalker - Property path deemed to be circular : orderDetail
17:26:16.238 [main] DEBUG org.hibernate.persister.walking.spi.MetamodelGraphWalker - Visiting attribute path : product
17:26:16.238 [main] DEBUG org.hibernate.loader.plan.build.internal.spaces.QuerySpacesImpl - Adding QuerySpace : uid = &lt;gen:2&gt; -&gt; org.hibernate.loader.plan.build.internal.spaces.EntityQuerySpaceImpl@4debbf0]
17:26:16.238 [main] DEBUG org.hibernate.persister.walking.spi.MetamodelGraphWalker - Visiting attribute path : product.active
17:26:16.238 [main] DEBUG org.hibernate.persister.walking.spi.MetamodelGraphWalker - Visiting attribute path : product.brand
17:26:16.238 [main] DEBUG org.hibernate.persister.walking.spi.MetamodelGraphWalker - Visiting attribute path : product.categoryId
17:26:16.238 [main] DEBUG org.hibernate.persister.walking.spi.MetamodelGraphWalker - Visiting attribute path : product.code
17:26:16.238 [main] DEBUG org.hibernate.persister.walking.spi.MetamodelGraphWalker - Visiting attribute path : product.description
17:26:16.238 [main] DEBUG org.hibernate.persister.walking.spi.MetamodelGraphWalker - Visiting attribute path : product.name
17:26:16.238 [main] DEBUG org.hibernate.persister.walking.spi.MetamodelGraphWalker - Visiting attribute path : product.purchases
17:26:16.238 [main] DEBUG org.hibernate.persister.walking.spi.MetamodelGraphWalker - Visiting attribute path : product.quantity
17:26:16.238 [main] DEBUG org.hibernate.persister.walking.spi.MetamodelGraphWalker - Visiting attribute path : product.supplierId
17:26:16.238 [main] DEBUG org.hibernate.persister.walking.spi.MetamodelGraphWalker - Visiting attribute path : product.unitPrice
17:26:16.238 [main] DEBUG org.hibernate.persister.walking.spi.MetamodelGraphWalker - Visiting attribute path : product.views
17:26:16.238 [main] DEBUG org.hibernate.persister.walking.spi.MetamodelGraphWalker - Visiting attribute path : productCount
17:26:16.238 [main] DEBUG org.hibernate.persister.walking.spi.MetamodelGraphWalker - Visiting attribute path : total
17:26:16.238 [main] DEBUG org.hibernate.loader.plan.build.internal.FetchStyleLoadPlanBuildingAssociationVisitationStrategy - Building LoadPlan...
17:26:16.253 [main] DEBUG org.hibernate.loader.plan.exec.internal.LoadQueryJoinAndFetchProcessor - processing queryspace &lt;gen:0&gt;
17:26:16.253 [main] DEBUG org.hibernate.loader.plan.build.spi.LoadPlanTreePrinter - LoadPlan(collection=org.codemaster.shoppingbackend.dto.OrderDetail.orderItems)
    - Returns
       - CollectionReturnImpl(collection=org.codemaster.shoppingbackend.dto.OrderDetail.orderItems, querySpaceUid=&lt;gen:0&gt;, path=[org.codemaster.shoppingbackend.dto.OrderDetail.orderItems])
          - (collection element) CollectionFetchableElementEntityGraph(entity=org.codemaster.shoppingbackend.dto.OrderItem, querySpaceUid=&lt;gen:1&gt;, path=[org.codemaster.shoppingbackend.dto.OrderDetail.orderItems].&lt;elements&gt;)
             - EntityAttributeFetchImpl(entity=org.codemaster.shoppingbackend.dto.Product, querySpaceUid=&lt;gen:2&gt;, path=[org.codemaster.shoppingbackend.dto.OrderDetail.orderItems].&lt;elements&gt;.product)
    - QuerySpaces
       - CollectionQuerySpaceImpl(uid=&lt;gen:0&gt;, collection=org.codemaster.shoppingbackend.dto.OrderDetail.orderItems)
          - SQL table alias mapping - orderitems0_
          - alias suffix - 0_
          - suffixed key columns - {order_id5_5_0_}
          - entity-element alias suffix - 1_
          - 1_entity-element suffixed key columns - id1_5_1_
          - JOIN (JoinDefinedByMetadata(elements)) : &lt;gen:0&gt; -&gt; &lt;gen:1&gt;
             - EntityQuerySpaceImpl(uid=&lt;gen:1&gt;, entity=org.codemaster.shoppingbackend.dto.OrderItem)
                - SQL table alias mapping - orderitems0_
                - alias suffix - 1_
                - suffixed key columns - {id1_5_1_}
                - JOIN (JoinDefinedByMetadata(product)) : &lt;gen:1&gt; -&gt; &lt;gen:2&gt;
                   - EntityQuerySpaceImpl(uid=&lt;gen:2&gt;, entity=org.codemaster.shoppingbackend.dto.Product)
                      - SQL table alias mapping - product1_
                      - alias suffix - 2_
                      - suffixed key columns - {id1_6_2_}

17:26:16.253 [main] DEBUG org.hibernate.loader.collection.plan.CollectionLoader - Static select for collection org.codemaster.shoppingbackend.dto.OrderDetail.orderItems: select orderitems0_.order_id as order_id5_5_0_, orderitems0_.id as id1_5_0_, orderitems0_.id as id1_5_1_, orderitems0_.buying_price as buying_p2_5_1_, orderitems0_.order_id as order_id5_5_1_, orderitems0_.product_id as product_6_5_1_, orderitems0_.product_count as product_3_5_1_, orderitems0_.total as total4_5_1_, product1_.id as id1_6_2_, product1_.is_active as is_activ2_6_2_, product1_.brand as brand3_6_2_, product1_.category_id as category4_6_2_, product1_.code as code5_6_2_, product1_.description as descript6_6_2_, product1_.name as name7_6_2_, product1_.purchases as purchase8_6_2_, product1_.quantity as quantity9_6_2_, product1_.supplier_id as supplie10_6_2_, product1_.unit_price as unit_pr11_6_2_, product1_.views as views12_6_2_ from order_item orderitems0_ left outer join Product product1_ on orderitems0_.product_id=product1_.id where orderitems0_.order_id=?
17:26:16.441 [main] DEBUG org.hibernate.mapping.Table - No alter strings for table : Address
17:26:16.441 [main] DEBUG org.hibernate.mapping.Table - No alter strings for table : Cart
17:26:16.441 [main] DEBUG org.hibernate.mapping.Table - No alter strings for table : cart_line
17:26:16.457 [main] DEBUG org.hibernate.mapping.Table - No alter strings for table : Category
17:26:16.457 [main] DEBUG org.hibernate.mapping.Table - No alter strings for table : order_detail
17:26:16.457 [main] DEBUG org.hibernate.mapping.Table - No alter strings for table : order_item
17:26:16.457 [main] DEBUG org.hibernate.mapping.Table - No alter strings for table : Product
17:26:16.457 [main] DEBUG org.hibernate.mapping.Table - No alter strings for table : user_detail
17:26:16.832 [main] DEBUG org.hibernate.engine.transaction.jta.platform.internal.JtaPlatformInitiator - No JtaPlatform was specified, checking resolver
17:26:16.838 [main] DEBUG org.hibernate.engine.transaction.jta.platform.internal.JtaPlatformResolverInitiator - No JtaPlatformResolver was specified, using default [org.hibernate.engine.transaction.jta.platform.internal.StandardJtaPlatformResolver]
17:26:16.854 [main] DEBUG org.hibernate.engine.transaction.jta.platform.internal.StandardJtaPlatformResolver - Could not resolve JtaPlatform, using default [org.hibernate.engine.transaction.jta.platform.internal.NoJtaPlatform]
17:26:16.854 [main] DEBUG org.hibernate.query.spi.NamedQueryRepository - Checking 0 named HQL queries
17:26:16.854 [main] DEBUG org.hibernate.query.spi.NamedQueryRepository - Checking 0 named SQL queries
17:26:16.870 [main] DEBUG org.hibernate.internal.SessionFactoryRegistry - Initializing SessionFactoryRegistry : org.hibernate.internal.SessionFactoryRegistry@75cf0de5
17:26:16.870 [main] DEBUG org.hibernate.internal.SessionFactoryRegistry - Registering SessionFactory: d11b4071-611b-4f6d-8108-3059585aa2de (&lt;unnamed&gt;)
17:26:16.870 [main] DEBUG org.hibernate.internal.SessionFactoryRegistry - Not binding SessionFactory to JNDI, no JNDI name configured
17:26:16.979 [main] DEBUG org.springframework.beans.factory.support.DefaultListableBeanFactory - Eagerly caching bean &apos;getSessionFactory&apos; to allow for resolving potential circular references
17:26:17.057 [main] DEBUG org.springframework.beans.factory.support.DefaultListableBeanFactory - Returning cached instance of singleton bean &apos;org.springframework.transaction.config.internalTransactionAdvisor&apos;
17:26:17.260 [main] DEBUG org.springframework.beans.factory.support.DefaultListableBeanFactory - Finished creating instance of bean &apos;getSessionFactory&apos;
17:26:17.260 [main] DEBUG org.springframework.beans.factory.annotation.AutowiredAnnotationBeanPostProcessor - Autowiring by type from bean name &apos;cartLineDAO&apos; to bean named &apos;getSessionFactory&apos;
17:26:17.260 [main] DEBUG org.springframework.beans.factory.support.DefaultListableBeanFactory - Returning cached instance of singleton bean &apos;org.springframework.transaction.config.internalTransactionAdvisor&apos;
17:26:17.481 [main] DEBUG org.springframework.transaction.annotation.AnnotationTransactionAttributeSource - Adding transactional method &apos;org.codemaster.shoppingbackend.daoimpl.CartLineDAOImpl.add&apos; with attribute: PROPAGATION_REQUIRED,ISOLATION_DEFAULT; &apos;&apos;
17:26:17.535 [main] DEBUG org.springframework.aop.framework.autoproxy.InfrastructureAdvisorAutoProxyCreator - Creating implicit proxy for bean &apos;cartLineDAO&apos; with 0 common interceptors and 1 specific interceptors
17:26:17.566 [main] DEBUG org.springframework.aop.framework.JdkDynamicAopProxy - Creating JDK dynamic proxy: target source is SingletonTargetSource for target object [org.codemaster.shoppingbackend.daoimpl.CartLineDAOImpl@67bd351e]
17:26:17.675 [main] DEBUG org.springframework.beans.factory.support.DefaultListableBeanFactory - Finished creating instance of bean &apos;cartLineDAO&apos;
17:26:17.675 [main] DEBUG org.springframework.beans.factory.support.DefaultListableBeanFactory - Creating shared instance of singleton bean &apos;categoryDAO&apos;
17:26:17.691 [main] DEBUG org.springframework.beans.factory.support.DefaultListableBeanFactory - Creating instance of bean &apos;categoryDAO&apos;
17:26:17.691 [main] DEBUG org.springframework.beans.factory.annotation.InjectionMetadata - Registered injected element on class [org.codemaster.shoppingbackend.daoimpl.CategoryDAOImpl]: AutowiredFieldElement for private org.hibernate.SessionFactory org.codemaster.shoppingbackend.daoimpl.CategoryDAOImpl.sessionFactory
17:26:17.691 [main] DEBUG org.springframework.beans.factory.support.DefaultListableBeanFactory - Eagerly caching bean &apos;categoryDAO&apos; to allow for resolving potential circular references
17:26:17.722 [main] DEBUG org.springframework.beans.factory.annotation.InjectionMetadata - Processing injected element of bean &apos;categoryDAO&apos;: AutowiredFieldElement for private org.hibernate.SessionFactory org.codemaster.shoppingbackend.daoimpl.CategoryDAOImpl.sessionFactory
17:26:17.722 [main] DEBUG org.springframework.core.annotation.AnnotationUtils - Failed to meta-introspect annotation [interface org.springframework.beans.factory.annotation.Autowired]: java.lang.IllegalArgumentException: Annotation must not be null
17:26:17.722 [main] DEBUG org.springframework.beans.factory.support.DefaultListableBeanFactory - Returning cached instance of singleton bean &apos;getSessionFactory&apos;
17:26:17.722 [main] DEBUG org.springframework.beans.factory.annotation.AutowiredAnnotationBeanPostProcessor - Autowiring by type from bean name &apos;categoryDAO&apos; to bean named &apos;getSessionFactory&apos;
17:26:17.722 [main] DEBUG org.springframework.beans.factory.support.DefaultListableBeanFactory - Returning cached instance of singleton bean &apos;org.springframework.transaction.config.internalTransactionAdvisor&apos;
17:26:17.722 [main] DEBUG org.springframework.transaction.annotation.AnnotationTransactionAttributeSource - Adding transactional method &apos;org.codemaster.shoppingbackend.daoimpl.CategoryDAOImpl.add&apos; with attribute: PROPAGATION_REQUIRED,ISOLATION_DEFAULT; &apos;&apos;
17:26:17.722 [main] DEBUG org.springframework.aop.framework.autoproxy.InfrastructureAdvisorAutoProxyCreator - Creating implicit proxy for bean &apos;categoryDAO&apos; with 0 common interceptors and 1 specific interceptors
17:26:17.722 [main] DEBUG org.springframework.aop.framework.JdkDynamicAopProxy - Creating JDK dynamic proxy: target source is SingletonTargetSource for target object [org.codemaster.shoppingbackend.daoimpl.CategoryDAOImpl@234c5e41]
17:26:17.754 [main] DEBUG org.springframework.beans.factory.support.DefaultListableBeanFactory - Finished creating instance of bean &apos;categoryDAO&apos;
17:26:17.754 [main] DEBUG org.springframework.beans.factory.support.DefaultListableBeanFactory - Creating shared instance of singleton bean &apos;productDAO&apos;
17:26:17.754 [main] DEBUG org.springframework.beans.factory.support.DefaultListableBeanFactory - Creating instance of bean &apos;productDAO&apos;
17:26:17.785 [main] DEBUG org.springframework.beans.factory.annotation.InjectionMetadata - Registered injected element on class [org.codemaster.shoppingbackend.daoimpl.ProductDAOImpl]: AutowiredFieldElement for private org.hibernate.SessionFactory org.codemaster.shoppingbackend.daoimpl.ProductDAOImpl.sessionFactory
17:26:17.879 [main] DEBUG org.springframework.beans.factory.support.DefaultListableBeanFactory - Eagerly caching bean &apos;productDAO&apos; to allow for resolving potential circular references
17:26:17.914 [main] DEBUG org.springframework.beans.factory.annotation.InjectionMetadata - Processing injected element of bean &apos;productDAO&apos;: AutowiredFieldElement for private org.hibernate.SessionFactory org.codemaster.shoppingbackend.daoimpl.ProductDAOImpl.sessionFactory
17:26:17.914 [main] DEBUG org.springframework.core.annotation.AnnotationUtils - Failed to meta-introspect annotation [interface org.springframework.beans.factory.annotation.Autowired]: java.lang.IllegalArgumentException: Annotation must not be null
17:26:17.914 [main] DEBUG org.springframework.beans.factory.support.DefaultListableBeanFactory - Returning cached instance of singleton bean &apos;getSessionFactory&apos;
17:26:17.930 [main] DEBUG org.springframework.beans.factory.annotation.AutowiredAnnotationBeanPostProcessor - Autowiring by type from bean name &apos;productDAO&apos; to bean named &apos;getSessionFactory&apos;
17:26:17.930 [main] DEBUG org.springframework.beans.factory.support.DefaultListableBeanFactory - Returning cached instance of singleton bean &apos;org.springframework.transaction.config.internalTransactionAdvisor&apos;
17:26:17.946 [main] DEBUG org.springframework.transaction.annotation.AnnotationTransactionAttributeSource - Adding transactional method &apos;org.codemaster.shoppingbackend.daoimpl.ProductDAOImpl.add&apos; with attribute: PROPAGATION_REQUIRED,ISOLATION_DEFAULT; &apos;&apos;
17:26:17.946 [main] DEBUG org.springframework.aop.framework.autoproxy.InfrastructureAdvisorAutoProxyCreator - Creating implicit proxy for bean &apos;productDAO&apos; with 0 common interceptors and 1 specific interceptors
17:26:17.946 [main] DEBUG org.springframework.aop.framework.JdkDynamicAopProxy - Creating JDK dynamic proxy: target source is SingletonTargetSource for target object [org.codemaster.shoppingbackend.daoimpl.ProductDAOImpl@5d152bcd]
17:26:18.180 [main] DEBUG org.springframework.beans.factory.support.DefaultListableBeanFactory - Finished creating instance of bean &apos;productDAO&apos;
17:26:18.180 [main] DEBUG org.springframework.beans.factory.support.DefaultListableBeanFactory - Creating shared instance of singleton bean &apos;userDAO&apos;
17:26:18.180 [main] DEBUG org.springframework.beans.factory.support.DefaultListableBeanFactory - Creating instance of bean &apos;userDAO&apos;
17:26:18.196 [main] DEBUG org.springframework.beans.factory.annotation.InjectionMetadata - Registered injected element on class [org.codemaster.shoppingbackend.daoimpl.UserDAOImpl]: AutowiredFieldElement for private org.hibernate.SessionFactory org.codemaster.shoppingbackend.daoimpl.UserDAOImpl.sessionFactory
17:26:18.196 [main] DEBUG org.springframework.beans.factory.support.DefaultListableBeanFactory - Eagerly caching bean &apos;userDAO&apos; to allow for resolving potential circular references
17:26:18.211 [main] DEBUG org.springframework.beans.factory.annotation.InjectionMetadata - Processing injected element of bean &apos;userDAO&apos;: AutowiredFieldElement for private org.hibernate.SessionFactory org.codemaster.shoppingbackend.daoimpl.UserDAOImpl.sessionFactory
17:26:18.211 [main] DEBUG org.springframework.core.annotation.AnnotationUtils - Failed to meta-introspect annotation [interface org.springframework.beans.factory.annotation.Autowired]: java.lang.IllegalArgumentException: Annotation must not be null
17:26:18.211 [main] DEBUG org.springframework.beans.factory.support.DefaultListableBeanFactory - Returning cached instance of singleton bean &apos;getSessionFactory&apos;
17:26:18.211 [main] DEBUG org.springframework.beans.factory.annotation.AutowiredAnnotationBeanPostProcessor - Autowiring by type from bean name &apos;userDAO&apos; to bean named &apos;getSessionFactory&apos;
17:26:18.211 [main] DEBUG org.springframework.beans.factory.support.DefaultListableBeanFactory - Returning cached instance of singleton bean &apos;org.springframework.transaction.config.internalTransactionAdvisor&apos;
17:26:18.227 [main] DEBUG org.springframework.transaction.annotation.AnnotationTransactionAttributeSource - Adding transactional method &apos;org.codemaster.shoppingbackend.daoimpl.UserDAOImpl.add&apos; with attribute: PROPAGATION_REQUIRED,ISOLATION_DEFAULT; &apos;&apos;
17:26:18.227 [main] DEBUG org.springframework.aop.framework.autoproxy.InfrastructureAdvisorAutoProxyCreator - Creating implicit proxy for bean &apos;userDAO&apos; with 0 common interceptors and 1 specific interceptors
17:26:18.227 [main] DEBUG org.springframework.aop.framework.JdkDynamicAopProxy - Creating JDK dynamic proxy: target source is SingletonTargetSource for target object [org.codemaster.shoppingbackend.daoimpl.UserDAOImpl@6f8e9d06]
17:26:18.258 [main] DEBUG org.springframework.beans.factory.support.DefaultListableBeanFactory - Finished creating instance of bean &apos;userDAO&apos;
17:26:18.258 [main] DEBUG org.springframework.beans.factory.support.DefaultListableBeanFactory - Creating shared instance of singleton bean &apos;product&apos;
17:26:18.274 [main] DEBUG org.springframework.beans.factory.support.DefaultListableBeanFactory - Creating instance of bean &apos;product&apos;
17:26:18.289 [main] DEBUG org.springframework.beans.factory.support.DefaultListableBeanFactory - Eagerly caching bean &apos;product&apos; to allow for resolving potential circular references
17:26:18.336 [main] DEBUG org.springframework.beans.factory.support.DefaultListableBeanFactory - Returning cached instance of singleton bean &apos;org.springframework.transaction.config.internalTransactionAdvisor&apos;
17:26:18.352 [main] DEBUG org.springframework.beans.factory.support.DefaultListableBeanFactory - Finished creating instance of bean &apos;product&apos;
17:26:18.352 [main] DEBUG org.springframework.beans.factory.support.DefaultListableBeanFactory - Returning cached instance of singleton bean &apos;org.springframework.transaction.annotation.ProxyTransactionManagementConfiguration&apos;
17:26:18.352 [main] DEBUG org.springframework.beans.factory.support.DefaultListableBeanFactory - Returning cached instance of singleton bean &apos;org.springframework.transaction.config.internalTransactionAdvisor&apos;
17:26:18.352 [main] DEBUG org.springframework.beans.factory.support.DefaultListableBeanFactory - Returning cached instance of singleton bean &apos;transactionAttributeSource&apos;
17:26:18.352 [main] DEBUG org.springframework.beans.factory.support.DefaultListableBeanFactory - Returning cached instance of singleton bean &apos;transactionInterceptor&apos;
17:26:18.352 [main] DEBUG org.springframework.beans.factory.support.DefaultListableBeanFactory - Creating shared instance of singleton bean &apos;org.springframework.transaction.config.internalTransactionalEventListenerFactory&apos;
17:26:18.352 [main] DEBUG org.springframework.beans.factory.support.DefaultListableBeanFactory - Creating instance of bean &apos;org.springframework.transaction.config.internalTransactionalEventListenerFactory&apos;
17:26:18.352 [main] DEBUG org.springframework.beans.factory.support.DefaultListableBeanFactory - Returning cached instance of singleton bean &apos;org.springframework.transaction.annotation.ProxyTransactionManagementConfiguration&apos;
17:26:18.446 [main] DEBUG org.springframework.beans.factory.support.DefaultListableBeanFactory - Eagerly caching bean &apos;org.springframework.transaction.config.internalTransactionalEventListenerFactory&apos; to allow for resolving potential circular references
17:26:18.477 [main] DEBUG org.springframework.beans.factory.support.DefaultListableBeanFactory - Returning cached instance of singleton bean &apos;org.springframework.transaction.config.internalTransactionAdvisor&apos;
17:26:18.477 [main] DEBUG org.springframework.beans.factory.support.DefaultListableBeanFactory - Finished creating instance of bean &apos;org.springframework.transaction.config.internalTransactionalEventListenerFactory&apos;
17:26:18.477 [main] DEBUG org.springframework.beans.factory.support.DefaultListableBeanFactory - Returning cached instance of singleton bean &apos;dataSource&apos;
17:26:18.492 [main] DEBUG org.springframework.beans.factory.support.DefaultListableBeanFactory - Returning cached instance of singleton bean &apos;getSessionFactory&apos;
17:26:18.492 [main] DEBUG org.springframework.beans.factory.support.DefaultListableBeanFactory - Creating shared instance of singleton bean &apos;getTransactionManager&apos;
17:26:18.492 [main] DEBUG org.springframework.beans.factory.support.DefaultListableBeanFactory - Creating instance of bean &apos;getTransactionManager&apos;
17:26:18.524 [main] DEBUG org.springframework.beans.factory.support.DefaultListableBeanFactory - Returning cached instance of singleton bean &apos;hibernateConfig&apos;
17:26:18.524 [main] DEBUG org.springframework.beans.factory.support.DefaultListableBeanFactory - Returning cached instance of singleton bean &apos;getSessionFactory&apos;
17:26:18.524 [main] DEBUG org.springframework.beans.factory.support.DefaultListableBeanFactory - Autowiring by type from bean name &apos;getTransactionManager&apos; via factory method to bean named &apos;getSessionFactory&apos;
17:26:18.633 [main] INFO org.springframework.orm.hibernate5.HibernateTransactionManager - Using DataSource [org.apache.commons.dbcp2.BasicDataSource@40dff0b7] of Hibernate SessionFactory for HibernateTransactionManager
17:26:18.727 [main] DEBUG org.springframework.beans.factory.support.DefaultListableBeanFactory - Eagerly caching bean &apos;getTransactionManager&apos; to allow for resolving potential circular references
17:26:18.774 [main] DEBUG org.springframework.beans.factory.support.DefaultListableBeanFactory - Invoking afterPropertiesSet() on bean with name &apos;getTransactionManager&apos;
17:26:18.774 [main] DEBUG org.springframework.beans.factory.support.DefaultListableBeanFactory - Returning cached instance of singleton bean &apos;org.springframework.transaction.config.internalTransactionAdvisor&apos;
17:26:18.805 [main] DEBUG org.springframework.beans.factory.support.DefaultListableBeanFactory - Finished creating instance of bean &apos;getTransactionManager&apos;
17:26:18.805 [main] DEBUG org.springframework.beans.factory.support.DefaultListableBeanFactory - Returning cached instance of singleton bean &apos;org.springframework.aop.config.internalAutoProxyCreator&apos;
17:26:18.821 [main] DEBUG org.springframework.beans.factory.support.DefaultListableBeanFactory - Returning cached instance of singleton bean &apos;org.springframework.context.event.internalEventListenerFactory&apos;
17:26:18.821 [main] DEBUG org.springframework.beans.factory.support.DefaultListableBeanFactory - Returning cached instance of singleton bean &apos;org.springframework.transaction.config.internalTransactionalEventListenerFactory&apos;
17:26:19.164 [main] DEBUG org.springframework.context.annotation.AnnotationConfigApplicationContext - Unable to locate LifecycleProcessor with name &apos;lifecycleProcessor&apos;: using default [org.springframework.context.support.DefaultLifecycleProcessor@162c1dfb]
17:26:19.176 [main] DEBUG org.springframework.beans.factory.support.DefaultListableBeanFactory - Returning cached instance of singleton bean &apos;lifecycleProcessor&apos;
17:26:19.200 [main] DEBUG org.springframework.core.env.PropertySourcesPropertyResolver - Could not find key &apos;spring.liveBeansView.mbeanDomain&apos; in any property source
17:26:19.216 [main] DEBUG org.springframework.beans.factory.support.DefaultListableBeanFactory - Returning cached instance of singleton bean &apos;cartLineDAO&apos;
17:26:19.216 [main] DEBUG org.springframework.beans.factory.support.DefaultListableBeanFactory - Returning cached instance of singleton bean &apos;productDAO&apos;
17:26:19.216 [main] DEBUG org.springframework.beans.factory.support.DefaultListableBeanFactory - Returning cached instance of singleton bean &apos;userDAO&apos;
17:26:19.394 [main] DEBUG org.springframework.transaction.annotation.AnnotationTransactionAttributeSource - Adding transactional method &apos;org.codemaster.shoppingbackend.daoimpl.UserDAOImpl.getByEmail&apos; with attribute: PROPAGATION_REQUIRED,ISOLATION_DEFAULT; &apos;&apos;
17:26:19.425 [main] DEBUG org.springframework.beans.factory.support.DefaultListableBeanFactory - Returning cached instance of singleton bean &apos;getTransactionManager&apos;
17:26:19.444 [main] DEBUG org.springframework.orm.hibernate5.HibernateTransactionManager - Creating new transaction with name [org.codemaster.shoppingbackend.daoimpl.UserDAOImpl.getByEmail]: PROPAGATION_REQUIRED,ISOLATION_DEFAULT; &apos;&apos;
17:26:19.560 [main] DEBUG org.hibernate.stat.internal.StatisticsInitiator - Statistics initialized [enabled=false]
17:26:19.560 [main] DEBUG org.springframework.orm.hibernate5.HibernateTransactionManager - Opened new Session [SessionImpl(PersistenceContext[entityKeys=[],collectionKeys=[]];ActionQueue[insertions=ExecutableList{size=0} updates=ExecutableList{size=0} deletions=ExecutableList{size=0} orphanRemovals=ExecutableList{size=0} collectionCreations=ExecutableList{size=0} collectionRemovals=ExecutableList{size=0} collectionUpdates=ExecutableList{size=0} collectionQueuedOps=ExecutableList{size=0} unresolvedInsertDependencies=null])] for Hibernate transaction
17:26:19.560 [main] DEBUG org.springframework.orm.hibernate5.HibernateTransactionManager - Preparing JDBC Connection of Hibernate Session [SessionImpl(PersistenceContext[entityKeys=[],collectionKeys=[]];ActionQueue[insertions=ExecutableList{size=0} updates=ExecutableList{size=0} deletions=ExecutableList{size=0} orphanRemovals=ExecutableList{size=0} collectionCreations=ExecutableList{size=0} collectionRemovals=ExecutableList{size=0} collectionUpdates=ExecutableList{size=0} collectionQueuedOps=ExecutableList{size=0} unresolvedInsertDependencies=null])]
17:26:19.576 [main] DEBUG org.hibernate.engine.transaction.internal.TransactionImpl - begin
17:26:19.576 [main] DEBUG org.springframework.orm.hibernate5.HibernateTransactionManager - Exposing Hibernate transaction as JDBC transaction [2079229473, URL=jdbc:h2:~/onlineshopping, UserName=SA, H2 JDBC Driver]
17:26:19.607 [main] DEBUG org.hibernate.hql.internal.QueryTranslatorFactoryInitiator - QueryTranslatorFactory : org.hibernate.hql.internal.ast.ASTQueryTranslatorFactory@4ea56bdb
17:26:19.607 [main] INFO org.hibernate.hql.internal.QueryTranslatorFactoryInitiator - HHH000397: Using ASTQueryTranslatorFactory
17:26:19.670 [main] DEBUG org.hibernate.hql.internal.ast.QueryTranslatorImpl - parse() - HQL: FROM org.codemaster.shoppingbackend.dto.User WHERE email = :email
17:26:19.685 [main] DEBUG org.hibernate.hql.internal.ast.ErrorCounter - throwQueryException() : no errors
17:26:19.685 [main] DEBUG org.hibernate.hql.internal.ast.QueryTranslatorImpl - --- HQL AST ---
 \-[QUERY] Node: &apos;query&apos;
    +-[SELECT_FROM] Node: &apos;SELECT_FROM&apos;
    |  \-[FROM] Node: &apos;FROM&apos;
    |     \-[RANGE] Node: &apos;RANGE&apos;
    |        \-[DOT] Node: &apos;.&apos;
    |           +-[DOT] Node: &apos;.&apos;
    |           |  +-[DOT] Node: &apos;.&apos;
    |           |  |  +-[DOT] Node: &apos;.&apos;
    |           |  |  |  +-[IDENT] Node: &apos;org&apos;
    |           |  |  |  \-[IDENT] Node: &apos;codemaster&apos;
    |           |  |  \-[IDENT] Node: &apos;shoppingbackend&apos;
    |           |  \-[IDENT] Node: &apos;dto&apos;
    |           \-[IDENT] Node: &apos;User&apos;
    \-[WHERE] Node: &apos;WHERE&apos;
       \-[EQ] Node: &apos;=&apos;
          +-[IDENT] Node: &apos;email&apos;
          \-[COLON] Node: &apos;:&apos;
             \-[IDENT] Node: &apos;email&apos;

17:26:19.732 [main] DEBUG org.hibernate.hql.internal.antlr.HqlSqlBaseWalker - select &lt;&lt; begin [level=1, statement=select]
17:26:19.764 [main] DEBUG org.hibernate.hql.internal.ast.tree.FromElement - FromClause{level=1} : org.codemaster.shoppingbackend.dto.User (&lt;no alias&gt;) -&gt; user0_
17:26:19.764 [main] DEBUG org.hibernate.hql.internal.ast.tree.FromReferenceNode - Resolved : {synthetic-alias} -&gt; {synthetic-alias}
17:26:19.779 [main] DEBUG org.hibernate.hql.internal.ast.tree.DotNode - getDataType() : email -&gt; org.hibernate.type.StringType@5922ae77
17:26:19.779 [main] DEBUG org.hibernate.hql.internal.ast.tree.FromReferenceNode - Resolved : {synthetic-alias}.email -&gt; user0_.email
17:26:19.779 [main] DEBUG org.hibernate.hql.internal.antlr.HqlSqlBaseWalker - select : finishing up [level=1, statement=select]
17:26:19.779 [main] DEBUG org.hibernate.hql.internal.ast.HqlSqlWalker - processQuery() :  ( SELECT ( FromClause{level=1} user_detail user0_ ) ( WHERE ( = ( user0_.email {synthetic-alias} email ) ? ) ) )
17:26:19.810 [main] DEBUG org.hibernate.hql.internal.ast.HqlSqlWalker - Derived SELECT clause created.
17:26:19.826 [main] DEBUG org.hibernate.hql.internal.ast.util.JoinProcessor - Using FROM fragment [user_detail user0_]
17:26:19.826 [main] DEBUG org.hibernate.hql.internal.antlr.HqlSqlBaseWalker - select &gt;&gt; end [level=1, statement=select]
17:26:19.826 [main] DEBUG org.hibernate.hql.internal.ast.QueryTranslatorImpl - --- SQL AST ---
 \-[SELECT] QueryNode: &apos;SELECT&apos;  querySpaces (user_detail)
    +-[SELECT_CLAUSE] SelectClause: &apos;{derived select clause}&apos;
    |  +-[SELECT_EXPR] SelectExpressionImpl: &apos;user0_.id as id1_7_&apos; {FromElement{explicit,not a collection join,not a fetch join,fetch non-lazy properties,classAlias=null,role=null,tableName=user_detail,tableAlias=user0_,origin=null,columns={,className=org.codemaster.shoppingbackend.dto.User}}}
    |  \-[SQL_TOKEN] SqlFragment: &apos;user0_.contact_number as contact_2_7_, user0_.email as email3_7_, user0_.enabled as enabled4_7_, user0_.first_name as first_na5_7_, user0_.last_name as last_nam6_7_, user0_.password as password7_7_, user0_.role as role8_7_&apos;
    +-[FROM] FromClause: &apos;FROM&apos; FromClause{level=1, fromElementCounter=1, fromElements=1, fromElementByClassAlias=[], fromElementByTableAlias=[user0_], fromElementsByPath=[], collectionJoinFromElementsByPath=[], impliedElements=[]}
    |  \-[FROM_FRAGMENT] FromElement: &apos;user_detail user0_&apos; FromElement{explicit,not a collection join,not a fetch join,fetch non-lazy properties,classAlias=null,role=null,tableName=user_detail,tableAlias=user0_,origin=null,columns={,className=org.codemaster.shoppingbackend.dto.User}}
    \-[WHERE] SqlNode: &apos;WHERE&apos;
       \-[EQ] BinaryLogicOperatorNode: &apos;=&apos;
          +-[DOT] DotNode: &apos;user0_.email&apos; {propertyName=email,dereferenceType=PRIMITIVE,getPropertyPath=email,path={synthetic-alias}.email,tableAlias=user0_,className=org.codemaster.shoppingbackend.dto.User,classAlias=null}
          |  +-[IDENT] IdentNode: &apos;{synthetic-alias}&apos; {originalText={synthetic-alias}}
          |  \-[IDENT] IdentNode: &apos;email&apos; {originalText=email}
          \-[NAMED_PARAM] ParameterNode: &apos;?&apos; {name=email, expectedType=org.hibernate.type.StringType@5922ae77}

17:26:19.826 [main] DEBUG org.hibernate.hql.internal.ast.ErrorCounter - throwQueryException() : no errors
17:26:19.842 [main] DEBUG org.hibernate.hql.internal.ast.QueryTranslatorImpl - HQL: FROM org.codemaster.shoppingbackend.dto.User WHERE email = :email
17:26:19.842 [main] DEBUG org.hibernate.hql.internal.ast.QueryTranslatorImpl - SQL: select user0_.id as id1_7_, user0_.contact_number as contact_2_7_, user0_.email as email3_7_, user0_.enabled as enabled4_7_, user0_.first_name as first_na5_7_, user0_.last_name as last_nam6_7_, user0_.password as password7_7_, user0_.role as role8_7_ from user_detail user0_ where user0_.email=?
17:26:19.842 [main] DEBUG org.hibernate.hql.internal.ast.ErrorCounter - throwQueryException() : no errors
17:26:19.873 [main] DEBUG org.hibernate.SQL - 
    select
        user0_.id as id1_7_,
        user0_.contact_number as contact_2_7_,
        user0_.email as email3_7_,
        user0_.enabled as enabled4_7_,
        user0_.first_name as first_na5_7_,
        user0_.last_name as last_nam6_7_,
        user0_.password as password7_7_,
        user0_.role as role8_7_ 
    from
        user_detail user0_ 
    where
        user0_.email=?
Hibernate: 
    select
        user0_.id as id1_7_,
        user0_.contact_number as contact_2_7_,
        user0_.email as email3_7_,
        user0_.enabled as enabled4_7_,
        user0_.first_name as first_na5_7_,
        user0_.last_name as last_nam6_7_,
        user0_.password as password7_7_,
        user0_.role as role8_7_ 
    from
        user_detail user0_ 
    where
        user0_.email=?
17:26:19.904 [main] DEBUG org.springframework.orm.hibernate5.HibernateTransactionManager - Initiating transaction commit
17:26:19.904 [main] DEBUG org.springframework.orm.hibernate5.HibernateTransactionManager - Committing Hibernate transaction on Session [SessionImpl(PersistenceContext[entityKeys=[],collectionKeys=[]];ActionQueue[insertions=ExecutableList{size=0} updates=ExecutableList{size=0} deletions=ExecutableList{size=0} orphanRemovals=ExecutableList{size=0} collectionCreations=ExecutableList{size=0} collectionRemovals=ExecutableList{size=0} collectionUpdates=ExecutableList{size=0} collectionQueuedOps=ExecutableList{size=0} unresolvedInsertDependencies=null])]
17:26:19.904 [main] DEBUG org.hibernate.engine.transaction.internal.TransactionImpl - committing
17:26:19.920 [main] DEBUG org.springframework.orm.hibernate5.HibernateTransactionManager - Closing Hibernate Session [SessionImpl(PersistenceContext[entityKeys=[],collectionKeys=[]];ActionQueue[insertions=ExecutableList{size=0} updates=ExecutableList{size=0} deletions=ExecutableList{size=0} orphanRemovals=ExecutableList{size=0} collectionCreations=ExecutableList{size=0} collectionRemovals=ExecutableList{size=0} collectionUpdates=ExecutableList{size=0} collectionQueuedOps=ExecutableList{size=0} unresolvedInsertDependencies=null])] after transaction
</system-out>
  </testcase>
</testsuite>